spk_ver/v00/v0000	SES146	0.858578	-49.5078	-50.3663
spk_ver/v00/v0001	SES002	-12.0894	-62.8107	-50.7213
spk_ver/v00/v0002	SES002	-9.14585	-60.2627	-51.1168
spk_ver/v00/v0003	SES002	-13.9065	-65.2933	-51.3868
spk_ver/v00/v0004	SES002	-1.90413	-52.4949	-50.5907
spk_ver/v00/v0005	SES002	-3.09249	-53.2891	-50.1966
spk_ver/v00/v0006	SES002	-6.86061	-56.7054	-49.8448
spk_ver/v00/v0007	SES002	-7.53903	-59.6148	-52.0758
spk_ver/v00/v0008	SES146	0.00197983	-50.5263	-50.5283
spk_ver/v00/v0009	SES002	-1.58868	-50.8662	-49.2775
spk_ver/v00/v0010	SES002	-2.6448	-52.9092	-50.2644
spk_ver/v00/v0011	SES002	-1.37327	-52.5445	-51.1712
spk_ver/v00/v0012	SES002	-7.19894	-55.8061	-48.6072
spk_ver/v00/v0013	SES002	-3.70951	-52.848	-49.1385
spk_ver/v00/v0014	SES002	-0.949398	-50.9827	-50.0333
spk_ver/v00/v0015	SES002	-1.09202	-50.8871	-49.7951
spk_ver/v00/v0016	SES275	0.392151	-50.9504	-51.3426
spk_ver/v00/v0017	SES002	-0.456512	-50.2693	-49.8127
spk_ver/v00/v0018	SES002	-10.1585	-61.8359	-51.6774
spk_ver/v00/v0019	SES002	-2.08433	-51.8733	-49.7889
spk_ver/v00/v0020	SES002	-9.46511	-60.3734	-50.9083
spk_ver/v00/v0021	SES002	-8.45312	-58.7863	-50.3332
spk_ver/v00/v0022	SES002	-2.0312	-51.8828	-49.8516
spk_ver/v00/v0023	SES002	-7.81094	-57.0705	-49.2596
spk_ver/v00/v0024	SES002	-9.23245	-60.2732	-51.0408
spk_ver/v00/v0025	SES002	-5.77856	-56.2445	-50.4659
spk_ver/v00/v0026	SES002	-4.06219	-53.1866	-49.1244
spk_ver/v00/v0027	SES129	1.51393	-48.0042	-49.5181
spk_ver/v00/v0028	SES007	-1.99689	-51.3774	-49.3805
spk_ver/v00/v0029	SES083	-0.08778	-49.3489	-49.2611
spk_ver/v00/v0030	SES019	1.78234	-48.9289	-50.7112
spk_ver/v00/v0031	SES007	-2.4035	-53.3341	-50.9305
spk_ver/v00/v0032	SES270	0.579098	-49.6605	-50.2396
spk_ver/v00/v0033	SES007	-2.47935	-52.2522	-49.7729
spk_ver/v00/v0034	SES007	-1.79555	-54.3069	-52.5113
spk_ver/v00/v0035	SES007	-1.35847	-50.8095	-49.451
spk_ver/v00/v0036	SES007	-1.41064	-50.8173	-49.4067
spk_ver/v00/v0037	SES007	-3.44009	-52.4273	-48.9872
spk_ver/v00/v0038	SES259	1.5182	-47.8381	-49.3563
spk_ver/v00/v0039	SES007	-2.83929	-53.0847	-50.2454
spk_ver/v00/v0040	SES007	-2.99233	-51.9524	-48.9601
spk_ver/v00/v0041	SES007	-2.23761	-51.934	-49.6964
spk_ver/v00/v0042	SES007	-1.03366	-51.2901	-50.2565
spk_ver/v00/v0043	SES007	-1.18952	-50.9215	-49.7319
spk_ver/v00/v0044	SES007	-2.70005	-50.9272	-48.2271
spk_ver/v00/v0045	SES007	-1.23928	-50.7701	-49.5308
spk_ver/v00/v0046	SES007	-1.56692	-50.7872	-49.2203
spk_ver/v00/v0047	SES172	0.73917	-48.9202	-49.6594
spk_ver/v00/v0048	SES105	1.14054	-49.4245	-50.565
spk_ver/v00/v0049	SES007	-0.782509	-50.142	-49.3595
spk_ver/v00/v0050	SES292	-0.0831184	-49.8691	-49.786
spk_ver/v00/v0051	SES007	-2.02458	-52.0638	-50.0392
spk_ver/v00/v0052	SES068	0.848751	-48.3244	-49.1732
spk_ver/v00/v0053	SES008	-1.51165	-50.2792	-48.7676
spk_ver/v00/v0054	SES008	-4.82888	-56.6154	-51.7866
spk_ver/v00/v0055	SES008	-1.94922	-51.4256	-49.4764
spk_ver/v00/v0056	SES008	-5.27092	-55.9426	-50.6716
spk_ver/v00/v0057	SES008	-4.69667	-54.5252	-49.8286
spk_ver/v00/v0058	SES083	0.26292	-49.2742	-49.5371
spk_ver/v00/v0059	SES158	1.48515	-48.6734	-50.1585
spk_ver/v00/v0060	SES008	-2.97872	-52.7463	-49.7676
spk_ver/v00/v0061	SES101	0.562889	-49.1845	-49.7474
spk_ver/v00/v0062	SES008	-3.76281	-54.1474	-50.3845
spk_ver/v00/v0063	SES008	-2.43039	-52.8361	-50.4057
spk_ver/v00/v0064	SES117	1.01667	-49.7207	-50.7374
spk_ver/v00/v0065	SES149	1.51451	-47.8872	-49.4017
spk_ver/v00/v0066	SES008	-0.939888	-50.0441	-49.1042
spk_ver/v00/v0067	SES008	-2.77398	-53.8378	-51.0638
spk_ver/v00/v0068	SES162	1.42445	-49.2049	-50.6294
spk_ver/v00/v0069	SES008	-4.12322	-53.8234	-49.7001
spk_ver/v00/v0070	SES008	-0.804211	-49.9239	-49.1197
spk_ver/v00/v0071	SES008	-3.4202	-53.2823	-49.8621
spk_ver/v00/v0072	SES008	-1.24129	-49.9514	-48.7101
spk_ver/v00/v0073	SES008	-2.33483	-51.0505	-48.7157
spk_ver/v00/v0074	SES008	-3.38988	-52.637	-49.2471
spk_ver/v00/v0075	SES008	-5.54424	-56.4107	-50.8665
spk_ver/v00/v0076	SES167	1.15464	-48.5464	-49.701
spk_ver/v00/v0077	SES008	-1.48627	-50.6491	-49.1628
spk_ver/v00/v0078	SES177	0.921661	-48.7829	-49.7045
spk_ver/v00/v0079	SES008	-2.46656	-52.6214	-50.1548
spk_ver/v00/v0080	SES008	-2.93359	-53.6637	-50.7301
spk_ver/v00/v0081	SES008	-5.84822	-57.6607	-51.8125
spk_ver/v00/v0082	SES008	-2.91368	-52.2885	-49.3748
spk_ver/v00/v0083	SES008	-5.28375	-55.8086	-50.5249
spk_ver/v00/v0084	SES144	0.893959	-49.5466	-50.4406
spk_ver/v00/v0085	SES008	-2.1544	-52.3059	-50.1515
spk_ver/v00/v0086	SES008	-1.92325	-50.7313	-48.8081
spk_ver/v00/v0087	SES008	-3.40665	-54.0661	-50.6595
spk_ver/v00/v0088	SES008	-3.07606	-52.5398	-49.4637
spk_ver/v00/v0089	SES008	-1.59569	-52.3252	-50.7295
spk_ver/v00/v0090	SES142	2.03255	-48.45	-50.4826
spk_ver/v00/v0091	SES008	-4.36033	-53.6312	-49.2709
spk_ver/v00/v0092	SES158	0.304699	-49.9599	-50.2646
spk_ver/v00/v0093	SES014	-3.14433	-52.0616	-48.9173
spk_ver/v00/v0094	SES014	-3.88425	-55.1327	-51.2484
spk_ver/v00/v0095	SES014	-1.18026	-50.0224	-48.8422
spk_ver/v00/v0096	SES014	-3.05441	-53.0536	-49.9992
spk_ver/v00/v0097	SES014	-1.54047	-52.5514	-51.0109
spk_ver/v00/v0098	SES014	-1.09473	-50.1788	-49.084
spk_ver/v00/v0099	SES014	-8.78421	-59.7287	-50.9445
spk_ver/v01/v0100	SES127	0.93293	-48.5146	-49.4475
spk_ver/v01/v0101	SES014	-7.50758	-59.333	-51.8254
spk_ver/v01/v0102	SES014	-10.0828	-61.3572	-51.2744
spk_ver/v01/v0103	SES014	-4.75008	-56.2956	-51.5456
spk_ver/v01/v0104	SES014	-8.43698	-59.5226	-51.0856
spk_ver/v01/v0105	SES014	-2.92952	-54.7548	-51.8253
spk_ver/v01/v0106	SES014	-2.54743	-53.274	-50.7266
spk_ver/v01/v0107	SES014	-10.5646	-59.9625	-49.398
spk_ver/v01/v0108	SES014	-12.6432	-63.2969	-50.6537
spk_ver/v01/v0109	SES014	-8.28417	-59.8037	-51.5195
spk_ver/v01/v0110	SES014	-2.86069	-53.9824	-51.1217
spk_ver/v01/v0111	SES014	-1.86114	-51.1726	-49.3115
spk_ver/v01/v0112	SES014	-7.57759	-56.9769	-49.3993
spk_ver/v01/v0113	SES104	-0.263611	-50.6664	-50.4028
spk_ver/v01/v0114	SES082	0.197205	-48.9113	-49.1085
spk_ver/v01/v0115	SES087	1.4519	-48.4961	-49.948
spk_ver/v01/v0116	SES014	-1.23161	-50.8914	-49.6598
spk_ver/v01/v0117	SES177	0.528507	-49.3437	-49.8722
spk_ver/v01/v0118	SES014	-8.63824	-59.949	-51.3108
spk_ver/v01/v0119	SES014	-1.49839	-51.0125	-49.5141
spk_ver/v01/v0120	SES014	-12.6407	-63.9228	-51.2821
spk_ver/v01/v0121	SES146	0.593624	-49.4677	-50.0613
spk_ver/v01/v0122	SES014	1.06166	-47.5111	-48.5728
spk_ver/v01/v0123	SES014	-1.8493	-51.4552	-49.6059
spk_ver/v01/v0124	SES014	-9.02411	-58.9778	-49.9537
spk_ver/v01/v0125	SES014	-5.02406	-55.064	-50.04
spk_ver/v01/v0126	SES016	-2.29521	-52.7268	-50.4316
spk_ver/v01/v0127	SES016	-2.10312	-53.4686	-51.3655
spk_ver/v01/v0128	SES106	1.35399	-48.3825	-49.7365
spk_ver/v01/v0129	SES016	-4.65631	-53.7671	-49.1108
spk_ver/v01/v0130	SES016	-2.54429	-53.0517	-50.5074
spk_ver/v01/v0131	SES016	-4.52952	-54.6038	-50.0743
spk_ver/v01/v0132	SES016	-2.1516	-51.6195	-49.4679
spk_ver/v01/v0133	SES016	-2.93966	-53.3674	-50.4277
spk_ver/v01/v0134	SES016	-2.6161	-51.546	-48.9299
spk_ver/v01/v0135	SES016	-3.30663	-54.2404	-50.9338
spk_ver/v01/v0136	SES016	-3.62008	-53.931	-50.3109
spk_ver/v01/v0137	SES007	0.37981	-49.9592	-50.3391
spk_ver/v01/v0138	SES016	-0.996632	-51.0057	-50.009
spk_ver/v01/v0139	SES016	-2.11802	-51.291	-49.173
spk_ver/v01/v0140	SES016	0.920837	-48.8076	-49.7285
spk_ver/v01/v0141	SES016	-8.30716	-60.6451	-52.338
spk_ver/v01/v0142	SES016	-3.40161	-52.7948	-49.3932
spk_ver/v01/v0143	SES016	-5.63763	-56.6097	-50.9721
spk_ver/v01/v0144	SES016	-3.51015	-52.6328	-49.1226
spk_ver/v01/v0145	SES016	-3.02948	-54.004	-50.9745
spk_ver/v01/v0146	SES016	-1.85402	-51.4356	-49.5816
spk_ver/v01/v0147	SES016	-1.7618	-51.1607	-49.3989
spk_ver/v01/v0148	SES127	0.437279	-49.2176	-49.6549
spk_ver/v01/v0149	SES016	-3.84321	-53.6358	-49.7926
spk_ver/v01/v0150	SES016	-2.3046	-51.9365	-49.6319
spk_ver/v01/v0151	SES147	1.01258	-50.476	-51.4886
spk_ver/v01/v0152	SES016	-2.49191	-52.8604	-50.3685
spk_ver/v01/v0153	SES104	0.779209	-47.8143	-48.5936
spk_ver/v01/v0154	SES016	-3.03987	-53.601	-50.5611
spk_ver/v01/v0155	SES016	-2.68027	-54.0889	-51.4086
spk_ver/v01/v0156	SES019	-1.13147	-51.6647	-50.5333
spk_ver/v01/v0157	SES019	-2.50709	-51.2412	-48.7341
spk_ver/v01/v0158	SES019	-1.30872	-51.4086	-50.0999
spk_ver/v01/v0159	SES007	0.438206	-49.3096	-49.7478
spk_ver/v01/v0160	SES019	-2.214	-51.169	-48.955
spk_ver/v01/v0161	SES019	-2.56085	-53.0949	-50.5341
spk_ver/v01/v0162	SES019	-6.14702	-55.3313	-49.1843
spk_ver/v01/v0163	SES189	1.45643	-49.7677	-51.2241
spk_ver/v01/v0164	SES019	-2.05698	-51.4553	-49.3983
spk_ver/v01/v0165	SES019	-0.996113	-51.6741	-50.678
spk_ver/v01/v0166	SES019	-6.10271	-55.5088	-49.4061
spk_ver/v01/v0167	SES019	-8.15136	-59.163	-51.0116
spk_ver/v01/v0168	SES019	-1.7642	-52.6193	-50.8551
spk_ver/v01/v0169	SES019	-2.71223	-52.9481	-50.2359
spk_ver/v01/v0170	SES270	0.697582	-49.1413	-49.8389
spk_ver/v01/v0171	SES019	-2.49543	-52.119	-49.6236
spk_ver/v01/v0172	SES019	-8.77544	-59.6634	-50.8879
spk_ver/v01/v0173	SES206	0.568321	-49.4908	-50.0591
spk_ver/v01/v0174	SES019	-1.96246	-52.1792	-50.2168
spk_ver/v01/v0175	SES014	1.0471	-47.9076	-48.9547
spk_ver/v01/v0176	SES019	-4.9283	-54.3818	-49.4535
spk_ver/v01/v0177	SES120	0.857735	-49.5682	-50.426
spk_ver/v01/v0178	SES019	-1.35075	-52.7914	-51.4406
spk_ver/v01/v0179	SES019	-8.71567	-57.1481	-48.4324
spk_ver/v01/v0180	SES175	1.23462	-49.5068	-50.7414
spk_ver/v01/v0181	SES019	-6.65835	-58.0051	-51.3467
spk_ver/v01/v0182	SES019	-3.27301	-52.3517	-49.0786
spk_ver/v01/v0183	SES029	-2.24634	-51.7655	-49.5191
spk_ver/v01/v0184	SES029	-4.52208	-54.5026	-49.9805
spk_ver/v01/v0185	SES029	-2.73074	-52.1422	-49.4115
spk_ver/v01/v0186	SES068	0.685619	-48.7323	-49.418
spk_ver/v01/v0187	SES029	-4.3886	-53.9224	-49.5338
spk_ver/v01/v0188	SES029	-2.67593	-51.8129	-49.137
spk_ver/v01/v0189	SES149	1.6823	-47.7784	-49.4607
spk_ver/v01/v0190	SES029	-3.64689	-53.0911	-49.4442
spk_ver/v01/v0191	SES029	-3.91239	-53.9629	-50.0505
spk_ver/v01/v0192	SES183	1.09288	-48.0522	-49.1451
spk_ver/v01/v0193	SES029	-1.67912	-51.6952	-50.016
spk_ver/v01/v0194	SES016	1.24722	-48.5378	-49.785
spk_ver/v01/v0195	SES029	-2.61069	-52.1684	-49.5577
spk_ver/v01/v0196	SES029	-1.09563	-50.9766	-49.881
spk_ver/v01/v0197	SES029	-3.85689	-52.911	-49.0541
spk_ver/v01/v0198	SES146	0.44577	-49.8927	-50.3384
spk_ver/v01/v0199	SES029	-4.14477	-54.724	-50.5793
spk_ver/v02/v0200	SES029	-2.20238	-53.0977	-50.8953
spk_ver/v02/v0201	SES068	0.720013	-48.3752	-49.0952
spk_ver/v02/v0202	SES148	1.16581	-48.8261	-49.9919
spk_ver/v02/v0203	SES029	-2.96121	-52.5868	-49.6256
spk_ver/v02/v0204	SES029	-0.640835	-51.0318	-50.391
spk_ver/v02/v0205	SES060	0.914066	-48.0305	-48.9445
spk_ver/v02/v0206	SES127	1.52837	-47.6915	-49.2199
spk_ver/v02/v0207	SES029	-4.1147	-55.0448	-50.9301
spk_ver/v02/v0208	SES048	1.63256	-49.5719	-51.2044
spk_ver/v02/v0209	SES029	-1.74301	-51.2443	-49.5013
spk_ver/v02/v0210	SES029	-4.39101	-54.4645	-50.0735
spk_ver/v02/v0211	SES029	-3.43039	-53.2801	-49.8497
spk_ver/v02/v0212	SES042	-14.4234	-65.8355	-51.4121
spk_ver/v02/v0213	SES085	1.14228	-48.8262	-49.9685
spk_ver/v02/v0214	SES206	1.32129	-48.2936	-49.6149
spk_ver/v02/v0215	SES144	0.443253	-49.9132	-50.3564
spk_ver/v02/v0216	SES042	-3.58047	-53.2652	-49.6847
spk_ver/v02/v0217	SES042	-3.65005	-56.5818	-52.9318
spk_ver/v02/v0218	SES042	-1.66279	-50.5075	-48.8448
spk_ver/v02/v0219	SES206	0.969212	-48.5655	-49.5347
spk_ver/v02/v0220	SES019	3.172	-47.8313	-51.0033
spk_ver/v02/v0221	SES007	0.508083	-49.6641	-50.1722
spk_ver/v02/v0222	SES042	-12.373	-63.7352	-51.3622
spk_ver/v02/v0223	SES147	1.06812	-50.2058	-51.2739
spk_ver/v02/v0224	SES105	1.0105	-49.6974	-50.7079
spk_ver/v02/v0225	SES042	-2.07233	-51.8343	-49.7619
spk_ver/v02/v0226	SES275	1.02434	-49.4692	-50.4935
spk_ver/v02/v0227	SES042	-4.83311	-55.0557	-50.2226
spk_ver/v02/v0228	SES042	-7.8233	-57.308	-49.4847
spk_ver/v02/v0229	SES042	-13.3053	-62.7594	-49.4541
spk_ver/v02/v0230	SES085	0.246117	-48.3113	-48.5574
spk_ver/v02/v0231	SES014	1.18813	-47.7619	-48.95
spk_ver/v02/v0232	SES042	-1.94452	-51.5393	-49.5947
spk_ver/v02/v0233	SES048	-3.99057	-53.6974	-49.7069
spk_ver/v02/v0234	SES048	-6.72145	-57.8521	-51.1306
spk_ver/v02/v0235	SES029	0.537964	-49.2494	-49.7873
spk_ver/v02/v0236	SES048	-3.68767	-52.5401	-48.8525
spk_ver/v02/v0237	SES048	-4.24623	-54.2392	-49.993
spk_ver/v02/v0238	SES048	-3.53278	-53.5777	-50.045
spk_ver/v02/v0239	SES060	0.537411	-48.544	-49.0814
spk_ver/v02/v0240	SES048	-5.46819	-56.6292	-51.161
spk_ver/v02/v0241	SES048	-5.72269	-56.0962	-50.3735
spk_ver/v02/v0242	SES189	2.53499	-49.8936	-52.4286
spk_ver/v02/v0243	SES162	0.988319	-49.8784	-50.8667
spk_ver/v02/v0244	SES048	-3.57861	-52.7729	-49.1943
spk_ver/v02/v0245	SES048	-3.54748	-52.9958	-49.4483
spk_ver/v02/v0246	SES048	-3.4273	-52.6548	-49.2275
spk_ver/v02/v0247	SES048	-3.67848	-54.7315	-51.0531
spk_ver/v02/v0248	SES226	1.62329	-48.4145	-50.0378
spk_ver/v02/v0249	SES048	-2.9391	-52.9978	-50.0587
spk_ver/v02/v0250	SES048	-3.81788	-54.5692	-50.7513
spk_ver/v02/v0251	SES048	-3.89192	-54.2907	-50.3988
spk_ver/v02/v0252	SES060	-6.52011	-58.2889	-51.7688
spk_ver/v02/v0253	SES060	-4.36501	-54.0035	-49.6385
spk_ver/v02/v0254	SES259	1.87893	-47.6597	-49.5386
spk_ver/v02/v0255	SES060	-4.4799	-55.8043	-51.3244
spk_ver/v02/v0256	SES202	0.883411	-49.9627	-50.8461
spk_ver/v02/v0257	SES148	0.735199	-48.4766	-49.2118
spk_ver/v02/v0258	SES060	-6.00069	-57.4074	-51.4067
spk_ver/v02/v0259	SES060	-1.74615	-51.1041	-49.3579
spk_ver/v02/v0260	SES060	-2.74969	-52.5682	-49.8185
spk_ver/v02/v0261	SES099	1.65006	-48.1445	-49.7945
spk_ver/v02/v0262	SES060	-3.84753	-54.161	-50.3135
spk_ver/v02/v0263	SES060	-2.16988	-51.1038	-48.9339
spk_ver/v02/v0264	SES292	-0.0530052	-50.0898	-50.0368
spk_ver/v02/v0265	SES060	-1.24875	-50.9719	-49.7232
spk_ver/v02/v0266	SES060	-5.50588	-56.1921	-50.6862
spk_ver/v02/v0267	SES060	-5.15144	-55.7513	-50.5998
spk_ver/v02/v0268	SES060	-5.292	-56.7967	-51.5047
spk_ver/v02/v0269	SES127	0.62822	-48.9747	-49.6029
spk_ver/v02/v0270	SES060	-3.1637	-53.5665	-50.4028
spk_ver/v02/v0271	SES060	-1.33349	-50.5359	-49.2024
spk_ver/v02/v0272	SES060	-4.58249	-55.8904	-51.3079
spk_ver/v02/v0273	SES087	0.95591	-49.0336	-49.9895
spk_ver/v02/v0274	SES146	0.19136	-50.1074	-50.2988
spk_ver/v02/v0275	SES060	-4.81266	-55.5614	-50.7487
spk_ver/v02/v0276	SES002	1.34976	-48.8391	-50.1888
spk_ver/v02/v0277	SES060	-1.5934	-51.2531	-49.6597
spk_ver/v02/v0278	SES060	-5.3801	-55.6592	-50.2791
spk_ver/v02/v0279	SES060	-5.51431	-54.5051	-48.9908
spk_ver/v02/v0280	SES129	1.6097	-47.7642	-49.3739
spk_ver/v02/v0281	SES162	1.18149	-49.1801	-50.3616
spk_ver/v02/v0282	SES060	-3.4888	-53.485	-49.9962
spk_ver/v02/v0283	SES060	-3.46122	-52.9406	-49.4794
spk_ver/v02/v0284	SES062	-3.44588	-54.5489	-51.1031
spk_ver/v02/v0285	SES062	-3.85735	-53.9207	-50.0633
spk_ver/v02/v0286	SES120	0.500736	-50.1286	-50.6294
spk_ver/v02/v0287	SES062	-3.84532	-54.4995	-50.6542
spk_ver/v02/v0288	SES062	-3.61926	-54.1689	-50.5496
spk_ver/v02/v0289	SES062	-2.8727	-51.328	-48.4553
spk_ver/v02/v0290	SES062	-2.39404	-51.5168	-49.1228
spk_ver/v02/v0291	SES275	0.132248	-49.96	-50.0922
spk_ver/v02/v0292	SES062	-4.09627	-54.4802	-50.3839
spk_ver/v02/v0293	SES062	-3.73582	-54.5644	-50.8286
spk_ver/v02/v0294	SES062	-3.15383	-52.4553	-49.3015
spk_ver/v02/v0295	SES062	-3.65411	-54.1025	-50.4484
spk_ver/v02/v0296	SES062	-4.05288	-53.7559	-49.703
spk_ver/v02/v0297	SES062	-5.75743	-56.5082	-50.7508
spk_ver/v02/v0298	SES062	-2.50815	-53.2059	-50.6978
spk_ver/v02/v0299	SES062	-2.40884	-52.807	-50.3982
spk_ver/v03/v0300	SES062	-4.45969	-55.5407	-51.081
spk_ver/v03/v0301	SES062	-2.92035	-52.5385	-49.6182
spk_ver/v03/v0302	SES172	0.579472	-47.9137	-48.4932
spk_ver/v03/v0303	SES062	-1.61144	-51.7128	-50.1014
spk_ver/v03/v0304	SES062	-2.08636	-51.5565	-49.4701
spk_ver/v03/v0305	SES062	-2.33509	-52.5902	-50.2551
spk_ver/v03/v0306	SES062	-5.22002	-57.05	-51.83
spk_ver/v03/v0307	SES062	-3.66459	-52.6394	-48.9748
spk_ver/v03/v0308	SES062	-5.37772	-56.5216	-51.1438
spk_ver/v03/v0309	SES062	-3.08825	-54.6832	-51.5949
spk_ver/v03/v0310	SES125	1.16039	-47.623	-48.7834
spk_ver/v03/v0311	SES062	-1.57084	-50.9541	-49.3832
spk_ver/v03/v0312	SES062	-7.00195	-57.9508	-50.9489
spk_ver/v03/v0313	SES062	-2.61332	-53.3388	-50.7255
spk_ver/v03/v0314	SES068	-4.43094	-53.7887	-49.3578
spk_ver/v03/v0315	SES068	-2.93594	-51.9077	-48.9718
spk_ver/v03/v0316	SES068	-4.05317	-55.3089	-51.2557
spk_ver/v03/v0317	SES068	-1.92237	-53.0862	-51.1639
spk_ver/v03/v0318	SES068	-3.87859	-53.4044	-49.5258
spk_ver/v03/v0319	SES068	-5.51736	-56.3268	-50.8094
spk_ver/v03/v0320	SES068	-1.66421	-50.7428	-49.0786
spk_ver/v03/v0321	SES068	-0.649342	-50.561	-49.9117
spk_ver/v03/v0322	SES068	-0.671345	-50.9312	-50.2599
spk_ver/v03/v0323	SES068	-2.79311	-52.5008	-49.7077
spk_ver/v03/v0324	SES144	0.218548	-50.9576	-51.1761
spk_ver/v03/v0325	SES068	-1.62216	-50.7796	-49.1574
spk_ver/v03/v0326	SES068	-0.650982	-49.5183	-48.8673
spk_ver/v03/v0327	SES068	-2.1193	-51.4327	-49.3134
spk_ver/v03/v0328	SES068	-3.80802	-53.9631	-50.155
spk_ver/v03/v0329	SES068	-1.77888	-51.2596	-49.4807
spk_ver/v03/v0330	SES180	0.515553	-49.5574	-50.0729
spk_ver/v03/v0331	SES068	-0.669792	-50.769	-50.0992
spk_ver/v03/v0332	SES275	1.10017	-48.7366	-49.8368
spk_ver/v03/v0333	SES062	1.68546	-47.0945	-48.7799
spk_ver/v03/v0334	SES270	1.16926	-49.3623	-50.5316
spk_ver/v03/v0335	SES068	-4.88697	-56.2207	-51.3337
spk_ver/v03/v0336	SES068	-1.37643	-49.8857	-48.5093
spk_ver/v03/v0337	SES068	-1.83164	-52.4482	-50.6165
spk_ver/v03/v0338	SES068	-2.61854	-53.5774	-50.9588
spk_ver/v03/v0339	SES068	-1.79322	-51.5953	-49.8021
spk_ver/v03/v0340	SES068	-2.47764	-53.7258	-51.2481
spk_ver/v03/v0341	SES016	0.626629	-48.7642	-49.3908
spk_ver/v03/v0342	SES068	-3.08998	-54.2144	-51.1244
spk_ver/v03/v0343	SES068	-1.40154	-51.4151	-50.0136
spk_ver/v03/v0344	SES125	1.07376	-48.4952	-49.5689
spk_ver/v03/v0345	SES187	1.2088	-48.797	-50.0058
spk_ver/v03/v0346	SES068	-2.02879	-51.4051	-49.3763
spk_ver/v03/v0347	SES143	1.02634	-49.4289	-50.4552
spk_ver/v03/v0348	SES292	0.875004	-48.7781	-49.6531
spk_ver/v03/v0349	SES082	-5.0463	-54.8273	-49.781
spk_ver/v03/v0350	SES101	0.904152	-47.6156	-48.5197
spk_ver/v03/v0351	SES082	-0.696175	-50.7312	-50.0351
spk_ver/v03/v0352	SES082	-1.31846	-51.2184	-49.8999
spk_ver/v03/v0353	SES082	-5.35975	-55.3409	-49.9812
spk_ver/v03/v0354	SES082	-11.7381	-63.3511	-51.613
spk_ver/v03/v0355	SES083	0.203857	-48.2363	-48.4402
spk_ver/v03/v0356	SES082	-2.46848	-53.3632	-50.8947
spk_ver/v03/v0357	SES082	-9.38684	-59.8493	-50.4625
spk_ver/v03/v0358	SES082	-1.49403	-51.073	-49.579
spk_ver/v03/v0359	SES117	0.578724	-51.3006	-51.8793
spk_ver/v03/v0360	SES082	-6.8366	-56.2614	-49.4248
spk_ver/v03/v0361	SES082	-1.51531	-51.7058	-50.1904
spk_ver/v03/v0362	SES007	0.539761	-49.0926	-49.6324
spk_ver/v03/v0363	SES082	-2.54738	-52.0071	-49.4597
spk_ver/v03/v0364	SES019	1.74154	-48.6226	-50.3641
spk_ver/v03/v0365	SES082	-1.19907	-51.6005	-50.4014
spk_ver/v03/v0366	SES226	1.3873	-48.7022	-50.0895
spk_ver/v03/v0367	SES167	1.43261	-47.9615	-49.3941
spk_ver/v03/v0368	SES082	-2.29264	-51.2328	-48.9402
spk_ver/v03/v0369	SES042	3.031	-46.0186	-49.0496
spk_ver/v03/v0370	SES042	2.0491	-47.3514	-49.4005
spk_ver/v03/v0371	SES082	-6.44712	-56.5829	-50.1358
spk_ver/v03/v0372	SES082	-2.44067	-51.8001	-49.3595
spk_ver/v03/v0373	SES082	-5.62827	-55.4916	-49.8633
spk_ver/v03/v0374	SES083	-1.64292	-50.5892	-48.9463
spk_ver/v03/v0375	SES292	0.669125	-49.2358	-49.9049
spk_ver/v03/v0376	SES083	-3.19104	-52.9147	-49.7236
spk_ver/v03/v0377	SES083	-3.20185	-53.6637	-50.4618
spk_ver/v03/v0378	SES083	-1.92794	-52.0108	-50.0829
spk_ver/v03/v0379	SES083	-2.04333	-52.1316	-50.0883
spk_ver/v03/v0380	SES083	-3.02631	-54.0977	-51.0714
spk_ver/v03/v0381	SES083	-2.10282	-51.5548	-49.452
spk_ver/v03/v0382	SES148	0.744907	-48.923	-49.6679
spk_ver/v03/v0383	SES083	-1.7332	-50.7116	-48.9784
spk_ver/v03/v0384	SES226	1.58682	-48.3078	-49.8946
spk_ver/v03/v0385	SES226	1.43098	-47.8686	-49.2996
spk_ver/v03/v0386	SES087	1.12157	-49.0707	-50.1923
spk_ver/v03/v0387	SES029	0.857956	-49.0551	-49.913
spk_ver/v03/v0388	SES147	1.40815	-49.2575	-50.6657
spk_ver/v03/v0389	SES083	-4.27708	-54.9579	-50.6808
spk_ver/v03/v0390	SES189	1.62809	-49.2452	-50.8733
spk_ver/v03/v0391	SES083	-1.18591	-50.8637	-49.6778
spk_ver/v03/v0392	SES083	-0.40361	-48.8282	-48.4246
spk_ver/v03/v0393	SES083	-2.90684	-52.0356	-49.1288
spk_ver/v03/v0394	SES083	-3.51862	-53.7261	-50.2075
spk_ver/v03/v0395	SES083	-1.18011	-50.4393	-49.2592
spk_ver/v03/v0396	SES014	1.80321	-46.8813	-48.6845
spk_ver/v03/v0397	SES085	-0.62368	-48.9822	-48.3585
spk_ver/v03/v0398	SES085	-2.43446	-51.144	-48.7096
spk_ver/v03/v0399	SES085	-3.85518	-53.3413	-49.4861
spk_ver/v04/v0400	SES106	1.71942	-47.9286	-49.648
spk_ver/v04/v0401	SES085	-3.3627	-53.1467	-49.784
spk_ver/v04/v0402	SES085	-6.19941	-57.3659	-51.1665
spk_ver/v04/v0403	SES085	-0.345196	-49.491	-49.1458
spk_ver/v04/v0404	SES180	0.809536	-48.6361	-49.4457
spk_ver/v04/v0405	SES129	1.42997	-47.4298	-48.8598
spk_ver/v04/v0406	SES085	-4.23017	-54.7186	-50.4884
spk_ver/v04/v0407	SES146	-0.0281219	-50.4593	-50.4311
spk_ver/v04/v0408	SES085	-1.33488	-50.2975	-48.9627
spk_ver/v04/v0409	SES085	-2.72411	-52.5217	-49.7976
spk_ver/v04/v0410	SES085	-5.13697	-54.6313	-49.4943
spk_ver/v04/v0411	SES292	0.709824	-49.6248	-50.3346
spk_ver/v04/v0412	SES085	-1.70557	-51.1573	-49.4517
spk_ver/v04/v0413	SES125	1.48195	-47.485	-48.9669
spk_ver/v04/v0414	SES085	-2.81445	-55.7602	-52.9458
spk_ver/v04/v0415	SES085	-1.85638	-51.7346	-49.8783
spk_ver/v04/v0416	SES085	-2.63894	-52.1354	-49.4965
spk_ver/v04/v0417	SES062	0.378845	-48.3373	-48.7161
spk_ver/v04/v0418	SES060	1.73611	-47.6496	-49.3857
spk_ver/v04/v0419	SES085	-1.3175	-50.3709	-49.0534
spk_ver/v04/v0420	SES085	-4.72853	-54.7849	-50.0564
spk_ver/v04/v0421	SES085	-5.58203	-56.1006	-50.5186
spk_ver/v04/v0422	SES085	-0.89325	-52.1959	-51.3027
spk_ver/v04/v0423	SES085	-4.41416	-54.645	-50.2308
spk_ver/v04/v0424	SES085	-4.1026	-54.9563	-50.8537
spk_ver/v04/v0425	SES183	0.671017	-49.6786	-50.3496
spk_ver/v04/v0426	SES085	-4.18961	-53.6203	-49.4307
spk_ver/v04/v0427	SES087	-2.72323	-52.5061	-49.7829
spk_ver/v04/v0428	SES162	1.13939	-49.2997	-50.4391
spk_ver/v04/v0429	SES087	-1.30698	-50.4795	-49.1725
spk_ver/v04/v0430	SES087	-5.18525	-55.5948	-50.4095
spk_ver/v04/v0431	SES087	-11.4641	-62.686	-51.2219
spk_ver/v04/v0432	SES087	-2.00815	-52.7797	-50.7716
spk_ver/v04/v0433	SES087	-6.73828	-55.8793	-49.141
spk_ver/v04/v0434	SES142	3.01002	-47.7872	-50.7972
spk_ver/v04/v0435	SES087	-9.89309	-60.6992	-50.8061
spk_ver/v04/v0436	SES099	0.912422	-48.7634	-49.6758
spk_ver/v04/v0437	SES087	-3.08372	-52.1257	-49.042
spk_ver/v04/v0438	SES087	-6.63886	-56.3759	-49.7371
spk_ver/v04/v0439	SES087	-1.93435	-50.9274	-48.993
spk_ver/v04/v0440	SES087	-6.3934	-56.1098	-49.7164
spk_ver/v04/v0441	SES087	-10.5131	-61.0052	-50.4921
spk_ver/v04/v0442	SES187	1.39845	-48.9856	-50.3841
spk_ver/v04/v0443	SES172	1.65421	-48.2481	-49.9023
spk_ver/v04/v0444	SES087	-2.18386	-51.5974	-49.4136
spk_ver/v04/v0445	SES087	-2.19774	-52.0588	-49.8611
spk_ver/v04/v0446	SES087	-0.623932	-49.9019	-49.278
spk_ver/v04/v0447	SES087	-1.00227	-50.7402	-49.7379
spk_ver/v04/v0448	SES106	1.28649	-49.1087	-50.3952
spk_ver/v04/v0449	SES146	0.775612	-49.8434	-50.619
spk_ver/v04/v0450	SES087	-8.02976	-58.3882	-50.3585
spk_ver/v04/v0451	SES087	-1.01824	-50.8243	-49.8061
spk_ver/v04/v0452	SES007	1.0476	-49.1086	-50.1562
spk_ver/v04/v0453	SES087	-2.50034	-52.9181	-50.4178
spk_ver/v04/v0454	SES087	-8.08339	-58.408	-50.3246
spk_ver/v04/v0455	SES180	0.884308	-49.0978	-49.9821
spk_ver/v04/v0456	SES099	-5.31115	-55.7175	-50.4063
spk_ver/v04/v0457	SES042	1.16641	-48.4539	-49.6203
spk_ver/v04/v0458	SES099	-0.73951	-50.6178	-49.8782
spk_ver/v04/v0459	SES099	-9.50042	-59.8842	-50.3837
spk_ver/v04/v0460	SES099	-6.54132	-58.3265	-51.7852
spk_ver/v04/v0461	SES099	-1.22303	-50.444	-49.221
spk_ver/v04/v0462	SES082	1.42678	-48.0588	-49.4856
spk_ver/v04/v0463	SES099	-0.432301	-50.2409	-49.8086
spk_ver/v04/v0464	SES099	0.18116	-49.4844	-49.6656
spk_ver/v04/v0465	SES099	-8.99615	-58.8765	-49.8803
spk_ver/v04/v0466	SES099	-0.512825	-50.3264	-49.8135
spk_ver/v04/v0467	SES099	-0.82233	-50.6929	-49.8706
spk_ver/v04/v0468	SES129	1.86493	-47.739	-49.6039
spk_ver/v04/v0469	SES101	0.714687	-48.8465	-49.5612
spk_ver/v04/v0470	SES099	-6.74168	-57.7201	-50.9785
spk_ver/v04/v0471	SES172	0.918278	-48.7841	-49.7024
spk_ver/v04/v0472	SES099	-0.203518	-50.1614	-49.9579
spk_ver/v04/v0473	SES270	1.64437	-48.3253	-49.9697
spk_ver/v04/v0474	SES099	-3.79894	-52.8467	-49.0477
spk_ver/v04/v0475	SES099	-1.24491	-49.968	-48.7231
spk_ver/v04/v0476	SES099	-2.6459	-54.9035	-52.2576
spk_ver/v04/v0477	SES002	1.00727	-48.408	-49.4153
spk_ver/v04/v0478	SES099	-0.264748	-50.1669	-49.9021
spk_ver/v04/v0479	SES007	-0.453156	-50.4772	-50.0241
spk_ver/v04/v0480	SES101	-3.70745	-52.6169	-48.9095
spk_ver/v04/v0481	SES101	-4.50719	-55.8425	-51.3353
spk_ver/v04/v0482	SES175	0.224995	-49.8039	-50.0289
spk_ver/v04/v0483	SES101	-1.96049	-52.0449	-50.0844
spk_ver/v04/v0484	SES101	-3.65209	-52.3562	-48.7041
spk_ver/v04/v0485	SES101	-2.99089	-53.4088	-50.4179
spk_ver/v04/v0486	SES101	-2.0648	-53.3261	-51.2613
spk_ver/v04/v0487	SES101	-2.31455	-52.9265	-50.6119
spk_ver/v04/v0488	SES101	-4.06667	-54.4378	-50.3712
spk_ver/v04/v0489	SES147	0.442474	-50.8435	-51.2859
spk_ver/v04/v0490	SES085	0.133667	-50.1259	-50.2596
spk_ver/v04/v0491	SES101	-2.58311	-54.3671	-51.784
spk_ver/v04/v0492	SES101	-3.79145	-55.1378	-51.3463
spk_ver/v04/v0493	SES101	-3.01533	-51.9439	-48.9286
spk_ver/v04/v0494	SES101	-2.86522	-54.2176	-51.3523
spk_ver/v04/v0495	SES101	-1.18284	-49.8523	-48.6695
spk_ver/v04/v0496	SES101	-2.6885	-52.6732	-49.9847
spk_ver/v04/v0497	SES014	1.09609	-47.2964	-48.3925
spk_ver/v04/v0498	SES101	-3.4901	-53.0804	-49.5903
spk_ver/v04/v0499	SES101	-1.73725	-51.0548	-49.3175
spk_ver/v05/v0500	SES085	0.384792	-48.366	-48.7508
spk_ver/v05/v0501	SES101	-4.62701	-54.3648	-49.7378
spk_ver/v05/v0502	SES275	0.515755	-49.4037	-49.9194
spk_ver/v05/v0503	SES117	0.716415	-50.2761	-50.9925
spk_ver/v05/v0504	SES101	-4.18192	-53.7937	-49.6118
spk_ver/v05/v0505	SES101	-2.38216	-52.3147	-49.9325
spk_ver/v05/v0506	SES101	-2.16773	-52.3726	-50.2049
spk_ver/v05/v0507	SES048	1.19909	-47.7584	-48.9575
spk_ver/v05/v0508	SES117	0.842785	-50.723	-51.5658
spk_ver/v05/v0509	SES202	2.32906	-47.5949	-49.924
spk_ver/v05/v0510	SES104	-2.05865	-53.5217	-51.4631
spk_ver/v05/v0511	SES008	0.594521	-49.9492	-50.5437
spk_ver/v05/v0512	SES104	-1.70364	-52.3485	-50.6448
spk_ver/v05/v0513	SES104	-1.71727	-50.5618	-48.8445
spk_ver/v05/v0514	SES104	-6.70826	-55.2931	-48.5848
spk_ver/v05/v0515	SES104	-10.9765	-61.3414	-50.3649
spk_ver/v05/v0516	SES104	-1.30401	-52.74	-51.436
spk_ver/v05/v0517	SES060	0.371483	-48.0838	-48.4553
spk_ver/v05/v0518	SES104	-11.6652	-62.7602	-51.0949
spk_ver/v05/v0519	SES104	-12.5186	-63.3833	-50.8646
spk_ver/v05/v0520	SES104	-0.809715	-49.6743	-48.8646
spk_ver/v05/v0521	SES008	1.19449	-47.6227	-48.8172
spk_ver/v05/v0522	SES068	1.30313	-48.3508	-49.654
spk_ver/v05/v0523	SES087	1.27495	-48.684	-49.959
spk_ver/v05/v0524	SES104	-1.50015	-51.5621	-50.0619
spk_ver/v05/v0525	SES104	-1.52771	-52.1152	-50.5875
spk_ver/v05/v0526	SES104	-1.03593	-50.4357	-49.3997
spk_ver/v05/v0527	SES083	0.720966	-48.7374	-49.4583
spk_ver/v05/v0528	SES148	0.86256	-49.1028	-49.9654
spk_ver/v05/v0529	SES104	-2.76592	-53.1191	-50.3532
spk_ver/v05/v0530	SES104	-7.97963	-58.0879	-50.1082
spk_ver/v05/v0531	SES125	1.07437	-48.4579	-49.5323
spk_ver/v05/v0532	SES104	-10.4066	-60.4583	-50.0517
spk_ver/v05/v0533	SES149	2.14249	-47.286	-49.4285
spk_ver/v05/v0534	SES104	-9.30417	-58.898	-49.5938
spk_ver/v05/v0535	SES187	0.71114	-49.9816	-50.6927
spk_ver/v05/v0536	SES104	-2.5686	-52.4321	-49.8635
spk_ver/v05/v0537	SES104	-1.99848	-52.0585	-50.06
spk_ver/v05/v0538	SES167	1.42665	-48.5255	-49.9521
spk_ver/v05/v0539	SES104	-2.4176	-54.1069	-51.6893
spk_ver/v05/v0540	SES104	-9.26561	-57.3376	-48.072
spk_ver/v05/v0541	SES183	0.890469	-50.5607	-51.4512
spk_ver/v05/v0542	SES104	-0.857811	-51.45	-50.5922
spk_ver/v05/v0543	SES104	-8.94994	-58.3753	-49.4253
spk_ver/v05/v0544	SES105	-3.75932	-54.0715	-50.3122
spk_ver/v05/v0545	SES105	-2.02431	-52.4362	-50.4119
spk_ver/v05/v0546	SES105	-2.23064	-52.2425	-50.0118
spk_ver/v05/v0547	SES105	-3.06749	-54.0362	-50.9688
spk_ver/v05/v0548	SES019	2.54327	-48.2275	-50.7708
spk_ver/v05/v0549	SES105	-2.48241	-53.1486	-50.6662
spk_ver/v05/v0550	SES105	-2.87201	-53.7413	-50.8693
spk_ver/v05/v0551	SES202	2.09188	-49.5056	-51.5975
spk_ver/v05/v0552	SES105	-3.32711	-54.0115	-50.6844
spk_ver/v05/v0553	SES105	-0.716022	-50.6111	-49.8951
spk_ver/v05/v0554	SES105	-1.78286	-51.1186	-49.3357
spk_ver/v05/v0555	SES105	-1.89469	-52.3062	-50.4115
spk_ver/v05/v0556	SES082	0.504654	-48.8955	-49.4002
spk_ver/v05/v0557	SES105	-3.01598	-52.4112	-49.3952
spk_ver/v05/v0558	SES014	1.21025	-47.768	-48.9782
spk_ver/v05/v0559	SES105	-1.61078	-51.4325	-49.8217
spk_ver/v05/v0560	SES177	0.109669	-50.049	-50.1587
spk_ver/v05/v0561	SES189	3.41967	-52.5271	-55.9468
spk_ver/v05/v0562	SES105	-2.51394	-53.2849	-50.771
spk_ver/v05/v0563	SES099	1.20568	-49.9179	-51.1236
spk_ver/v05/v0564	SES105	-2.42159	-51.4971	-49.0755
spk_ver/v05/v0565	SES105	-3.17819	-53.1101	-49.9319
spk_ver/v05/v0566	SES105	-3.57379	-53.5509	-49.9771
spk_ver/v05/v0567	SES142	1.6429	-49.1975	-50.8404
spk_ver/v05/v0568	SES048	0.964207	-48.645	-49.6092
spk_ver/v05/v0569	SES105	-3.12615	-52.8487	-49.7225
spk_ver/v05/v0570	SES105	-1.51783	-51.0851	-49.5673
spk_ver/v05/v0571	SES105	-3.51119	-54.2794	-50.7683
spk_ver/v05/v0572	SES105	-3.43588	-54.7944	-51.3585
spk_ver/v05/v0573	SES105	-3.33099	-53.9455	-50.6145
spk_ver/v05/v0574	SES105	-1.90172	-51.9381	-50.0364
spk_ver/v05/v0575	SES105	-2.04232	-52.4474	-50.4051
spk_ver/v05/v0576	SES106	-9.46874	-60.6425	-51.1737
spk_ver/v05/v0577	SES106	-4.49095	-55.1137	-50.6227
spk_ver/v05/v0578	SES106	-6.71445	-56.5262	-49.8118
spk_ver/v05/v0579	SES106	-7.82532	-57.1471	-49.3218
spk_ver/v05/v0580	SES106	-1.34269	-50.2196	-48.8769
spk_ver/v05/v0581	SES106	-10.7952	-61.4713	-50.6762
spk_ver/v05/v0582	SES106	-1.37142	-52.58	-51.2086
spk_ver/v05/v0583	SES106	-1.32827	-50.8882	-49.5599
spk_ver/v05/v0584	SES106	-9.25541	-59.7986	-50.5432
spk_ver/v05/v0585	SES106	-0.536396	-52.2986	-51.7622
spk_ver/v05/v0586	SES106	-7.39203	-57.2714	-49.8793
spk_ver/v05/v0587	SES106	-2.97481	-53.182	-50.2072
spk_ver/v05/v0588	SES106	-6.57141	-55.8978	-49.3264
spk_ver/v05/v0589	SES106	-8.53819	-57.3092	-48.771
spk_ver/v05/v0590	SES082	0.582119	-49.3237	-49.9058
spk_ver/v05/v0591	SES180	1.10998	-48.943	-50.0529
spk_ver/v05/v0592	SES106	-1.18675	-51.4521	-50.2653
spk_ver/v05/v0593	SES106	-11.1232	-61.8996	-50.7764
spk_ver/v05/v0594	SES292	0.853035	-48.9484	-49.8015
spk_ver/v05/v0595	SES106	-1.41177	-51.6835	-50.2717
spk_ver/v05/v0596	SES106	-8.28206	-58.9281	-50.646
spk_ver/v05/v0597	SES106	-7.86243	-58.2348	-50.3724
spk_ver/v05/v0598	SES042	1.26875	-48.8011	-50.0698
spk_ver/v05/v0599	SES106	-7.76889	-58.5516	-50.7827
spk_ver/v06/v0600	SES106	-0.309696	-51.0013	-50.6916
spk_ver/v06/v0601	SES106	-1.43535	-51.904	-50.4687
spk_ver/v06/v0602	SES106	-3.99176	-53.8227	-49.8309
spk_ver/v06/v0603	SES106	-8.46415	-58.931	-50.4668
spk_ver/v06/v0604	SES106	-7.81654	-57.9833	-50.1668
spk_ver/v06/v0605	SES106	-7.39633	-58.8756	-51.4792
spk_ver/v06/v0606	SES048	1.77309	-47.5651	-49.3382
spk_ver/v06/v0607	SES167	2.35817	-47.3464	-49.7045
spk_ver/v06/v0608	SES106	-6.44535	-56.7516	-50.3063
spk_ver/v06/v0609	SES143	0.672131	-49.3453	-50.0174
spk_ver/v06/v0610	SES106	-9.93102	-61.8881	-51.9571
spk_ver/v06/v0611	SES106	-5.29153	-56.0673	-50.7757
spk_ver/v06/v0612	SES106	-11.3043	-62.2501	-50.9459
spk_ver/v06/v0613	SES117	-0.912434	-50.6532	-49.7408
spk_ver/v06/v0614	SES117	-4.20189	-53.9685	-49.7666
spk_ver/v06/v0615	SES117	-1.4225	-51.6975	-50.275
spk_ver/v06/v0616	SES106	1.57423	-47.279	-48.8532
spk_ver/v06/v0617	SES142	3.00191	-48.6574	-51.6593
spk_ver/v06/v0618	SES048	1.64455	-47.7295	-49.374
spk_ver/v06/v0619	SES175	1.00896	-49.7141	-50.723
spk_ver/v06/v0620	SES180	1.0312	-48.828	-49.8592
spk_ver/v06/v0621	SES117	-0.677322	-52.101	-51.4237
spk_ver/v06/v0622	SES029	-0.129368	-50.5252	-50.3959
spk_ver/v06/v0623	SES117	-0.950176	-50.4387	-49.4885
spk_ver/v06/v0624	SES117	-3.24617	-53.7424	-50.4962
spk_ver/v06/v0625	SES117	-1.62308	-53.6912	-52.0682
spk_ver/v06/v0626	SES106	1.42535	-48.184	-49.6093
spk_ver/v06/v0627	SES226	1.45273	-47.5436	-48.9963
spk_ver/v06/v0628	SES117	-0.730125	-50.5267	-49.7966
spk_ver/v06/v0629	SES117	-2.06107	-49.4089	-47.3478
spk_ver/v06/v0630	SES117	-3.36015	-52.7203	-49.3601
spk_ver/v06/v0631	SES117	-4.03023	-55.6107	-51.5805
spk_ver/v06/v0632	SES117	-1.13171	-50.4808	-49.3491
spk_ver/v06/v0633	SES099	2.43063	-48.7037	-51.1343
spk_ver/v06/v0634	SES105	1.6356	-49.0577	-50.6933
spk_ver/v06/v0635	SES167	0.762974	-49.5635	-50.3265
spk_ver/v06/v0636	SES117	-0.216877	-50.0409	-49.8241
spk_ver/v06/v0637	SES202	1.73518	-49.1248	-50.86
spk_ver/v06/v0638	SES117	-2.13337	-51.6355	-49.5021
spk_ver/v06/v0639	SES167	1.87363	-48.5447	-50.4183
spk_ver/v06/v0640	SES117	-1.99866	-51.3818	-49.3832
spk_ver/v06/v0641	SES117	-2.5389	-51.7439	-49.205
spk_ver/v06/v0642	SES101	0.974243	-48.3532	-49.3275
spk_ver/v06/v0643	SES068	0.895439	-48.8617	-49.7572
spk_ver/v06/v0644	SES120	-3.79601	-54.5728	-50.7768
spk_ver/v06/v0645	SES120	-2.04139	-53.2327	-51.1914
spk_ver/v06/v0646	SES172	0.656013	-49.627	-50.283
spk_ver/v06/v0647	SES120	-2.33446	-51.3558	-49.0213
spk_ver/v06/v0648	SES120	-0.430122	-49.6206	-49.1905
spk_ver/v06/v0649	SES120	-3.20305	-54.7844	-51.5814
spk_ver/v06/v0650	SES087	1.34608	-49.1711	-50.5172
spk_ver/v06/v0651	SES120	-2.02042	-52.2147	-50.1943
spk_ver/v06/v0652	SES104	-0.21854	-51.1671	-50.9485
spk_ver/v06/v0653	SES129	1.31819	-47.4608	-48.7789
spk_ver/v06/v0654	SES120	-2.60753	-52.8605	-50.2529
spk_ver/v06/v0655	SES120	-2.1941	-53.0166	-50.8225
spk_ver/v06/v0656	SES120	-1.86061	-51.5718	-49.7112
spk_ver/v06/v0657	SES147	0.803989	-50.4322	-51.2362
spk_ver/v06/v0658	SES120	-2.85395	-53.3887	-50.5347
spk_ver/v06/v0659	SES120	-2.32833	-51.3738	-49.0455
spk_ver/v06/v0660	SES120	-1.05346	-50.1972	-49.1437
spk_ver/v06/v0661	SES120	-3.22576	-54.371	-51.1452
spk_ver/v06/v0662	SES120	-2.26625	-51.2516	-48.9854
spk_ver/v06/v0663	SES120	-2.70183	-54.5402	-51.8383
spk_ver/v06/v0664	SES147	0.974201	-49.3696	-50.3438
spk_ver/v06/v0665	SES162	1.34828	-49.5032	-50.8515
spk_ver/v06/v0666	SES120	-2.07365	-51.4673	-49.3937
spk_ver/v06/v0667	SES120	-2.38133	-52.4776	-50.0962
spk_ver/v06/v0668	SES120	1.45157	-48.0454	-49.497
spk_ver/v06/v0669	SES142	2.46764	-48.2381	-50.7057
spk_ver/v06/v0670	SES106	1.68952	-47.8619	-49.5514
spk_ver/v06/v0671	SES183	1.54136	-49.27	-50.8114
spk_ver/v06/v0672	SES120	-1.98563	-52.4579	-50.4722
spk_ver/v06/v0673	SES029	-0.0544968	-50.276	-50.2215
spk_ver/v06/v0674	SES120	-2.07541	-52.2663	-50.1909
spk_ver/v06/v0675	SES008	1.53696	-48.094	-49.631
spk_ver/v06/v0676	SES125	-8.53906	-60.5367	-51.9976
spk_ver/v06/v0677	SES143	0.848263	-49.9809	-50.8292
spk_ver/v06/v0678	SES125	-7.86627	-59.412	-51.5458
spk_ver/v06/v0679	SES162	0.204231	-49.6775	-49.8817
spk_ver/v06/v0680	SES125	-4.32899	-53.1566	-48.8276
spk_ver/v06/v0681	SES125	-2.43747	-52.2194	-49.7819
spk_ver/v06/v0682	SES125	-5.80647	-54.1006	-48.2941
spk_ver/v06/v0683	SES226	1.32067	-48.7366	-50.0572
spk_ver/v06/v0684	SES125	-6.69684	-57.551	-50.8542
spk_ver/v06/v0685	SES125	-6.85151	-56.3168	-49.4653
spk_ver/v06/v0686	SES120	1.05729	-48.5258	-49.5831
spk_ver/v06/v0687	SES125	-3.24093	-55.0113	-51.7704
spk_ver/v06/v0688	SES158	1.22898	-48.5212	-49.7502
spk_ver/v06/v0689	SES125	-5.37085	-55.9041	-50.5333
spk_ver/v06/v0690	SES105	1.36454	-49.1126	-50.4772
spk_ver/v06/v0691	SES125	-1.06231	-51.3362	-50.2739
spk_ver/v06/v0692	SES125	-2.19926	-51.7325	-49.5332
spk_ver/v06/v0693	SES180	1.32526	-48.4385	-49.7637
spk_ver/v06/v0694	SES125	-12.2988	-62.7122	-50.4134
spk_ver/v06/v0695	SES125	-1.61742	-51.395	-49.7776
spk_ver/v06/v0696	SES125	-9.81121	-59.2284	-49.4172
spk_ver/v06/v0697	SES125	-9.93079	-61.4903	-51.5595
spk_ver/v06/v0698	SES083	0.597988	-48.1839	-48.7819
spk_ver/v06/v0699	SES125	-7.32613	-57.5269	-50.2008
spk_ver/v07/v0700	SES014	1.2465	-48.1645	-49.411
spk_ver/v07/v0701	SES125	-4.91593	-53.8915	-48.9756
spk_ver/v07/v0702	SES127	-1.34798	-51.1462	-49.7982
spk_ver/v07/v0703	SES127	-1.26853	-52.593	-51.3245
spk_ver/v07/v0704	SES206	1.55822	-48.1099	-49.6681
spk_ver/v07/v0705	SES127	-2.20515	-52.8092	-50.604
spk_ver/v07/v0706	SES127	-2.88765	-52.8018	-49.9141
spk_ver/v07/v0707	SES127	-4.67546	-54.424	-49.7486
spk_ver/v07/v0708	SES275	0.529331	-49.3437	-49.873
spk_ver/v07/v0709	SES127	-3.11961	-53.8841	-50.7644
spk_ver/v07/v0710	SES105	0.774265	-49.6372	-50.4115
spk_ver/v07/v0711	SES127	-2.61574	-52.392	-49.7763
spk_ver/v07/v0712	SES127	-1.43388	-50.7877	-49.3538
spk_ver/v07/v0713	SES127	-3.37876	-53.4753	-50.0966
spk_ver/v07/v0714	SES019	3.27399	-48.0949	-51.3689
spk_ver/v07/v0715	SES127	-2.69459	-54.1505	-51.4559
spk_ver/v07/v0716	SES148	0.317825	-49.4054	-49.7232
spk_ver/v07/v0717	SES162	0.833672	-48.9314	-49.7651
spk_ver/v07/v0718	SES189	1.48429	-50.5532	-52.0375
spk_ver/v07/v0719	SES149	0.783661	-48.0209	-48.8045
spk_ver/v07/v0720	SES175	0.65818	-49.817	-50.4752
spk_ver/v07/v0721	SES127	-4.01842	-54.0044	-49.986
spk_ver/v07/v0722	SES127	-1.49313	-51.5187	-50.0255
spk_ver/v07/v0723	SES127	-2.27298	-51.9107	-49.6377
spk_ver/v07/v0724	SES127	-2.251	-52.6196	-50.3686
spk_ver/v07/v0725	SES127	-2.30491	-52.8837	-50.5788
spk_ver/v07/v0726	SES259	1.30658	-48.2599	-49.5664
spk_ver/v07/v0727	SES127	-2.35005	-52.6939	-50.3439
spk_ver/v07/v0728	SES127	-0.765366	-49.7287	-48.9633
spk_ver/v07/v0729	SES127	-4.76071	-55.1802	-50.4195
spk_ver/v07/v0730	SES127	-2.10701	-53.4522	-51.3452
spk_ver/v07/v0731	SES129	-1.33547	-50.128	-48.7926
spk_ver/v07/v0732	SES129	-4.21877	-54.5951	-50.3763
spk_ver/v07/v0733	SES129	-5.20672	-57.1034	-51.8967
spk_ver/v07/v0734	SES129	-8.6135	-60.3886	-51.7751
spk_ver/v07/v0735	SES183	1.24767	-49.0661	-50.3137
spk_ver/v07/v0736	SES129	-3.41264	-54.1083	-50.6956
spk_ver/v07/v0737	SES129	-2.61197	-52.5021	-49.8901
spk_ver/v07/v0738	SES129	-4.13291	-54.3808	-50.2479
spk_ver/v07/v0739	SES129	-4.40274	-54.724	-50.3212
spk_ver/v07/v0740	SES167	-0.614101	-50.0561	-49.442
spk_ver/v07/v0741	SES129	-4.04112	-54.7072	-50.6661
spk_ver/v07/v0742	SES129	-2.72755	-51.1103	-48.3828
spk_ver/v07/v0743	SES129	-2.07247	-51.6902	-49.6177
spk_ver/v07/v0744	SES129	-6.32942	-57.9011	-51.5717
spk_ver/v07/v0745	SES180	0.852535	-48.9213	-49.7738
spk_ver/v07/v0746	SES129	-1.77144	-50.9309	-49.1594
spk_ver/v07/v0747	SES292	0.248127	-48.8016	-49.0497
spk_ver/v07/v0748	SES202	1.57558	-49.0347	-50.6103
spk_ver/v07/v0749	SES270	0.64875	-49.382	-50.0307
spk_ver/v07/v0750	SES129	-3.26031	-52.1404	-48.8801
spk_ver/v07/v0751	SES129	-3.77782	-52.6545	-48.8767
spk_ver/v07/v0752	SES060	-0.592285	-50.0318	-49.4395
spk_ver/v07/v0753	SES129	-4.22717	-54.9342	-50.7071
spk_ver/v07/v0754	SES129	-9.27056	-62.0807	-52.8102
spk_ver/v07/v0755	SES129	-3.60237	-54.2702	-50.6679
spk_ver/v07/v0756	SES175	0.828503	-50.3525	-51.181
spk_ver/v07/v0757	SES129	-3.52562	-53.7754	-50.2497
spk_ver/v07/v0758	SES129	-4.75964	-54.9825	-50.2229
spk_ver/v07/v0759	SES129	-3.82106	-52.833	-49.012
spk_ver/v07/v0760	SES129	-4.17181	-53.9511	-49.7793
spk_ver/v07/v0761	SES129	-3.02844	-51.6336	-48.6051
spk_ver/v07/v0762	SES172	0.862286	-49.3241	-50.1864
spk_ver/v07/v0763	SES129	-3.56326	-55.1705	-51.6072
spk_ver/v07/v0764	SES129	-5.00561	-54.6236	-49.618
spk_ver/v07/v0765	SES175	1.38291	-49.6896	-51.0725
spk_ver/v07/v0766	SES129	-3.68346	-52.4007	-48.7172
spk_ver/v07/v0767	SES129	-4.09762	-54.4099	-50.3123
spk_ver/v07/v0768	SES042	1.9643	-47.307	-49.2713
spk_ver/v07/v0769	SES099	1.29534	-49.4404	-50.7357
spk_ver/v07/v0770	SES142	-3.91293	-54.729	-50.816
spk_ver/v07/v0771	SES142	-4.19646	-53.1308	-48.9344
spk_ver/v07/v0772	SES101	0.734463	-48.453	-49.1875
spk_ver/v07/v0773	SES142	-8.09759	-58.7469	-50.6494
spk_ver/v07/v0774	SES142	-4.09007	-55.3695	-51.2794
spk_ver/v07/v0775	SES142	-2.41903	-52.075	-49.656
spk_ver/v07/v0776	SES142	-2.9164	-51.7149	-48.7985
spk_ver/v07/v0777	SES142	-3.15676	-53.6691	-50.5124
spk_ver/v07/v0778	SES142	-1.89868	-53.0483	-51.1496
spk_ver/v07/v0779	SES142	-8.37334	-58.335	-49.9617
spk_ver/v07/v0780	SES142	-4.07823	-55.0916	-51.0134
spk_ver/v07/v0781	SES142	-6.71171	-56.9748	-50.2631
spk_ver/v07/v0782	SES101	0.730927	-49.1035	-49.8344
spk_ver/v07/v0783	SES142	-4.27536	-53.9919	-49.7165
spk_ver/v07/v0784	SES187	1.64589	-48.4355	-50.0813
spk_ver/v07/v0785	SES143	0.683407	-51.0377	-51.7211
spk_ver/v07/v0786	SES142	-3.19404	-53.3931	-50.199
spk_ver/v07/v0787	SES144	0.380844	-49.7228	-50.1036
spk_ver/v07/v0788	SES275	0.235615	-49.3187	-49.5543
spk_ver/v07/v0789	SES142	-2.75445	-52.5901	-49.8357
spk_ver/v07/v0790	SES099	1.30202	-48.2775	-49.5795
spk_ver/v07/v0791	SES142	-6.59213	-57.4814	-50.8892
spk_ver/v07/v0792	SES142	-4.17438	-52.3965	-48.2221
spk_ver/v07/v0793	SES142	-6.61177	-56.7317	-50.1199
spk_ver/v07/v0794	SES014	0.885044	-47.7835	-48.6685
spk_ver/v07/v0795	SES142	-5.96565	-55.2714	-49.3058
spk_ver/v07/v0796	SES142	-3.86583	-53.1659	-49.3
spk_ver/v07/v0797	SES143	-0.60144	-49.7786	-49.1772
spk_ver/v07/v0798	SES206	1.02423	-47.8037	-48.8279
spk_ver/v07/v0799	SES143	-4.56471	-55.3556	-50.7909
spk_ver/v08/v0800	SES143	-1.75191	-52.6587	-50.9067
spk_ver/v08/v0801	SES143	-0.849072	-50.0465	-49.1974
spk_ver/v08/v0802	SES143	-2.40744	-52.2962	-49.8888
spk_ver/v08/v0803	SES143	-3.02039	-53.3558	-50.3355
spk_ver/v08/v0804	SES143	-3.18946	-53.8676	-50.6781
spk_ver/v08/v0805	SES143	-3.27384	-53.7456	-50.4717
spk_ver/v08/v0806	SES143	-3.11769	-53.9883	-50.8706
spk_ver/v08/v0807	SES177	0.180252	-49.5364	-49.7167
spk_ver/v08/v0808	SES149	1.2307	-48.2712	-49.5019
spk_ver/v08/v0809	SES143	-4.7196	-53.8577	-49.1381
spk_ver/v08/v0810	SES158	1.5647	-49.1933	-50.758
spk_ver/v08/v0811	SES143	-2.78192	-55.1482	-52.3662
spk_ver/v08/v0812	SES062	1.29317	-47.1982	-48.4914
spk_ver/v08/v0813	SES259	1.10315	-48.246	-49.3491
spk_ver/v08/v0814	SES143	-4.7259	-53.4975	-48.7716
spk_ver/v08/v0815	SES143	-3.51316	-53.4115	-49.8983
spk_ver/v08/v0816	SES143	-1.46838	-51.5276	-50.0592
spk_ver/v08/v0817	SES144	0.858959	-49.3842	-50.2431
spk_ver/v08/v0818	SES143	-1.76853	-52.5165	-50.748
spk_ver/v08/v0819	SES143	-2.81097	-52.6365	-49.8256
spk_ver/v08/v0820	SES143	-0.774624	-49.1173	-48.3427
spk_ver/v08/v0821	SES143	-2.37193	-53.0647	-50.6927
spk_ver/v08/v0822	SES143	-3.17279	-52.8189	-49.6461
spk_ver/v08/v0823	SES104	1.41488	-48.3152	-49.73
spk_ver/v08/v0824	SES143	-3.34703	-53.0317	-49.6847
spk_ver/v08/v0825	SES143	-2.90349	-52.6238	-49.7204
spk_ver/v08/v0826	SES144	-4.01737	-53.4924	-49.475
spk_ver/v08/v0827	SES144	-2.05138	-52.1551	-50.1037
spk_ver/v08/v0828	SES144	-0.622002	-49.5169	-48.8949
spk_ver/v08/v0829	SES172	0.77177	-49.516	-50.2878
spk_ver/v08/v0830	SES144	-0.572968	-51.0231	-50.4501
spk_ver/v08/v0831	SES183	1.22888	-49.5588	-50.7877
spk_ver/v08/v0832	SES144	-3.0983	-53.7129	-50.6147
spk_ver/v08/v0833	SES144	-3.62852	-52.9263	-49.2978
spk_ver/v08/v0834	SES144	-1.00105	-51.0619	-50.0609
spk_ver/v08/v0835	SES144	-1.92368	-52.5565	-50.6328
spk_ver/v08/v0836	SES144	-2.05116	-52.6497	-50.5985
spk_ver/v08/v0837	SES144	-2.17079	-51.1352	-48.9644
spk_ver/v08/v0838	SES144	-2.178	-52.9606	-50.7826
spk_ver/v08/v0839	SES085	-0.110725	-49.7312	-49.6205
spk_ver/v08/v0840	SES144	-0.619011	-50.8298	-50.2108
spk_ver/v08/v0841	SES144	-4.34328	-55.5974	-51.2541
spk_ver/v08/v0842	SES144	-4.02278	-53.726	-49.7032
spk_ver/v08/v0843	SES144	-0.773602	-50.4474	-49.6738
spk_ver/v08/v0844	SES144	-1.95187	-51.9793	-50.0274
spk_ver/v08/v0845	SES144	-3.25808	-51.9476	-48.6895
spk_ver/v08/v0846	SES104	0.52404	-49.6532	-50.1772
spk_ver/v08/v0847	SES144	-1.63407	-52.5565	-50.9224
spk_ver/v08/v0848	SES144	-1.6222	-53.8763	-52.2541
spk_ver/v08/v0849	SES144	-4.31384	-54.187	-49.8731
spk_ver/v08/v0850	SES144	-3.10603	-51.9542	-48.8481
spk_ver/v08/v0851	SES144	-1.49336	-50.6573	-49.1639
spk_ver/v08/v0852	SES144	-0.504982	-50.1109	-49.6059
spk_ver/v08/v0853	SES144	-3.75051	-53.1095	-49.359
spk_ver/v08/v0854	SES144	-1.35479	-51.6451	-50.2903
spk_ver/v08/v0855	SES144	-0.123646	-48.6712	-48.5475
spk_ver/v08/v0856	SES082	-0.416157	-52.0211	-51.6049
spk_ver/v08/v0857	SES142	1.85933	-48.3168	-50.1761
spk_ver/v08/v0858	SES144	-0.643715	-52.2448	-51.601
spk_ver/v08/v0859	SES144	-1.03234	-52.106	-51.0736
spk_ver/v08/v0860	SES146	-3.46315	-53.6874	-50.2243
spk_ver/v08/v0861	SES146	-2.87051	-53.1279	-50.2574
spk_ver/v08/v0862	SES146	-3.60283	-53.1776	-49.5748
spk_ver/v08/v0863	SES146	-2.81166	-53.7013	-50.8896
spk_ver/v08/v0864	SES146	-3.09233	-52.1117	-49.0194
spk_ver/v08/v0865	SES008	2.02048	-47.2945	-49.315
spk_ver/v08/v0866	SES142	0.810127	-49.8455	-50.6556
spk_ver/v08/v0867	SES146	-2.498	-51.866	-49.3679
spk_ver/v08/v0868	SES082	1.85484	-46.7892	-48.6441
spk_ver/v08/v0869	SES146	-1.20316	-50.6175	-49.4144
spk_ver/v08/v0870	SES146	-2.90912	-53.3865	-50.4773
spk_ver/v08/v0871	SES146	-3.56797	-53.8675	-50.2995
spk_ver/v08/v0872	SES146	-4.0378	-54.9918	-50.954
spk_ver/v08/v0873	SES082	1.08327	-47.7378	-48.8211
spk_ver/v08/v0874	SES146	-3.23794	-54.1417	-50.9038
spk_ver/v08/v0875	SES144	0.0559921	-50.752	-50.808
spk_ver/v08/v0876	SES146	-2.01258	-49.2556	-47.243
spk_ver/v08/v0877	SES146	-2.57674	-52.712	-50.1352
spk_ver/v08/v0878	SES146	-2.46215	-52.3879	-49.9258
spk_ver/v08/v0879	SES146	-3.63038	-53.699	-50.0686
spk_ver/v08/v0880	SES146	-4.24926	-55.1639	-50.9146
spk_ver/v08/v0881	SES143	1.21002	-49.4735	-50.6835
spk_ver/v08/v0882	SES146	-0.994457	-50.1073	-49.1128
spk_ver/v08/v0883	SES147	-1.52314	-50.5439	-49.0207
spk_ver/v08/v0884	SES147	-0.855431	-50.9865	-50.1311
spk_ver/v08/v0885	SES016	0.609467	-49.0786	-49.6881
spk_ver/v08/v0886	SES147	-1.58342	-52.656	-51.0726
spk_ver/v08/v0887	SES147	-1.18012	-52.0993	-50.9192
spk_ver/v08/v0888	SES147	-1.87186	-53.3256	-51.4538
spk_ver/v08/v0889	SES019	1.35425	-49.018	-50.3722
spk_ver/v08/v0890	SES147	-1.79165	-52.9006	-51.1089
spk_ver/v08/v0891	SES147	-2.83574	-52.4336	-49.5978
spk_ver/v08/v0892	SES147	-2.57143	-53.0346	-50.4632
spk_ver/v08/v0893	SES270	1.34741	-50.2824	-51.6298
spk_ver/v08/v0894	SES029	0.498764	-50.1687	-50.6674
spk_ver/v08/v0895	SES147	-1.87924	-54.1458	-52.2665
spk_ver/v08/v0896	SES117	0.638905	-50.6223	-51.2612
spk_ver/v08/v0897	SES183	1.1591	-50.3484	-51.5075
spk_ver/v08/v0898	SES147	-4.03669	-53.2172	-49.1805
spk_ver/v08/v0899	SES147	-3.8113	-55.5032	-51.6919
spk_ver/v09/v0900	SES087	1.15247	-48.2766	-49.4291
spk_ver/v09/v0901	SES147	-5.79371	-56.6259	-50.8322
spk_ver/v09/v0902	SES147	-3.84372	-53.4427	-49.5989
spk_ver/v09/v0903	SES147	-1.46761	-51.8289	-50.3613
spk_ver/v09/v0904	SES147	-2.69615	-52.2032	-49.507
spk_ver/v09/v0905	SES143	0.743317	-49.9766	-50.7199
spk_ver/v09/v0906	SES149	0.753414	-48.0575	-48.8109
spk_ver/v09/v0907	SES148	-1.67639	-51.5496	-49.8732
spk_ver/v09/v0908	SES148	-1.15736	-50.8428	-49.6854
spk_ver/v09/v0909	SES106	1.80711	-49.3133	-51.1204
spk_ver/v09/v0910	SES148	-1.22253	-52.5825	-51.36
spk_ver/v09/v0911	SES148	-2.9372	-52.369	-49.4318
spk_ver/v09/v0912	SES142	1.18741	-49.2731	-50.4605
spk_ver/v09/v0913	SES148	-4.12283	-54.3094	-50.1865
spk_ver/v09/v0914	SES148	-2.99073	-52.3614	-49.3707
spk_ver/v09/v0915	SES148	-3.49566	-55.2416	-51.746
spk_ver/v09/v0916	SES148	-3.44386	-54.8789	-51.435
spk_ver/v09/v0917	SES148	0.719936	-49.4221	-50.142
spk_ver/v09/v0918	SES148	-1.0328	-50.0919	-49.0591
spk_ver/v09/v0919	SES270	0.980534	-49.7081	-50.6887
spk_ver/v09/v0920	SES148	-1.70474	-50.9893	-49.2845
spk_ver/v09/v0921	SES148	-2.7126	-51.9283	-49.2157
spk_ver/v09/v0922	SES129	0.734184	-48.0202	-48.7544
spk_ver/v09/v0923	SES117	0.94371	-49.346	-50.2897
spk_ver/v09/v0924	SES042	2.67107	-46.9735	-49.6446
spk_ver/v09/v0925	SES148	-3.72331	-54.7418	-51.0185
spk_ver/v09/v0926	SES148	-4.1692	-56.2587	-52.0895
spk_ver/v09/v0927	SES144	0.522667	-49.7363	-50.259
spk_ver/v09/v0928	SES007	0.431839	-49.778	-50.2098
spk_ver/v09/v0929	SES148	-2.02076	-50.5122	-48.4915
spk_ver/v09/v0930	SES148	-1.40687	-50.5812	-49.1743
spk_ver/v09/v0931	SES148	-2.88545	-54.3962	-51.5107
spk_ver/v09/v0932	SES202	1.80119	-47.6204	-49.4215
spk_ver/v09/v0933	SES148	-0.478256	-49.8039	-49.3257
spk_ver/v09/v0934	SES148	-3.19521	-52.086	-48.8908
spk_ver/v09/v0935	SES060	1.02884	-48.0509	-49.0798
spk_ver/v09/v0936	SES060	1.50816	-48.1219	-49.63
spk_ver/v09/v0937	SES148	-1.51766	-51.0374	-49.5197
spk_ver/v09/v0938	SES148	-1.72695	-51.3412	-49.6142
spk_ver/v09/v0939	SES148	-2.13818	-51.6918	-49.5536
spk_ver/v09/v0940	SES148	-2.09026	-50.7153	-48.625
spk_ver/v09/v0941	SES149	-2.76078	-52.9956	-50.2348
spk_ver/v09/v0942	SES149	-5.49038	-53.9953	-48.5049
spk_ver/v09/v0943	SES149	-6.06946	-56.7917	-50.7222
spk_ver/v09/v0944	SES149	-1.69024	-51.5259	-49.8357
spk_ver/v09/v0945	SES105	0.527744	-49.4634	-49.9911
spk_ver/v09/v0946	SES149	-3.61382	-52.8498	-49.236
spk_ver/v09/v0947	SES149	-5.13726	-56.7038	-51.5665
spk_ver/v09/v0948	SES149	-6.38008	-55.7233	-49.3432
spk_ver/v09/v0949	SES149	-3.68518	-52.183	-48.4978
spk_ver/v09/v0950	SES226	1.05132	-48.1995	-49.2508
spk_ver/v09/v0951	SES149	-6.50179	-57.3463	-50.8445
spk_ver/v09/v0952	SES149	-2.69938	-53.1176	-50.4183
spk_ver/v09/v0953	SES062	0.580944	-48.4869	-49.0679
spk_ver/v09/v0954	SES149	-7.33856	-57.9201	-50.5815
spk_ver/v09/v0955	SES048	0.259815	-48.6665	-48.9263
spk_ver/v09/v0956	SES158	-1.39242	-51.3794	-49.987
spk_ver/v09/v0957	SES158	-4.94909	-56.2456	-51.2966
spk_ver/v09/v0958	SES158	-0.548088	-49.3236	-48.7755
spk_ver/v09/v0959	SES158	-1.46962	-50.8339	-49.3643
spk_ver/v09/v0960	SES158	-6.18641	-57.2133	-51.0269
spk_ver/v09/v0961	SES147	0.973526	-50.1831	-51.1566
spk_ver/v09/v0962	SES158	-10.4316	-61.6429	-51.2112
spk_ver/v09/v0963	SES292	0.946419	-49.0098	-49.9563
spk_ver/v09/v0964	SES060	1.09619	-48.4022	-49.4984
spk_ver/v09/v0965	SES002	0.919064	-49.4688	-50.3878
spk_ver/v09/v0966	SES149	1.70651	-47.6446	-49.3512
spk_ver/v09/v0967	SES158	-7.84956	-58.3923	-50.5427
spk_ver/v09/v0968	SES158	-1.71339	-51.1555	-49.4421
spk_ver/v09/v0969	SES275	-0.14061	-51.0014	-50.8608
spk_ver/v09/v0970	SES158	-6.42175	-55.9857	-49.5639
spk_ver/v09/v0971	SES158	-7.04232	-57.5263	-50.484
spk_ver/v09/v0972	SES002	1.0798	-48.4549	-49.5347
spk_ver/v09/v0973	SES158	-10.0877	-59.9413	-49.8536
spk_ver/v09/v0974	SES202	1.53472	-48.6224	-50.1571
spk_ver/v09/v0975	SES158	-9.40145	-60.9982	-51.5967
spk_ver/v09/v0976	SES158	0.00305939	-49.4045	-49.4075
spk_ver/v09/v0977	SES162	-1.38601	-51.0666	-49.6806
spk_ver/v09/v0978	SES162	-6.00626	-56.7865	-50.7803
spk_ver/v09/v0979	SES162	-5.58964	-55.7101	-50.1204
spk_ver/v09/v0980	SES162	-1.63103	-52.8362	-51.2052
spk_ver/v09/v0981	SES162	-1.84605	-52.8804	-51.0344
spk_ver/v09/v0982	SES259	1.62333	-47.9002	-49.5236
spk_ver/v09/v0983	SES162	-3.17493	-56.1674	-52.9925
spk_ver/v09/v0984	SES162	-1.41686	-50.4575	-49.0407
spk_ver/v09/v0985	SES162	-1.05774	-50.8055	-49.7478
spk_ver/v09/v0986	SES062	1.08279	-47.4071	-48.4899
spk_ver/v09/v0987	SES162	-0.990143	-50.905	-49.9149
spk_ver/v09/v0988	SES162	-3.84195	-53.2461	-49.4041
spk_ver/v09/v0989	SES162	-4.46317	-56.0734	-51.6102
spk_ver/v09/v0990	SES162	-3.26968	-52.3457	-49.076
spk_ver/v09/v0991	SES087	1.30734	-48.6741	-49.9814
spk_ver/v09/v0992	SES120	-0.181278	-50.4632	-50.2819
spk_ver/v09/v0993	SES162	-3.97253	-53.1778	-49.2053
spk_ver/v09/v0994	SES162	-1.48806	-50.8818	-49.3937
spk_ver/v09/v0995	SES162	-4.09341	-52.5548	-48.4613
spk_ver/v09/v0996	SES162	-2.04844	-50.2931	-48.2446
spk_ver/v09/v0997	SES162	-5.31421	-54.9754	-49.6612
spk_ver/v09/v0998	SES162	-3.0715	-54.6031	-51.5316
spk_ver/v09/v0999	SES162	-0.820095	-48.8044	-47.9843
spk_ver/v10/v1000	SES162	-3.79262	-53.9767	-50.1841
spk_ver/v10/v1001	SES148	0.78455	-50.0987	-50.8833
spk_ver/v10/v1002	SES162	-0.290882	-51.4625	-51.1716
spk_ver/v10/v1003	SES162	-2.0599	-51.9478	-49.8879
spk_ver/v10/v1004	SES162	-2.22153	-53.9714	-51.7498
spk_ver/v10/v1005	SES162	-3.88299	-54.4733	-50.5903
spk_ver/v10/v1006	SES162	-2.937	-52.5491	-49.6121
spk_ver/v10/v1007	SES162	-1.80385	-53.0359	-51.232
spk_ver/v10/v1008	SES162	-3.216	-55.171	-51.955
spk_ver/v10/v1009	SES162	-4.45944	-54.4094	-49.9499
spk_ver/v10/v1010	SES167	-3.48301	-53.637	-50.154
spk_ver/v10/v1011	SES167	-0.822548	-51.315	-50.4924
spk_ver/v10/v1012	SES167	-2.14149	-53.3193	-51.1778
spk_ver/v10/v1013	SES167	-7.26727	-56.9792	-49.7119
spk_ver/v10/v1014	SES167	-1.08815	-49.5261	-48.438
spk_ver/v10/v1015	SES167	-1.29027	-50.8746	-49.5844
spk_ver/v10/v1016	SES167	-1.03154	-51.0131	-49.9815
spk_ver/v10/v1017	SES167	-1.47595	-51.4492	-49.9732
spk_ver/v10/v1018	SES167	-3.18756	-53.0086	-49.821
spk_ver/v10/v1019	SES167	-2.24076	-52.0054	-49.7646
spk_ver/v10/v1020	SES167	-5.74664	-55.8498	-50.1032
spk_ver/v10/v1021	SES167	-1.39303	-53.4985	-52.1055
spk_ver/v10/v1022	SES167	-3.71745	-53.6191	-49.9017
spk_ver/v10/v1023	SES167	-3.91215	-54.7081	-50.796
spk_ver/v10/v1024	SES167	-3.83932	-56.0592	-52.2198
spk_ver/v10/v1025	SES167	-1.33123	-50.4283	-49.0971
spk_ver/v10/v1026	SES167	-1.91511	-52.3659	-50.4508
spk_ver/v10/v1027	SES167	-1.15721	-50.5649	-49.4077
spk_ver/v10/v1028	SES167	-6.1489	-56.0245	-49.8756
spk_ver/v10/v1029	SES167	-3.69166	-53.8592	-50.1675
spk_ver/v10/v1030	SES167	-3.35437	-52.6149	-49.2605
spk_ver/v10/v1031	SES167	-5.47297	-55.1537	-49.6808
spk_ver/v10/v1032	SES167	-6.28962	-54.5551	-48.2655
spk_ver/v10/v1033	SES167	-5.26344	-53.9488	-48.6854
spk_ver/v10/v1034	SES002	1.20297	-47.8635	-49.0665
spk_ver/v10/v1035	SES167	-1.46793	-50.8094	-49.3415
spk_ver/v10/v1036	SES083	0.893181	-48.7789	-49.6721
spk_ver/v10/v1037	SES167	-2.16016	-52.7276	-50.5675
spk_ver/v10/v1038	SES167	-2.60733	-54.1342	-51.5269
spk_ver/v10/v1039	SES167	-1.26971	-52.2434	-50.9737
spk_ver/v10/v1040	SES167	-4.90778	-55.8142	-50.9064
spk_ver/v10/v1041	SES167	-1.08764	-52.584	-51.4964
spk_ver/v10/v1042	SES087	1.0971	-49.5117	-50.6088
spk_ver/v10/v1043	SES029	1.30718	-48.8041	-50.1113
spk_ver/v10/v1044	SES206	0.686958	-48.6456	-49.3326
spk_ver/v10/v1045	SES172	-3.16	-53.9303	-50.7703
spk_ver/v10/v1046	SES172	1.06982	-48.2654	-49.3352
spk_ver/v10/v1047	SES172	-1.96063	-51.3231	-49.3625
spk_ver/v10/v1048	SES259	1.8692	-47.4575	-49.3267
spk_ver/v10/v1049	SES172	-4.24531	-53.0576	-48.8123
spk_ver/v10/v1050	SES120	1.06247	-49.5881	-50.6506
spk_ver/v10/v1051	SES172	-2.42113	-51.9259	-49.5048
spk_ver/v10/v1052	SES172	-2.76708	-53.4024	-50.6353
spk_ver/v10/v1053	SES172	-3.63012	-54.0645	-50.4344
spk_ver/v10/v1054	SES172	-2.15702	-52.2533	-50.0963
spk_ver/v10/v1055	SES189	2.19919	-51.3928	-53.592
spk_ver/v10/v1056	SES172	-3.86551	-53.5417	-49.6762
spk_ver/v10/v1057	SES172	-1.50056	-51.3662	-49.8656
spk_ver/v10/v1058	SES172	-2.03721	-51.9751	-49.9379
spk_ver/v10/v1059	SES172	-1.85488	-51.1229	-49.2681
spk_ver/v10/v1060	SES029	0.29953	-49.3279	-49.6274
spk_ver/v10/v1061	SES175	-6.56349	-56.4024	-49.8389
spk_ver/v10/v1062	SES187	0.505066	-48.466	-48.9711
spk_ver/v10/v1063	SES019	2.47969	-49.3504	-51.8301
spk_ver/v10/v1064	SES175	-4.95681	-54.8318	-49.875
spk_ver/v10/v1065	SES175	-5.44148	-55.2935	-49.8521
spk_ver/v10/v1066	SES175	-5.16331	-56.7083	-51.545
spk_ver/v10/v1067	SES175	-1.82623	-52.4938	-50.6676
spk_ver/v10/v1068	SES175	-4.18799	-54.1149	-49.9269
spk_ver/v10/v1069	SES016	2.12038	-47.488	-49.6084
spk_ver/v10/v1070	SES175	-2.23204	-52.8615	-50.6295
spk_ver/v10/v1071	SES175	-1.97981	-50.1669	-48.1871
spk_ver/v10/v1072	SES175	-5.96638	-55.2402	-49.2739
spk_ver/v10/v1073	SES029	0.0765343	-49.514	-49.5906
spk_ver/v10/v1074	SES175	-3.65404	-53.6285	-49.9744
spk_ver/v10/v1075	SES175	-0.643982	-49.3368	-48.6928
spk_ver/v10/v1076	SES175	-0.352631	-49.1315	-48.7789
spk_ver/v10/v1077	SES175	-4.56432	-53.552	-48.9877
spk_ver/v10/v1078	SES127	1.28706	-47.2049	-48.492
spk_ver/v10/v1079	SES175	-3.80965	-52.3167	-48.507
spk_ver/v10/v1080	SES175	-1.64412	-52.4919	-50.8477
spk_ver/v10/v1081	SES175	-4.34488	-54.2805	-49.9357
spk_ver/v10/v1082	SES175	-2.98605	-52.4511	-49.4651
spk_ver/v10/v1083	SES007	1.14311	-49.153	-50.2961
spk_ver/v10/v1084	SES068	0.594189	-48.3617	-48.9559
spk_ver/v10/v1085	SES008	1.00195	-47.6601	-48.6621
spk_ver/v10/v1086	SES175	-1.2765	-50.0756	-48.7991
spk_ver/v10/v1087	SES175	-3.33346	-52.8827	-49.5492
spk_ver/v10/v1088	SES008	1.68566	-47.3547	-49.0404
spk_ver/v10/v1089	SES177	-2.56124	-51.0837	-48.5224
spk_ver/v10/v1090	SES177	-3.79207	-53.2235	-49.4314
spk_ver/v10/v1091	SES177	-4.08752	-54.9815	-50.894
spk_ver/v10/v1092	SES177	-1.14259	-51.423	-50.2804
spk_ver/v10/v1093	SES177	-4.4242	-54.5731	-50.1489
spk_ver/v10/v1094	SES002	1.18721	-48.5856	-49.7728
spk_ver/v10/v1095	SES104	0.9021	-48.6258	-49.5279
spk_ver/v10/v1096	SES177	-1.14314	-50.8057	-49.6626
spk_ver/v10/v1097	SES177	-2.15947	-53.6193	-51.4598
spk_ver/v10/v1098	SES177	-1.77212	-50.6335	-48.8614
spk_ver/v10/v1099	SES177	-0.181381	-50.0358	-49.8545
spk_ver/v11/v1100	SES177	-3.55245	-53.9124	-50.3599
spk_ver/v11/v1101	SES085	0.778931	-48.709	-49.4879
spk_ver/v11/v1102	SES187	0.739601	-49.1552	-49.8948
spk_ver/v11/v1103	SES177	-1.44149	-51.6818	-50.2403
spk_ver/v11/v1104	SES177	1.0021	-48.076	-49.0781
spk_ver/v11/v1105	SES177	-0.426235	-49.3106	-48.8844
spk_ver/v11/v1106	SES177	-2.18736	-51.5706	-49.3833
spk_ver/v11/v1107	SES177	-0.903137	-50.4479	-49.5448
spk_ver/v11/v1108	SES177	-0.771648	-50.2149	-49.4433
spk_ver/v11/v1109	SES125	1.18333	-48.1116	-49.295
spk_ver/v11/v1110	SES177	-2.6445	-52.763	-50.1185
spk_ver/v11/v1111	SES177	-1.55776	-50.8164	-49.2586
spk_ver/v11/v1112	SES177	-2.91333	-52.2061	-49.2927
spk_ver/v11/v1113	SES177	-4.6025	-53.8344	-49.2319
spk_ver/v11/v1114	SES177	-1.11922	-52.191	-51.0717
spk_ver/v11/v1115	SES177	-1.46059	-52.4319	-50.9713
spk_ver/v11/v1116	SES085	0.804001	-47.7377	-48.5417
spk_ver/v11/v1117	SES147	0.154842	-50.2589	-50.4138
spk_ver/v11/v1118	SES177	-0.803558	-51.1044	-50.3008
spk_ver/v11/v1119	SES177	-3.15875	-52.876	-49.7173
spk_ver/v11/v1120	SES180	-5.60522	-55.7511	-50.1459
spk_ver/v11/v1121	SES189	1.16392	-50.7663	-51.9303
spk_ver/v11/v1122	SES117	0.494175	-52.0331	-52.5272
spk_ver/v11/v1123	SES129	2.07146	-47.4371	-49.5086
spk_ver/v11/v1124	SES180	-2.09192	-51.6642	-49.5723
spk_ver/v11/v1125	SES180	-0.544052	-49.5128	-48.9688
spk_ver/v11/v1126	SES180	-1.20465	-50.8634	-49.6587
spk_ver/v11/v1127	SES180	-2.26789	-52.2898	-50.0219
spk_ver/v11/v1128	SES016	0.795837	-49.8029	-50.5987
spk_ver/v11/v1129	SES158	1.03624	-48.8014	-49.8376
spk_ver/v11/v1130	SES180	-2.55666	-52.0679	-49.5112
spk_ver/v11/v1131	SES180	-3.51693	-51.7548	-48.2378
spk_ver/v11/v1132	SES180	-1.42024	-52.6488	-51.2285
spk_ver/v11/v1133	SES180	-3.47408	-52.708	-49.2339
spk_ver/v11/v1134	SES180	-2.22045	-53.026	-50.8056
spk_ver/v11/v1135	SES180	-1.03729	-49.6125	-48.5752
spk_ver/v11/v1136	SES180	-5.42311	-56.7804	-51.3573
spk_ver/v11/v1137	SES148	0.45163	-48.738	-49.1897
spk_ver/v11/v1138	SES104	1.22142	-47.1087	-48.3302
spk_ver/v11/v1139	SES180	-5.277	-55.4506	-50.1736
spk_ver/v11/v1140	SES083	0.674538	-48.9111	-49.5856
spk_ver/v11/v1141	SES180	-4.14578	-54.4157	-50.2699
spk_ver/v11/v1142	SES180	-2.64795	-53.1952	-50.5472
spk_ver/v11/v1143	SES180	-3.09053	-54.105	-51.0145
spk_ver/v11/v1144	SES099	1.22772	-49.5884	-50.8161
spk_ver/v11/v1145	SES180	-2.08712	-51.5612	-49.4741
spk_ver/v11/v1146	SES183	-2.79833	-52.5244	-49.726
spk_ver/v11/v1147	SES183	-1.36192	-50.8593	-49.4974
spk_ver/v11/v1148	SES183	-4.60052	-55.6114	-51.0109
spk_ver/v11/v1149	SES183	-5.36441	-54.5993	-49.2349
spk_ver/v11/v1150	SES183	-4.7561	-55.4525	-50.6964
spk_ver/v11/v1151	SES082	1.29539	-48.3366	-49.632
spk_ver/v11/v1152	SES183	-2.61389	-54.2646	-51.6507
spk_ver/v11/v1153	SES183	-2.67066	-52.2902	-49.6196
spk_ver/v11/v1154	SES002	1.51025	-47.4547	-48.9649
spk_ver/v11/v1155	SES183	-2.29287	-53.0463	-50.7534
spk_ver/v11/v1156	SES183	-4.4075	-55.3845	-50.977
spk_ver/v11/v1157	SES183	-2.99504	-50.4454	-47.4503
spk_ver/v11/v1158	SES183	-1.07264	-50.5239	-49.4513
spk_ver/v11/v1159	SES183	-1.73769	-51.3637	-49.626
spk_ver/v11/v1160	SES183	-3.80926	-53.7776	-49.9684
spk_ver/v11/v1161	SES183	-4.02995	-55.2165	-51.1866
spk_ver/v11/v1162	SES105	1.25842	-49.0137	-50.2721
spk_ver/v11/v1163	SES183	-4.25441	-53.9334	-49.679
spk_ver/v11/v1164	SES259	1.5138	-48.2963	-49.8101
spk_ver/v11/v1165	SES183	-2.22481	-53.1699	-50.9451
spk_ver/v11/v1166	SES183	-4.08127	-53.2348	-49.1535
spk_ver/v11/v1167	SES183	-2.46769	-53.1557	-50.688
spk_ver/v11/v1168	SES183	-2.24888	-51.4717	-49.2228
spk_ver/v11/v1169	SES183	-4.76472	-54.0922	-49.3275
spk_ver/v11/v1170	SES183	-4.2413	-53.5213	-49.28
spk_ver/v11/v1171	SES183	-6.40737	-56.5603	-50.1529
spk_ver/v11/v1172	SES187	-3.94857	-53.8099	-49.8614
spk_ver/v11/v1173	SES019	2.56947	-48.8982	-51.4677
spk_ver/v11/v1174	SES187	-5.55276	-57.2896	-51.7368
spk_ver/v11/v1175	SES187	-1.62785	-52.7221	-51.0942
spk_ver/v11/v1176	SES083	0.724854	-47.923	-48.6478
spk_ver/v11/v1177	SES187	-4.9925	-55.8682	-50.8757
spk_ver/v11/v1178	SES187	-4.62576	-54.3685	-49.7427
spk_ver/v11/v1179	SES187	-2.04309	-52.2616	-50.2185
spk_ver/v11/v1180	SES187	-0.6628	-51.3444	-50.6816
spk_ver/v11/v1181	SES187	-5.83955	-55.3597	-49.5202
spk_ver/v11/v1182	SES187	-0.680607	-49.7743	-49.0937
spk_ver/v11/v1183	SES187	-4.18139	-54.1935	-50.0121
spk_ver/v11/v1184	SES187	0.139038	-50.1838	-50.3229
spk_ver/v11/v1185	SES127	1.08927	-47.9546	-49.0439
spk_ver/v11/v1186	SES187	-0.971687	-50.4996	-49.5279
spk_ver/v11/v1187	SES187	-1.43612	-50.1784	-48.7422
spk_ver/v11/v1188	SES187	-1.51468	-52.7468	-51.2321
spk_ver/v11/v1189	SES042	1.58004	-47.8563	-49.4364
spk_ver/v11/v1190	SES187	-1.02643	-50.5062	-49.4797
spk_ver/v11/v1191	SES187	-4.64103	-55.9907	-51.3496
spk_ver/v11/v1192	SES187	-4.27967	-54.8665	-50.5868
spk_ver/v11/v1193	SES183	0.458839	-50.2482	-50.7071
spk_ver/v11/v1194	SES187	-2.11204	-52.9827	-50.8707
spk_ver/v11/v1195	SES187	-5.78115	-56.1048	-50.3237
spk_ver/v11/v1196	SES146	0.993103	-50.372	-51.3651
spk_ver/v11/v1197	SES189	-4.08187	-53.4807	-49.3988
spk_ver/v11/v1198	SES175	1.57471	-49.3542	-50.9289
spk_ver/v11/v1199	SES189	-3.68441	-54.5884	-50.904
spk_ver/v12/v1200	SES189	-1.70854	-50.3319	-48.6233
spk_ver/v12/v1201	SES177	1.15341	-48.3443	-49.4977
spk_ver/v12/v1202	SES189	-1.22823	-52.3885	-51.1602
spk_ver/v12/v1203	SES143	0.602047	-50.1129	-50.715
spk_ver/v12/v1204	SES189	-2.38906	-51.9173	-49.5282
spk_ver/v12/v1205	SES189	-1.69925	-50.9231	-49.2238
spk_ver/v12/v1206	SES189	-4.19162	-55.214	-51.0224
spk_ver/v12/v1207	SES189	-3.10729	-52.3878	-49.2805
spk_ver/v12/v1208	SES189	-3.23722	-51.2652	-48.028
spk_ver/v12/v1209	SES189	-3.82405	-54.8323	-51.0082
spk_ver/v12/v1210	SES189	0.00386047	-50.6828	-50.6867
spk_ver/v12/v1211	SES062	1.5291	-47.4941	-49.0232
spk_ver/v12/v1212	SES189	-2.37173	-51.3083	-48.9366
spk_ver/v12/v1213	SES048	0.802197	-48.6373	-49.4395
spk_ver/v12/v1214	SES042	2.49327	-46.4028	-48.896
spk_ver/v12/v1215	SES008	1.52774	-47.4432	-48.9709
spk_ver/v12/v1216	SES202	-4.72248	-53.3603	-48.6378
spk_ver/v12/v1217	SES202	-3.44587	-54.8505	-51.4046
spk_ver/v12/v1218	SES085	1.12021	-47.4208	-48.5411
spk_ver/v12/v1219	SES202	-2.84913	-52.2206	-49.3715
spk_ver/v12/v1220	SES202	-3.36015	-52.2506	-48.8904
spk_ver/v12/v1221	SES202	-1.51646	-52.5604	-51.0439
spk_ver/v12/v1222	SES202	-8.44135	-58.9621	-50.5207
spk_ver/v12/v1223	SES158	1.07654	-48.5572	-49.6337
spk_ver/v12/v1224	SES202	-2.73726	-53.7255	-50.9883
spk_ver/v12/v1225	SES202	-6.57977	-56.0721	-49.4924
spk_ver/v12/v1226	SES202	-5.44322	-54.3992	-48.956
spk_ver/v12/v1227	SES202	-3.93956	-53.9817	-50.0421
spk_ver/v12/v1228	SES177	0.593151	-49.4506	-50.0437
spk_ver/v12/v1229	SES202	-5.13517	-54.3135	-49.1783
spk_ver/v12/v1230	SES202	-1.78293	-51.9621	-50.1792
spk_ver/v12/v1231	SES202	-4.76083	-55.2394	-50.4786
spk_ver/v12/v1232	SES202	-2.70107	-54.8801	-52.179
spk_ver/v12/v1233	SES206	0.94978	-47.8607	-48.8105
spk_ver/v12/v1234	SES202	-6.90437	-57.0987	-50.1944
spk_ver/v12/v1235	SES202	-3.89633	-52.7936	-48.8973
spk_ver/v12/v1236	SES125	1.57362	-48.5528	-50.1264
spk_ver/v12/v1237	SES127	1.06973	-47.9058	-48.9755
spk_ver/v12/v1238	SES202	2.73556	-47.3373	-50.0729
spk_ver/v12/v1239	SES167	1.6081	-47.4641	-49.0722
spk_ver/v12/v1240	SES206	-8.41002	-58.994	-50.584
spk_ver/v12/v1241	SES206	-9.81153	-60.4578	-50.6463
spk_ver/v12/v1242	SES206	-1.09072	-50.5114	-49.4207
spk_ver/v12/v1243	SES206	-2.58775	-53.44	-50.8522
spk_ver/v12/v1244	SES259	1.56836	-48.9811	-50.5495
spk_ver/v12/v1245	SES206	-4.88762	-53.8812	-48.9936
spk_ver/v12/v1246	SES206	-5.06215	-54.4186	-49.3565
spk_ver/v12/v1247	SES206	-0.69931	-50.3743	-49.675
spk_ver/v12/v1248	SES206	-11.111	-62.6206	-51.5096
spk_ver/v12/v1249	SES270	1.49421	-49.3002	-50.7944
spk_ver/v12/v1250	SES206	-7.47606	-57.9987	-50.5226
spk_ver/v12/v1251	SES206	-4.73029	-53.9865	-49.2562
spk_ver/v12/v1252	SES206	-4.10016	-54.0425	-49.9423
spk_ver/v12/v1253	SES206	-0.580921	-49.8996	-49.3186
spk_ver/v12/v1254	SES206	-0.98391	-50.8395	-49.8556
spk_ver/v12/v1255	SES125	1.33414	-48.3856	-49.7197
spk_ver/v12/v1256	SES206	-10.8983	-60.6684	-49.7701
spk_ver/v12/v1257	SES206	-6.31891	-55.4753	-49.1564
spk_ver/v12/v1258	SES206	-2.01519	-52.3122	-50.297
spk_ver/v12/v1259	SES206	-10.4648	-60.9863	-50.5214
spk_ver/v12/v1260	SES206	-13.0221	-63.8303	-50.8082
spk_ver/v12/v1261	SES206	-8.5939	-58.1421	-49.5482
spk_ver/v12/v1262	SES206	-10.2848	-60.4522	-50.1673
spk_ver/v12/v1263	SES206	-5.28838	-54.72	-49.4316
spk_ver/v12/v1264	SES149	1.47654	-48.5817	-50.0582
spk_ver/v12/v1265	SES206	-1.53047	-52.2793	-50.7489
spk_ver/v12/v1266	SES206	-11.9429	-62.3926	-50.4498
spk_ver/v12/v1267	SES206	-1.72499	-53.5047	-51.7797
spk_ver/v12/v1268	SES206	-4.47991	-54.9239	-50.444
spk_ver/v12/v1269	SES206	-11.3397	-63.2872	-51.9475
spk_ver/v12/v1270	SES206	-13.5403	-66.2668	-52.7265
spk_ver/v12/v1271	SES226	-10.3393	-61.6511	-51.3118
spk_ver/v12/v1272	SES226	-0.792198	-48.965	-48.1728
spk_ver/v12/v1273	SES226	-8.48262	-57.5541	-49.0715
spk_ver/v12/v1274	SES226	-8.73476	-59.1992	-50.4644
spk_ver/v12/v1275	SES226	-0.310432	-50.6065	-50.2961
spk_ver/v12/v1276	SES226	-7.20019	-57.4387	-50.2385
spk_ver/v12/v1277	SES226	-1.26489	-50.6088	-49.3439
spk_ver/v12/v1278	SES226	-0.0805969	-50.1979	-50.1173
spk_ver/v12/v1279	SES226	-7.56228	-56.2645	-48.7022
spk_ver/v12/v1280	SES226	-2.37859	-51.6001	-49.2215
spk_ver/v12/v1281	SES226	-1.52818	-51.6642	-50.1361
spk_ver/v12/v1282	SES226	-1.69687	-52.0518	-50.3549
spk_ver/v12/v1283	SES143	1.12188	-49.2211	-50.343
spk_ver/v12/v1284	SES226	-4.96438	-54.0802	-49.1158
spk_ver/v12/v1285	SES226	-1.15254	-50.2728	-49.1202
spk_ver/v12/v1286	SES226	-1.77034	-52.387	-50.6167
spk_ver/v12/v1287	SES226	-4.11264	-53.7419	-49.6292
spk_ver/v12/v1288	SES226	-6.94424	-56.3807	-49.4365
spk_ver/v12/v1289	SES104	0.754421	-48.9709	-49.7253
spk_ver/v12/v1290	SES008	2.24716	-48.5507	-50.7978
spk_ver/v12/v1291	SES226	-1.9093	-51.7367	-49.8274
spk_ver/v12/v1292	SES259	-3.10678	-53.108	-50.0012
spk_ver/v12/v1293	SES062	1.05737	-47.8122	-48.8696
spk_ver/v12/v1294	SES099	1.10102	-49.8633	-50.9643
spk_ver/v12/v1295	SES158	0.627274	-49.7366	-50.3639
spk_ver/v12/v1296	SES259	-6.1736	-54.8865	-48.7129
spk_ver/v12/v1297	SES259	-4.1858	-53.6259	-49.4401
spk_ver/v12/v1298	SES259	-1.81556	-50.8463	-49.0308
spk_ver/v12/v1299	SES259	-5.04287	-55.0452	-50.0024
spk_ver/v13/v1300	SES120	0.715076	-49.8657	-50.5808
spk_ver/v13/v1301	SES259	-7.33493	-57.4651	-50.1302
spk_ver/v13/v1302	SES259	-6.90865	-57.3151	-50.4065
spk_ver/v13/v1303	SES129	1.17476	-48.484	-49.6588
spk_ver/v13/v1304	SES259	-4.06459	-55.1542	-51.0896
spk_ver/v13/v1305	SES259	-4.64083	-55.7655	-51.1246
spk_ver/v13/v1306	SES106	0.965775	-49.1366	-50.1024
spk_ver/v13/v1307	SES259	-4.15615	-55.3338	-51.1776
spk_ver/v13/v1308	SES259	-1.42731	-51.224	-49.7967
spk_ver/v13/v1309	SES259	-7.28946	-57.0529	-49.7635
spk_ver/v13/v1310	SES259	-4.33216	-53.5558	-49.2237
spk_ver/v13/v1311	SES259	-5.65314	-55.1552	-49.502
spk_ver/v13/v1312	SES259	-2.08762	-50.9645	-48.8769
spk_ver/v13/v1313	SES144	0.762924	-49.0939	-49.8569
spk_ver/v13/v1314	SES259	-7.16285	-57.5439	-50.3811
spk_ver/v13/v1315	SES162	1.6827	-48.6248	-50.3075
spk_ver/v13/v1316	SES206	0.88612	-48.2816	-49.1677
spk_ver/v13/v1317	SES175	1.38951	-49.3907	-50.7802
spk_ver/v13/v1318	SES259	-7.21146	-58.2568	-51.0453
spk_ver/v13/v1319	SES259	-8.01286	-58.8242	-50.8113
spk_ver/v13/v1320	SES270	-0.674911	-50.3197	-49.6447
spk_ver/v13/v1321	SES101	-0.0577278	-49.2375	-49.1798
spk_ver/v13/v1322	SES177	1.14298	-48.2047	-49.3477
spk_ver/v13/v1323	SES127	1.37195	-47.098	-48.47
spk_ver/v13/v1324	SES270	-8.18763	-58.5416	-50.3539
spk_ver/v13/v1325	SES062	0.321205	-48.4533	-48.7745
spk_ver/v13/v1326	SES270	-0.512341	-51.196	-50.6837
spk_ver/v13/v1327	SES120	-0.454525	-51.5489	-51.0944
spk_ver/v13/v1328	SES270	-4.69706	-55.0024	-50.3053
spk_ver/v13/v1329	SES270	-5.91386	-54.2837	-48.3698
spk_ver/v13/v1330	SES270	-0.0756035	-50.3052	-50.2296
spk_ver/v13/v1331	SES270	-5.46702	-53.6609	-48.1938
spk_ver/v13/v1332	SES270	-0.850204	-49.5694	-48.7192
spk_ver/v13/v1333	SES270	-1.1651	-52.042	-50.8769
spk_ver/v13/v1334	SES270	-1.85	-51.5064	-49.6564
spk_ver/v13/v1335	SES270	0.156322	-49.863	-50.0194
spk_ver/v13/v1336	SES270	-0.834381	-49.9771	-49.1428
spk_ver/v13/v1337	SES016	1.86774	-48.1202	-49.988
spk_ver/v13/v1338	SES270	-4.88519	-53.9196	-49.0344
spk_ver/v13/v1339	SES002	1.08382	-48.2461	-49.3299
spk_ver/v13/v1340	SES105	1.70142	-49.6158	-51.3172
spk_ver/v13/v1341	SES275	-1.96677	-52.5409	-50.5742
spk_ver/v13/v1342	SES187	1.32759	-49.2705	-50.5981
spk_ver/v13/v1343	SES275	-2.18734	-52.1879	-50.0006
spk_ver/v13/v1344	SES275	-2.94677	-54.0938	-51.147
spk_ver/v13/v1345	SES275	-2.0084	-52.1194	-50.111
spk_ver/v13/v1346	SES275	-3.78364	-53.7379	-49.9542
spk_ver/v13/v1347	SES275	-4.22449	-55.2539	-51.0294
spk_ver/v13/v1348	SES180	0.311878	-49.4355	-49.7474
spk_ver/v13/v1349	SES275	-2.7782	-55.2739	-52.4957
spk_ver/v13/v1350	SES275	-0.903278	-49.3756	-48.4723
spk_ver/v13/v1351	SES275	-3.39658	-56.8915	-53.4949
spk_ver/v13/v1352	SES275	-1.31828	-50.4752	-49.157
spk_ver/v13/v1353	SES275	-2.15092	-53.6306	-51.4796
spk_ver/v13/v1354	SES189	1.59201	-51.1894	-52.7814
spk_ver/v13/v1355	SES068	0.533886	-48.2245	-48.7584
spk_ver/v13/v1356	SES275	-3.34733	-54.5366	-51.1893
spk_ver/v13/v1357	SES048	0.413155	-49.03	-49.4431
spk_ver/v13/v1358	SES226	1.59345	-47.3841	-48.9776
spk_ver/v13/v1359	SES016	0.629185	-48.7889	-49.4181
spk_ver/v13/v1360	SES275	-3.37106	-54.2981	-50.927
spk_ver/v13/v1361	SES068	0.986259	-47.4127	-48.399
spk_ver/v13/v1362	SES275	-3.5535	-53.0322	-49.4787
spk_ver/v13/v1363	SES275	-2.77815	-52.9126	-50.1344
spk_ver/v13/v1364	SES275	-3.25267	-54.9591	-51.7064
spk_ver/v13/v1365	SES275	-2.57957	-52.1553	-49.5758
spk_ver/v13/v1366	SES187	0.817924	-48.6714	-49.4894
spk_ver/v13/v1367	SES275	-4.4555	-55.4299	-50.9744
spk_ver/v13/v1368	SES125	0.810104	-48.8483	-49.6584
spk_ver/v13/v1369	SES275	-1.78797	-52.593	-50.8051
spk_ver/v13/v1370	SES292	-3.33383	-52.6978	-49.364
spk_ver/v13/v1371	SES292	-2.73618	-52.2056	-49.4694
spk_ver/v13/v1372	SES292	-3.54334	-54.4091	-50.8658
spk_ver/v13/v1373	SES292	-2.17744	-52.2378	-50.0604
spk_ver/v13/v1374	SES101	0.778149	-49.4802	-50.2584
spk_ver/v13/v1375	SES292	-3.24089	-53.8434	-50.6025
spk_ver/v13/v1376	SES292	-2.26312	-51.6815	-49.4183
spk_ver/v13/v1377	SES292	-4.65989	-56.1653	-51.5054
spk_ver/v13/v1378	SES292	-1.05312	-50.9356	-49.8824
spk_ver/v13/v1379	SES292	-1.65529	-51.5946	-49.9393
spk_ver/v13/v1380	SES292	-2.23217	-52.1209	-49.8887
spk_ver/v13/v1381	SES292	-1.86436	-50.1758	-48.3114
spk_ver/v13/v1382	SES292	-2.1668	-53.5591	-51.3923
spk_ver/v13/v1383	SES292	-1.87667	-51.3123	-49.4356
spk_ver/v13/v1384	SES292	-2.0703	-51.9741	-49.9038
spk_ver/v13/v1385	SES292	-1.65177	-51.1419	-49.4901
spk_ver/v13/v1386	SES292	-2.23324	-52.7657	-50.5325
spk_ver/v13/v1387	SES158	1.31857	-49.7951	-51.1136
spk_ver/v13/v1388	SES292	-0.440178	-49.171	-48.7309
spk_ver/v13/v1389	SES292	-0.658432	-48.7776	-48.1192
spk_ver/v13/v1390	SES292	-2.48051	-51.5297	-49.0492
spk_ver/v13/v1391	SES292	-1.85026	-51.3639	-49.5137
spk_ver/v13/v1392	SES292	-3.23273	-54.1568	-50.9241
spk_ver/v13/v1393	SES292	-2.12671	-51.5786	-49.4519
spk_ver/v13/v1394	SES292	-3.92334	-53.9129	-49.9896
spk_ver/v13/v1395	SES292	-2.69821	-52.0745	-49.3763
spk_ver/v13/v1396	SES117	1.40514	-50.0768	-51.4819
spk_ver/v13/v1397	SES292	-2.61825	-51.9372	-49.3189
spk_ver/v13/v1398	SES292	-3.26842	-54.2	-50.9315
spk_ver/v13/v1399	SES292	-0.600681	-49.8508	-49.2501
