BLOCK00/SES002/SA002S12	SES002	0.791415	5.65841	4.86699
BLOCK00/SES002/SA002S13	SES002	1.5599	5.94253	4.38263
BLOCK00/SES002/SA002S23	SES002	1.12306	5.95058	4.82753
BLOCK00/SES002/SA002S26	SES002	1.26832	6.14538	4.87707
BLOCK00/SES002/SA002S28	SES002	0.84309	6.60689	5.7638
BLOCK00/SES007/SA007S14	SES007	1.21517	8.3615	7.14633
BLOCK00/SES007/SA007S15	SES007	0.305511	7.02381	6.7183
BLOCK00/SES007/SA007S24	SES007	0.314695	6.74793	6.43323
BLOCK00/SES007/SA007S27	SES007	0.614643	6.04135	5.42671
BLOCK00/SES007/SA007S29	SES007	-0.210103	7.22396	7.43406
BLOCK00/SES008/SA008S11	SES008	1.20365	7.35706	6.15341
BLOCK00/SES008/SA008S12	SES008	0.169629	6.04881	5.87918
BLOCK00/SES008/SA008S19	SES008	1.85898	8.8053	6.94632
BLOCK00/SES008/SA008S22	SES008	0.743109	6.18804	5.44493
BLOCK00/SES008/SA008S29	SES008	1.63552	7.91054	6.27502
BLOCK01/SES014/SA014S10	SES014	1.29129	6.97632	5.68503
BLOCK01/SES014/SA014S12	SES014	1.77486	8.59246	6.8176
BLOCK01/SES014/SA014S24	SES014	0.58987	6.77705	6.18717
BLOCK01/SES014/SA014S26	SES014	1.26585	8.60832	7.34247
BLOCK01/SES014/SA014S28	SES014	2.5619	9.51344	6.95154
BLOCK01/SES016/SA016S12	SES016	0.901559	5.64322	4.74166
BLOCK01/SES016/SA016S13	SES016	1.51266	7.53658	6.02392
BLOCK01/SES016/SA016S22	SES016	1.47338	8.23837	6.76499
BLOCK01/SES016/SA016S25	SES016	1.58101	9.18218	7.60117
BLOCK01/SES016/SA016S27	SES016	1.59258	8.44026	6.84768
BLOCK01/SES019/SA019S13	SES019	3.04823	6.61861	3.57038
BLOCK01/SES019/SA019S14	SES019	1.84515	5.8886	4.04345
BLOCK01/SES019/SA019S22	SES019	2.77281	6.3458	3.573
BLOCK01/SES019/SA019S25	SES019	3.18862	6.49583	3.30721
BLOCK01/SES019/SA019S29	SES019	3.97064	6.78051	2.80986
BLOCK02/SES029/SA029S11	SES029	1.20478	8.84394	7.63916
BLOCK02/SES029/SA029S12	SES029	0.781665	7.8817	7.10003
BLOCK02/SES029/SA029S20	SES029	1.06573	8.0924	7.02667
BLOCK02/SES029/SA029S25	SES029	0.673563	7.7563	7.08274
BLOCK02/SES029/SA029S28	SES029	0.247258	7.44381	7.19655
BLOCK04/SES042/SA042S12	SES042	1.74697	7.8258	6.07883
BLOCK04/SES042/SA042S15	SES042	1.64111	8.81888	7.17777
BLOCK04/SES042/SA042S22	SES042	1.91538	8.65219	6.73681
BLOCK04/SES042/SA042S25	SES042	0.776326	5.94696	5.17063
BLOCK04/SES042/SA042S27	SES042	0.859526	7.15143	6.29191
BLOCK04/SES048/SA048S11	SES048	1.08852	7.83008	6.74156
BLOCK04/SES048/SA048S12	SES048	0.323406	6.31314	5.98974
BLOCK04/SES048/SA048S20	SES048	0.122874	7.64308	7.52021
BLOCK04/SES048/SA048S23	SES048	0.903409	7.17532	6.27192
BLOCK04/SES048/SA048S27	SES048	0.524164	8.03925	7.51508
BLOCK06/SES060/SA060S11	SES060	2.05409	8.208	6.15391
BLOCK06/SES060/SA060S12	SES060	1.03037	7.53508	6.50471
BLOCK06/SES060/SA060S22	SES060	-0.210346	6.04621	6.25656
BLOCK06/SES060/SA060S24	SES060	1.63541	8.92705	7.29164
BLOCK06/SES060/SA060S28	SES060	1.09471	8.8988	7.80409
BLOCK06/SES062/SA062S10	SES062	-0.397275	6.70529	7.10257
BLOCK06/SES062/SA062S11	SES062	0.629657	7.68526	7.0556
BLOCK06/SES062/SA062S21	SES062	1.01726	9.46408	8.44682
BLOCK06/SES062/SA062S26	SES062	0.348228	8.08078	7.73255
BLOCK06/SES062/SA062S29	SES062	0.871416	8.60379	7.73238
BLOCK06/SES068/SA068S14	SES068	0.311788	6.76737	6.45559
BLOCK06/SES068/SA068S15	SES068	1.03669	7.82132	6.78463
BLOCK06/SES068/SA068S23	SES068	1.20827	7.55043	6.34216
BLOCK06/SES068/SA068S27	SES068	1.77196	7.91671	6.14475
BLOCK06/SES068/SA068S29	SES068	0.599314	7.46566	6.86634
BLOCK08/SES082/SA082S12	SES082	-0.229268	5.28823	5.51749
BLOCK08/SES082/SA082S14	SES082	-0.382262	4.68141	5.06367
BLOCK08/SES082/SA082S21	SES082	0.502235	5.77221	5.26998
BLOCK08/SES082/SA082S24	SES082	0.357369	6.56623	6.20886
BLOCK08/SES082/SA082S28	SES082	0.94278	6.29514	5.35236
BLOCK08/SES083/SA083S14	SES083	-0.0254273	7.34218	7.36761
BLOCK08/SES083/SA083S15	SES083	0.989971	7.96742	6.97745
BLOCK08/SES083/SA083S24	SES083	0.271274	7.03213	6.76086
BLOCK08/SES083/SA083S26	SES083	0.373633	6.51429	6.14066
BLOCK08/SES083/SA083S29	SES083	0.0888381	7.00745	6.91861
BLOCK08/SES085/SA085S10	SES085	0.225822	7.68382	7.45799
BLOCK08/SES085/SA085S13	SES085	0.158587	7.04894	6.89035
BLOCK08/SES085/SA085S22	SES085	0.0971656	6.96527	6.8681
BLOCK08/SES085/SA085S26	SES085	0.334558	7.26864	6.93409
BLOCK08/SES085/SA085S28	SES085	1.12939	8.28509	7.15571
BLOCK08/SES087/SA087S15	SES087	1.02346	7.4841	6.46064
BLOCK08/SES087/SA087S16	SES087	0.845985	6.09796	5.25197
BLOCK08/SES087/SA087S24	SES087	1.32005	7.62153	6.30148
BLOCK08/SES087/SA087S26	SES087	0.849504	8.11125	7.26174
BLOCK08/SES087/SA087S29	SES087	1.78729	7.9266	6.13931
BLOCK09/SES099/SA099S15	SES099	0.856863	5.93859	5.08173
BLOCK09/SES099/SA099S16	SES099	0.611871	5.81644	5.20457
BLOCK09/SES099/SA099S24	SES099	1.16903	6.90091	5.73188
BLOCK09/SES099/SA099S26	SES099	0.663489	6.74529	6.0818
BLOCK09/SES099/SA099S29	SES099	0.978506	6.76239	5.78388
BLOCK10/SES101/SA101S11	SES101	0.572934	7.37776	6.80483
BLOCK10/SES101/SA101S13	SES101	0.934819	7.85604	6.92122
BLOCK10/SES101/SA101S22	SES101	1.13728	6.60095	5.46367
BLOCK10/SES101/SA101S24	SES101	1.46954	7.37849	5.90895
BLOCK10/SES101/SA101S28	SES101	0.602417	7.23319	6.63077
BLOCK10/SES104/SA104S11	SES104	1.43728	8.09771	6.66043
BLOCK10/SES104/SA104S12	SES104	1.19083	7.87188	6.68105
BLOCK10/SES104/SA104S21	SES104	1.20654	6.93893	5.73239
BLOCK10/SES104/SA104S24	SES104	0.924004	6.49154	5.56753
BLOCK10/SES104/SA104S28	SES104	0.777362	7.02925	6.25189
BLOCK10/SES105/SA105S12	SES105	0.369362	5.69364	5.32428
BLOCK10/SES105/SA105S13	SES105	0.863697	6.52134	5.65764
BLOCK10/SES105/SA105S22	SES105	0.141277	4.79173	4.65045
BLOCK10/SES105/SA105S26	SES105	1.81653	7.16832	5.35179
BLOCK10/SES105/SA105S29	SES105	1.473	7.3708	5.89779
BLOCK10/SES106/SA106S09	SES106	1.20602	5.45279	4.24676
BLOCK10/SES106/SA106S11	SES106	0.962639	6.72365	5.76101
BLOCK10/SES106/SA106S22	SES106	2.61542	6.01556	3.40014
BLOCK10/SES106/SA106S27	SES106	0.873669	6.4674	5.59373
BLOCK10/SES106/SA106S29	SES106	0.231539	6.64323	6.41169
BLOCK11/SES117/SA117S12	SES117	1.38582	6.77013	5.38431
BLOCK11/SES117/SA117S13	SES117	0.759691	7.37055	6.61086
BLOCK11/SES117/SA117S23	SES117	1.17444	6.07436	4.89992
BLOCK11/SES117/SA117S25	SES117	1.32323	5.4866	4.16336
BLOCK11/SES117/SA117S28	SES117	0.950749	5.86455	4.9138
BLOCK12/SES120/SA120S08	SES120	0.682392	5.73645	5.05406
BLOCK12/SES120/SA120S11	SES120	0.371112	4.09573	3.72462
BLOCK12/SES120/SA120S22	SES120	0.390246	6.89361	6.50337
BLOCK12/SES120/SA120S24	SES120	0.00783539	5.39525	5.38741
BLOCK12/SES120/SA120S28	SES120	-0.86576	3.96984	4.8356
BLOCK12/SES125/SA125S13	SES125	1.82851	8.13791	6.3094
BLOCK12/SES125/SA125S14	SES125	0.748599	6.60078	5.85218
BLOCK12/SES125/SA125S25	SES125	1.75363	7.40167	5.64804
BLOCK12/SES125/SA125S27	SES125	1.60756	8.6893	7.08174
BLOCK12/SES125/SA125S29	SES125	1.0029	7.14544	6.14255
BLOCK12/SES127/SA127S11	SES127	0.332914	6.47137	6.13845
BLOCK12/SES127/SA127S12	SES127	0.14422	8.22023	8.07601
BLOCK12/SES127/SA127S23	SES127	0.428621	7.25016	6.82154
BLOCK12/SES127/SA127S25	SES127	0.296282	6.48869	6.19241
BLOCK12/SES127/SA127S27	SES127	0.66358	6.52368	5.8601
BLOCK12/SES129/SA129S11	SES129	1.41771	8.58931	7.1716
BLOCK12/SES129/SA129S12	SES129	1.18479	7.9746	6.78981
BLOCK12/SES129/SA129S22	SES129	1.14031	7.23766	6.09735
BLOCK12/SES129/SA129S27	SES129	1.29061	7.60357	6.31296
BLOCK12/SES129/SA129S29	SES129	1.38632	8.34785	6.96153
BLOCK14/SES142/SA142S11	SES142	1.00402	6.93557	5.93155
BLOCK14/SES142/SA142S12	SES142	1.1842	7.54448	6.36028
BLOCK14/SES142/SA142S24	SES142	1.49549	7.99377	6.49828
BLOCK14/SES142/SA142S27	SES142	1.46055	8.25693	6.79639
BLOCK14/SES142/SA142S29	SES142	0.994374	8.11734	7.12296
BLOCK14/SES143/SA143S12	SES143	0.667763	6.71817	6.05041
BLOCK14/SES143/SA143S13	SES143	0.330919	6.34644	6.01552
BLOCK14/SES143/SA143S23	SES143	0.990322	7.30114	6.31082
BLOCK14/SES143/SA143S25	SES143	1.02785	7.78823	6.76038
BLOCK14/SES143/SA143S28	SES143	0.640551	6.87145	6.2309
BLOCK14/SES144/SA144S09	SES144	0.59525	7.28406	6.68881
BLOCK14/SES144/SA144S11	SES144	0.284544	6.62901	6.34446
BLOCK14/SES144/SA144S21	SES144	-0.481693	5.39342	5.87511
BLOCK14/SES144/SA144S25	SES144	0.0177178	6.73147	6.71375
BLOCK14/SES144/SA144S29	SES144	-0.150605	5.794	5.94461
BLOCK14/SES146/SA146S14	SES146	-0.0279036	5.6944	5.7223
BLOCK14/SES146/SA146S15	SES146	0.382472	6.11826	5.73579
BLOCK14/SES146/SA146S24	SES146	0.736075	6.11479	5.37871
BLOCK14/SES146/SA146S26	SES146	1.21531	6.76099	5.54568
BLOCK14/SES146/SA146S29	SES146	-0.0176287	5.41596	5.43359
BLOCK14/SES147/SA147S11	SES147	0.968704	7.56148	6.59278
BLOCK14/SES147/SA147S13	SES147	1.29785	8.38898	7.09113
BLOCK14/SES147/SA147S23	SES147	0.118948	6.56727	6.44832
BLOCK14/SES147/SA147S26	SES147	0.412222	6.07528	5.66306
BLOCK14/SES147/SA147S28	SES147	0.93145	6.93419	6.00274
BLOCK14/SES148/SA148S10	SES148	0.731843	7.84801	7.11617
BLOCK14/SES148/SA148S12	SES148	0.0161614	5.62525	5.60909
BLOCK14/SES148/SA148S22	SES148	1.21616	8.15165	6.93549
BLOCK14/SES148/SA148S26	SES148	0.296116	7.49916	7.20304
BLOCK14/SES148/SA148S29	SES148	-0.0110526	6.56276	6.57381
BLOCK14/SES149/SA149S13	SES149	-0.226605	5.07953	5.30614
BLOCK14/SES149/SA149S14	SES149	0.31894	7.124	6.80506
BLOCK14/SES149/SA149S24	SES149	1.03461	7.65802	6.62341
BLOCK14/SES149/SA149S26	SES149	1.5056	8.7788	7.27319
BLOCK14/SES149/SA149S28	SES149	2.01706	8.79323	6.77617
BLOCK15/SES158/SA158S13	SES158	0.484416	5.67663	5.19221
BLOCK15/SES158/SA158S14	SES158	1.40841	6.21242	4.80401
BLOCK15/SES158/SA158S23	SES158	0.956101	6.84197	5.88587
BLOCK15/SES158/SA158S26	SES158	1.90628	5.90369	3.99741
BLOCK15/SES158/SA158S28	SES158	0.678583	5.96522	5.28664
BLOCK16/SES162/SA162S10	SES162	0.538262	6.23132	5.69306
BLOCK16/SES162/SA162S11	SES162	1.21832	7.75731	6.53898
BLOCK16/SES162/SA162S21	SES162	1.50075	7.50139	6.00064
BLOCK16/SES162/SA162S24	SES162	0.333475	6.59661	6.26314
BLOCK16/SES162/SA162S27	SES162	1.30283	6.40912	5.10629
BLOCK16/SES167/SA167S14	SES167	1.04877	8.80244	7.75367
BLOCK16/SES167/SA167S15	SES167	0.987378	8.37552	7.38815
BLOCK16/SES167/SA167S21	SES167	1.06889	8.66513	7.59624
BLOCK16/SES167/SA167S25	SES167	1.87898	8.92006	7.04108
BLOCK16/SES167/SA167S29	SES167	1.93633	9.88015	7.94382
BLOCK17/SES172/SA172S12	SES172	1.40907	6.66184	5.25276
BLOCK17/SES172/SA172S13	SES172	1.40935	7.43589	6.02654
BLOCK17/SES172/SA172S23	SES172	0.823247	7.64567	6.82242
BLOCK17/SES172/SA172S27	SES172	0.868569	6.66137	5.7928
BLOCK17/SES172/SA172S29	SES172	1.79077	7.95857	6.1678
BLOCK17/SES175/SA175S11	SES175	0.334992	7.27313	6.93814
BLOCK17/SES175/SA175S13	SES175	0.488467	8.04864	7.56017
BLOCK17/SES175/SA175S23	SES175	0.392761	7.687	7.29424
BLOCK17/SES175/SA175S25	SES175	0.930352	5.8097	4.87935
BLOCK17/SES175/SA175S28	SES175	-0.0502625	7.42356	7.47382
BLOCK17/SES177/SA177S15	SES177	0.229312	6.46886	6.23955
BLOCK17/SES177/SA177S17	SES177	0.0405998	5.90238	5.86178
BLOCK17/SES177/SA177S23	SES177	-0.953705	5.13109	6.0848
BLOCK17/SES177/SA177S26	SES177	1.05896	8.63687	7.57791
BLOCK17/SES177/SA177S28	SES177	0.595544	6.68259	6.08704
BLOCK18/SES180/SA180S13	SES180	-0.446262	5.68615	6.13242
BLOCK18/SES180/SA180S15	SES180	0.191051	6.17517	5.98412
BLOCK18/SES180/SA180S24	SES180	0.929296	7.59657	6.66727
BLOCK18/SES180/SA180S26	SES180	1.07798	7.2386	6.16061
BLOCK18/SES180/SA180S29	SES180	0.939007	7.43189	6.49288
BLOCK18/SES183/SA183S13	SES183	1.68085	6.91669	5.23584
BLOCK18/SES183/SA183S14	SES183	0.393618	6.20257	5.80895
BLOCK18/SES183/SA183S24	SES183	1.62779	5.98262	4.35483
BLOCK18/SES183/SA183S27	SES183	1.404	6.77704	5.37304
BLOCK18/SES183/SA183S29	SES183	1.24118	6.48738	5.2462
BLOCK18/SES187/SA187S13	SES187	0.262106	6.19294	5.93083
BLOCK18/SES187/SA187S14	SES187	0.0277743	5.56325	5.53548
BLOCK18/SES187/SA187S24	SES187	1.51687	7.27582	5.75895
BLOCK18/SES187/SA187S27	SES187	1.1569	6.60078	5.44388
BLOCK18/SES187/SA187S29	SES187	0.971312	6.20546	5.23415
BLOCK18/SES189/SA189S10	SES189	1.15722	6.70831	5.55109
BLOCK18/SES189/SA189S13	SES189	0.570662	5.54614	4.97548
BLOCK18/SES189/SA189S24	SES189	0.436439	7.37855	6.94211
BLOCK18/SES189/SA189S26	SES189	1.14417	8.30489	7.16072
BLOCK18/SES189/SA189S29	SES189	1.67349	7.73583	6.06234
BLOCK20/SES202/SA202S12	SES202	0.48069	7.02231	6.54162
BLOCK20/SES202/SA202S14	SES202	2.07467	7.97626	5.90159
BLOCK20/SES202/SA202S24	SES202	1.10763	7.32064	6.21301
BLOCK20/SES202/SA202S27	SES202	1.17741	8.29628	7.11887
BLOCK20/SES202/SA202S29	SES202	1.2989	8.49314	7.19424
BLOCK20/SES206/SA206S15	SES206	-0.474701	6.28627	6.76097
BLOCK20/SES206/SA206S17	SES206	1.11436	6.95041	5.83605
BLOCK20/SES206/SA206S24	SES206	1.87347	8.62183	6.74836
BLOCK20/SES206/SA206S27	SES206	1.44658	6.67916	5.23258
BLOCK20/SES206/SA206S29	SES206	1.38217	8.39601	7.01384
BLOCK22/SES226/SA226S12	SES226	1.05141	6.24228	5.19088
BLOCK22/SES226/SA226S13	SES226	0.169439	5.30204	5.1326
BLOCK22/SES226/SA226S20	SES226	1.35024	6.41742	5.06718
BLOCK22/SES226/SA226S23	SES226	1.34164	7.27692	5.93528
BLOCK22/SES226/SA226S28	SES226	1.72299	7.89174	6.16875
BLOCK25/SES259/SA259S13	SES259	2.7796	8.53898	5.75938
BLOCK25/SES259/SA259S14	SES259	1.88211	7.42753	5.54542
BLOCK25/SES259/SA259S22	SES259	1.77402	7.72888	5.95486
BLOCK25/SES259/SA259S24	SES259	1.39404	7.36562	5.97158
BLOCK25/SES259/SA259S28	SES259	1.74105	7.6242	5.88316
BLOCK27/SES270/SA270S14	SES270	2.38332	5.08043	2.69711
BLOCK27/SES270/SA270S16	SES270	0.458065	5.49237	5.0343
BLOCK27/SES270/SA270S22	SES270	1.94542	6.05131	4.10589
BLOCK27/SES270/SA270S26	SES270	0.660625	4.68711	4.02649
BLOCK27/SES270/SA270S28	SES270	0.880447	5.50264	4.62219
BLOCK27/SES275/SA275S17	SES275	1.03488	7.42816	6.39328
BLOCK27/SES275/SA275S18	SES275	0.306236	6.94281	6.63658
BLOCK27/SES275/SA275S24	SES275	0.315838	5.84724	5.5314
BLOCK27/SES275/SA275S26	SES275	0.749229	7.32393	6.57471
BLOCK27/SES275/SA275S28	SES275	0.513825	6.60428	6.09045
BLOCK29/SES292/SA292S10	SES292	-0.149201	7.27082	7.42002
BLOCK29/SES292/SA292S12	SES292	0.252448	6.02298	5.77053
BLOCK29/SES292/SA292S22	SES292	0.522812	7.30413	6.78132
BLOCK29/SES292/SA292S24	SES292	0.2915	6.93637	6.64487
BLOCK29/SES292/SA292S27	SES292	-0.491591	6.23606	6.72765
BLOCK00/SES001/SA001S14	SES062	-2.49793	3.8305	6.32843
BLOCK00/SES001/SA001S14	SES082	-1.2703	5.05813	6.32843
BLOCK00/SES001/SA001S14	SES106	-2.02171	4.30672	6.32843
BLOCK00/SES001/SA001S14	SES206	-2.23168	4.09675	6.32843
BLOCK00/SES001/SA001S15	SES062	-1.73617	5.44432	7.18048
BLOCK00/SES001/SA001S15	SES104	-2.88293	4.29755	7.18048
BLOCK00/SES001/SA001S15	SES106	-2.42349	4.75699	7.18048
BLOCK00/SES001/SA001S15	SES206	-2.26226	4.91823	7.18048
BLOCK00/SES001/SA001S24	SES062	-2.85278	3.14636	5.99914
BLOCK00/SES001/SA001S24	SES082	-0.0753446	5.92379	5.99914
BLOCK00/SES001/SA001S24	SES087	-1.67254	4.32659	5.99914
BLOCK00/SES001/SA001S24	SES206	-0.0559459	5.94319	5.99914
BLOCK00/SES001/SA001S27	SES062	-2.0622	5.84207	7.90427
BLOCK00/SES001/SA001S27	SES082	-1.34429	6.55998	7.90427
BLOCK00/SES001/SA001S27	SES087	-1.2762	6.62806	7.90427
BLOCK00/SES001/SA001S27	SES206	-0.982614	6.92165	7.90427
BLOCK00/SES001/SA001S29	SES062	-3.06235	3.30558	6.36793
BLOCK00/SES001/SA001S29	SES082	-0.966912	5.40102	6.36793
BLOCK00/SES001/SA001S29	SES158	-1.18434	5.1836	6.36793
BLOCK00/SES001/SA001S29	SES206	-1.77066	4.59727	6.36793
BLOCK00/SES003/SA003S11	SES002	-0.730634	4.2259	4.95653
BLOCK00/SES003/SA003S11	SES019	-1.23602	3.72052	4.95653
BLOCK00/SES003/SA003S11	SES082	-1.25057	3.70596	4.95653
BLOCK00/SES003/SA003S11	SES125	-1.91659	3.03994	4.95653
BLOCK00/SES003/SA003S15	SES016	-1.56652	4.87518	6.4417
BLOCK00/SES003/SA003S15	SES019	-1.75015	4.69155	6.4417
BLOCK00/SES003/SA003S15	SES062	-0.701546	5.74015	6.4417
BLOCK00/SES003/SA003S15	SES206	-1.50455	4.93715	6.4417
BLOCK00/SES003/SA003S22	SES002	-1.62397	4.00373	5.6277
BLOCK00/SES003/SA003S22	SES062	-1.01669	4.61102	5.6277
BLOCK00/SES003/SA003S22	SES082	-2.56232	3.06538	5.6277
BLOCK00/SES003/SA003S22	SES087	-2.66812	2.95959	5.6277
BLOCK00/SES003/SA003S25	SES062	-2.87027	2.90658	5.77686
BLOCK00/SES003/SA003S25	SES082	-2.35731	3.41954	5.77686
BLOCK00/SES003/SA003S25	SES087	-1.5733	4.20356	5.77686
BLOCK00/SES003/SA003S25	SES206	-1.38481	4.39204	5.77686
BLOCK00/SES003/SA003S29	SES002	-2.24903	3.43159	5.68062
BLOCK00/SES003/SA003S29	SES062	-2.26096	3.41966	5.68062
BLOCK00/SES003/SA003S29	SES082	-1.86314	3.81748	5.68062
BLOCK00/SES003/SA003S29	SES087	-2.82979	2.85083	5.68062
BLOCK00/SES004/SA004S12	SES083	-1.33281	5.11988	6.45269
BLOCK00/SES004/SA004S12	SES148	-1.91122	4.54147	6.45269
BLOCK00/SES004/SA004S12	SES172	0.325938	6.77862	6.45269
BLOCK00/SES004/SA004S12	SES292	-1.74744	4.70525	6.45269
BLOCK00/SES004/SA004S17	SES083	-1.34304	5.13999	6.48303
BLOCK00/SES004/SA004S17	SES162	-1.11038	5.37266	6.48303
BLOCK00/SES004/SA004S17	SES172	-0.408948	6.07409	6.48303
BLOCK00/SES004/SA004S17	SES292	-1.86498	4.61805	6.48303
BLOCK00/SES004/SA004S24	SES083	-1.65753	5.40644	7.06397
BLOCK00/SES004/SA004S24	SES148	-2.25931	4.80467	7.06397
BLOCK00/SES004/SA004S24	SES172	-0.507367	6.55661	7.06397
BLOCK00/SES004/SA004S24	SES292	-1.28569	5.77829	7.06397
BLOCK00/SES004/SA004S26	SES083	-1.67784	4.70094	6.37878
BLOCK00/SES004/SA004S26	SES127	-1.51284	4.86595	6.37878
BLOCK00/SES004/SA004S26	SES148	-3.36861	3.01017	6.37878
BLOCK00/SES004/SA004S26	SES292	-1.97776	4.40103	6.37878
BLOCK00/SES004/SA004S28	SES083	-1.57697	4.95573	6.5327
BLOCK00/SES004/SA004S28	SES127	-1.14322	5.38948	6.5327
BLOCK00/SES004/SA004S28	SES187	-0.820897	5.71181	6.5327
BLOCK00/SES004/SA004S28	SES292	-2.01552	4.51718	6.5327
BLOCK00/SES006/SA006S10	SES014	-3.23341	0.309771	3.54318
BLOCK00/SES006/SA006S10	SES158	-1.27864	2.26454	3.54318
BLOCK00/SES006/SA006S10	SES226	-4.9808	-1.43762	3.54318
BLOCK00/SES006/SA006S10	SES270	-0.510036	3.03315	3.54318
BLOCK00/SES006/SA006S11	SES158	-1.45285	2.0787	3.53155
BLOCK00/SES006/SA006S11	SES226	-2.92068	0.610869	3.53155
BLOCK00/SES006/SA006S11	SES270	-0.6738	2.85775	3.53155
BLOCK00/SES006/SA006S11	SES275	-3.66928	-0.137739	3.53155
BLOCK00/SES006/SA006S23	SES062	-3.71123	0.678783	4.39001
BLOCK00/SES006/SA006S23	SES105	-3.63427	0.755741	4.39001
BLOCK00/SES006/SA006S23	SES158	-0.847377	3.54263	4.39001
BLOCK00/SES006/SA006S23	SES275	-2.4523	1.93771	4.39001
BLOCK00/SES006/SA006S26	SES104	-3.31062	1.48456	4.79518
BLOCK00/SES006/SA006S26	SES158	-1.05035	3.74483	4.79518
BLOCK00/SES006/SA006S26	SES270	-0.14097	4.65421	4.79518
BLOCK00/SES006/SA006S26	SES275	-4.08928	0.705902	4.79518
BLOCK00/SES006/SA006S28	SES007	-3.01243	0.113935	3.12637
BLOCK00/SES006/SA006S28	SES105	-2.73398	0.392393	3.12637
BLOCK00/SES006/SA006S28	SES158	-1.86679	1.25958	3.12637
BLOCK00/SES006/SA006S28	SES275	-2.93758	0.188788	3.12637
BLOCK00/SES009/SA009S12	SES083	-4.23548	2.4501	6.68558
BLOCK00/SES009/SA009S12	SES148	-1.55834	5.12724	6.68558
BLOCK00/SES009/SA009S12	SES177	-0.792656	5.89292	6.68558
BLOCK00/SES009/SA009S12	SES292	-2.11795	4.56762	6.68558
BLOCK00/SES009/SA009S15	SES007	-0.166621	7.09764	7.26426
BLOCK00/SES009/SA009S15	SES099	-3.92833	3.33593	7.26426
BLOCK00/SES009/SA009S15	SES148	-1.49183	5.77243	7.26426
BLOCK00/SES009/SA009S15	SES172	-1.58659	5.67768	7.26426
BLOCK00/SES009/SA009S24	SES146	-1.01166	5.53598	6.54765
BLOCK00/SES009/SA009S24	SES148	-1.97462	4.57302	6.54765
BLOCK00/SES009/SA009S24	SES177	-0.369064	6.17858	6.54765
BLOCK00/SES009/SA009S24	SES292	-1.59389	4.95375	6.54765
BLOCK00/SES009/SA009S26	SES083	-2.72856	3.11097	5.83953
BLOCK00/SES009/SA009S26	SES101	-3.09011	2.74942	5.83953
BLOCK00/SES009/SA009S26	SES120	-1.17937	4.66016	5.83953
BLOCK00/SES009/SA009S26	SES177	-1.16301	4.67652	5.83953
BLOCK00/SES009/SA009S29	SES083	-2.24522	4.38296	6.62817
BLOCK00/SES009/SA009S29	SES101	-2.13973	4.48845	6.62817
BLOCK00/SES009/SA009S29	SES177	-0.304518	6.32366	6.62817
BLOCK00/SES009/SA009S29	SES292	-1.70768	4.92049	6.62817
BLOCK01/SES011/SA011S10	SES019	-1.89283	2.44746	4.34029
BLOCK01/SES011/SA011S10	SES042	0.803914	5.14421	4.34029
BLOCK01/SES011/SA011S10	SES082	-2.73612	1.60417	4.34029
BLOCK01/SES011/SA011S10	SES206	-1.06828	3.27202	4.34029
BLOCK01/SES011/SA011S11	SES019	-1.97854	2.543	4.52154
BLOCK01/SES011/SA011S11	SES042	-0.234693	4.28685	4.52154
BLOCK01/SES011/SA011S11	SES082	-1.76526	2.75628	4.52154
BLOCK01/SES011/SA011S11	SES206	-1.77191	2.74963	4.52154
BLOCK01/SES011/SA011S22	SES019	-1.59067	3.15836	4.74903
BLOCK01/SES011/SA011S22	SES042	0.463119	5.21215	4.74903
BLOCK01/SES011/SA011S22	SES082	-2.67719	2.07184	4.74903
BLOCK01/SES011/SA011S22	SES206	-1.64183	3.1072	4.74903
BLOCK01/SES011/SA011S24	SES019	-1.66122	3.99665	5.65788
BLOCK01/SES011/SA011S24	SES042	0.869506	6.52738	5.65788
BLOCK01/SES011/SA011S24	SES104	-1.86012	3.79775	5.65788
BLOCK01/SES011/SA011S24	SES206	-0.46479	5.19309	5.65788
BLOCK01/SES011/SA011S27	SES082	-0.376923	5.21517	5.59209
BLOCK01/SES011/SA011S27	SES087	-1.74469	3.8474	5.59209
BLOCK01/SES011/SA011S27	SES125	-0.754484	4.8376	5.59209
BLOCK01/SES011/SA011S27	SES206	-0.386189	5.2059	5.59209
BLOCK01/SES012/SA012S11	SES007	-1.01586	6.34802	7.36388
BLOCK01/SES012/SA012S11	SES082	-2.30993	5.05396	7.36388
BLOCK01/SES012/SA012S11	SES083	-2.4945	4.86938	7.36388
BLOCK01/SES012/SA012S11	SES206	-2.63572	4.72816	7.36388
BLOCK01/SES012/SA012S14	SES082	-0.550999	5.91433	6.46533
BLOCK01/SES012/SA012S14	SES087	-2.04989	4.41545	6.46533
BLOCK01/SES012/SA012S14	SES206	-1.11749	5.34785	6.46533
BLOCK01/SES012/SA012S14	SES292	-1.67471	4.79062	6.46533
BLOCK01/SES012/SA012S24	SES082	-1.18622	4.0588	5.24502
BLOCK01/SES012/SA012S24	SES087	-2.18196	3.06306	5.24502
BLOCK01/SES012/SA012S24	SES120	-1.79128	3.45374	5.24502
BLOCK01/SES012/SA012S24	SES206	-1.72283	3.52219	5.24502
BLOCK01/SES012/SA012S26	SES019	-4.48405	1.7485	6.23255
BLOCK01/SES012/SA012S26	SES082	-3.06082	3.17174	6.23255
BLOCK01/SES012/SA012S26	SES206	-1.37648	4.85607	6.23255
BLOCK01/SES012/SA012S26	SES292	-1.58767	4.64488	6.23255
BLOCK01/SES012/SA012S29	SES062	-1.42007	4.66913	6.0892
BLOCK01/SES012/SA012S29	SES082	-1.47391	4.61529	6.0892
BLOCK01/SES012/SA012S29	SES083	-4.07644	2.01276	6.0892
BLOCK01/SES012/SA012S29	SES206	-2.22954	3.85965	6.0892
BLOCK01/SES013/SA013S16	SES062	-3.70335	1.34411	5.04746
BLOCK01/SES013/SA013S16	SES106	-1.58514	3.46232	5.04746
BLOCK01/SES013/SA013S16	SES206	-1.41813	3.62933	5.04746
BLOCK01/SES013/SA013S16	SES226	-1.26132	3.78614	5.04746
BLOCK01/SES013/SA013S17	SES062	-2.21528	4.2035	6.41878
BLOCK01/SES013/SA013S17	SES106	-2.06582	4.35296	6.41878
BLOCK01/SES013/SA013S17	SES206	-0.665732	5.75304	6.41878
BLOCK01/SES013/SA013S17	SES226	-0.883217	5.53556	6.41878
BLOCK01/SES013/SA013S23	SES104	-2.54385	1.69806	4.24191
BLOCK01/SES013/SA013S23	SES106	-1.724	2.51791	4.24191
BLOCK01/SES013/SA013S23	SES206	-1.67301	2.5689	4.24191
BLOCK01/SES013/SA013S23	SES270	-0.200115	4.0418	4.24191
BLOCK01/SES013/SA013S25	SES042	-2.3298	2.95476	5.28456
BLOCK01/SES013/SA013S25	SES104	-1.92223	3.36233	5.28456
BLOCK01/SES013/SA013S25	SES106	-1.40252	3.88203	5.28456
BLOCK01/SES013/SA013S25	SES206	-2.30057	2.98399	5.28456
BLOCK01/SES013/SA013S29	SES062	-4.36703	0.667347	5.03438
BLOCK01/SES013/SA013S29	SES104	-2.22559	2.80879	5.03438
BLOCK01/SES013/SA013S29	SES106	-1.1766	3.85778	5.03438
BLOCK01/SES013/SA013S29	SES206	-2.45299	2.58139	5.03438
BLOCK02/SES021/SA021S13	SES016	-2.80291	3.42092	6.22383
BLOCK02/SES021/SA021S13	SES029	-1.05327	5.17056	6.22383
BLOCK02/SES021/SA021S13	SES087	-2.81455	3.40928	6.22383
BLOCK02/SES021/SA021S13	SES206	-2.04086	4.18297	6.22383
BLOCK02/SES021/SA021S15	SES087	-1.2664	5.94901	7.21541
BLOCK02/SES021/SA021S15	SES125	-1.51971	5.6957	7.21541
BLOCK02/SES021/SA021S15	SES206	-1.35406	5.86135	7.21541
BLOCK02/SES021/SA021S15	SES226	-2.37084	4.84457	7.21541
BLOCK02/SES021/SA021S23	SES062	-3.29978	2.23285	5.53263
BLOCK02/SES021/SA021S23	SES087	-1.99819	3.53444	5.53263
BLOCK02/SES021/SA021S23	SES206	-1.91026	3.62237	5.53263
BLOCK02/SES021/SA021S23	SES226	-1.58224	3.95039	5.53263
BLOCK02/SES021/SA021S27	SES002	-1.42538	5.64705	7.07243
BLOCK02/SES021/SA021S27	SES016	-4.78497	2.28746	7.07243
BLOCK02/SES021/SA021S27	SES019	-1.33038	5.74205	7.07243
BLOCK02/SES021/SA021S27	SES062	-1.68148	5.39095	7.07243
BLOCK02/SES021/SA021S29	SES087	-1.83962	4.16091	6.00053
BLOCK02/SES021/SA021S29	SES125	-1.7704	4.23012	6.00053
BLOCK02/SES021/SA021S29	SES206	-0.57741	5.42312	6.00053
BLOCK02/SES021/SA021S29	SES226	-2.23398	3.76655	6.00053
BLOCK04/SES043/SA043S09	SES083	-1.07007	4.60963	5.6797
BLOCK04/SES043/SA043S09	SES101	-1.34917	4.33053	5.6797
BLOCK04/SES043/SA043S09	SES144	-0.46047	5.21923	5.6797
BLOCK04/SES043/SA043S09	SES172	-1.86607	3.81363	5.6797
BLOCK04/SES043/SA043S11	SES083	-0.621596	5.94126	6.56286
BLOCK04/SES043/SA043S11	SES101	-1.18995	5.37291	6.56286
BLOCK04/SES043/SA043S11	SES144	-0.197445	6.36541	6.56286
BLOCK04/SES043/SA043S11	SES172	-1.12486	5.438	6.56286
BLOCK04/SES043/SA043S23	SES083	-1.55005	4.59971	6.14976
BLOCK04/SES043/SA043S23	SES144	-0.0648985	6.08486	6.14976
BLOCK04/SES043/SA043S23	SES177	-1.56958	4.58017	6.14976
BLOCK04/SES043/SA043S23	SES275	-1.23007	4.91969	6.14976
BLOCK04/SES043/SA043S26	SES083	-1.01192	4.88541	5.89733
BLOCK04/SES043/SA043S26	SES101	-1.22713	4.6702	5.89733
BLOCK04/SES043/SA043S26	SES144	0.229274	6.12661	5.89733
BLOCK04/SES043/SA043S26	SES177	-1.42852	4.46881	5.89733
BLOCK04/SES043/SA043S28	SES016	-2.3353	3.92222	6.25752
BLOCK04/SES043/SA043S28	SES083	-0.82951	5.42801	6.25752
BLOCK04/SES043/SA043S28	SES101	-0.775166	5.48235	6.25752
BLOCK04/SES043/SA043S28	SES144	-0.627651	5.62987	6.25752
BLOCK04/SES044/SA044S10	SES127	-1.79265	3.64432	5.43697
BLOCK04/SES044/SA044S10	SES144	-0.514454	4.92251	5.43697
BLOCK04/SES044/SA044S10	SES147	-4.24152	1.19544	5.43697
BLOCK04/SES044/SA044S10	SES148	-2.80149	2.63548	5.43697
BLOCK04/SES044/SA044S11	SES101	-1.11023	4.99113	6.10137
BLOCK04/SES044/SA044S11	SES144	0.359038	6.4604	6.10137
BLOCK04/SES044/SA044S11	SES147	-2.656	3.44536	6.10137
BLOCK04/SES044/SA044S11	SES177	-2.12865	3.97271	6.10137
BLOCK04/SES044/SA044S24	SES007	-1.80818	3.68218	5.49035
BLOCK04/SES044/SA044S24	SES101	-0.515748	4.97461	5.49035
BLOCK04/SES044/SA044S24	SES147	-1.97741	3.51294	5.49035
BLOCK04/SES044/SA044S24	SES177	-1.26368	4.22668	5.49035
BLOCK04/SES044/SA044S26	SES007	-2.41441	3.49747	5.91188
BLOCK04/SES044/SA044S26	SES016	-1.7018	4.21008	5.91188
BLOCK04/SES044/SA044S26	SES101	-0.974524	4.93736	5.91188
BLOCK04/SES044/SA044S26	SES147	-1.8057	4.10618	5.91188
BLOCK04/SES044/SA044S29	SES007	-2.18582	4.49612	6.68194
BLOCK04/SES044/SA044S29	SES101	-0.220395	6.46154	6.68194
BLOCK04/SES044/SA044S29	SES147	-2.01055	4.67139	6.68194
BLOCK04/SES044/SA044S29	SES177	-2.01809	4.66385	6.68194
BLOCK04/SES046/SA046S13	SES101	-1.37144	4.34197	5.71342
BLOCK04/SES046/SA046S13	SES144	-0.859084	4.85433	5.71342
BLOCK04/SES046/SA046S13	SES147	-2.41077	3.30265	5.71342
BLOCK04/SES046/SA046S13	SES177	-2.2521	3.46132	5.71342
BLOCK04/SES046/SA046S15	SES048	-0.685813	6.29644	6.98226
BLOCK04/SES046/SA046S15	SES083	-0.495728	6.48653	6.98226
BLOCK04/SES046/SA046S15	SES120	-3.19059	3.79166	6.98226
BLOCK04/SES046/SA046S15	SES148	-1.63195	5.3503	6.98226
BLOCK04/SES046/SA046S22	SES101	-0.767133	5.09579	5.86293
BLOCK04/SES046/SA046S22	SES144	-0.281546	5.58138	5.86293
BLOCK04/SES046/SA046S22	SES147	-2.75117	3.11175	5.86293
BLOCK04/SES046/SA046S22	SES172	-0.450492	5.41243	5.86293
BLOCK04/SES046/SA046S25	SES083	-1.1654	4.88963	6.05503
BLOCK04/SES046/SA046S25	SES127	-1.95803	4.097	6.05503
BLOCK04/SES046/SA046S25	SES144	-1.10949	4.94554	6.05503
BLOCK04/SES046/SA046S25	SES148	-1.6059	4.44913	6.05503
BLOCK04/SES046/SA046S28	SES007	-2.47666	4.07436	6.55102
BLOCK04/SES046/SA046S28	SES105	-1.62906	4.92196	6.55102
BLOCK04/SES046/SA046S28	SES147	-2.09483	4.45619	6.55102
BLOCK04/SES046/SA046S28	SES148	-1.03746	5.51356	6.55102
BLOCK04/SES049/SA049S16	SES104	-1.21919	3.42628	4.64546
BLOCK04/SES049/SA049S16	SES106	-2.40685	2.23862	4.64546
BLOCK04/SES049/SA049S16	SES120	-2.08881	2.55666	4.64546
BLOCK04/SES049/SA049S16	SES206	-1.65373	2.99173	4.64546
BLOCK04/SES049/SA049S18	SES099	-1.14031	3.18064	4.32094
BLOCK04/SES049/SA049S18	SES104	-2.75559	1.56536	4.32094
BLOCK04/SES049/SA049S18	SES125	-3.46311	0.85783	4.32094
BLOCK04/SES049/SA049S18	SES206	-2.02285	2.29809	4.32094
BLOCK04/SES049/SA049S25	SES087	-2.90227	1.89499	4.79726
BLOCK04/SES049/SA049S25	SES104	-1.70271	3.09455	4.79726
BLOCK04/SES049/SA049S25	SES125	-2.27145	2.52581	4.79726
BLOCK04/SES049/SA049S25	SES206	-1.40924	3.38801	4.79726
BLOCK04/SES049/SA049S27	SES099	-0.463007	4.32631	4.78932
BLOCK04/SES049/SA049S27	SES104	0.0604701	4.84979	4.78932
BLOCK04/SES049/SA049S27	SES125	-2.32142	2.4679	4.78932
BLOCK04/SES049/SA049S27	SES206	-1.22697	3.56235	4.78932
BLOCK04/SES049/SA049S29	SES099	-0.101463	5.76204	5.8635
BLOCK04/SES049/SA049S29	SES104	-0.235457	5.62805	5.8635
BLOCK04/SES049/SA049S29	SES125	-1.30742	4.55608	5.8635
BLOCK04/SES049/SA049S29	SES206	-0.357923	5.50558	5.8635
BLOCK06/SES063/SA063S09	SES068	-1.20517	5.32736	6.53252
BLOCK06/SES063/SA063S09	SES083	-0.763431	5.76909	6.53252
BLOCK06/SES063/SA063S09	SES177	-1.64406	4.88846	6.53252
BLOCK06/SES063/SA063S09	SES187	-1.29919	5.23333	6.53252
BLOCK06/SES063/SA063S10	SES068	-1.88	4.84496	6.72496
BLOCK06/SES063/SA063S10	SES083	-0.920328	5.80463	6.72496
BLOCK06/SES063/SA063S10	SES172	-0.877994	5.84696	6.72496
BLOCK06/SES063/SA063S10	SES187	-1.31435	5.41061	6.72496
BLOCK06/SES063/SA063S20	SES068	-2.55785	4.01374	6.57158
BLOCK06/SES063/SA063S20	SES083	-0.987806	5.58377	6.57158
BLOCK06/SES063/SA063S20	SES172	-0.407691	6.16389	6.57158
BLOCK06/SES063/SA063S20	SES187	-1.06762	5.50396	6.57158
BLOCK06/SES063/SA063S24	SES029	-3.11581	3.71804	6.83385
BLOCK06/SES063/SA063S24	SES083	-0.972979	5.86087	6.83385
BLOCK06/SES063/SA063S24	SES177	-1.08084	5.75301	6.83385
BLOCK06/SES063/SA063S24	SES189	-0.53311	6.30074	6.83385
BLOCK06/SES063/SA063S27	SES083	0.0407119	6.2881	6.24739
BLOCK06/SES063/SA063S27	SES172	-1.20664	5.04076	6.24739
BLOCK06/SES063/SA063S27	SES187	-0.481559	5.76583	6.24739
BLOCK06/SES063/SA063S27	SES292	-1.52204	4.72535	6.24739
BLOCK06/SES067/SA067S12	SES083	-1.023	6.62678	7.64978
BLOCK06/SES067/SA067S12	SES172	-1.72095	5.92883	7.64978
BLOCK06/SES067/SA067S12	SES202	-1.09701	6.55277	7.64978
BLOCK06/SES067/SA067S12	SES292	-1.96298	5.6868	7.64978
BLOCK06/SES067/SA067S14	SES085	-2.30691	5.81324	8.12016
BLOCK06/SES067/SA067S14	SES177	-1.24864	6.87151	8.12016
BLOCK06/SES067/SA067S14	SES183	0.15364	8.2738	8.12016
BLOCK06/SES067/SA067S14	SES202	-0.820355	7.2998	8.12016
BLOCK06/SES067/SA067S21	SES144	-0.683214	6.01934	6.70255
BLOCK06/SES067/SA067S21	SES177	-0.936937	5.76561	6.70255
BLOCK06/SES067/SA067S21	SES183	-0.713419	5.98913	6.70255
BLOCK06/SES067/SA067S21	SES189	-1.21445	5.4881	6.70255
BLOCK06/SES067/SA067S25	SES085	-1.27257	5.45343	6.72601
BLOCK06/SES067/SA067S25	SES177	-1.72077	5.00523	6.72601
BLOCK06/SES067/SA067S25	SES183	-0.356564	6.36944	6.72601
BLOCK06/SES067/SA067S25	SES202	-2.31122	4.41479	6.72601
BLOCK06/SES067/SA067S29	SES085	-2.3967	4.6768	7.0735
BLOCK06/SES067/SA067S29	SES177	-1.36585	5.70765	7.0735
BLOCK06/SES067/SA067S29	SES183	-0.907671	6.16583	7.0735
BLOCK06/SES067/SA067S29	SES202	-0.0571256	7.01638	7.0735
BLOCK06/SES069/SA069S12	SES029	-3.12392	3.1349	6.25882
BLOCK06/SES069/SA069S12	SES082	-1.04101	5.21781	6.25882
BLOCK06/SES069/SA069S12	SES087	-2.15661	4.10222	6.25882
BLOCK06/SES069/SA069S12	SES206	-1.53148	4.72734	6.25882
BLOCK06/SES069/SA069S13	SES029	-3.61414	2.68077	6.29491
BLOCK06/SES069/SA069S13	SES087	-1.35397	4.94095	6.29491
BLOCK06/SES069/SA069S13	SES206	-0.507417	5.7875	6.29491
BLOCK06/SES069/SA069S13	SES226	-0.921262	5.37365	6.29491
BLOCK06/SES069/SA069S23	SES029	-1.59266	5.55545	7.14811
BLOCK06/SES069/SA069S23	SES087	-0.929754	6.21835	7.14811
BLOCK06/SES069/SA069S23	SES206	-1.45297	5.69514	7.14811
BLOCK06/SES069/SA069S23	SES226	-0.247049	6.90106	7.14811
BLOCK06/SES069/SA069S25	SES087	-1.70418	6.20757	7.91175
BLOCK06/SES069/SA069S25	SES206	-2.10279	5.80896	7.91175
BLOCK06/SES069/SA069S25	SES226	-0.761318	7.15043	7.91175
BLOCK06/SES069/SA069S25	SES270	-2.24284	5.66891	7.91175
BLOCK06/SES069/SA069S27	SES087	-2.37986	4.09861	6.47848
BLOCK06/SES069/SA069S27	SES206	-1.06249	5.41599	6.47848
BLOCK06/SES069/SA069S27	SES226	-0.435896	6.04258	6.47848
BLOCK06/SES069/SA069S27	SES270	-1.71675	4.76173	6.47848
BLOCK08/SES081/SA081S11	SES060	-2.13664	4.38579	6.52242
BLOCK08/SES081/SA081S11	SES062	-1.32236	5.20007	6.52242
BLOCK08/SES081/SA081S11	SES117	-3.7071	2.81533	6.52242
BLOCK08/SES081/SA081S11	SES162	-2.5788	3.94363	6.52242
BLOCK08/SES081/SA081S13	SES016	-0.940536	6.30797	7.24851
BLOCK08/SES081/SA081S13	SES060	-0.241999	7.00651	7.24851
BLOCK08/SES081/SA081S13	SES068	-0.529529	6.71898	7.24851
BLOCK08/SES081/SA081S13	SES129	-2.06221	5.1863	7.24851
BLOCK08/SES081/SA081S24	SES060	-0.71536	5.98659	6.70195
BLOCK08/SES081/SA081S24	SES068	-0.975132	5.72682	6.70195
BLOCK08/SES081/SA081S24	SES117	-2.81944	3.88251	6.70195
BLOCK08/SES081/SA081S24	SES275	-1.68799	5.01396	6.70195
BLOCK08/SES081/SA081S27	SES007	-0.606972	5.58407	6.19104
BLOCK08/SES081/SA081S27	SES060	-1.73753	4.45352	6.19104
BLOCK08/SES081/SA081S27	SES117	-1.27766	4.91338	6.19104
BLOCK08/SES081/SA081S27	SES275	-1.46899	4.72205	6.19104
BLOCK08/SES081/SA081S29	SES007	-0.9835	5.38413	6.36763
BLOCK08/SES081/SA081S29	SES060	-0.545195	5.82243	6.36763
BLOCK08/SES081/SA081S29	SES117	-2.25728	4.11034	6.36763
BLOCK08/SES081/SA081S29	SES275	-1.49008	4.87755	6.36763
BLOCK08/SES086/SA086S11	SES029	-4.39373	0.364438	4.75817
BLOCK08/SES086/SA086S11	SES082	-2.12131	2.63686	4.75817
BLOCK08/SES086/SA086S11	SES087	-1.33106	3.42711	4.75817
BLOCK08/SES086/SA086S11	SES206	-1.85662	2.90156	4.75817
BLOCK08/SES086/SA086S12	SES029	-2.88439	3.06401	5.9484
BLOCK08/SES086/SA086S12	SES082	-2.23793	3.71047	5.9484
BLOCK08/SES086/SA086S12	SES087	-1.14315	4.80525	5.9484
BLOCK08/SES086/SA086S12	SES206	-1.30484	4.64356	5.9484
BLOCK08/SES086/SA086S20	SES029	-4.20255	2.81647	7.01902
BLOCK08/SES086/SA086S20	SES082	-2.27081	4.74821	7.01902
BLOCK08/SES086/SA086S20	SES087	-0.147533	6.87149	7.01902
BLOCK08/SES086/SA086S20	SES206	-0.683628	6.3354	7.01902
BLOCK08/SES086/SA086S24	SES087	-0.573117	4.16253	4.73565
BLOCK08/SES086/SA086S24	SES104	-1.94808	2.78757	4.73565
BLOCK08/SES086/SA086S24	SES120	-2.07989	2.65576	4.73565
BLOCK08/SES086/SA086S24	SES206	-0.774951	3.9607	4.73565
BLOCK08/SES086/SA086S28	SES029	-3.75953	2.70843	6.46796
BLOCK08/SES086/SA086S28	SES082	-2.04408	4.42388	6.46796
BLOCK08/SES086/SA086S28	SES087	-1.07769	5.39027	6.46796
BLOCK08/SES086/SA086S28	SES206	-1.40721	5.06075	6.46796
BLOCK08/SES089/SA089S13	SES087	-1.99952	3.69235	5.69187
BLOCK08/SES089/SA089S13	SES206	-2.01763	3.67424	5.69187
BLOCK08/SES089/SA089S13	SES226	-1.55249	4.13938	5.69187
BLOCK08/SES089/SA089S13	SES270	-2.32592	3.36595	5.69187
BLOCK08/SES089/SA089S14	SES062	-2.02498	4.31303	6.33801
BLOCK08/SES089/SA089S14	SES087	-0.377064	5.96094	6.33801
BLOCK08/SES089/SA089S14	SES206	-1.43754	4.90047	6.33801
BLOCK08/SES089/SA089S14	SES226	-1.34473	4.99328	6.33801
BLOCK08/SES089/SA089S23	SES087	-1.62544	3.60687	5.23231
BLOCK08/SES089/SA089S23	SES206	-1.67745	3.55485	5.23231
BLOCK08/SES089/SA089S23	SES226	-2.0877	3.14461	5.23231
BLOCK08/SES089/SA089S23	SES270	-2.79968	2.43262	5.23231
BLOCK08/SES089/SA089S25	SES062	-2.25201	3.96113	6.21314
BLOCK08/SES089/SA089S25	SES087	-0.754878	5.45826	6.21314
BLOCK08/SES089/SA089S25	SES206	-2.53416	3.67897	6.21314
BLOCK08/SES089/SA089S25	SES226	-1.62224	4.59089	6.21314
BLOCK08/SES089/SA089S28	SES062	-1.49226	4.53602	6.02828
BLOCK08/SES089/SA089S28	SES087	-0.502186	5.52609	6.02828
BLOCK08/SES089/SA089S28	SES206	-0.91541	5.11287	6.02828
BLOCK08/SES089/SA089S28	SES226	-0.891294	5.13698	6.02828
BLOCK09/SES097/SA097S11	SES099	0.272382	5.21094	4.93855
BLOCK09/SES097/SA097S11	SES125	-2.03672	2.90184	4.93855
BLOCK09/SES097/SA097S11	SES206	-1.00242	3.93613	4.93855
BLOCK09/SES097/SA097S11	SES226	0.367673	5.30623	4.93855
BLOCK09/SES097/SA097S14	SES062	-2.45963	2.98203	5.44166
BLOCK09/SES097/SA097S14	SES099	-0.951111	4.49055	5.44166
BLOCK09/SES097/SA097S14	SES104	-1.53929	3.90236	5.44166
BLOCK09/SES097/SA097S14	SES206	-2.37832	3.06333	5.44166
BLOCK09/SES097/SA097S22	SES099	-0.225513	4.83729	5.06281
BLOCK09/SES097/SA097S22	SES206	-1.83807	3.22474	5.06281
BLOCK09/SES097/SA097S22	SES226	-2.33215	2.73066	5.06281
BLOCK09/SES097/SA097S22	SES270	-0.708433	4.35437	5.06281
BLOCK09/SES097/SA097S26	SES099	-0.0935125	4.6724	4.76592
BLOCK09/SES097/SA097S26	SES120	-1.21089	3.55502	4.76592
BLOCK09/SES097/SA097S26	SES206	-2.4034	2.36252	4.76592
BLOCK09/SES097/SA097S26	SES226	-1.92675	2.83917	4.76592
BLOCK09/SES097/SA097S28	SES099	-0.907089	5.08903	5.99612
BLOCK09/SES097/SA097S28	SES120	-1.8301	4.16602	5.99612
BLOCK09/SES097/SA097S28	SES206	-2.34731	3.64881	5.99612
BLOCK09/SES097/SA097S28	SES226	-2.27727	3.71884	5.99612
BLOCK09/SES098/SA098S11	SES127	-1.43647	4.7033	6.13977
BLOCK09/SES098/SA098S11	SES144	-1.50582	4.63395	6.13977
BLOCK09/SES098/SA098S11	SES147	-0.986028	5.15374	6.13977
BLOCK09/SES098/SA098S11	SES148	-3.87097	2.2688	6.13977
BLOCK09/SES098/SA098S12	SES127	-3.17213	1.45494	4.62708
BLOCK09/SES098/SA098S12	SES144	-2.76436	1.86272	4.62708
BLOCK09/SES098/SA098S12	SES147	-2.21647	2.41061	4.62708
BLOCK09/SES098/SA098S12	SES189	-2.93679	1.69029	4.62708
BLOCK09/SES098/SA098S20	SES127	-3.12662	2.56873	5.69535
BLOCK09/SES098/SA098S20	SES147	-2.41453	3.28082	5.69535
BLOCK09/SES098/SA098S20	SES148	-3.59355	2.1018	5.69535
BLOCK09/SES098/SA098S20	SES292	-1.78648	3.90886	5.69535
BLOCK09/SES098/SA098S23	SES127	-1.98358	3.60068	5.58426
BLOCK09/SES098/SA098S23	SES147	-1.82072	3.76353	5.58426
BLOCK09/SES098/SA098S23	SES187	-1.89823	3.68602	5.58426
BLOCK09/SES098/SA098S23	SES292	-1.41527	4.16899	5.58426
BLOCK09/SES098/SA098S27	SES127	-3.24438	2.622	5.86638
BLOCK09/SES098/SA098S27	SES147	-2.96985	2.89653	5.86638
BLOCK09/SES098/SA098S27	SES148	-4.24257	1.62381	5.86638
BLOCK09/SES098/SA098S27	SES292	-0.717083	5.1493	5.86638
BLOCK10/SES102/SA102S13	SES101	-1.09962	4.61723	5.71685
BLOCK10/SES102/SA102S13	SES105	-1.07232	4.64452	5.71685
BLOCK10/SES102/SA102S13	SES120	-2.17178	3.54506	5.71685
BLOCK10/SES102/SA102S13	SES158	-2.64398	3.07286	5.71685
BLOCK10/SES102/SA102S14	SES007	-0.884722	6.72836	7.61308
BLOCK10/SES102/SA102S14	SES101	-0.644526	6.96855	7.61308
BLOCK10/SES102/SA102S14	SES105	-0.732982	6.8801	7.61308
BLOCK10/SES102/SA102S14	SES147	-3.19139	4.42168	7.61308
BLOCK10/SES102/SA102S22	SES007	-1.58452	4.85415	6.43867
BLOCK10/SES102/SA102S22	SES101	-0.372766	6.06591	6.43867
BLOCK10/SES102/SA102S22	SES105	-0.646851	5.79182	6.43867
BLOCK10/SES102/SA102S22	SES158	-2.78971	3.64896	6.43867
BLOCK10/SES102/SA102S25	SES007	-0.949645	5.66296	6.6126
BLOCK10/SES102/SA102S25	SES101	-0.256899	6.3557	6.6126
BLOCK10/SES102/SA102S25	SES105	-1.16348	5.44913	6.6126
BLOCK10/SES102/SA102S25	SES147	-3.03445	3.57816	6.6126
BLOCK10/SES102/SA102S27	SES007	-1.29881	4.69346	5.99226
BLOCK10/SES102/SA102S27	SES101	-0.283906	5.70836	5.99226
BLOCK10/SES102/SA102S27	SES105	-1.32365	4.66861	5.99226
BLOCK10/SES102/SA102S27	SES147	-2.75156	3.24071	5.99226
BLOCK10/SES103/SA103S14	SES105	-3.3905	0.983215	4.37371
BLOCK10/SES103/SA103S14	SES106	-2.04298	2.33073	4.37371
BLOCK10/SES103/SA103S14	SES120	-2.37076	2.00295	4.37371
BLOCK10/SES103/SA103S14	SES206	-2.83539	1.53832	4.37371
BLOCK10/SES103/SA103S15	SES099	-1.87389	1.72114	3.59503
BLOCK10/SES103/SA103S15	SES101	-4.39912	-0.804092	3.59503
BLOCK10/SES103/SA103S15	SES104	-2.11179	1.48324	3.59503
BLOCK10/SES103/SA103S15	SES125	-2.19876	1.39627	3.59503
BLOCK10/SES103/SA103S24	SES104	-2.62291	1.81541	4.43831
BLOCK10/SES103/SA103S24	SES125	-3.03443	1.40388	4.43831
BLOCK10/SES103/SA103S24	SES148	-3.01695	1.42136	4.43831
BLOCK10/SES103/SA103S24	SES158	-2.10613	2.33219	4.43831
BLOCK10/SES103/SA103S26	SES104	-2.1256	2.69236	4.81796
BLOCK10/SES103/SA103S26	SES106	-0.913332	3.90463	4.81796
BLOCK10/SES103/SA103S26	SES125	-1.89464	2.92332	4.81796
BLOCK10/SES103/SA103S26	SES148	-2.8015	2.01646	4.81796
BLOCK10/SES103/SA103S28	SES104	-1.61472	2.71687	4.33159
BLOCK10/SES103/SA103S28	SES106	-1.15131	3.18028	4.33159
BLOCK10/SES103/SA103S28	SES125	-1.66186	2.66973	4.33159
BLOCK10/SES103/SA103S28	SES206	-2.8741	1.45749	4.33159
BLOCK12/SES121/SA121S12	SES042	-2.64856	1.69736	4.34592
BLOCK12/SES121/SA121S12	SES087	-2.1815	2.16442	4.34592
BLOCK12/SES121/SA121S12	SES105	-2.17834	2.16759	4.34592
BLOCK12/SES121/SA121S12	SES206	-1.64284	2.70309	4.34592
BLOCK12/SES121/SA121S14	SES007	-2.39755	0.989655	3.3872
BLOCK12/SES121/SA121S14	SES105	-3.61095	-0.223748	3.3872
BLOCK12/SES121/SA121S14	SES106	-3.26061	0.126591	3.3872
BLOCK12/SES121/SA121S14	SES206	-2.57582	0.811383	3.3872
BLOCK12/SES121/SA121S23	SES105	-3.29412	0.109753	3.40387
BLOCK12/SES121/SA121S23	SES106	-1.61129	1.79258	3.40387
BLOCK12/SES121/SA121S23	SES120	-1.80967	1.59421	3.40387
BLOCK12/SES121/SA121S23	SES206	-1.33524	2.06863	3.40387
BLOCK12/SES121/SA121S25	SES007	-2.52722	0.561206	3.08842
BLOCK12/SES121/SA121S25	SES105	-3.6149	-0.526482	3.08842
BLOCK12/SES121/SA121S25	SES106	-2.75966	0.328762	3.08842
BLOCK12/SES121/SA121S25	SES206	-2.57105	0.517376	3.08842
BLOCK12/SES121/SA121S27	SES087	-1.27802	3.08085	4.35888
BLOCK12/SES121/SA121S27	SES105	-4.44522	-0.0863404	4.35888
BLOCK12/SES121/SA121S27	SES120	-0.840907	3.51797	4.35888
BLOCK12/SES121/SA121S27	SES206	-0.773978	3.5849	4.35888
BLOCK12/SES124/SA124S16	SES042	-0.551993	5.723	6.27499
BLOCK12/SES124/SA124S16	SES082	-1.43836	4.83663	6.27499
BLOCK12/SES124/SA124S16	SES183	-3.08969	3.1853	6.27499
BLOCK12/SES124/SA124S16	SES206	-1.32489	4.95011	6.27499
BLOCK12/SES124/SA124S17	SES105	-2.59507	2.57451	5.16957
BLOCK12/SES124/SA124S17	SES149	-3.36632	1.80325	5.16957
BLOCK12/SES124/SA124S17	SES158	-3.93323	1.23634	5.16957
BLOCK12/SES124/SA124S17	SES275	-1.64496	3.52461	5.16957
BLOCK12/SES124/SA124S23	SES105	-2.65481	5.02225	7.67706
BLOCK12/SES124/SA124S23	SES125	-0.319533	7.35753	7.67706
BLOCK12/SES124/SA124S23	SES129	-3.85281	3.82425	7.67706
BLOCK12/SES124/SA124S23	SES158	-0.646358	7.0307	7.67706
BLOCK12/SES124/SA124S26	SES105	-3.58635	2.49697	6.08332
BLOCK12/SES124/SA124S26	SES125	-0.800672	5.28265	6.08332
BLOCK12/SES124/SA124S26	SES129	-3.89971	2.18362	6.08332
BLOCK12/SES124/SA124S26	SES158	-2.09381	3.98951	6.08332
BLOCK12/SES124/SA124S28	SES104	-0.680262	5.75427	6.43453
BLOCK12/SES124/SA124S28	SES106	-1.32999	5.10454	6.43453
BLOCK12/SES124/SA124S28	SES125	-1.35034	5.0842	6.43453
BLOCK12/SES124/SA124S28	SES275	-2.41681	4.01773	6.43453
BLOCK12/SES126/SA126S13	SES007	-1.51021	4.67217	6.18238
BLOCK12/SES126/SA126S13	SES162	-2.0494	4.13298	6.18238
BLOCK12/SES126/SA126S13	SES177	-1.25433	4.92805	6.18238
BLOCK12/SES126/SA126S13	SES180	-2.01154	4.17084	6.18238
BLOCK12/SES126/SA126S14	SES144	-1.11499	6.02416	7.13914
BLOCK12/SES126/SA126S14	SES148	-2.16901	4.97013	7.13914
BLOCK12/SES126/SA126S14	SES177	-0.117536	7.02161	7.13914
BLOCK12/SES126/SA126S14	SES180	-2.11501	5.02413	7.13914
BLOCK12/SES126/SA126S20	SES007	-0.905797	6.20921	7.115
BLOCK12/SES126/SA126S20	SES162	-2.03762	5.07739	7.115
BLOCK12/SES126/SA126S20	SES172	-2.62353	4.49148	7.115
BLOCK12/SES126/SA126S20	SES180	-2.57427	4.54074	7.115
BLOCK12/SES126/SA126S24	SES120	-0.389762	6.40044	6.7902
BLOCK12/SES126/SA126S24	SES162	-1.68443	5.10577	6.7902
BLOCK12/SES126/SA126S24	SES177	-0.441325	6.34888	6.7902
BLOCK12/SES126/SA126S24	SES180	-1.12349	5.66671	6.7902
BLOCK12/SES126/SA126S26	SES120	-0.305577	5.42867	5.73425
BLOCK12/SES126/SA126S26	SES177	-0.715379	5.01887	5.73425
BLOCK12/SES126/SA126S26	SES180	-1.99813	3.73612	5.73425
BLOCK12/SES126/SA126S26	SES202	-1.48114	4.25311	5.73425
BLOCK12/SES128/SA128S10	SES087	-3.30502	2.00445	5.30947
BLOCK12/SES128/SA128S10	SES206	-1.65365	3.65583	5.30947
BLOCK12/SES128/SA128S10	SES226	-1.34973	3.95975	5.30947
BLOCK12/SES128/SA128S10	SES270	-1.16764	4.14184	5.30947
BLOCK12/SES128/SA128S12	SES120	-1.93306	3.64423	5.57729
BLOCK12/SES128/SA128S12	SES158	-2.36485	3.21244	5.57729
BLOCK12/SES128/SA128S12	SES206	-1.67215	3.90515	5.57729
BLOCK12/SES128/SA128S12	SES226	-2.21554	3.36175	5.57729
BLOCK12/SES128/SA128S21	SES106	-2.13775	2.97711	5.11485
BLOCK12/SES128/SA128S21	SES120	-2.10842	3.00644	5.11485
BLOCK12/SES128/SA128S21	SES206	-1.40644	3.70842	5.11485
BLOCK12/SES128/SA128S21	SES226	-0.866416	4.24844	5.11485
BLOCK12/SES128/SA128S24	SES087	-1.64131	3.73793	5.37924
BLOCK12/SES128/SA128S24	SES120	-1.59591	3.78334	5.37924
BLOCK12/SES128/SA128S24	SES206	-0.937637	4.4416	5.37924
BLOCK12/SES128/SA128S24	SES226	-1.77527	3.60397	5.37924
BLOCK12/SES128/SA128S27	SES099	-0.420349	5.92461	6.34496
BLOCK12/SES128/SA128S27	SES120	-1.22716	5.1178	6.34496
BLOCK12/SES128/SA128S27	SES206	-0.984351	5.36061	6.34496
BLOCK12/SES128/SA128S27	SES226	-1.13798	5.20698	6.34496
BLOCK13/SES130/SA130S13	SES143	-1.16826	3.87009	5.03835
BLOCK13/SES130/SA130S13	SES144	-0.864235	4.17411	5.03835
BLOCK13/SES130/SA130S13	SES146	-2.61218	2.42617	5.03835
BLOCK13/SES130/SA130S13	SES275	-2.99837	2.03998	5.03835
BLOCK13/SES130/SA130S15	SES143	-2.14444	5.04466	7.1891
BLOCK13/SES130/SA130S15	SES144	-0.0749373	7.11416	7.1891
BLOCK13/SES130/SA130S15	SES146	-1.0781	6.111	7.1891
BLOCK13/SES130/SA130S15	SES275	-1.54626	5.64283	7.1891
BLOCK13/SES130/SA130S23	SES127	-1.89203	3.28141	5.17344
BLOCK13/SES130/SA130S23	SES144	-1.36055	3.81289	5.17344
BLOCK13/SES130/SA130S23	SES146	-1.37039	3.80305	5.17344
BLOCK13/SES130/SA130S23	SES162	-0.491096	4.68235	5.17344
BLOCK13/SES130/SA130S25	SES127	-1.01222	4.99082	6.00304
BLOCK13/SES130/SA130S25	SES144	-0.46734	5.5357	6.00304
BLOCK13/SES130/SA130S25	SES146	-1.54634	4.45669	6.00304
BLOCK13/SES130/SA130S25	SES275	-1.45198	4.55106	6.00304
BLOCK13/SES130/SA130S28	SES127	-1.636	4.29773	5.93373
BLOCK13/SES130/SA130S28	SES144	-1.04826	4.88548	5.93373
BLOCK13/SES130/SA130S28	SES146	-1.06906	4.86468	5.93373
BLOCK13/SES130/SA130S28	SES275	-1.08854	4.84519	5.93373
BLOCK13/SES131/SA131S13	SES002	-2.04057	1.59154	3.63211
BLOCK13/SES131/SA131S13	SES007	-2.40368	1.22843	3.63211
BLOCK13/SES131/SA131S13	SES099	-1.15311	2.479	3.63211
BLOCK13/SES131/SA131S13	SES105	-2.61723	1.01488	3.63211
BLOCK13/SES131/SA131S14	SES104	-0.936271	5.07035	6.00662
BLOCK13/SES131/SA131S14	SES106	-1.67401	4.33261	6.00662
BLOCK13/SES131/SA131S14	SES125	-1.97844	4.02818	6.00662
BLOCK13/SES131/SA131S14	SES148	-1.07913	4.92749	6.00662
BLOCK13/SES131/SA131S20	SES104	-2.18827	2.01926	4.20752
BLOCK13/SES131/SA131S20	SES106	-1.77974	2.42778	4.20752
BLOCK13/SES131/SA131S20	SES125	-3.43939	0.768132	4.20752
BLOCK13/SES131/SA131S20	SES148	-2.93805	1.26947	4.20752
BLOCK13/SES131/SA131S22	SES099	-0.980493	5.05929	6.03978
BLOCK13/SES131/SA131S22	SES104	-1.65704	4.38274	6.03978
BLOCK13/SES131/SA131S22	SES125	-2.83524	3.20454	6.03978
BLOCK13/SES131/SA131S22	SES206	-2.35328	3.6865	6.03978
BLOCK13/SES131/SA131S29	SES087	-1.83455	2.72923	4.56378
BLOCK13/SES131/SA131S29	SES104	-2.8052	1.75857	4.56378
BLOCK13/SES131/SA131S29	SES125	-3.01629	1.54749	4.56378
BLOCK13/SES131/SA131S29	SES206	-1.81377	2.75001	4.56378
BLOCK13/SES132/SA132S11	SES083	-2.7118	3.66264	6.37444
BLOCK13/SES132/SA132S11	SES120	-0.146475	6.22797	6.37444
BLOCK13/SES132/SA132S11	SES127	-1.99818	4.37626	6.37444
BLOCK13/SES132/SA132S11	SES275	-1.63366	4.74079	6.37444
BLOCK13/SES132/SA132S12	SES083	-2.64691	4.80029	7.4472
BLOCK13/SES132/SA132S12	SES143	-2.19306	5.25414	7.4472
BLOCK13/SES132/SA132S12	SES144	-1.43745	6.00976	7.4472
BLOCK13/SES132/SA132S12	SES148	-0.797525	6.64968	7.4472
BLOCK13/SES132/SA132S22	SES062	-1.14989	4.64025	5.79014
BLOCK13/SES132/SA132S22	SES083	-3.04346	2.74668	5.79014
BLOCK13/SES132/SA132S22	SES127	-1.73448	4.05566	5.79014
BLOCK13/SES132/SA132S22	SES275	-0.863254	4.92689	5.79014
BLOCK13/SES132/SA132S24	SES007	-0.756627	6.63051	7.38713
BLOCK13/SES132/SA132S24	SES083	-3.30118	4.08595	7.38713
BLOCK13/SES132/SA132S24	SES127	-2.51114	4.87599	7.38713
BLOCK13/SES132/SA132S24	SES275	-1.09252	6.29461	7.38713
BLOCK13/SES132/SA132S27	SES083	-3.52908	1.9513	5.48039
BLOCK13/SES132/SA132S27	SES120	-0.130732	5.34965	5.48039
BLOCK13/SES132/SA132S27	SES127	-2.41015	3.07024	5.48039
BLOCK13/SES132/SA132S27	SES275	-2.13117	3.34921	5.48039
BLOCK14/SES141/SA141S09	SES143	-2.06822	5.17218	7.2404
BLOCK14/SES141/SA141S09	SES144	-1.16922	6.07118	7.2404
BLOCK14/SES141/SA141S09	SES162	-1.51535	5.72505	7.2404
BLOCK14/SES141/SA141S09	SES180	-1.53045	5.70995	7.2404
BLOCK14/SES141/SA141S15	SES127	-1.64232	5.2867	6.92902
BLOCK14/SES141/SA141S15	SES144	-1.81216	5.11686	6.92902
BLOCK14/SES141/SA141S15	SES162	-2.00126	4.92776	6.92902
BLOCK14/SES141/SA141S15	SES180	-1.50628	5.42274	6.92902
BLOCK14/SES141/SA141S24	SES127	-1.4064	5.6853	7.0917
BLOCK14/SES141/SA141S24	SES144	-1.4943	5.5974	7.0917
BLOCK14/SES141/SA141S24	SES162	-1.64093	5.45077	7.0917
BLOCK14/SES141/SA141S24	SES183	-2.10532	4.98638	7.0917
BLOCK14/SES141/SA141S26	SES142	-1.53779	4.86101	6.39879
BLOCK14/SES141/SA141S26	SES144	-1.98854	4.41025	6.39879
BLOCK14/SES141/SA141S26	SES172	-0.968063	5.43073	6.39879
BLOCK14/SES141/SA141S26	SES180	-1.84992	4.54887	6.39879
BLOCK14/SES141/SA141S29	SES127	-0.773746	6.13634	6.91008
BLOCK14/SES141/SA141S29	SES142	-0.635376	6.2747	6.91008
BLOCK14/SES141/SA141S29	SES144	-1.10799	5.80209	6.91008
BLOCK14/SES141/SA141S29	SES180	-1.67602	5.23406	6.91008
BLOCK15/SES157/SA157S08	SES083	-1.98639	4.74764	6.73403
BLOCK15/SES157/SA157S08	SES127	-1.63459	5.09944	6.73403
BLOCK15/SES157/SA157S08	SES148	-1.20152	5.53252	6.73403
BLOCK15/SES157/SA157S08	SES292	-2.59063	4.14341	6.73403
BLOCK15/SES157/SA157S11	SES083	-2.07261	4.36765	6.44026
BLOCK15/SES157/SA157S11	SES127	-1.26662	5.17364	6.44026
BLOCK15/SES157/SA157S11	SES148	-1.49997	4.94028	6.44026
BLOCK15/SES157/SA157S11	SES292	-2.29622	4.14404	6.44026
BLOCK15/SES157/SA157S21	SES127	-0.763822	5.91176	6.67558
BLOCK15/SES157/SA157S21	SES148	-0.361045	6.31454	6.67558
BLOCK15/SES157/SA157S21	SES158	-5.90136	0.774226	6.67558
BLOCK15/SES157/SA157S21	SES292	-2.24276	4.43283	6.67558
BLOCK15/SES157/SA157S24	SES127	-1.18882	5.75106	6.93987
BLOCK15/SES157/SA157S24	SES148	-1.40093	5.53895	6.93987
BLOCK15/SES157/SA157S24	SES183	-1.93244	5.00743	6.93987
BLOCK15/SES157/SA157S24	SES292	-2.53344	4.40644	6.93987
BLOCK15/SES157/SA157S26	SES007	-0.9482	6.24713	7.19533
BLOCK15/SES157/SA157S26	SES127	-1.31614	5.87918	7.19533
BLOCK15/SES157/SA157S26	SES147	-2.12027	5.07505	7.19533
BLOCK15/SES157/SA157S26	SES148	-1.07739	6.11794	7.19533
BLOCK16/SES161/SA161S10	SES007	-1.39812	3.63671	5.03482
BLOCK16/SES161/SA161S10	SES105	-1.721	3.31382	5.03482
BLOCK16/SES161/SA161S10	SES158	-2.24024	2.79459	5.03482
BLOCK16/SES161/SA161S10	SES275	-1.64563	3.38919	5.03482
BLOCK16/SES161/SA161S12	SES007	-1.92922	3.54882	5.47804
BLOCK16/SES161/SA161S12	SES105	-2.68859	2.78945	5.47804
BLOCK16/SES161/SA161S12	SES158	-1.84307	3.63497	5.47804
BLOCK16/SES161/SA161S12	SES275	-2.23328	3.24477	5.47804
BLOCK16/SES161/SA161S20	SES007	-1.68673	2.79573	4.48247
BLOCK16/SES161/SA161S20	SES105	-3.59324	0.889224	4.48247
BLOCK16/SES161/SA161S20	SES158	-1.45952	3.02294	4.48247
BLOCK16/SES161/SA161S20	SES275	-2.20088	2.28159	4.48247
BLOCK16/SES161/SA161S23	SES007	-2.36706	3.19149	5.55855
BLOCK16/SES161/SA161S23	SES105	-1.5	4.05855	5.55855
BLOCK16/SES161/SA161S23	SES148	-2.04885	3.5097	5.55855
BLOCK16/SES161/SA161S23	SES158	-2.09659	3.46196	5.55855
BLOCK16/SES161/SA161S28	SES007	-2.64585	2.96892	5.61478
BLOCK16/SES161/SA161S28	SES105	-3.70578	1.909	5.61478
BLOCK16/SES161/SA161S28	SES158	-1.37071	4.24407	5.61478
BLOCK16/SES161/SA161S28	SES206	-1.71681	3.89797	5.61478
BLOCK16/SES164/SA164S11	SES104	-1.61411	3.05728	4.67139
BLOCK16/SES164/SA164S11	SES125	-1.38998	3.28141	4.67139
BLOCK16/SES164/SA164S11	SES158	0.125477	4.79687	4.67139
BLOCK16/SES164/SA164S11	SES206	-2.89683	1.77457	4.67139
BLOCK16/SES164/SA164S13	SES099	-2.26117	2.16845	4.42962
BLOCK16/SES164/SA164S13	SES104	-2.08575	2.34387	4.42962
BLOCK16/SES164/SA164S13	SES125	-3.51203	0.917586	4.42962
BLOCK16/SES164/SA164S13	SES206	-2.63999	1.78963	4.42962
BLOCK16/SES164/SA164S24	SES002	0.541298	4.60606	4.06476
BLOCK16/SES164/SA164S24	SES099	-1.02278	3.04198	4.06476
BLOCK16/SES164/SA164S24	SES125	-2.39734	1.66742	4.06476
BLOCK16/SES164/SA164S24	SES226	-0.273452	3.79131	4.06476
BLOCK16/SES164/SA164S27	SES087	-2.74994	1.02128	3.77122
BLOCK16/SES164/SA164S27	SES125	-2.048	1.72322	3.77122
BLOCK16/SES164/SA164S27	SES206	-2.89894	0.872283	3.77122
BLOCK16/SES164/SA164S27	SES226	-1.37617	2.39505	3.77122
BLOCK16/SES164/SA164S29	SES002	0.0545311	3.79416	3.73963
BLOCK16/SES164/SA164S29	SES019	-1.63838	2.10125	3.73963
BLOCK16/SES164/SA164S29	SES125	-2.3007	1.43893	3.73963
BLOCK16/SES164/SA164S29	SES226	-1.62121	2.11842	3.73963
BLOCK16/SES169/SA169S13	SES117	-1.04665	5.15077	6.19742
BLOCK16/SES169/SA169S13	SES144	-1.1255	5.07192	6.19742
BLOCK16/SES169/SA169S13	SES146	-1.50542	4.692	6.19742
BLOCK16/SES169/SA169S13	SES162	-1.4168	4.78063	6.19742
BLOCK16/SES169/SA169S14	SES144	-1.62275	6.21394	7.83669
BLOCK16/SES169/SA169S14	SES148	-1.96176	5.87492	7.83669
BLOCK16/SES169/SA169S14	SES177	-0.409045	7.42764	7.83669
BLOCK16/SES169/SA169S14	SES180	-2.22829	5.60839	7.83669
BLOCK16/SES169/SA169S24	SES117	-1.62759	3.29706	4.92464
BLOCK16/SES169/SA169S24	SES144	-1.45893	3.46571	4.92464
BLOCK16/SES169/SA169S24	SES146	-1.12487	3.79978	4.92464
BLOCK16/SES169/SA169S24	SES162	-1.49823	3.42641	4.92464
BLOCK16/SES169/SA169S27	SES127	-1.22005	4.60465	5.8247
BLOCK16/SES169/SA169S27	SES129	-1.39244	4.43226	5.8247
BLOCK16/SES169/SA169S27	SES144	-2.00609	3.81861	5.8247
BLOCK16/SES169/SA169S27	SES146	-0.75706	5.06764	5.8247
BLOCK16/SES169/SA169S29	SES144	-0.489416	6.77611	7.26553
BLOCK16/SES169/SA169S29	SES162	-0.397983	6.86754	7.26553
BLOCK16/SES169/SA169S29	SES177	-1.35726	5.90826	7.26553
BLOCK16/SES169/SA169S29	SES180	-1.06677	6.19876	7.26553
BLOCK17/SES171/SA171S12	SES083	-1.95668	2.92206	4.87874
BLOCK17/SES171/SA171S12	SES148	-2.05629	2.82245	4.87874
BLOCK17/SES171/SA171S12	SES172	-1.32184	3.5569	4.87874
BLOCK17/SES171/SA171S12	SES292	-3.66663	1.21211	4.87874
BLOCK17/SES171/SA171S15	SES148	-1.31269	4.06624	5.37893
BLOCK17/SES171/SA171S15	SES177	-1.02662	4.35231	5.37893
BLOCK17/SES171/SA171S15	SES180	-2.56299	2.81594	5.37893
BLOCK17/SES171/SA171S15	SES292	-2.00249	3.37644	5.37893
BLOCK17/SES171/SA171S22	SES007	-1.75452	5.53021	7.28474
BLOCK17/SES171/SA171S22	SES148	-1.54183	5.74291	7.28474
BLOCK17/SES171/SA171S22	SES177	-1.03874	6.24599	7.28474
BLOCK17/SES171/SA171S22	SES180	-2.61301	4.67172	7.28474
BLOCK17/SES171/SA171S25	SES101	-1.42567	4.19854	5.62422
BLOCK17/SES171/SA171S25	SES120	-3.47333	2.15089	5.62422
BLOCK17/SES171/SA171S25	SES177	-1.82139	3.80283	5.62422
BLOCK17/SES171/SA171S25	SES180	-2.44333	3.18089	5.62422
BLOCK17/SES171/SA171S27	SES177	-1.04842	4.70189	5.75031
BLOCK17/SES171/SA171S27	SES180	-2.61552	3.13479	5.75031
BLOCK17/SES171/SA171S27	SES189	-0.578182	5.17213	5.75031
BLOCK17/SES171/SA171S27	SES292	-2.48043	3.26988	5.75031
BLOCK17/SES173/SA173S13	SES162	-4.64744	1.91088	6.55833
BLOCK17/SES173/SA173S13	SES177	-2.50587	4.05245	6.55833
BLOCK17/SES173/SA173S13	SES180	-4.6035	1.95482	6.55833
BLOCK17/SES173/SA173S13	SES292	-1.17302	5.3853	6.55833
BLOCK17/SES173/SA173S14	SES007	-1.21757	5.66571	6.88329
BLOCK17/SES173/SA173S14	SES162	-4.36451	2.51877	6.88329
BLOCK17/SES173/SA173S14	SES177	-1.68265	5.20064	6.88329
BLOCK17/SES173/SA173S14	SES180	-4.41067	2.47261	6.88329
BLOCK17/SES173/SA173S24	SES144	-2.97978	2.79211	5.7719
BLOCK17/SES173/SA173S24	SES162	-3.94216	1.82974	5.7719
BLOCK17/SES173/SA173S24	SES177	-1.02093	4.75097	5.7719
BLOCK17/SES173/SA173S24	SES180	-4.53027	1.24163	5.7719
BLOCK17/SES173/SA173S27	SES162	-3.85047	2.72535	6.57583
BLOCK17/SES173/SA173S27	SES177	-2.12437	4.45146	6.57583
BLOCK17/SES173/SA173S27	SES180	-2.73905	3.83678	6.57583
BLOCK17/SES173/SA173S27	SES292	-0.826626	5.7492	6.57583
BLOCK17/SES173/SA173S29	SES162	-3.52177	2.51673	6.0385
BLOCK17/SES173/SA173S29	SES175	-1.23784	4.80066	6.0385
BLOCK17/SES173/SA173S29	SES177	-0.964824	5.07368	6.0385
BLOCK17/SES173/SA173S29	SES292	-2.70502	3.33348	6.0385
BLOCK18/SES182/SA182S10	SES144	-1.18218	4.58474	5.76692
BLOCK18/SES182/SA182S10	SES177	-1.79067	3.97625	5.76692
BLOCK18/SES182/SA182S10	SES180	-2.88288	2.88404	5.76692
BLOCK18/SES182/SA182S10	SES275	-1.03094	4.73598	5.76692
BLOCK18/SES182/SA182S12	SES144	-0.148544	7.02821	7.17676
BLOCK18/SES182/SA182S12	SES177	-0.774039	6.40272	7.17676
BLOCK18/SES182/SA182S12	SES180	-1.54532	5.63143	7.17676
BLOCK18/SES182/SA182S12	SES275	-0.681937	6.49482	7.17676
BLOCK18/SES182/SA182S21	SES117	-1.85483	3.2748	5.12963
BLOCK18/SES182/SA182S21	SES144	-1.12625	4.00338	5.12963
BLOCK18/SES182/SA182S21	SES162	-1.1526	3.97704	5.12963
BLOCK18/SES182/SA182S21	SES180	-3.34757	1.78206	5.12963
BLOCK18/SES182/SA182S23	SES117	-2.01966	3.10948	5.12915
BLOCK18/SES182/SA182S23	SES144	-1.62339	3.50576	5.12915
BLOCK18/SES182/SA182S23	SES180	-2.92956	2.19959	5.12915
BLOCK18/SES182/SA182S23	SES275	0.324391	5.45354	5.12915
BLOCK18/SES182/SA182S25	SES007	0.0471139	4.74445	4.69733
BLOCK18/SES182/SA182S25	SES162	-0.54382	4.15351	4.69733
BLOCK18/SES182/SA182S25	SES177	-0.493361	4.20397	4.69733
BLOCK18/SES182/SA182S25	SES180	-1.98563	2.7117	4.69733
BLOCK18/SES184/SA184S12	SES177	-3.09068	2.93471	6.02539
BLOCK18/SES184/SA184S12	SES180	-1.61202	4.41337	6.02539
BLOCK18/SES184/SA184S12	SES189	-1.83342	4.19197	6.02539
BLOCK18/SES184/SA184S12	SES292	-1.18267	4.84272	6.02539
BLOCK18/SES184/SA184S13	SES101	-1.77007	4.27459	6.04466
BLOCK18/SES184/SA184S13	SES177	-1.78292	4.26173	6.04466
BLOCK18/SES184/SA184S13	SES180	-2.05601	3.98865	6.04466
BLOCK18/SES184/SA184S13	SES292	-2.43647	3.60819	6.04466
BLOCK18/SES184/SA184S22	SES177	-2.43004	3.45703	5.88708
BLOCK18/SES184/SA184S22	SES180	-1.417	4.47008	5.88708
BLOCK18/SES184/SA184S22	SES189	-1.91854	3.96854	5.88708
BLOCK18/SES184/SA184S22	SES292	-2.46074	3.42634	5.88708
BLOCK18/SES184/SA184S25	SES101	-1.14796	5.58292	6.73088
BLOCK18/SES184/SA184S25	SES177	-2.43723	4.29365	6.73088
BLOCK18/SES184/SA184S25	SES180	-1.53192	5.19896	6.73088
BLOCK18/SES184/SA184S25	SES292	-1.94463	4.78625	6.73088
BLOCK18/SES184/SA184S27	SES083	-1.50061	4.63311	6.13371
BLOCK18/SES184/SA184S27	SES177	-1.12449	5.00922	6.13371
BLOCK18/SES184/SA184S27	SES202	-1.77685	4.35686	6.13371
BLOCK18/SES184/SA184S27	SES292	-1.0421	5.09161	6.13371
BLOCK20/SES204/SA204S12	SES062	-1.20912	5.89304	7.10216
BLOCK20/SES204/SA204S12	SES083	-3.46496	3.63721	7.10216
BLOCK20/SES204/SA204S12	SES206	-0.932202	6.16996	7.10216
BLOCK20/SES204/SA204S12	SES226	-3.21687	3.8853	7.10216
BLOCK20/SES204/SA204S14	SES068	-0.927364	6.91806	7.84542
BLOCK20/SES204/SA204S14	SES087	-0.587369	7.25805	7.84542
BLOCK20/SES204/SA204S14	SES206	-1.44624	6.39918	7.84542
BLOCK20/SES204/SA204S14	SES226	-2.40021	5.44521	7.84542
BLOCK20/SES204/SA204S22	SES068	-1.42229	5.51017	6.93247
BLOCK20/SES204/SA204S22	SES082	-2.79647	4.13599	6.93247
BLOCK20/SES204/SA204S22	SES083	-3.43716	3.4953	6.93247
BLOCK20/SES204/SA204S22	SES206	-1.211	5.72147	6.93247
BLOCK20/SES204/SA204S25	SES062	-1.15479	6.02397	7.17877
BLOCK20/SES204/SA204S25	SES083	-3.10634	4.07243	7.17877
BLOCK20/SES204/SA204S25	SES206	-1.29086	5.88791	7.17877
BLOCK20/SES204/SA204S25	SES226	-2.7052	4.47357	7.17877
BLOCK20/SES204/SA204S27	SES068	-1.72255	4.74765	6.4702
BLOCK20/SES204/SA204S27	SES082	-2.52731	3.94289	6.4702
BLOCK20/SES204/SA204S27	SES087	-1.38815	5.08205	6.4702
BLOCK20/SES204/SA204S27	SES206	-2.14848	4.32172	6.4702
