BLOCK00/SES002/SA002S12	SES002	0.705231	-7.22027	-7.9255
BLOCK00/SES002/SA002S13	SES002	1.19223	-7.53088	-8.72312
BLOCK00/SES002/SA002S23	SES002	0.55037	-7.45217	-8.00254
BLOCK00/SES002/SA002S26	SES002	0.578358	-8.39115	-8.96951
BLOCK00/SES002/SA002S28	SES002	0.290343	-7.86541	-8.15575
BLOCK00/SES007/SA007S14	SES007	0.665058	-6.04989	-6.71495
BLOCK00/SES007/SA007S15	SES007	0.519243	-6.82879	-7.34803
BLOCK00/SES007/SA007S24	SES007	0.583223	-6.45552	-7.03874
BLOCK00/SES007/SA007S27	SES007	-0.222612	-8.30336	-8.08075
BLOCK00/SES007/SA007S29	SES007	0.166584	-6.91548	-7.08206
BLOCK00/SES008/SA008S11	SES008	1.38726	-6.45736	-7.84462
BLOCK00/SES008/SA008S12	SES008	0.0438643	-7.45698	-7.50084
BLOCK00/SES008/SA008S19	SES008	1.14066	-6.50089	-7.64155
BLOCK00/SES008/SA008S22	SES008	0.547941	-7.29958	-7.84752
BLOCK00/SES008/SA008S29	SES008	0.806337	-6.48023	-7.28656
BLOCK01/SES014/SA014S10	SES014	0.553859	-7.13009	-7.68395
BLOCK01/SES014/SA014S12	SES014	1.22472	-6.27977	-7.50449
BLOCK01/SES014/SA014S24	SES014	0.763916	-6.82553	-7.58945
BLOCK01/SES014/SA014S26	SES014	1.3087	-5.93359	-7.2423
BLOCK01/SES014/SA014S28	SES014	1.93235	-5.42483	-7.35717
BLOCK01/SES016/SA016S12	SES016	1.34746	-8.21173	-9.55919
BLOCK01/SES016/SA016S13	SES016	0.733438	-6.77768	-7.51112
BLOCK01/SES016/SA016S22	SES016	1.11576	-6.39298	-7.50874
BLOCK01/SES016/SA016S25	SES016	1.3088	-5.0775	-6.3863
BLOCK01/SES016/SA016S27	SES016	1.15353	-6.09192	-7.24544
BLOCK01/SES019/SA019S13	SES019	3.10502	-5.88252	-8.98754
BLOCK01/SES019/SA019S14	SES019	1.46636	-7.70076	-9.16712
BLOCK01/SES019/SA019S22	SES019	2.24725	-6.30297	-8.55022
BLOCK01/SES019/SA019S25	SES019	2.14165	-6.57182	-8.71348
BLOCK01/SES019/SA019S29	SES019	3.86121	-6.43703	-10.2982
BLOCK02/SES029/SA029S11	SES029	0.625983	-6.0412	-6.66718
BLOCK02/SES029/SA029S12	SES029	0.150223	-6.63781	-6.78803
BLOCK02/SES029/SA029S20	SES029	0.463632	-6.09619	-6.55982
BLOCK02/SES029/SA029S25	SES029	0.404884	-6.85957	-7.26445
BLOCK02/SES029/SA029S28	SES029	0.183186	-6.6276	-6.81079
BLOCK04/SES042/SA042S12	SES042	1.28102	-6.21677	-7.49779
BLOCK04/SES042/SA042S15	SES042	1.22601	-5.71665	-6.94266
BLOCK04/SES042/SA042S22	SES042	1.72455	-6.56799	-8.29254
BLOCK04/SES042/SA042S25	SES042	0.440846	-8.48637	-8.92722
BLOCK04/SES042/SA042S27	SES042	1.40359	-6.91656	-8.32015
BLOCK04/SES048/SA048S11	SES048	0.890336	-5.90977	-6.80011
BLOCK04/SES048/SA048S12	SES048	0.352874	-7.36465	-7.71752
BLOCK04/SES048/SA048S20	SES048	0.325416	-6.21617	-6.54159
BLOCK04/SES048/SA048S23	SES048	0.969021	-6.52319	-7.49221
BLOCK04/SES048/SA048S27	SES048	0.0947161	-7.27206	-7.36678
BLOCK06/SES060/SA060S11	SES060	1.21082	-6.48802	-7.69884
BLOCK06/SES060/SA060S12	SES060	0.729417	-7.47675	-8.20617
BLOCK06/SES060/SA060S22	SES060	-1.24855	-9.34516	-8.0966
BLOCK06/SES060/SA060S24	SES060	1.16336	-5.41558	-6.57893
BLOCK06/SES060/SA060S28	SES060	0.510334	-5.83914	-6.34948
BLOCK06/SES062/SA062S10	SES062	0.0520945	-6.98268	-7.03478
BLOCK06/SES062/SA062S11	SES062	-0.0268841	-8.04714	-8.02025
BLOCK06/SES062/SA062S21	SES062	0.557497	-5.35746	-5.91496
BLOCK06/SES062/SA062S26	SES062	0.100835	-7.26264	-7.36348
BLOCK06/SES062/SA062S29	SES062	0.850008	-6.07368	-6.92369
BLOCK06/SES068/SA068S14	SES068	0.265551	-7.18035	-7.4459
BLOCK06/SES068/SA068S15	SES068	0.871125	-6.67362	-7.54475
BLOCK06/SES068/SA068S23	SES068	0.0234075	-7.27113	-7.29454
BLOCK06/SES068/SA068S27	SES068	1.49836	-5.9559	-7.45426
BLOCK06/SES068/SA068S29	SES068	0.367697	-7.10122	-7.46892
BLOCK08/SES082/SA082S12	SES082	-0.130393	-8.23978	-8.10938
BLOCK08/SES082/SA082S14	SES082	-0.143744	-8.33465	-8.19091
BLOCK08/SES082/SA082S21	SES082	0.491371	-7.1365	-7.62787
BLOCK08/SES082/SA082S24	SES082	0.248507	-7.72331	-7.97182
BLOCK08/SES082/SA082S28	SES082	0.32642	-7.56488	-7.8913
BLOCK08/SES083/SA083S14	SES083	-0.0514188	-7.028	-6.97658
BLOCK08/SES083/SA083S15	SES083	0.657042	-6.60908	-7.26612
BLOCK08/SES083/SA083S24	SES083	0.314547	-7.03108	-7.34563
BLOCK08/SES083/SA083S26	SES083	0.538916	-7.83155	-8.37047
BLOCK08/SES083/SA083S29	SES083	0.0606213	-7.553	-7.61362
BLOCK08/SES085/SA085S10	SES085	0.95122	-5.9615	-6.91272
BLOCK08/SES085/SA085S13	SES085	-0.517093	-8.2286	-7.7115
BLOCK08/SES085/SA085S22	SES085	0.651447	-6.60214	-7.25359
BLOCK08/SES085/SA085S26	SES085	-0.0106173	-7.4281	-7.41749
BLOCK08/SES085/SA085S28	SES085	0.504356	-6.9551	-7.45946
BLOCK08/SES087/SA087S15	SES087	0.929385	-7.5625	-8.49189
BLOCK08/SES087/SA087S16	SES087	1.25463	-7.17608	-8.43072
BLOCK08/SES087/SA087S24	SES087	1.14093	-7.00468	-8.14561
BLOCK08/SES087/SA087S26	SES087	0.985638	-6.23148	-7.21711
BLOCK08/SES087/SA087S29	SES087	1.0902	-6.39403	-7.48423
BLOCK09/SES099/SA099S15	SES099	0.528088	-7.56501	-8.09309
BLOCK09/SES099/SA099S16	SES099	0.67442	-7.12028	-7.7947
BLOCK09/SES099/SA099S24	SES099	0.756606	-7.30163	-8.05823
BLOCK09/SES099/SA099S26	SES099	0.956435	-6.72864	-7.68507
BLOCK09/SES099/SA099S29	SES099	0.493186	-7.70683	-8.20002
BLOCK10/SES101/SA101S11	SES101	0.578756	-6.08705	-6.66581
BLOCK10/SES101/SA101S13	SES101	0.833908	-5.3709	-6.20481
BLOCK10/SES101/SA101S22	SES101	0.578171	-7.43862	-8.01679
BLOCK10/SES101/SA101S24	SES101	0.532094	-6.63465	-7.16675
BLOCK10/SES101/SA101S28	SES101	0.579918	-6.89409	-7.47401
BLOCK10/SES104/SA104S11	SES104	0.610044	-6.64148	-7.25152
BLOCK10/SES104/SA104S12	SES104	0.858185	-6.98571	-7.8439
BLOCK10/SES104/SA104S21	SES104	0.406572	-7.5058	-7.91237
BLOCK10/SES104/SA104S24	SES104	0.177531	-7.82675	-8.00428
BLOCK10/SES104/SA104S28	SES104	0.771859	-6.96914	-7.741
BLOCK10/SES105/SA105S12	SES105	0.947284	-7.47386	-8.42114
BLOCK10/SES105/SA105S13	SES105	-0.0303917	-7.27607	-7.24568
BLOCK10/SES105/SA105S22	SES105	0.732812	-8.08427	-8.81708
BLOCK10/SES105/SA105S26	SES105	0.683271	-7.71064	-8.39391
BLOCK10/SES105/SA105S29	SES105	1.20632	-5.99114	-7.19745
BLOCK10/SES106/SA106S09	SES106	0.724736	-7.49514	-8.21988
BLOCK10/SES106/SA106S11	SES106	0.781108	-6.69936	-7.48046
BLOCK10/SES106/SA106S22	SES106	1.31204	-7.23085	-8.5429
BLOCK10/SES106/SA106S27	SES106	0.575768	-6.75883	-7.3346
BLOCK10/SES106/SA106S29	SES106	0.748479	-5.98627	-6.73475
BLOCK11/SES117/SA117S12	SES117	0.605445	-7.20053	-7.80598
BLOCK11/SES117/SA117S13	SES117	0.0542984	-7.75076	-7.80506
BLOCK11/SES117/SA117S23	SES117	0.732671	-8.2056	-8.93827
BLOCK11/SES117/SA117S25	SES117	0.570029	-7.52334	-8.09336
BLOCK11/SES117/SA117S28	SES117	0.726471	-7.29606	-8.02253
BLOCK12/SES120/SA120S08	SES120	0.301466	-7.33191	-7.63338
BLOCK12/SES120/SA120S11	SES120	0.61698	-9.76977	-10.3867
BLOCK12/SES120/SA120S22	SES120	0.117149	-6.88439	-7.00154
BLOCK12/SES120/SA120S24	SES120	0.0770802	-7.89277	-7.96985
BLOCK12/SES120/SA120S28	SES120	-0.249857	-8.08998	-7.84013
BLOCK12/SES125/SA125S13	SES125	0.743005	-6.91106	-7.65407
BLOCK12/SES125/SA125S14	SES125	0.503772	-7.50923	-8.013
BLOCK12/SES125/SA125S25	SES125	0.606554	-7.63073	-8.23729
BLOCK12/SES125/SA125S27	SES125	0.964402	-6.38852	-7.35292
BLOCK12/SES125/SA125S29	SES125	0.357474	-7.14442	-7.50189
BLOCK12/SES127/SA127S11	SES127	0.235218	-7.42517	-7.66038
BLOCK12/SES127/SA127S12	SES127	0.263375	-5.77768	-6.04106
BLOCK12/SES127/SA127S23	SES127	0.250775	-6.4949	-6.74568
BLOCK12/SES127/SA127S25	SES127	0.419887	-6.45525	-6.87513
BLOCK12/SES127/SA127S27	SES127	0.779737	-6.62362	-7.40336
BLOCK12/SES129/SA129S11	SES129	0.867725	-5.9623	-6.83002
BLOCK12/SES129/SA129S12	SES129	0.795918	-5.74469	-6.54061
BLOCK12/SES129/SA129S22	SES129	1.03956	-6.43644	-7.47599
BLOCK12/SES129/SA129S27	SES129	0.987995	-6.62103	-7.60902
BLOCK12/SES129/SA129S29	SES129	0.26254	-7.80163	-8.06417
BLOCK14/SES142/SA142S11	SES142	1.04446	-6.30184	-7.34629
BLOCK14/SES142/SA142S12	SES142	0.226939	-7.37251	-7.59944
BLOCK14/SES142/SA142S24	SES142	0.806931	-6.35982	-7.16676
BLOCK14/SES142/SA142S27	SES142	0.952404	-6.18965	-7.14206
BLOCK14/SES142/SA142S29	SES142	0.974554	-5.88575	-6.86031
BLOCK14/SES143/SA143S12	SES143	0.796463	-6.67874	-7.4752
BLOCK14/SES143/SA143S13	SES143	0.730298	-6.95298	-7.68327
BLOCK14/SES143/SA143S23	SES143	0.385279	-6.99306	-7.37834
BLOCK14/SES143/SA143S25	SES143	0.567974	-7.1337	-7.70167
BLOCK14/SES143/SA143S28	SES143	0.535014	-7.04757	-7.58258
BLOCK14/SES144/SA144S09	SES144	0.330841	-7.25136	-7.5822
BLOCK14/SES144/SA144S11	SES144	0.0791626	-7.04764	-7.1268
BLOCK14/SES144/SA144S21	SES144	-0.318305	-7.93458	-7.61627
BLOCK14/SES144/SA144S25	SES144	0.404723	-7.39981	-7.80453
BLOCK14/SES144/SA144S29	SES144	-0.769166	-8.4092	-7.64004
BLOCK14/SES146/SA146S14	SES146	0.335196	-7.5599	-7.89509
BLOCK14/SES146/SA146S15	SES146	0.0283566	-7.61358	-7.64193
BLOCK14/SES146/SA146S24	SES146	0.431327	-7.02321	-7.45454
BLOCK14/SES146/SA146S26	SES146	0.562841	-7.11003	-7.67287
BLOCK14/SES146/SA146S29	SES146	0.541561	-7.56898	-8.11054
BLOCK14/SES147/SA147S11	SES147	0.391544	-7.06368	-7.45523
BLOCK14/SES147/SA147S13	SES147	0.436004	-6.36313	-6.79914
BLOCK14/SES147/SA147S23	SES147	0.457207	-7.11977	-7.57698
BLOCK14/SES147/SA147S26	SES147	0.849769	-6.8344	-7.68417
BLOCK14/SES147/SA147S28	SES147	1.1259	-6.23093	-7.35683
BLOCK14/SES148/SA148S10	SES148	0.641332	-6.20548	-6.84681
BLOCK14/SES148/SA148S12	SES148	-0.318039	-7.86413	-7.54609
BLOCK14/SES148/SA148S22	SES148	0.4559	-6.56042	-7.01632
BLOCK14/SES148/SA148S26	SES148	0.14474	-6.15971	-6.30445
BLOCK14/SES148/SA148S29	SES148	0.328835	-7.07875	-7.40758
BLOCK14/SES149/SA149S13	SES149	-0.222693	-6.99085	-6.76816
BLOCK14/SES149/SA149S14	SES149	0.148131	-6.29365	-6.44178
BLOCK14/SES149/SA149S24	SES149	0.669837	-6.72247	-7.3923
BLOCK14/SES149/SA149S26	SES149	0.737357	-5.90985	-6.64721
BLOCK14/SES149/SA149S28	SES149	1.45659	-5.1959	-6.65249
BLOCK15/SES158/SA158S13	SES158	0.603348	-6.71139	-7.31473
BLOCK15/SES158/SA158S14	SES158	0.500788	-7.85827	-8.35906
BLOCK15/SES158/SA158S23	SES158	0.413662	-6.28947	-6.70313
BLOCK15/SES158/SA158S26	SES158	0.9244	-7.21797	-8.14237
BLOCK15/SES158/SA158S28	SES158	0.687395	-7.32021	-8.0076
BLOCK16/SES162/SA162S10	SES162	0.332583	-8.08949	-8.42208
BLOCK16/SES162/SA162S11	SES162	0.368652	-6.40047	-6.76912
BLOCK16/SES162/SA162S21	SES162	0.769043	-6.57929	-7.34833
BLOCK16/SES162/SA162S24	SES162	0.534636	-7.01658	-7.55122
BLOCK16/SES162/SA162S27	SES162	1.07722	-7.61321	-8.69043
BLOCK16/SES167/SA167S14	SES167	1.09402	-6.09008	-7.1841
BLOCK16/SES167/SA167S15	SES167	1.50859	-5.80748	-7.31607
BLOCK16/SES167/SA167S21	SES167	1.54013	-5.72604	-7.26618
BLOCK16/SES167/SA167S25	SES167	1.52153	-6.39297	-7.9145
BLOCK16/SES167/SA167S29	SES167	1.86501	-5.46505	-7.33006
BLOCK17/SES172/SA172S12	SES172	0.998118	-7.61745	-8.61556
BLOCK17/SES172/SA172S13	SES172	1.21335	-7.25133	-8.46468
BLOCK17/SES172/SA172S23	SES172	1.00775	-6.56991	-7.57766
BLOCK17/SES172/SA172S27	SES172	0.677008	-8.12205	-8.79906
BLOCK17/SES172/SA172S29	SES172	1.28433	-6.85412	-8.13845
BLOCK17/SES175/SA175S11	SES175	0.261343	-7.11722	-7.37857
BLOCK17/SES175/SA175S13	SES175	0.61623	-5.19374	-5.80997
BLOCK17/SES175/SA175S23	SES175	0.815309	-5.96706	-6.78237
BLOCK17/SES175/SA175S25	SES175	-0.108812	-7.94409	-7.83528
BLOCK17/SES175/SA175S28	SES175	0.208707	-6.57167	-6.78038
BLOCK17/SES177/SA177S15	SES177	0.386403	-7.90947	-8.29587
BLOCK17/SES177/SA177S17	SES177	0.296871	-7.63856	-7.93543
BLOCK17/SES177/SA177S23	SES177	0.353889	-7.59266	-7.94655
BLOCK17/SES177/SA177S26	SES177	0.880271	-5.38786	-6.26813
BLOCK17/SES177/SA177S28	SES177	0.794634	-7.24548	-8.04012
BLOCK18/SES180/SA180S13	SES180	-0.0643029	-7.99665	-7.93235
BLOCK18/SES180/SA180S15	SES180	0.37911	-6.94172	-7.32083
BLOCK18/SES180/SA180S24	SES180	0.691689	-6.02551	-6.7172
BLOCK18/SES180/SA180S26	SES180	0.241805	-6.43544	-6.67724
BLOCK18/SES180/SA180S29	SES180	-0.281696	-7.83976	-7.55806
BLOCK18/SES183/SA183S13	SES183	1.13542	-6.6713	-7.80672
BLOCK18/SES183/SA183S14	SES183	-0.117746	-7.23354	-7.11579
BLOCK18/SES183/SA183S24	SES183	0.876842	-7.33308	-8.20992
BLOCK18/SES183/SA183S27	SES183	0.830382	-7.81607	-8.64645
BLOCK18/SES183/SA183S29	SES183	1.08738	-6.71224	-7.79962
BLOCK18/SES187/SA187S13	SES187	0.253405	-8.23376	-8.48716
BLOCK18/SES187/SA187S14	SES187	0.315027	-7.61845	-7.93348
BLOCK18/SES187/SA187S24	SES187	0.68063	-7.67629	-8.35692
BLOCK18/SES187/SA187S27	SES187	0.621436	-7.84258	-8.46402
BLOCK18/SES187/SA187S29	SES187	0.382961	-8.10677	-8.48973
BLOCK18/SES189/SA189S10	SES189	1.09383	-7.45773	-8.55155
BLOCK18/SES189/SA189S13	SES189	1.1498	-8.15451	-9.30431
BLOCK18/SES189/SA189S24	SES189	0.721296	-6.68855	-7.40985
BLOCK18/SES189/SA189S26	SES189	1.08255	-6.81214	-7.89468
BLOCK18/SES189/SA189S29	SES189	1.11999	-6.49404	-7.61403
BLOCK20/SES202/SA202S12	SES202	0.465457	-7.22563	-7.69108
BLOCK20/SES202/SA202S14	SES202	0.905426	-6.87622	-7.78164
BLOCK20/SES202/SA202S24	SES202	0.216146	-7.94791	-8.16406
BLOCK20/SES202/SA202S27	SES202	0.79268	-6.50201	-7.29469
BLOCK20/SES202/SA202S29	SES202	0.785201	-6.69104	-7.47625
BLOCK20/SES206/SA206S15	SES206	-0.534018	-7.13616	-6.60214
BLOCK20/SES206/SA206S17	SES206	0.376741	-7.35407	-7.73081
BLOCK20/SES206/SA206S24	SES206	1.19071	-5.76576	-6.95648
BLOCK20/SES206/SA206S27	SES206	0.989647	-7.20274	-8.19239
BLOCK20/SES206/SA206S29	SES206	0.986778	-5.77386	-6.76064
BLOCK22/SES226/SA226S12	SES226	0.471451	-7.41151	-7.88296
BLOCK22/SES226/SA226S13	SES226	-0.507958	-8.46754	-7.95958
BLOCK22/SES226/SA226S20	SES226	0.693784	-7.07806	-7.77185
BLOCK22/SES226/SA226S23	SES226	0.617619	-6.68164	-7.29926
BLOCK22/SES226/SA226S28	SES226	0.98076	-6.42042	-7.40118
BLOCK25/SES259/SA259S13	SES259	1.86142	-6.09438	-7.9558
BLOCK25/SES259/SA259S14	SES259	1.10687	-6.36361	-7.47047
BLOCK25/SES259/SA259S22	SES259	1.30487	-6.00789	-7.31277
BLOCK25/SES259/SA259S24	SES259	0.84343	-6.63963	-7.48306
BLOCK25/SES259/SA259S28	SES259	0.760911	-6.59766	-7.35857
BLOCK27/SES270/SA270S14	SES270	1.68383	-6.89698	-8.5808
BLOCK27/SES270/SA270S16	SES270	0.156369	-7.17105	-7.32742
BLOCK27/SES270/SA270S22	SES270	1.8737	-6.11816	-7.99186
BLOCK27/SES270/SA270S26	SES270	0.561025	-7.31959	-7.88062
BLOCK27/SES270/SA270S28	SES270	1.22529	-6.71179	-7.93708
BLOCK27/SES275/SA275S17	SES275	0.517089	-6.72072	-7.2378
BLOCK27/SES275/SA275S18	SES275	0.285753	-6.95413	-7.23988
BLOCK27/SES275/SA275S24	SES275	0.561337	-7.41374	-7.97508
BLOCK27/SES275/SA275S26	SES275	0.842659	-6.71996	-7.56262
BLOCK27/SES275/SA275S28	SES275	0.749119	-6.92349	-7.67261
BLOCK29/SES292/SA292S10	SES292	-0.214172	-6.89679	-6.68262
BLOCK29/SES292/SA292S12	SES292	0.174472	-8.00789	-8.18236
BLOCK29/SES292/SA292S22	SES292	0.105784	-7.43199	-7.53777
BLOCK29/SES292/SA292S24	SES292	-0.0316892	-7.31408	-7.28239
BLOCK29/SES292/SA292S27	SES292	-0.126988	-7.15865	-7.03166
BLOCK00/SES001/SA001S14	SES062	-1.68611	-9.84776	-8.16165
BLOCK00/SES001/SA001S14	SES082	-0.505586	-8.66724	-8.16165
BLOCK00/SES001/SA001S14	SES106	-1.58003	-9.74168	-8.16165
BLOCK00/SES001/SA001S14	SES206	-1.6157	-9.77735	-8.16165
BLOCK00/SES001/SA001S15	SES062	-1.11096	-8.48794	-7.37698
BLOCK00/SES001/SA001S15	SES104	-1.26349	-8.64048	-7.37698
BLOCK00/SES001/SA001S15	SES106	-1.47063	-8.84761	-7.37698
BLOCK00/SES001/SA001S15	SES206	-1.72449	-9.10147	-7.37698
BLOCK00/SES001/SA001S24	SES062	-0.71676	-8.22349	-7.50673
BLOCK00/SES001/SA001S24	SES082	-0.912514	-8.41924	-7.50673
BLOCK00/SES001/SA001S24	SES087	-0.868789	-8.37552	-7.50673
BLOCK00/SES001/SA001S24	SES206	-0.318505	-7.82523	-7.50673
BLOCK00/SES001/SA001S27	SES062	-0.621459	-6.63097	-6.00951
BLOCK00/SES001/SA001S27	SES082	-0.527132	-6.53665	-6.00951
BLOCK00/SES001/SA001S27	SES087	-0.617048	-6.62656	-6.00951
BLOCK00/SES001/SA001S27	SES206	-1.22156	-7.23108	-6.00951
BLOCK00/SES001/SA001S29	SES062	-1.62463	-9.2115	-7.58686
BLOCK00/SES001/SA001S29	SES082	-0.586167	-8.17303	-7.58686
BLOCK00/SES001/SA001S29	SES158	-0.743966	-8.33083	-7.58686
BLOCK00/SES001/SA001S29	SES206	-1.23794	-8.8248	-7.58686
BLOCK00/SES003/SA003S11	SES002	-0.121305	-8.16242	-8.04112
BLOCK00/SES003/SA003S11	SES019	-1.26672	-9.30784	-8.04112
BLOCK00/SES003/SA003S11	SES082	-0.14097	-8.18209	-8.04112
BLOCK00/SES003/SA003S11	SES125	-0.897649	-8.93876	-8.04112
BLOCK00/SES003/SA003S15	SES016	-1.29985	-8.40644	-7.10659
BLOCK00/SES003/SA003S15	SES019	-3.44243	-10.549	-7.10659
BLOCK00/SES003/SA003S15	SES062	0.175316	-6.93127	-7.10659
BLOCK00/SES003/SA003S15	SES206	-1.08022	-8.1868	-7.10659
BLOCK00/SES003/SA003S22	SES002	-0.445978	-7.76344	-7.31746
BLOCK00/SES003/SA003S22	SES062	-0.129638	-7.4471	-7.31746
BLOCK00/SES003/SA003S22	SES082	-0.533557	-7.85101	-7.31746
BLOCK00/SES003/SA003S22	SES087	-0.550399	-7.86786	-7.31746
BLOCK00/SES003/SA003S25	SES062	-1.71178	-10.4909	-8.77913
BLOCK00/SES003/SA003S25	SES082	-1.49721	-10.2763	-8.77913
BLOCK00/SES003/SA003S25	SES087	-1.26115	-10.0403	-8.77913
BLOCK00/SES003/SA003S25	SES206	-1.02592	-9.80505	-8.77913
BLOCK00/SES003/SA003S29	SES002	-1.21267	-9.18091	-7.96824
BLOCK00/SES003/SA003S29	SES062	-2.07516	-10.0434	-7.96824
BLOCK00/SES003/SA003S29	SES082	-1.24836	-9.2166	-7.96824
BLOCK00/SES003/SA003S29	SES087	-2.1608	-10.129	-7.96824
BLOCK00/SES004/SA004S12	SES083	-1.16015	-7.98175	-6.8216
BLOCK00/SES004/SA004S12	SES148	-0.839541	-7.66114	-6.8216
BLOCK00/SES004/SA004S12	SES172	0.151038	-6.67056	-6.8216
BLOCK00/SES004/SA004S12	SES292	-1.05396	-7.87556	-6.8216
BLOCK00/SES004/SA004S17	SES083	-0.794851	-7.92699	-7.13214
BLOCK00/SES004/SA004S17	SES162	-0.860071	-7.99221	-7.13214
BLOCK00/SES004/SA004S17	SES172	-0.473754	-7.60589	-7.13214
BLOCK00/SES004/SA004S17	SES292	-1.09315	-8.22529	-7.13214
BLOCK00/SES004/SA004S24	SES083	-1.07089	-7.82621	-6.75531
BLOCK00/SES004/SA004S24	SES148	-1.5472	-8.30251	-6.75531
BLOCK00/SES004/SA004S24	SES172	-0.210273	-6.96559	-6.75531
BLOCK00/SES004/SA004S24	SES292	-0.664693	-7.42001	-6.75531
BLOCK00/SES004/SA004S26	SES083	-1.82098	-9.2292	-7.40822
BLOCK00/SES004/SA004S26	SES127	-0.933092	-8.34132	-7.40822
BLOCK00/SES004/SA004S26	SES148	-2.5873	-9.99552	-7.40822
BLOCK00/SES004/SA004S26	SES292	-1.81823	-9.22646	-7.40822
BLOCK00/SES004/SA004S28	SES083	-1.15463	-8.05313	-6.89851
BLOCK00/SES004/SA004S28	SES127	-0.207055	-7.10556	-6.89851
BLOCK00/SES004/SA004S28	SES187	0.0190272	-6.87948	-6.89851
BLOCK00/SES004/SA004S28	SES292	-1.21173	-8.11024	-6.89851
BLOCK00/SES006/SA006S10	SES014	-1.03877	-10.3139	-9.27516
BLOCK00/SES006/SA006S10	SES158	-0.971848	-10.247	-9.27516
BLOCK00/SES006/SA006S10	SES226	-2.29643	-11.5716	-9.27516
BLOCK00/SES006/SA006S10	SES270	0.275599	-8.99956	-9.27516
BLOCK00/SES006/SA006S11	SES158	-1.45802	-10.1466	-8.6886
BLOCK00/SES006/SA006S11	SES226	-1.73223	-10.4208	-8.6886
BLOCK00/SES006/SA006S11	SES270	0.0101042	-8.6785	-8.6886
BLOCK00/SES006/SA006S11	SES275	-1.75314	-10.4417	-8.6886
BLOCK00/SES006/SA006S23	SES062	-4.04193	-12.6097	-8.56775
BLOCK00/SES006/SA006S23	SES105	-3.883	-12.4508	-8.56775
BLOCK00/SES006/SA006S23	SES158	-1.73493	-10.3027	-8.56775
BLOCK00/SES006/SA006S23	SES275	-2.85085	-11.4186	-8.56775
BLOCK00/SES006/SA006S26	SES104	-2.49146	-11.1797	-8.6882
BLOCK00/SES006/SA006S26	SES158	-1.75376	-10.442	-8.6882
BLOCK00/SES006/SA006S26	SES270	-0.238803	-8.927	-8.6882
BLOCK00/SES006/SA006S26	SES275	-2.35544	-11.0436	-8.6882
BLOCK00/SES006/SA006S28	SES007	-1.70304	-11.0402	-9.33712
BLOCK00/SES006/SA006S28	SES105	-2.70548	-12.0426	-9.33712
BLOCK00/SES006/SA006S28	SES158	-1.01725	-10.3544	-9.33712
BLOCK00/SES006/SA006S28	SES275	-1.88924	-11.2264	-9.33712
BLOCK00/SES009/SA009S12	SES083	-2.401	-9.84982	-7.44883
BLOCK00/SES009/SA009S12	SES148	-1.46188	-8.91071	-7.44883
BLOCK00/SES009/SA009S12	SES177	-0.473784	-7.92261	-7.44883
BLOCK00/SES009/SA009S12	SES292	-0.805505	-8.25433	-7.44883
BLOCK00/SES009/SA009S15	SES007	0.168672	-6.83818	-7.00685
BLOCK00/SES009/SA009S15	SES099	-3.38751	-10.3944	-7.00685
BLOCK00/SES009/SA009S15	SES148	-1.47668	-8.48354	-7.00685
BLOCK00/SES009/SA009S15	SES172	-0.491741	-7.49859	-7.00685
BLOCK00/SES009/SA009S24	SES146	-0.291451	-7.96814	-7.67669
BLOCK00/SES009/SA009S24	SES148	-1.88284	-9.55953	-7.67669
BLOCK00/SES009/SA009S24	SES177	-0.142911	-7.8196	-7.67669
BLOCK00/SES009/SA009S24	SES292	-0.809414	-8.48611	-7.67669
BLOCK00/SES009/SA009S26	SES083	-2.07664	-9.49746	-7.42082
BLOCK00/SES009/SA009S26	SES101	-1.80152	-9.22233	-7.42082
BLOCK00/SES009/SA009S26	SES120	-0.597404	-8.01822	-7.42082
BLOCK00/SES009/SA009S26	SES177	-0.900273	-8.32109	-7.42082
BLOCK00/SES009/SA009S29	SES083	-1.64624	-9.11294	-7.46669
BLOCK00/SES009/SA009S29	SES101	-0.989445	-8.45614	-7.46669
BLOCK00/SES009/SA009S29	SES177	-0.384698	-7.85139	-7.46669
BLOCK00/SES009/SA009S29	SES292	-0.783584	-8.25028	-7.46669
BLOCK01/SES011/SA011S10	SES019	-4.0827	-12.697	-8.6143
BLOCK01/SES011/SA011S10	SES042	0.929039	-7.68526	-8.6143
BLOCK01/SES011/SA011S10	SES082	-0.830703	-9.445	-8.6143
BLOCK01/SES011/SA011S10	SES206	-0.240476	-8.85477	-8.6143
BLOCK01/SES011/SA011S11	SES019	-2.68737	-10.9956	-8.30819
BLOCK01/SES011/SA011S11	SES042	0.44899	-7.8592	-8.30819
BLOCK01/SES011/SA011S11	SES082	-0.616458	-8.92464	-8.30819
BLOCK01/SES011/SA011S11	SES206	-0.800216	-9.1084	-8.30819
BLOCK01/SES011/SA011S22	SES019	-2.82928	-11.1663	-8.33702
BLOCK01/SES011/SA011S22	SES042	0.193028	-8.14399	-8.33702
BLOCK01/SES011/SA011S22	SES082	-1.29784	-9.63486	-8.33702
BLOCK01/SES011/SA011S22	SES206	-1.22325	-9.56027	-8.33702
BLOCK01/SES011/SA011S24	SES019	-3.15513	-10.8274	-7.67231
BLOCK01/SES011/SA011S24	SES042	0.929609	-6.7427	-7.67231
BLOCK01/SES011/SA011S24	SES104	-0.0570693	-7.72938	-7.67231
BLOCK01/SES011/SA011S24	SES206	-0.411796	-8.08411	-7.67231
BLOCK01/SES011/SA011S27	SES082	-0.242832	-8.07795	-7.83512
BLOCK01/SES011/SA011S27	SES087	-1.25586	-9.09098	-7.83512
BLOCK01/SES011/SA011S27	SES125	-0.39744	-8.23256	-7.83512
BLOCK01/SES011/SA011S27	SES206	-0.355381	-8.1905	-7.83512
BLOCK01/SES012/SA012S11	SES007	-0.0964704	-6.91785	-6.82138
BLOCK01/SES012/SA012S11	SES082	-0.143563	-6.96495	-6.82138
BLOCK01/SES012/SA012S11	SES083	-1.27411	-8.09549	-6.82138
BLOCK01/SES012/SA012S11	SES206	-0.459316	-7.2807	-6.82138
BLOCK01/SES012/SA012S14	SES082	-0.500131	-8.19707	-7.69694
BLOCK01/SES012/SA012S14	SES087	-1.74887	-9.44581	-7.69694
BLOCK01/SES012/SA012S14	SES206	-0.517615	-8.21456	-7.69694
BLOCK01/SES012/SA012S14	SES292	-0.892154	-8.5891	-7.69694
BLOCK01/SES012/SA012S24	SES082	-0.480565	-9.21464	-8.73408
BLOCK01/SES012/SA012S24	SES087	-1.2756	-10.0097	-8.73408
BLOCK01/SES012/SA012S24	SES120	-1.25151	-9.98559	-8.73408
BLOCK01/SES012/SA012S24	SES206	-0.816143	-9.55022	-8.73408
BLOCK01/SES012/SA012S26	SES019	-8.45502	-16.6843	-8.22929
BLOCK01/SES012/SA012S26	SES082	-1.63517	-9.86447	-8.22929
BLOCK01/SES012/SA012S26	SES206	0.141109	-8.08819	-8.22929
BLOCK01/SES012/SA012S26	SES292	-1.38041	-9.6097	-8.22929
BLOCK01/SES012/SA012S29	SES062	-0.989079	-7.4994	-6.51032
BLOCK01/SES012/SA012S29	SES082	0.0805373	-6.42979	-6.51032
BLOCK01/SES012/SA012S29	SES083	-1.70762	-8.21795	-6.51032
BLOCK01/SES012/SA012S29	SES206	0.100569	-6.40975	-6.51032
BLOCK01/SES013/SA013S16	SES062	-2.95657	-11.6551	-8.69854
BLOCK01/SES013/SA013S16	SES106	-0.953575	-9.65212	-8.69854
BLOCK01/SES013/SA013S16	SES206	-0.951842	-9.65038	-8.69854
BLOCK01/SES013/SA013S16	SES226	-1.1038	-9.80235	-8.69854
BLOCK01/SES013/SA013S17	SES062	-1.31245	-9.06557	-7.75311
BLOCK01/SES013/SA013S17	SES106	-1.14609	-8.8992	-7.75311
BLOCK01/SES013/SA013S17	SES206	-0.257425	-8.01054	-7.75311
BLOCK01/SES013/SA013S17	SES226	-0.753232	-8.50635	-7.75311
BLOCK01/SES013/SA013S23	SES104	-0.792523	-9.73031	-8.93778
BLOCK01/SES013/SA013S23	SES106	-0.151735	-9.08952	-8.93778
BLOCK01/SES013/SA013S23	SES206	-1.75116	-10.6889	-8.93778
BLOCK01/SES013/SA013S23	SES270	-0.505406	-9.44319	-8.93778
BLOCK01/SES013/SA013S25	SES042	-2.33764	-10.5631	-8.2255
BLOCK01/SES013/SA013S25	SES104	-0.452173	-8.67767	-8.2255
BLOCK01/SES013/SA013S25	SES106	0.141682	-8.08382	-8.2255
BLOCK01/SES013/SA013S25	SES206	-1.15961	-9.3851	-8.2255
BLOCK01/SES013/SA013S29	SES062	-3.0851	-11.5174	-8.43232
BLOCK01/SES013/SA013S29	SES104	-0.917875	-9.35019	-8.43232
BLOCK01/SES013/SA013S29	SES106	-0.512852	-8.94517	-8.43232
BLOCK01/SES013/SA013S29	SES206	-2.05275	-10.4851	-8.43232
BLOCK02/SES021/SA021S13	SES016	-2.44554	-10.2231	-7.77755
BLOCK02/SES021/SA021S13	SES029	-0.940887	-8.71844	-7.77755
BLOCK02/SES021/SA021S13	SES087	-2.43514	-10.2127	-7.77755
BLOCK02/SES021/SA021S13	SES206	-1.68896	-9.46651	-7.77755
BLOCK02/SES021/SA021S15	SES087	-0.831595	-8.0388	-7.2072
BLOCK02/SES021/SA021S15	SES125	-1.09512	-8.30232	-7.2072
BLOCK02/SES021/SA021S15	SES206	-1.22293	-8.43013	-7.2072
BLOCK02/SES021/SA021S15	SES226	-1.00957	-8.21677	-7.2072
BLOCK02/SES021/SA021S23	SES062	-2.22052	-10.7622	-8.54172
BLOCK02/SES021/SA021S23	SES087	-0.652054	-9.19377	-8.54172
BLOCK02/SES021/SA021S23	SES206	-1.20492	-9.74664	-8.54172
BLOCK02/SES021/SA021S23	SES226	-1.05267	-9.59439	-8.54172
BLOCK02/SES021/SA021S27	SES002	-0.753253	-7.77412	-7.02087
BLOCK02/SES021/SA021S27	SES016	-3.30595	-10.3268	-7.02087
BLOCK02/SES021/SA021S27	SES019	-1.48216	-8.50303	-7.02087
BLOCK02/SES021/SA021S27	SES062	-1.47438	-8.49524	-7.02087
BLOCK02/SES021/SA021S29	SES087	-1.09279	-8.96539	-7.8726
BLOCK02/SES021/SA021S29	SES125	-2.21954	-10.0921	-7.8726
BLOCK02/SES021/SA021S29	SES206	-0.585859	-8.45846	-7.8726
BLOCK02/SES021/SA021S29	SES226	-1.22652	-9.09911	-7.8726
BLOCK04/SES043/SA043S09	SES083	-0.361034	-8.56211	-8.20107
BLOCK04/SES043/SA043S09	SES101	-0.396391	-8.59746	-8.20107
BLOCK04/SES043/SA043S09	SES144	-0.0677729	-8.26884	-8.20107
BLOCK04/SES043/SA043S09	SES172	-1.35692	-9.55799	-8.20107
BLOCK04/SES043/SA043S11	SES083	0.163249	-6.95236	-7.11561
BLOCK04/SES043/SA043S11	SES101	-0.110885	-7.2265	-7.11561
BLOCK04/SES043/SA043S11	SES144	0.0301147	-7.0855	-7.11561
BLOCK04/SES043/SA043S11	SES172	-0.392562	-7.50817	-7.11561
BLOCK04/SES043/SA043S23	SES083	-0.165148	-7.84563	-7.68048
BLOCK04/SES043/SA043S23	SES144	-0.162559	-7.84304	-7.68048
BLOCK04/SES043/SA043S23	SES177	-0.461249	-8.14173	-7.68048
BLOCK04/SES043/SA043S23	SES275	-0.699089	-8.37957	-7.68048
BLOCK04/SES043/SA043S26	SES083	-0.591603	-9.28608	-8.69448
BLOCK04/SES043/SA043S26	SES101	-0.546549	-9.24103	-8.69448
BLOCK04/SES043/SA043S26	SES144	-0.0224848	-8.71696	-8.69448
BLOCK04/SES043/SA043S26	SES177	-0.995809	-9.69029	-8.69448
BLOCK04/SES043/SA043S28	SES016	-1.7625	-9.30287	-7.54037
BLOCK04/SES043/SA043S28	SES083	-0.56344	-8.10381	-7.54037
BLOCK04/SES043/SA043S28	SES101	-0.469516	-8.00989	-7.54037
BLOCK04/SES043/SA043S28	SES144	-0.777153	-8.31752	-7.54037
BLOCK04/SES044/SA044S10	SES127	-2.89332	-11.1787	-8.28538
BLOCK04/SES044/SA044S10	SES144	-0.234882	-8.52026	-8.28538
BLOCK04/SES044/SA044S10	SES147	-3.62654	-11.9119	-8.28538
BLOCK04/SES044/SA044S10	SES148	-3.31426	-11.5996	-8.28538
BLOCK04/SES044/SA044S11	SES101	-0.397517	-7.89408	-7.49656
BLOCK04/SES044/SA044S11	SES144	-0.10918	-7.60575	-7.49656
BLOCK04/SES044/SA044S11	SES147	-1.68709	-9.18365	-7.49656
BLOCK04/SES044/SA044S11	SES177	-1.05834	-8.5549	-7.49656
BLOCK04/SES044/SA044S24	SES007	-2.05732	-9.76258	-7.70526
BLOCK04/SES044/SA044S24	SES101	-0.112822	-7.81808	-7.70526
BLOCK04/SES044/SA044S24	SES147	-1.87734	-9.5826	-7.70526
BLOCK04/SES044/SA044S24	SES177	-0.381062	-8.08632	-7.70526
BLOCK04/SES044/SA044S26	SES007	-1.23777	-8.50249	-7.26472
BLOCK04/SES044/SA044S26	SES016	-0.480537	-7.74526	-7.26472
BLOCK04/SES044/SA044S26	SES101	-0.349288	-7.61401	-7.26472
BLOCK04/SES044/SA044S26	SES147	-0.409843	-7.67456	-7.26472
BLOCK04/SES044/SA044S29	SES007	-2.23283	-9.27811	-7.04528
BLOCK04/SES044/SA044S29	SES101	0.105825	-6.93945	-7.04528
BLOCK04/SES044/SA044S29	SES147	-1.20605	-8.25132	-7.04528
BLOCK04/SES044/SA044S29	SES177	-2.17072	-9.216	-7.04528
BLOCK04/SES046/SA046S13	SES101	-0.46865	-9.00289	-8.53424
BLOCK04/SES046/SA046S13	SES144	-0.3836	-8.91784	-8.53424
BLOCK04/SES046/SA046S13	SES147	-2.21299	-10.7472	-8.53424
BLOCK04/SES046/SA046S13	SES177	-1.14316	-9.6774	-8.53424
BLOCK04/SES046/SA046S15	SES048	0.137875	-6.22236	-6.36023
BLOCK04/SES046/SA046S15	SES083	-0.573096	-6.93333	-6.36023
BLOCK04/SES046/SA046S15	SES120	-2.3654	-8.72563	-6.36023
BLOCK04/SES046/SA046S15	SES148	-1.0281	-7.38834	-6.36023
BLOCK04/SES046/SA046S22	SES101	-0.151562	-8.21938	-8.06782
BLOCK04/SES046/SA046S22	SES144	0.244663	-7.82316	-8.06782
BLOCK04/SES046/SA046S22	SES147	-1.89404	-9.96186	-8.06782
BLOCK04/SES046/SA046S22	SES172	-0.0300741	-8.09789	-8.06782
BLOCK04/SES046/SA046S25	SES083	-0.657166	-7.85669	-7.19952
BLOCK04/SES046/SA046S25	SES127	-1.38396	-8.58349	-7.19952
BLOCK04/SES046/SA046S25	SES144	-0.463779	-7.6633	-7.19952
BLOCK04/SES046/SA046S25	SES148	-1.57729	-8.77681	-7.19952
BLOCK04/SES046/SA046S28	SES007	-0.925012	-8.34693	-7.42191
BLOCK04/SES046/SA046S28	SES105	-1.21797	-8.63989	-7.42191
BLOCK04/SES046/SA046S28	SES147	-0.927179	-8.34909	-7.42191
BLOCK04/SES046/SA046S28	SES148	-1.79015	-9.21206	-7.42191
BLOCK04/SES049/SA049S16	SES104	-0.818205	-9.81746	-8.99926
BLOCK04/SES049/SA049S16	SES106	-1.917	-10.9163	-8.99926
BLOCK04/SES049/SA049S16	SES120	-1.13041	-10.1297	-8.99926
BLOCK04/SES049/SA049S16	SES206	-1.4947	-10.494	-8.99926
BLOCK04/SES049/SA049S18	SES099	-0.12461	-8.70759	-8.58298
BLOCK04/SES049/SA049S18	SES104	-1.40492	-9.98791	-8.58298
BLOCK04/SES049/SA049S18	SES125	-1.28247	-9.86546	-8.58298
BLOCK04/SES049/SA049S18	SES206	-2.18419	-10.7672	-8.58298
BLOCK04/SES049/SA049S25	SES087	-2.11715	-11.4233	-9.30611
BLOCK04/SES049/SA049S25	SES104	-0.876035	-10.1821	-9.30611
BLOCK04/SES049/SA049S25	SES125	-1.42777	-10.7339	-9.30611
BLOCK04/SES049/SA049S25	SES206	-1.04121	-10.3473	-9.30611
BLOCK04/SES049/SA049S27	SES099	-0.600986	-8.52246	-7.92147
BLOCK04/SES049/SA049S27	SES104	0.0129561	-7.90851	-7.92147
BLOCK04/SES049/SA049S27	SES125	-1.6666	-9.58807	-7.92147
BLOCK04/SES049/SA049S27	SES206	-1.67876	-9.60023	-7.92147
BLOCK04/SES049/SA049S29	SES099	-1.15075	-8.71441	-7.56366
BLOCK04/SES049/SA049S29	SES104	-0.143994	-7.70765	-7.56366
BLOCK04/SES049/SA049S29	SES125	-0.496505	-8.06016	-7.56366
BLOCK04/SES049/SA049S29	SES206	-1.17873	-8.74239	-7.56366
BLOCK06/SES063/SA063S09	SES068	-2.96035	-11.9416	-8.98121
BLOCK06/SES063/SA063S09	SES083	-0.641606	-9.62282	-8.98121
BLOCK06/SES063/SA063S09	SES177	-0.699306	-9.68052	-8.98121
BLOCK06/SES063/SA063S09	SES187	-0.944615	-9.92583	-8.98121
BLOCK06/SES063/SA063S10	SES068	-1.58705	-10.1638	-8.57673
BLOCK06/SES063/SA063S10	SES083	-0.902409	-9.47914	-8.57673
BLOCK06/SES063/SA063S10	SES172	-0.877831	-9.45456	-8.57673
BLOCK06/SES063/SA063S10	SES187	-0.972058	-9.54879	-8.57673
BLOCK06/SES063/SA063S20	SES068	-3.10528	-11.673	-8.56775
BLOCK06/SES063/SA063S20	SES083	-0.905331	-9.47308	-8.56775
BLOCK06/SES063/SA063S20	SES172	-0.953222	-9.52097	-8.56775
BLOCK06/SES063/SA063S20	SES187	-0.648826	-9.21657	-8.56775
BLOCK06/SES063/SA063S24	SES029	-2.63632	-12.0254	-9.38906
BLOCK06/SES063/SA063S24	SES083	-1.1274	-10.5165	-9.38906
BLOCK06/SES063/SA063S24	SES177	-0.7926	-10.1817	-9.38906
BLOCK06/SES063/SA063S24	SES189	0.627435	-8.76163	-9.38906
BLOCK06/SES063/SA063S27	SES083	-0.682878	-9.08167	-8.39879
BLOCK06/SES063/SA063S27	SES172	-1.3043	-9.7031	-8.39879
BLOCK06/SES063/SA063S27	SES187	-0.817346	-9.21614	-8.39879
BLOCK06/SES063/SA063S27	SES292	-0.919098	-9.31789	-8.39879
BLOCK06/SES067/SA067S12	SES083	-1.0034	-7.89112	-6.88772
BLOCK06/SES067/SA067S12	SES172	-1.24385	-8.13158	-6.88772
BLOCK06/SES067/SA067S12	SES202	-0.698873	-7.5866	-6.88772
BLOCK06/SES067/SA067S12	SES292	-1.54987	-8.43759	-6.88772
BLOCK06/SES067/SA067S14	SES085	-1.09372	-6.95063	-5.85691
BLOCK06/SES067/SA067S14	SES177	-1.5787	-7.43561	-5.85691
BLOCK06/SES067/SA067S14	SES183	0.148254	-5.70865	-5.85691
BLOCK06/SES067/SA067S14	SES202	-0.108582	-5.96549	-5.85691
BLOCK06/SES067/SA067S21	SES144	-1.69338	-9.18	-7.48662
BLOCK06/SES067/SA067S21	SES177	-1.38269	-8.86931	-7.48662
BLOCK06/SES067/SA067S21	SES183	-1.68818	-9.1748	-7.48662
BLOCK06/SES067/SA067S21	SES189	-1.35214	-8.83876	-7.48662
BLOCK06/SES067/SA067S25	SES085	-2.1257	-9.03599	-6.91029
BLOCK06/SES067/SA067S25	SES177	-1.13389	-8.04418	-6.91029
BLOCK06/SES067/SA067S25	SES183	-0.813744	-7.72403	-6.91029
BLOCK06/SES067/SA067S25	SES202	-1.42135	-8.33164	-6.91029
BLOCK06/SES067/SA067S29	SES085	-2.29612	-10.2069	-7.9108
BLOCK06/SES067/SA067S29	SES177	-1.70409	-9.61489	-7.9108
BLOCK06/SES067/SA067S29	SES183	-1.08415	-8.99495	-7.9108
BLOCK06/SES067/SA067S29	SES202	-0.0686302	-7.97943	-7.9108
BLOCK06/SES069/SA069S12	SES029	-1.66138	-8.9711	-7.30972
BLOCK06/SES069/SA069S12	SES082	-0.78755	-8.09727	-7.30972
BLOCK06/SES069/SA069S12	SES087	-1.25371	-8.56343	-7.30972
BLOCK06/SES069/SA069S12	SES206	-0.45658	-7.7663	-7.30972
BLOCK06/SES069/SA069S13	SES029	-2.32252	-9.50232	-7.1798
BLOCK06/SES069/SA069S13	SES087	-1.52657	-8.70637	-7.1798
BLOCK06/SES069/SA069S13	SES206	-1.27071	-8.45051	-7.1798
BLOCK06/SES069/SA069S13	SES226	0.0962491	-7.08355	-7.1798
BLOCK06/SES069/SA069S23	SES029	-0.693786	-7.33986	-6.64608
BLOCK06/SES069/SA069S23	SES087	-0.661359	-7.30744	-6.64608
BLOCK06/SES069/SA069S23	SES206	-1.25761	-7.90369	-6.64608
BLOCK06/SES069/SA069S23	SES226	-0.198692	-6.84477	-6.64608
BLOCK06/SES069/SA069S25	SES087	-1.07195	-8.12487	-7.05291
BLOCK06/SES069/SA069S25	SES206	-1.90667	-8.95959	-7.05291
BLOCK06/SES069/SA069S25	SES226	-0.128403	-7.18132	-7.05291
BLOCK06/SES069/SA069S25	SES270	-1.37688	-8.4298	-7.05291
BLOCK06/SES069/SA069S27	SES087	-1.60162	-9.18316	-7.58154
BLOCK06/SES069/SA069S27	SES206	-0.843699	-8.42524	-7.58154
BLOCK06/SES069/SA069S27	SES226	-0.0290127	-7.61055	-7.58154
BLOCK06/SES069/SA069S27	SES270	-0.95108	-8.53262	-7.58154
BLOCK08/SES081/SA081S11	SES060	-1.67764	-9.41995	-7.74231
BLOCK08/SES081/SA081S11	SES062	-0.559402	-8.30171	-7.74231
BLOCK08/SES081/SA081S11	SES117	-2.30642	-10.0487	-7.74231
BLOCK08/SES081/SA081S11	SES162	-1.80255	-9.54486	-7.74231
BLOCK08/SES081/SA081S13	SES016	-0.775572	-7.48514	-6.70956
BLOCK08/SES081/SA081S13	SES060	-0.195387	-6.90495	-6.70956
BLOCK08/SES081/SA081S13	SES068	-0.747461	-7.45703	-6.70956
BLOCK08/SES081/SA081S13	SES129	-2.06026	-8.76982	-6.70956
BLOCK08/SES081/SA081S24	SES060	-0.604767	-7.9694	-7.36463
BLOCK08/SES081/SA081S24	SES068	-0.776888	-8.14152	-7.36463
BLOCK08/SES081/SA081S24	SES117	-1.44953	-8.81416	-7.36463
BLOCK08/SES081/SA081S24	SES275	-0.80552	-8.17015	-7.36463
BLOCK08/SES081/SA081S27	SES007	-0.196444	-8.12007	-7.92363
BLOCK08/SES081/SA081S27	SES060	-0.598813	-8.52244	-7.92363
BLOCK08/SES081/SA081S27	SES117	-1.22932	-9.15295	-7.92363
BLOCK08/SES081/SA081S27	SES275	-1.29413	-9.21776	-7.92363
BLOCK08/SES081/SA081S29	SES007	-0.21034	-8.66827	-8.45793
BLOCK08/SES081/SA081S29	SES060	-0.283431	-8.74136	-8.45793
BLOCK08/SES081/SA081S29	SES117	-1.08135	-9.53928	-8.45793
BLOCK08/SES081/SA081S29	SES275	-1.13615	-9.59408	-8.45793
BLOCK08/SES086/SA086S11	SES029	-2.34799	-11.5195	-9.17155
BLOCK08/SES086/SA086S11	SES082	-2.02685	-11.1984	-9.17155
BLOCK08/SES086/SA086S11	SES087	-0.198335	-9.36989	-9.17155
BLOCK08/SES086/SA086S11	SES206	-1.19122	-10.3628	-9.17155
BLOCK08/SES086/SA086S12	SES029	-2.08532	-10.4397	-8.35442
BLOCK08/SES086/SA086S12	SES082	-1.79123	-10.1456	-8.35442
BLOCK08/SES086/SA086S12	SES087	0.346421	-8.008	-8.35442
BLOCK08/SES086/SA086S12	SES206	-1.03902	-9.39344	-8.35442
BLOCK08/SES086/SA086S20	SES029	-1.9599	-9.86005	-7.90014
BLOCK08/SES086/SA086S20	SES082	-1.40727	-9.30742	-7.90014
BLOCK08/SES086/SA086S20	SES087	0.0390253	-7.86112	-7.90014
BLOCK08/SES086/SA086S20	SES206	-0.878596	-8.77874	-7.90014
BLOCK08/SES086/SA086S24	SES087	0.395685	-8.77467	-9.17035
BLOCK08/SES086/SA086S24	SES104	-1.15665	-10.327	-9.17035
BLOCK08/SES086/SA086S24	SES120	-0.701689	-9.87204	-9.17035
BLOCK08/SES086/SA086S24	SES206	-0.214988	-9.38534	-9.17035
BLOCK08/SES086/SA086S28	SES029	-1.71304	-9.44537	-7.73234
BLOCK08/SES086/SA086S28	SES082	-1.43607	-9.1684	-7.73234
BLOCK08/SES086/SA086S28	SES087	0.0829506	-7.64938	-7.73234
BLOCK08/SES086/SA086S28	SES206	-0.330606	-8.06294	-7.73234
BLOCK08/SES089/SA089S13	SES087	-0.933895	-9.59547	-8.66157
BLOCK08/SES089/SA089S13	SES206	-1.60227	-10.2638	-8.66157
BLOCK08/SES089/SA089S13	SES226	-0.934641	-9.59621	-8.66157
BLOCK08/SES089/SA089S13	SES270	-1.46421	-10.1258	-8.66157
BLOCK08/SES089/SA089S14	SES062	-1.61018	-9.79327	-8.18309
BLOCK08/SES089/SA089S14	SES087	-0.106845	-8.28994	-8.18309
BLOCK08/SES089/SA089S14	SES206	-1.64825	-9.83134	-8.18309
BLOCK08/SES089/SA089S14	SES226	-1.57707	-9.76016	-8.18309
BLOCK08/SES089/SA089S23	SES087	-0.91788	-10.6806	-9.76267
BLOCK08/SES089/SA089S23	SES206	-1.79608	-11.5588	-9.76267
BLOCK08/SES089/SA089S23	SES226	-1.52613	-11.2888	-9.76267
BLOCK08/SES089/SA089S23	SES270	-3.2942	-13.0569	-9.76267
BLOCK08/SES089/SA089S25	SES062	-0.65714	-9.41605	-8.75891
BLOCK08/SES089/SA089S25	SES087	-0.108449	-8.86736	-8.75891
BLOCK08/SES089/SA089S25	SES206	-1.66699	-10.4259	-8.75891
BLOCK08/SES089/SA089S25	SES226	-1.08802	-9.84693	-8.75891
BLOCK08/SES089/SA089S28	SES062	-0.191998	-8.7911	-8.5991
BLOCK08/SES089/SA089S28	SES087	0.0940542	-8.50505	-8.5991
BLOCK08/SES089/SA089S28	SES206	-1.29364	-9.89275	-8.5991
BLOCK08/SES089/SA089S28	SES226	-0.442778	-9.04188	-8.5991
BLOCK09/SES097/SA097S11	SES099	-0.516516	-9.42283	-8.90631
BLOCK09/SES097/SA097S11	SES125	-1.56921	-10.4755	-8.90631
BLOCK09/SES097/SA097S11	SES206	-1.33615	-10.2425	-8.90631
BLOCK09/SES097/SA097S11	SES226	0.504925	-8.40139	-8.90631
BLOCK09/SES097/SA097S14	SES062	-2.22463	-10.2715	-8.0469
BLOCK09/SES097/SA097S14	SES099	-1.25108	-9.29798	-8.0469
BLOCK09/SES097/SA097S14	SES104	-1.03851	-9.0854	-8.0469
BLOCK09/SES097/SA097S14	SES206	-1.87574	-9.92264	-8.0469
BLOCK09/SES097/SA097S22	SES099	-0.566922	-8.89785	-8.33093
BLOCK09/SES097/SA097S22	SES206	-1.9104	-10.2413	-8.33093
BLOCK09/SES097/SA097S22	SES226	-0.893137	-9.22406	-8.33093
BLOCK09/SES097/SA097S22	SES270	-1.38802	-9.71894	-8.33093
BLOCK09/SES097/SA097S26	SES099	-0.197117	-9.00034	-8.80322
BLOCK09/SES097/SA097S26	SES120	-0.966985	-9.7702	-8.80322
BLOCK09/SES097/SA097S26	SES206	-1.86352	-10.6667	-8.80322
BLOCK09/SES097/SA097S26	SES226	-0.24393	-9.04715	-8.80322
BLOCK09/SES097/SA097S28	SES099	-0.425886	-8.08788	-7.662
BLOCK09/SES097/SA097S28	SES120	-0.935035	-8.59703	-7.662
BLOCK09/SES097/SA097S28	SES206	-1.62211	-9.28411	-7.662
BLOCK09/SES097/SA097S28	SES226	-0.824968	-8.48696	-7.662
BLOCK09/SES098/SA098S11	SES127	-1.01007	-7.99284	-6.98277
BLOCK09/SES098/SA098S11	SES144	-0.733673	-7.71644	-6.98277
BLOCK09/SES098/SA098S11	SES147	-0.794618	-7.77738	-6.98277
BLOCK09/SES098/SA098S11	SES148	-2.19126	-9.17402	-6.98277
BLOCK09/SES098/SA098S12	SES127	-2.33738	-10.8808	-8.54346
BLOCK09/SES098/SA098S12	SES144	-1.52117	-10.0646	-8.54346
BLOCK09/SES098/SA098S12	SES147	-1.57524	-10.1187	-8.54346
BLOCK09/SES098/SA098S12	SES189	-1.45484	-9.9983	-8.54346
BLOCK09/SES098/SA098S20	SES127	-3.07937	-11.0352	-7.95581
BLOCK09/SES098/SA098S20	SES147	-1.84927	-9.80508	-7.95581
BLOCK09/SES098/SA098S20	SES148	-3.32516	-11.281	-7.95581
BLOCK09/SES098/SA098S20	SES292	-1.27987	-9.23568	-7.95581
BLOCK09/SES098/SA098S23	SES127	-1.8521	-9.65624	-7.80413
BLOCK09/SES098/SA098S23	SES147	-1.54092	-9.34505	-7.80413
BLOCK09/SES098/SA098S23	SES187	-0.688588	-8.49272	-7.80413
BLOCK09/SES098/SA098S23	SES292	-0.844605	-8.64874	-7.80413
BLOCK09/SES098/SA098S27	SES127	-2.82857	-10.6456	-7.81703
BLOCK09/SES098/SA098S27	SES147	-2.40113	-10.2182	-7.81703
BLOCK09/SES098/SA098S27	SES148	-3.49321	-11.3102	-7.81703
BLOCK09/SES098/SA098S27	SES292	-0.706469	-8.52349	-7.81703
BLOCK10/SES102/SA102S13	SES101	0.105354	-9.09739	-9.20275
BLOCK10/SES102/SA102S13	SES105	-0.653879	-9.85663	-9.20275
BLOCK10/SES102/SA102S13	SES120	-2.31956	-11.5223	-9.20275
BLOCK10/SES102/SA102S13	SES158	-2.03626	-11.239	-9.20275
BLOCK10/SES102/SA102S14	SES007	0.142682	-6.11608	-6.25876
BLOCK10/SES102/SA102S14	SES101	-0.249336	-6.5081	-6.25876
BLOCK10/SES102/SA102S14	SES105	-0.779765	-7.03853	-6.25876
BLOCK10/SES102/SA102S14	SES147	-1.86325	-8.12201	-6.25876
BLOCK10/SES102/SA102S22	SES007	-1.09025	-8.19005	-7.0998
BLOCK10/SES102/SA102S22	SES101	-0.592904	-7.69271	-7.0998
BLOCK10/SES102/SA102S22	SES105	-0.737885	-7.83769	-7.0998
BLOCK10/SES102/SA102S22	SES158	-2.05345	-9.15325	-7.0998
BLOCK10/SES102/SA102S25	SES007	-0.224988	-7.39963	-7.17464
BLOCK10/SES102/SA102S25	SES101	0.0311685	-7.14347	-7.17464
BLOCK10/SES102/SA102S25	SES105	-1.04699	-8.22163	-7.17464
BLOCK10/SES102/SA102S25	SES147	-2.26044	-9.43508	-7.17464
BLOCK10/SES102/SA102S27	SES007	-0.617478	-8.08031	-7.46283
BLOCK10/SES102/SA102S27	SES101	0.063911	-7.39892	-7.46283
BLOCK10/SES102/SA102S27	SES105	-1.51787	-8.9807	-7.46283
BLOCK10/SES102/SA102S27	SES147	-2.32387	-9.7867	-7.46283
BLOCK10/SES103/SA103S14	SES105	-1.85724	-10.3036	-8.4464
BLOCK10/SES103/SA103S14	SES106	-1.47577	-9.92217	-8.4464
BLOCK10/SES103/SA103S14	SES120	-2.1012	-10.5476	-8.4464
BLOCK10/SES103/SA103S14	SES206	-1.76815	-10.2146	-8.4464
BLOCK10/SES103/SA103S15	SES099	-2.11396	-11.5392	-9.42526
BLOCK10/SES103/SA103S15	SES101	-3.42607	-12.8513	-9.42526
BLOCK10/SES103/SA103S15	SES104	-1.32468	-10.7499	-9.42526
BLOCK10/SES103/SA103S15	SES125	-2.0818	-11.5071	-9.42526
BLOCK10/SES103/SA103S24	SES104	-1.20758	-9.70206	-8.49448
BLOCK10/SES103/SA103S24	SES125	-2.91797	-11.4124	-8.49448
BLOCK10/SES103/SA103S24	SES148	-2.14035	-10.6348	-8.49448
BLOCK10/SES103/SA103S24	SES158	-1.64734	-10.1418	-8.49448
BLOCK10/SES103/SA103S26	SES104	-0.802457	-9.1999	-8.39744
BLOCK10/SES103/SA103S26	SES106	-0.909105	-9.30655	-8.39744
BLOCK10/SES103/SA103S26	SES125	-1.34404	-9.74148	-8.39744
BLOCK10/SES103/SA103S26	SES148	-2.44334	-10.8408	-8.39744
BLOCK10/SES103/SA103S28	SES104	-0.882384	-9.37518	-8.4928
BLOCK10/SES103/SA103S28	SES106	-1.41557	-9.90837	-8.4928
BLOCK10/SES103/SA103S28	SES125	-2.64768	-11.1405	-8.4928
BLOCK10/SES103/SA103S28	SES206	-2.24252	-10.7353	-8.4928
BLOCK12/SES121/SA121S12	SES042	-1.35266	-9.7969	-8.44425
BLOCK12/SES121/SA121S12	SES087	-1.24773	-9.69197	-8.44425
BLOCK12/SES121/SA121S12	SES105	-0.68587	-9.13012	-8.44425
BLOCK12/SES121/SA121S12	SES206	-0.700693	-9.14494	-8.44425
BLOCK12/SES121/SA121S14	SES007	-3.0524	-13.5448	-10.4924
BLOCK12/SES121/SA121S14	SES105	-1.46956	-11.962	-10.4924
BLOCK12/SES121/SA121S14	SES106	-1.43068	-11.9231	-10.4924
BLOCK12/SES121/SA121S14	SES206	-1.70619	-12.1986	-10.4924
BLOCK12/SES121/SA121S23	SES105	-1.18893	-11.2069	-10.0179
BLOCK12/SES121/SA121S23	SES106	-1.09937	-11.1173	-10.0179
BLOCK12/SES121/SA121S23	SES120	-1.64778	-11.6657	-10.0179
BLOCK12/SES121/SA121S23	SES206	-0.721382	-10.7393	-10.0179
BLOCK12/SES121/SA121S25	SES007	-1.74341	-12.4052	-10.6618
BLOCK12/SES121/SA121S25	SES105	-1.24126	-11.903	-10.6618
BLOCK12/SES121/SA121S25	SES106	-0.708336	-11.3701	-10.6618
BLOCK12/SES121/SA121S25	SES206	-1.3374	-11.9992	-10.6618
BLOCK12/SES121/SA121S27	SES087	0.64179	-9.33755	-9.97934
BLOCK12/SES121/SA121S27	SES105	-2.76319	-12.7425	-9.97934
BLOCK12/SES121/SA121S27	SES120	-0.263671	-10.243	-9.97934
BLOCK12/SES121/SA121S27	SES206	-0.991505	-10.9708	-9.97934
BLOCK12/SES124/SA124S16	SES042	0.0319495	-6.73265	-6.7646
BLOCK12/SES124/SA124S16	SES082	-0.631752	-7.39636	-6.7646
BLOCK12/SES124/SA124S16	SES183	-1.37094	-8.13555	-6.7646
BLOCK12/SES124/SA124S16	SES206	-0.929914	-7.69452	-6.7646
BLOCK12/SES124/SA124S17	SES105	-1.83416	-9.76482	-7.93066
BLOCK12/SES124/SA124S17	SES149	-0.855865	-8.78653	-7.93066
BLOCK12/SES124/SA124S17	SES158	-2.03277	-9.96343	-7.93066
BLOCK12/SES124/SA124S17	SES275	-1.77703	-9.7077	-7.93066
BLOCK12/SES124/SA124S23	SES105	-1.94691	-8.29297	-6.34606
BLOCK12/SES124/SA124S23	SES125	0.353596	-5.99246	-6.34606
BLOCK12/SES124/SA124S23	SES129	-1.74785	-8.09391	-6.34606
BLOCK12/SES124/SA124S23	SES158	-1.45883	-7.80489	-6.34606
BLOCK12/SES124/SA124S26	SES105	-2.10369	-9.8736	-7.76991
BLOCK12/SES124/SA124S26	SES125	-0.61058	-8.38049	-7.76991
BLOCK12/SES124/SA124S26	SES129	-2.05632	-9.82623	-7.76991
BLOCK12/SES124/SA124S26	SES158	-0.837989	-8.6079	-7.76991
BLOCK12/SES124/SA124S28	SES104	-0.350025	-7.43013	-7.08011
BLOCK12/SES124/SA124S28	SES106	-0.975623	-8.05573	-7.08011
BLOCK12/SES124/SA124S28	SES125	0.215515	-6.8646	-7.08011
BLOCK12/SES124/SA124S28	SES275	-0.973237	-8.05335	-7.08011
BLOCK12/SES126/SA126S13	SES007	-0.747446	-8.426	-7.67856
BLOCK12/SES126/SA126S13	SES162	-1.51348	-9.19204	-7.67856
BLOCK12/SES126/SA126S13	SES177	-0.677348	-8.35591	-7.67856
BLOCK12/SES126/SA126S13	SES180	-1.69725	-9.37581	-7.67856
BLOCK12/SES126/SA126S14	SES144	-0.358716	-7.48972	-7.131
BLOCK12/SES126/SA126S14	SES148	-1.87427	-9.00527	-7.131
BLOCK12/SES126/SA126S14	SES177	-0.578996	-7.71	-7.131
BLOCK12/SES126/SA126S14	SES180	-1.44292	-8.57392	-7.131
BLOCK12/SES126/SA126S20	SES007	-0.725878	-7.3401	-6.61422
BLOCK12/SES126/SA126S20	SES162	-1.40992	-8.02415	-6.61422
BLOCK12/SES126/SA126S20	SES172	-1.40734	-8.02156	-6.61422
BLOCK12/SES126/SA126S20	SES180	-0.971767	-7.58599	-6.61422
BLOCK12/SES126/SA126S24	SES120	-0.15072	-7.1902	-7.03948
BLOCK12/SES126/SA126S24	SES162	-1.32702	-8.36649	-7.03948
BLOCK12/SES126/SA126S24	SES177	-0.237031	-7.27651	-7.03948
BLOCK12/SES126/SA126S24	SES180	-0.481997	-7.52147	-7.03948
BLOCK12/SES126/SA126S26	SES120	0.419573	-7.18362	-7.6032
BLOCK12/SES126/SA126S26	SES177	-0.437805	-8.041	-7.6032
BLOCK12/SES126/SA126S26	SES180	-0.780606	-8.3838	-7.6032
BLOCK12/SES126/SA126S26	SES202	-0.600989	-8.20418	-7.6032
BLOCK12/SES128/SA128S10	SES087	-2.88759	-10.5961	-7.70854
BLOCK12/SES128/SA128S10	SES206	-1.05514	-8.76368	-7.70854
BLOCK12/SES128/SA128S10	SES226	-0.494721	-8.20326	-7.70854
BLOCK12/SES128/SA128S10	SES270	-0.986413	-8.69495	-7.70854
BLOCK12/SES128/SA128S12	SES120	-0.181191	-7.98606	-7.80487
BLOCK12/SES128/SA128S12	SES158	-0.509287	-8.31416	-7.80487
BLOCK12/SES128/SA128S12	SES206	-0.394505	-8.19937	-7.80487
BLOCK12/SES128/SA128S12	SES226	-1.67004	-9.47491	-7.80487
BLOCK12/SES128/SA128S21	SES106	-1.21368	-9.0147	-7.80102
BLOCK12/SES128/SA128S21	SES120	-0.836008	-8.63703	-7.80102
BLOCK12/SES128/SA128S21	SES206	-0.630191	-8.43121	-7.80102
BLOCK12/SES128/SA128S21	SES226	0.315463	-7.48556	-7.80102
BLOCK12/SES128/SA128S24	SES087	-1.14928	-9.45213	-8.30285
BLOCK12/SES128/SA128S24	SES120	-0.60472	-8.90757	-8.30285
BLOCK12/SES128/SA128S24	SES206	-0.283612	-8.58646	-8.30285
BLOCK12/SES128/SA128S24	SES226	-1.31115	-9.614	-8.30285
BLOCK12/SES128/SA128S27	SES099	-0.0716281	-7.2857	-7.21407
BLOCK12/SES128/SA128S27	SES120	-0.111069	-7.32514	-7.21407
BLOCK12/SES128/SA128S27	SES206	-0.739347	-7.95342	-7.21407
BLOCK12/SES128/SA128S27	SES226	-1.00186	-8.21593	-7.21407
BLOCK13/SES130/SA130S13	SES143	-0.496226	-9.08847	-8.59224
BLOCK13/SES130/SA130S13	SES144	-0.00385761	-8.5961	-8.59224
BLOCK13/SES130/SA130S13	SES146	-1.93335	-10.5256	-8.59224
BLOCK13/SES130/SA130S13	SES275	-2.63474	-11.227	-8.59224
BLOCK13/SES130/SA130S15	SES143	-0.685298	-7.96357	-7.27827
BLOCK13/SES130/SA130S15	SES144	0.391873	-6.8864	-7.27827
BLOCK13/SES130/SA130S15	SES146	-0.40271	-7.68098	-7.27827
BLOCK13/SES130/SA130S15	SES275	-0.918306	-8.19658	-7.27827
BLOCK13/SES130/SA130S23	SES127	-0.951006	-8.94448	-7.99347
BLOCK13/SES130/SA130S23	SES144	-0.0715294	-8.065	-7.99347
BLOCK13/SES130/SA130S23	SES146	-0.741988	-8.73546	-7.99347
BLOCK13/SES130/SA130S23	SES162	-0.745416	-8.73889	-7.99347
BLOCK13/SES130/SA130S25	SES127	-1.0263	-7.57751	-6.55121
BLOCK13/SES130/SA130S25	SES144	-0.370388	-6.9216	-6.55121
BLOCK13/SES130/SA130S25	SES146	-0.948617	-7.49983	-6.55121
BLOCK13/SES130/SA130S25	SES275	-1.47466	-8.02587	-6.55121
BLOCK13/SES130/SA130S28	SES127	-0.558487	-8.53439	-7.97591
BLOCK13/SES130/SA130S28	SES144	-0.671035	-8.64694	-7.97591
BLOCK13/SES130/SA130S28	SES146	-0.185849	-8.16176	-7.97591
BLOCK13/SES130/SA130S28	SES275	-0.676763	-8.65267	-7.97591
BLOCK13/SES131/SA131S13	SES002	-1.59462	-10.1913	-8.59668
BLOCK13/SES131/SA131S13	SES007	-1.35672	-9.95341	-8.59668
BLOCK13/SES131/SA131S13	SES099	-0.126565	-8.72325	-8.59668
BLOCK13/SES131/SA131S13	SES105	-1.31931	-9.91599	-8.59668
BLOCK13/SES131/SA131S14	SES104	-0.639506	-6.92423	-6.28472
BLOCK13/SES131/SA131S14	SES106	-1.72734	-8.01207	-6.28472
BLOCK13/SES131/SA131S14	SES125	-1.39549	-7.68022	-6.28472
BLOCK13/SES131/SA131S14	SES148	-0.160826	-6.44555	-6.28472
BLOCK13/SES131/SA131S20	SES104	-1.18225	-9.75313	-8.57088
BLOCK13/SES131/SA131S20	SES106	-1.54142	-10.1123	-8.57088
BLOCK13/SES131/SA131S20	SES125	-1.67113	-10.242	-8.57088
BLOCK13/SES131/SA131S20	SES148	-1.9244	-10.4953	-8.57088
BLOCK13/SES131/SA131S22	SES099	-0.268697	-7.34956	-7.08087
BLOCK13/SES131/SA131S22	SES104	-0.481517	-7.56238	-7.08087
BLOCK13/SES131/SA131S22	SES125	-0.40983	-7.4907	-7.08087
BLOCK13/SES131/SA131S22	SES206	-0.692738	-7.7736	-7.08087
BLOCK13/SES131/SA131S29	SES087	-1.817	-10.4183	-8.60129
BLOCK13/SES131/SA131S29	SES104	-2.13319	-10.7345	-8.60129
BLOCK13/SES131/SA131S29	SES125	-4.01826	-12.6196	-8.60129
BLOCK13/SES131/SA131S29	SES206	-2.17715	-10.7784	-8.60129
BLOCK13/SES132/SA132S11	SES083	-1.75737	-9.13424	-7.37687
BLOCK13/SES132/SA132S11	SES120	0.125438	-7.25144	-7.37687
BLOCK13/SES132/SA132S11	SES127	-2.10466	-9.48153	-7.37687
BLOCK13/SES132/SA132S11	SES275	-1.41364	-8.79051	-7.37687
BLOCK13/SES132/SA132S12	SES083	-1.7321	-8.92508	-7.19298
BLOCK13/SES132/SA132S12	SES143	-2.00052	-9.19349	-7.19298
BLOCK13/SES132/SA132S12	SES144	-0.936695	-8.12967	-7.19298
BLOCK13/SES132/SA132S12	SES148	-1.2783	-8.47128	-7.19298
BLOCK13/SES132/SA132S22	SES062	-0.613679	-8.11141	-7.49773
BLOCK13/SES132/SA132S22	SES083	-2.02357	-9.5213	-7.49773
BLOCK13/SES132/SA132S22	SES127	-1.81291	-9.31064	-7.49773
BLOCK13/SES132/SA132S22	SES275	-0.960128	-8.45786	-7.49773
BLOCK13/SES132/SA132S24	SES007	-0.789246	-7.5757	-6.78645
BLOCK13/SES132/SA132S24	SES083	-1.80288	-8.58933	-6.78645
BLOCK13/SES132/SA132S24	SES127	-2.34627	-9.13272	-6.78645
BLOCK13/SES132/SA132S24	SES275	-1.22696	-8.01341	-6.78645
BLOCK13/SES132/SA132S27	SES083	-2.68444	-10.965	-8.2806
BLOCK13/SES132/SA132S27	SES120	0.420842	-7.85976	-8.2806
BLOCK13/SES132/SA132S27	SES127	-4.02581	-12.3064	-8.2806
BLOCK13/SES132/SA132S27	SES275	-2.03628	-10.3169	-8.2806
BLOCK14/SES141/SA141S09	SES143	-1.21327	-8.0228	-6.80952
BLOCK14/SES141/SA141S09	SES144	-0.393572	-7.2031	-6.80952
BLOCK14/SES141/SA141S09	SES162	-1.18192	-7.99144	-6.80952
BLOCK14/SES141/SA141S09	SES180	-0.882057	-7.69158	-6.80952
BLOCK14/SES141/SA141S15	SES127	-1.89075	-9.62355	-7.7328
BLOCK14/SES141/SA141S15	SES144	-1.24553	-8.97833	-7.7328
BLOCK14/SES141/SA141S15	SES162	-1.9266	-9.6594	-7.7328
BLOCK14/SES141/SA141S15	SES180	-1.16921	-8.90201	-7.7328
BLOCK14/SES141/SA141S24	SES127	-2.14264	-9.3664	-7.22376
BLOCK14/SES141/SA141S24	SES144	-1.61538	-8.83914	-7.22376
BLOCK14/SES141/SA141S24	SES162	-1.76794	-8.9917	-7.22376
BLOCK14/SES141/SA141S24	SES183	-1.5728	-8.79656	-7.22376
BLOCK14/SES141/SA141S26	SES142	-0.108927	-8.33035	-8.22142
BLOCK14/SES141/SA141S26	SES144	-1.18189	-9.40331	-8.22142
BLOCK14/SES141/SA141S26	SES172	-0.792597	-9.01402	-8.22142
BLOCK14/SES141/SA141S26	SES180	-0.964458	-9.18588	-8.22142
BLOCK14/SES141/SA141S29	SES127	-1.09835	-8.08546	-6.98711
BLOCK14/SES141/SA141S29	SES142	-0.0158925	-7.003	-6.98711
BLOCK14/SES141/SA141S29	SES144	-0.604999	-7.59211	-6.98711
BLOCK14/SES141/SA141S29	SES180	-0.482522	-7.46963	-6.98711
BLOCK15/SES157/SA157S08	SES083	-1.0511	-8.20388	-7.15278
BLOCK15/SES157/SA157S08	SES127	-1.18854	-8.34131	-7.15278
BLOCK15/SES157/SA157S08	SES148	-0.38545	-7.53823	-7.15278
BLOCK15/SES157/SA157S08	SES292	-1.25483	-8.4076	-7.15278
BLOCK15/SES157/SA157S11	SES083	-1.02461	-8.94703	-7.92242
BLOCK15/SES157/SA157S11	SES127	-0.99273	-8.91515	-7.92242
BLOCK15/SES157/SA157S11	SES148	-1.64283	-9.56524	-7.92242
BLOCK15/SES157/SA157S11	SES292	-1.70477	-9.62718	-7.92242
BLOCK15/SES157/SA157S21	SES127	-0.0983424	-6.9979	-6.89956
BLOCK15/SES157/SA157S21	SES148	0.0554643	-6.84409	-6.89956
BLOCK15/SES157/SA157S21	SES158	-3.66769	-10.5672	-6.89956
BLOCK15/SES157/SA157S21	SES292	-1.10697	-8.00653	-6.89956
BLOCK15/SES157/SA157S24	SES127	-0.522689	-8.65755	-8.13486
BLOCK15/SES157/SA157S24	SES148	-0.646074	-8.78093	-8.13486
BLOCK15/SES157/SA157S24	SES183	-0.859345	-8.99421	-8.13486
BLOCK15/SES157/SA157S24	SES292	-1.57414	-9.709	-8.13486
BLOCK15/SES157/SA157S26	SES007	-0.663494	-8.00552	-7.34203
BLOCK15/SES157/SA157S26	SES127	-0.49933	-7.84136	-7.34203
BLOCK15/SES157/SA157S26	SES147	-0.989192	-8.33122	-7.34203
BLOCK15/SES157/SA157S26	SES148	-1.00625	-8.34828	-7.34203
BLOCK16/SES161/SA161S10	SES007	-0.722032	-8.35977	-7.63773
BLOCK16/SES161/SA161S10	SES105	-0.777975	-8.41571	-7.63773
BLOCK16/SES161/SA161S10	SES158	-1.23279	-8.87052	-7.63773
BLOCK16/SES161/SA161S10	SES275	-0.695023	-8.33276	-7.63773
BLOCK16/SES161/SA161S12	SES007	-3.18994	-11.8453	-8.65538
BLOCK16/SES161/SA161S12	SES105	-1.83925	-10.4946	-8.65538
BLOCK16/SES161/SA161S12	SES158	-1.5003	-10.1557	-8.65538
BLOCK16/SES161/SA161S12	SES275	-4.44683	-13.1022	-8.65538
BLOCK16/SES161/SA161S20	SES007	-0.877563	-9.83684	-8.95928
BLOCK16/SES161/SA161S20	SES105	-1.95974	-10.919	-8.95928
BLOCK16/SES161/SA161S20	SES158	-0.281225	-9.2405	-8.95928
BLOCK16/SES161/SA161S20	SES275	-2.51985	-11.4791	-8.95928
BLOCK16/SES161/SA161S23	SES007	-3.66312	-12.6236	-8.96052
BLOCK16/SES161/SA161S23	SES105	-0.778191	-9.73871	-8.96052
BLOCK16/SES161/SA161S23	SES148	-2.69507	-11.6556	-8.96052
BLOCK16/SES161/SA161S23	SES158	-2.46349	-11.424	-8.96052
BLOCK16/SES161/SA161S28	SES007	-1.71289	-9.72716	-8.01426
BLOCK16/SES161/SA161S28	SES105	-2.14896	-10.1632	-8.01426
BLOCK16/SES161/SA161S28	SES158	-0.506229	-8.52049	-8.01426
BLOCK16/SES161/SA161S28	SES206	-1.21709	-9.23136	-8.01426
BLOCK16/SES164/SA164S11	SES104	-1.17623	-8.91235	-7.73613
BLOCK16/SES164/SA164S11	SES125	-0.493968	-8.23009	-7.73613
BLOCK16/SES164/SA164S11	SES158	-1.07423	-8.81036	-7.73613
BLOCK16/SES164/SA164S11	SES206	-2.59305	-10.3292	-7.73613
BLOCK16/SES164/SA164S13	SES099	-2.29296	-10.3201	-8.02709
BLOCK16/SES164/SA164S13	SES104	-1.16427	-9.19137	-8.02709
BLOCK16/SES164/SA164S13	SES125	-1.83557	-9.86267	-8.02709
BLOCK16/SES164/SA164S13	SES206	-2.22411	-10.2512	-8.02709
BLOCK16/SES164/SA164S24	SES002	0.28215	-7.61696	-7.89911
BLOCK16/SES164/SA164S24	SES099	-0.874623	-8.77373	-7.89911
BLOCK16/SES164/SA164S24	SES125	-0.888893	-8.788	-7.89911
BLOCK16/SES164/SA164S24	SES226	0.718503	-7.18061	-7.89911
BLOCK16/SES164/SA164S27	SES087	-2.96662	-11.2726	-8.30597
BLOCK16/SES164/SA164S27	SES125	-0.952064	-9.25803	-8.30597
BLOCK16/SES164/SA164S27	SES206	-2.51436	-10.8203	-8.30597
BLOCK16/SES164/SA164S27	SES226	-0.554476	-8.86044	-8.30597
BLOCK16/SES164/SA164S29	SES002	-0.371643	-8.40018	-8.02854
BLOCK16/SES164/SA164S29	SES019	-1.73908	-9.76762	-8.02854
BLOCK16/SES164/SA164S29	SES125	-0.502925	-8.53146	-8.02854
BLOCK16/SES164/SA164S29	SES226	-0.328109	-8.35665	-8.02854
BLOCK16/SES169/SA169S13	SES117	-1.16915	-8.92535	-7.7562
BLOCK16/SES169/SA169S13	SES144	-0.879601	-8.6358	-7.7562
BLOCK16/SES169/SA169S13	SES146	-0.432277	-8.18848	-7.7562
BLOCK16/SES169/SA169S13	SES162	-1.05973	-8.81593	-7.7562
BLOCK16/SES169/SA169S14	SES144	-0.527742	-7.07175	-6.54401
BLOCK16/SES169/SA169S14	SES148	-0.222775	-6.76679	-6.54401
BLOCK16/SES169/SA169S14	SES177	-0.0778499	-6.62186	-6.54401
BLOCK16/SES169/SA169S14	SES180	-0.569649	-7.11366	-6.54401
BLOCK16/SES169/SA169S24	SES117	-1.09651	-9.46774	-8.37123
BLOCK16/SES169/SA169S24	SES144	-0.716125	-9.08736	-8.37123
BLOCK16/SES169/SA169S24	SES146	-0.587354	-8.95858	-8.37123
BLOCK16/SES169/SA169S24	SES162	-1.06074	-9.43197	-8.37123
BLOCK16/SES169/SA169S27	SES127	-0.661501	-8.24329	-7.58179
BLOCK16/SES169/SA169S27	SES129	-0.512738	-8.09453	-7.58179
BLOCK16/SES169/SA169S27	SES144	-0.601373	-8.18317	-7.58179
BLOCK16/SES169/SA169S27	SES146	-0.227769	-7.80956	-7.58179
BLOCK16/SES169/SA169S29	SES144	-0.00618505	-6.6727	-6.66651
BLOCK16/SES169/SA169S29	SES162	-0.196188	-6.8627	-6.66651
BLOCK16/SES169/SA169S29	SES177	-0.703028	-7.36954	-6.66651
BLOCK16/SES169/SA169S29	SES180	-0.858029	-7.52454	-6.66651
BLOCK17/SES171/SA171S12	SES083	-1.01802	-9.65531	-8.63729
BLOCK17/SES171/SA171S12	SES148	-2.67738	-11.3147	-8.63729
BLOCK17/SES171/SA171S12	SES172	-1.22323	-9.86052	-8.63729
BLOCK17/SES171/SA171S12	SES292	-2.87986	-11.5171	-8.63729
BLOCK17/SES171/SA171S15	SES148	-1.50027	-9.45918	-7.95891
BLOCK17/SES171/SA171S15	SES177	-0.673725	-8.63264	-7.95891
BLOCK17/SES171/SA171S15	SES180	-3.44776	-11.4067	-7.95891
BLOCK17/SES171/SA171S15	SES292	-1.56602	-9.52493	-7.95891
BLOCK17/SES171/SA171S22	SES007	-0.864608	-7.22938	-6.36477
BLOCK17/SES171/SA171S22	SES148	-0.557152	-6.92192	-6.36477
BLOCK17/SES171/SA171S22	SES177	-0.26408	-6.62885	-6.36477
BLOCK17/SES171/SA171S22	SES180	-1.74522	-8.10999	-6.36477
BLOCK17/SES171/SA171S25	SES101	-1.39444	-9.51861	-8.12417
BLOCK17/SES171/SA171S25	SES120	-2.92323	-11.0474	-8.12417
BLOCK17/SES171/SA171S25	SES177	-0.727627	-8.8518	-8.12417
BLOCK17/SES171/SA171S25	SES180	-2.29291	-10.4171	-8.12417
BLOCK17/SES171/SA171S27	SES177	-0.791483	-8.97371	-8.18223
BLOCK17/SES171/SA171S27	SES180	-3.19706	-11.3793	-8.18223
BLOCK17/SES171/SA171S27	SES189	-0.630673	-8.8129	-8.18223
BLOCK17/SES171/SA171S27	SES292	-2.46102	-10.6432	-8.18223
BLOCK17/SES173/SA173S13	SES162	-2.60661	-10.1319	-7.52528
BLOCK17/SES173/SA173S13	SES177	-1.34424	-8.86952	-7.52528
BLOCK17/SES173/SA173S13	SES180	-1.56692	-9.09219	-7.52528
BLOCK17/SES173/SA173S13	SES292	-0.0534229	-7.5787	-7.52528
BLOCK17/SES173/SA173S14	SES007	-0.763722	-8.07444	-7.31071
BLOCK17/SES173/SA173S14	SES162	-2.77832	-10.089	-7.31071
BLOCK17/SES173/SA173S14	SES177	-1.59604	-8.90676	-7.31071
BLOCK17/SES173/SA173S14	SES180	-2.60294	-9.91366	-7.31071
BLOCK17/SES173/SA173S24	SES144	-1.80009	-9.82983	-8.02975
BLOCK17/SES173/SA173S24	SES162	-2.42165	-10.4514	-8.02975
BLOCK17/SES173/SA173S24	SES177	-0.449668	-8.47942	-8.02975
BLOCK17/SES173/SA173S24	SES180	-2.70495	-10.7347	-8.02975
BLOCK17/SES173/SA173S27	SES162	-3.90824	-11.5049	-7.59668
BLOCK17/SES173/SA173S27	SES177	-1.46729	-9.06398	-7.59668
BLOCK17/SES173/SA173S27	SES180	-1.57569	-9.17237	-7.59668
BLOCK17/SES173/SA173S27	SES292	-0.25754	-7.85422	-7.59668
BLOCK17/SES173/SA173S29	SES162	-1.95258	-10.1307	-8.17809
BLOCK17/SES173/SA173S29	SES175	-0.0893545	-8.26745	-8.17809
BLOCK17/SES173/SA173S29	SES177	-0.666047	-8.84414	-8.17809
BLOCK17/SES173/SA173S29	SES292	-1.04268	-9.22077	-8.17809
BLOCK18/SES182/SA182S10	SES144	-1.46783	-8.52331	-7.05547
BLOCK18/SES182/SA182S10	SES177	-1.10676	-8.16223	-7.05547
BLOCK18/SES182/SA182S10	SES180	-2.55352	-9.60899	-7.05547
BLOCK18/SES182/SA182S10	SES275	-0.749274	-7.80475	-7.05547
BLOCK18/SES182/SA182S12	SES144	-1.17838	-7.85341	-6.67503
BLOCK18/SES182/SA182S12	SES177	-0.799212	-7.47424	-6.67503
BLOCK18/SES182/SA182S12	SES180	-2.38486	-9.0599	-6.67503
BLOCK18/SES182/SA182S12	SES275	-0.85184	-7.52687	-6.67503
BLOCK18/SES182/SA182S21	SES117	-1.66074	-10.056	-8.39523
BLOCK18/SES182/SA182S21	SES144	-1.22613	-9.62136	-8.39523
BLOCK18/SES182/SA182S21	SES162	-1.09367	-9.4889	-8.39523
BLOCK18/SES182/SA182S21	SES180	-2.40867	-10.8039	-8.39523
BLOCK18/SES182/SA182S23	SES117	-2.0769	-10.3523	-8.27538
BLOCK18/SES182/SA182S23	SES144	-2.69019	-10.9656	-8.27538
BLOCK18/SES182/SA182S23	SES180	-4.03685	-12.3122	-8.27538
BLOCK18/SES182/SA182S23	SES275	-2.16907	-10.4445	-8.27538
BLOCK18/SES182/SA182S25	SES007	0.0552254	-7.77659	-7.83181
BLOCK18/SES182/SA182S25	SES162	-0.900366	-8.73218	-7.83181
BLOCK18/SES182/SA182S25	SES177	-0.854104	-8.68591	-7.83181
BLOCK18/SES182/SA182S25	SES180	-2.15027	-9.98208	-7.83181
BLOCK18/SES184/SA184S12	SES177	-1.62048	-8.88695	-7.26646
BLOCK18/SES184/SA184S12	SES180	-0.317277	-7.58374	-7.26646
BLOCK18/SES184/SA184S12	SES189	-1.78444	-9.05091	-7.26646
BLOCK18/SES184/SA184S12	SES292	-0.00891304	-7.27538	-7.26646
BLOCK18/SES184/SA184S13	SES101	-0.926363	-8.50529	-7.57893
BLOCK18/SES184/SA184S13	SES177	-0.86473	-8.44366	-7.57893
BLOCK18/SES184/SA184S13	SES180	-0.887138	-8.46607	-7.57893
BLOCK18/SES184/SA184S13	SES292	-0.882062	-8.46099	-7.57893
BLOCK18/SES184/SA184S22	SES177	-1.49156	-9.2295	-7.73795
BLOCK18/SES184/SA184S22	SES180	-0.504462	-8.24241	-7.73795
BLOCK18/SES184/SA184S22	SES189	-1.11077	-8.84871	-7.73795
BLOCK18/SES184/SA184S22	SES292	-0.837862	-8.57581	-7.73795
BLOCK18/SES184/SA184S25	SES101	-0.762998	-8.12492	-7.36192
BLOCK18/SES184/SA184S25	SES177	-1.15842	-8.52034	-7.36192
BLOCK18/SES184/SA184S25	SES180	-0.267471	-7.62939	-7.36192
BLOCK18/SES184/SA184S25	SES292	-0.693061	-8.05498	-7.36192
BLOCK18/SES184/SA184S27	SES083	-0.766201	-8.38992	-7.62372
BLOCK18/SES184/SA184S27	SES177	-0.338764	-7.96248	-7.62372
BLOCK18/SES184/SA184S27	SES202	-0.796142	-8.41986	-7.62372
BLOCK18/SES184/SA184S27	SES292	-0.527539	-8.15125	-7.62372
BLOCK20/SES204/SA204S12	SES062	-0.687016	-7.70202	-7.01501
BLOCK20/SES204/SA204S12	SES083	-2.04209	-9.05709	-7.01501
BLOCK20/SES204/SA204S12	SES206	-0.887189	-7.9022	-7.01501
BLOCK20/SES204/SA204S12	SES226	-1.20512	-8.22013	-7.01501
BLOCK20/SES204/SA204S14	SES068	-0.399777	-6.64379	-6.24401
BLOCK20/SES204/SA204S14	SES087	-0.278217	-6.52222	-6.24401
BLOCK20/SES204/SA204S14	SES206	-1.08063	-7.32464	-6.24401
BLOCK20/SES204/SA204S14	SES226	-1.26998	-7.51398	-6.24401
BLOCK20/SES204/SA204S22	SES068	-0.390947	-7.47768	-7.08673
BLOCK20/SES204/SA204S22	SES082	-0.967855	-8.05459	-7.08673
BLOCK20/SES204/SA204S22	SES083	-2.4351	-9.52184	-7.08673
BLOCK20/SES204/SA204S22	SES206	-0.669607	-7.75634	-7.08673
BLOCK20/SES204/SA204S25	SES062	-0.935244	-7.71931	-6.78407
BLOCK20/SES204/SA204S25	SES083	-2.2203	-9.00438	-6.78407
BLOCK20/SES204/SA204S25	SES206	-0.350228	-7.1343	-6.78407
BLOCK20/SES204/SA204S25	SES226	-0.908416	-7.69249	-6.78407
BLOCK20/SES204/SA204S27	SES068	-0.186939	-8.00724	-7.8203
BLOCK20/SES204/SA204S27	SES082	-1.49555	-9.31585	-7.8203
BLOCK20/SES204/SA204S27	SES087	0.0724268	-7.74787	-7.8203
BLOCK20/SES204/SA204S27	SES206	-1.65281	-9.47311	-7.8203
BLOCK20/SES207/SA207S10	SES127	-2.07764	-9.38305	-7.30541
BLOCK20/SES207/SA207S10	SES183	-1.18874	-8.49414	-7.30541
BLOCK20/SES207/SA207S10	SES189	-0.636882	-7.94229	-7.30541
BLOCK20/SES207/SA207S10	SES292	-1.41739	-8.72279	-7.30541
BLOCK20/SES207/SA207S11	SES127	-1.77975	-9.96786	-8.18811
BLOCK20/SES207/SA207S11	SES183	-1.57062	-9.75873	-8.18811
BLOCK20/SES207/SA207S11	SES187	-0.785667	-8.97378	-8.18811
BLOCK20/SES207/SA207S11	SES292	-0.591928	-8.78004	-8.18811
BLOCK20/SES207/SA207S25	SES068	-0.821818	-9.06403	-8.24222
BLOCK20/SES207/SA207S25	SES083	-1.79253	-10.0347	-8.24222
BLOCK20/SES207/SA207S25	SES127	-0.748911	-8.99113	-8.24222
BLOCK20/SES207/SA207S25	SES187	-1.01241	-9.25462	-8.24222
BLOCK20/SES207/SA207S27	SES127	-1.78901	-9.99527	-8.20627
BLOCK20/SES207/SA207S27	SES183	-1.19031	-9.39658	-8.20627
BLOCK20/SES207/SA207S27	SES187	-0.649533	-8.8558	-8.20627
BLOCK20/SES207/SA207S27	SES292	-1.25165	-9.45791	-8.20627
BLOCK20/SES207/SA207S29	SES083	-2.13546	-9.87003	-7.73456
BLOCK20/SES207/SA207S29	SES085	-1.15936	-8.89393	-7.73456
BLOCK20/SES207/SA207S29	SES172	-0.453825	-8.18839	-7.73456
BLOCK20/SES207/SA207S29	SES189	-1.85526	-9.58982	-7.73456
BLOCK22/SES221/SA221S12	SES068	0.00631475	-6.67283	-6.67914
BLOCK22/SES221/SA221S12	SES143	-1.42656	-8.1057	-6.67914
BLOCK22/SES221/SA221S12	SES175	-0.351372	-7.03052	-6.67914
BLOCK22/SES221/SA221S12	SES202	-0.723266	-7.40241	-6.67914
BLOCK22/SES221/SA221S15	SES085	-0.294285	-7.31916	-7.02488
BLOCK22/SES221/SA221S15	SES143	-1.31706	-8.34194	-7.02488
BLOCK22/SES221/SA221S15	SES175	-0.356282	-7.38116	-7.02488
BLOCK22/SES221/SA221S15	SES187	-0.932778	-7.95765	-7.02488
BLOCK22/SES221/SA221S23	SES068	0.22994	-6.69743	-6.92737
BLOCK22/SES221/SA221S23	SES143	-1.56641	-8.49378	-6.92737
BLOCK22/SES221/SA221S23	SES175	-0.784511	-7.71188	-6.92737
BLOCK22/SES221/SA221S23	SES189	-1.61937	-8.54674	-6.92737
BLOCK22/SES221/SA221S27	SES085	0.165747	-7.16421	-7.32996
BLOCK22/SES221/SA221S27	SES143	-1.42728	-8.75724	-7.32996
BLOCK22/SES221/SA221S27	SES175	-0.920101	-8.25006	-7.32996
BLOCK22/SES221/SA221S27	SES189	-1.16263	-8.49259	-7.32996
BLOCK22/SES221/SA221S29	SES085	0.280538	-6.73201	-7.01255
BLOCK22/SES221/SA221S29	SES143	-0.944225	-7.95678	-7.01255
BLOCK22/SES221/SA221S29	SES175	-0.415141	-7.42769	-7.01255
BLOCK22/SES221/SA221S29	SES187	-0.970723	-7.98327	-7.01255
BLOCK22/SES223/SA223S11	SES143	-1.17734	-8.69176	-7.51442
BLOCK22/SES223/SA223S11	SES144	-2.12564	-9.64006	-7.51442
BLOCK22/SES223/SA223S11	SES175	-0.673588	-8.18801	-7.51442
BLOCK22/SES223/SA223S11	SES187	-1.53141	-9.04583	-7.51442
BLOCK22/SES223/SA223S13	SES068	0.176576	-7.31718	-7.49376
BLOCK22/SES223/SA223S13	SES143	-1.65671	-9.15047	-7.49376
BLOCK22/SES223/SA223S13	SES146	-0.896596	-8.39036	-7.49376
BLOCK22/SES223/SA223S13	SES202	-0.951535	-8.44529	-7.49376
BLOCK22/SES223/SA223S22	SES143	-0.371523	-7.6417	-7.27018
BLOCK22/SES223/SA223S22	SES144	-1.94492	-9.2151	-7.27018
BLOCK22/SES223/SA223S22	SES175	-0.530679	-7.80086	-7.27018
BLOCK22/SES223/SA223S22	SES187	-1.19356	-8.46374	-7.27018
BLOCK22/SES223/SA223S25	SES068	-0.954826	-8.20976	-7.25493
BLOCK22/SES223/SA223S25	SES143	-1.25695	-8.51189	-7.25493
BLOCK22/SES223/SA223S25	SES175	-0.626186	-7.88112	-7.25493
BLOCK22/SES223/SA223S25	SES187	-1.5179	-8.77283	-7.25493
BLOCK22/SES223/SA223S27	SES143	-0.488303	-8.3694	-7.88109
BLOCK22/SES223/SA223S27	SES146	-1.34021	-9.2213	-7.88109
BLOCK22/SES223/SA223S27	SES187	-1.48574	-9.36684	-7.88109
BLOCK22/SES223/SA223S27	SES292	-0.649675	-8.53077	-7.88109
BLOCK27/SES273/SA273S12	SES099	-0.0628939	-7.38717	-7.32428
BLOCK27/SES273/SA273S12	SES104	0.11941	-7.20487	-7.32428
BLOCK27/SES273/SA273S12	SES125	-0.596507	-7.92078	-7.32428
BLOCK27/SES273/SA273S12	SES206	-0.138802	-7.46308	-7.32428
BLOCK27/SES273/SA273S13	SES099	-1.4145	-8.22373	-6.80923
BLOCK27/SES273/SA273S13	SES104	-0.150462	-6.95969	-6.80923
BLOCK27/SES273/SA273S13	SES206	-1.18628	-7.99551	-6.80923
BLOCK27/SES273/SA273S13	SES292	-0.75409	-7.56332	-6.80923
BLOCK27/SES273/SA273S21	SES099	-0.631803	-8.33552	-7.70371
BLOCK27/SES273/SA273S21	SES148	-2.12789	-9.83161	-7.70371
BLOCK27/SES273/SA273S21	SES149	-1.7872	-9.49091	-7.70371
BLOCK27/SES273/SA273S21	SES177	-2.05444	-9.75815	-7.70371
BLOCK27/SES273/SA273S25	SES104	-0.119944	-8.39114	-8.27119
BLOCK27/SES273/SA273S25	SES125	-0.812764	-9.08396	-8.27119
BLOCK27/SES273/SA273S25	SES158	0.22566	-8.04553	-8.27119
BLOCK27/SES273/SA273S25	SES206	-0.291236	-8.56243	-8.27119
BLOCK27/SES273/SA273S27	SES099	-0.709327	-7.09212	-6.38279
BLOCK27/SES273/SA273S27	SES104	-0.567145	-6.94994	-6.38279
BLOCK27/SES273/SA273S27	SES149	-0.926384	-7.30918	-6.38279
BLOCK27/SES273/SA273S27	SES275	-1.25372	-7.63651	-6.38279
BLOCK27/SES274/SA274S10	SES105	-1.46757	-8.20237	-6.7348
BLOCK27/SES274/SA274S10	SES125	-1.66742	-8.40222	-6.7348
BLOCK27/SES274/SA274S10	SES129	0.136616	-6.59818	-6.7348
BLOCK27/SES274/SA274S10	SES158	-3.7595	-10.4943	-6.7348
BLOCK27/SES274/SA274S11	SES105	-1.02266	-7.67308	-6.65042
BLOCK27/SES274/SA274S11	SES149	-0.435453	-7.08588	-6.65042
BLOCK27/SES274/SA274S11	SES158	-1.26355	-7.91397	-6.65042
BLOCK27/SES274/SA274S11	SES275	-0.145398	-6.79582	-6.65042
BLOCK27/SES274/SA274S21	SES105	-1.14797	-7.89968	-6.75171
BLOCK27/SES274/SA274S21	SES129	0.12625	-6.62546	-6.75171
BLOCK27/SES274/SA274S21	SES149	-1.51032	-8.26203	-6.75171
BLOCK27/SES274/SA274S21	SES158	-3.26445	-10.0162	-6.75171
BLOCK27/SES274/SA274S24	SES105	-1.50452	-9.19535	-7.69083
BLOCK27/SES274/SA274S24	SES129	0.51177	-7.17906	-7.69083
BLOCK27/SES274/SA274S24	SES149	-1.73227	-9.4231	-7.69083
BLOCK27/SES274/SA274S24	SES158	-4.81133	-12.5022	-7.69083
BLOCK27/SES274/SA274S29	SES105	-1.30686	-8.51246	-7.2056
BLOCK27/SES274/SA274S29	SES106	-1.64822	-8.85381	-7.2056
BLOCK27/SES274/SA274S29	SES120	-0.74873	-7.95433	-7.2056
BLOCK27/SES274/SA274S29	SES275	-0.496797	-7.70239	-7.2056
BLOCK27/SES276/SA276S16	SES148	-0.433053	-7.46852	-7.03547
BLOCK27/SES276/SA276S16	SES172	0.1051	-6.93037	-7.03547
BLOCK27/SES276/SA276S16	SES180	-0.627115	-7.66258	-7.03547
BLOCK27/SES276/SA276S16	SES292	-0.424026	-7.45949	-7.03547
BLOCK27/SES276/SA276S17	SES101	-1.12087	-8.52069	-7.39982
BLOCK27/SES276/SA276S17	SES177	-1.57	-8.96982	-7.39982
BLOCK27/SES276/SA276S17	SES180	-1.32882	-8.72865	-7.39982
BLOCK27/SES276/SA276S17	SES292	-0.921508	-8.32133	-7.39982
BLOCK27/SES276/SA276S24	SES101	-0.377075	-7.0742	-6.69712
BLOCK27/SES276/SA276S24	SES177	-0.510055	-7.20718	-6.69712
BLOCK27/SES276/SA276S24	SES180	-0.959155	-7.65628	-6.69712
BLOCK27/SES276/SA276S24	SES292	-0.918074	-7.6152	-6.69712
BLOCK27/SES276/SA276S26	SES101	-0.471213	-7.25615	-6.78493
BLOCK27/SES276/SA276S26	SES177	-0.898854	-7.68379	-6.78493
BLOCK27/SES276/SA276S26	SES180	-0.750459	-7.53539	-6.78493
BLOCK27/SES276/SA276S26	SES292	-0.187832	-6.97277	-6.78493
BLOCK27/SES276/SA276S28	SES101	-0.382133	-7.22676	-6.84463
BLOCK27/SES276/SA276S28	SES177	-1.07986	-7.92449	-6.84463
BLOCK27/SES276/SA276S28	SES180	-0.379012	-7.22364	-6.84463
BLOCK27/SES276/SA276S28	SES292	-0.362632	-7.20726	-6.84463
BLOCK27/SES277/SA277S12	SES101	-0.493987	-8.80588	-8.31189
BLOCK27/SES277/SA277S12	SES177	-1.77173	-10.0836	-8.31189
BLOCK27/SES277/SA277S12	SES180	-2.25106	-10.563	-8.31189
BLOCK27/SES277/SA277S12	SES292	-1.53465	-9.84654	-8.31189
BLOCK27/SES277/SA277S14	SES177	-1.14506	-9.65803	-8.51297
BLOCK27/SES277/SA277S14	SES180	-2.18819	-10.7012	-8.51297
BLOCK27/SES277/SA277S14	SES189	-0.339241	-8.85221	-8.51297
BLOCK27/SES277/SA277S14	SES292	-1.977	-10.49	-8.51297
BLOCK27/SES277/SA277S21	SES177	-0.367839	-8.92502	-8.55718
BLOCK27/SES277/SA277S21	SES180	-1.35347	-9.91064	-8.55718
BLOCK27/SES277/SA277S21	SES189	-0.219515	-8.77669	-8.55718
BLOCK27/SES277/SA277S21	SES292	-2.34022	-10.8974	-8.55718
BLOCK27/SES277/SA277S24	SES144	-0.671129	-9.23743	-8.5663
BLOCK27/SES277/SA277S24	SES177	-1.24664	-9.81293	-8.5663
BLOCK27/SES277/SA277S24	SES180	-2.93112	-11.4974	-8.5663
BLOCK27/SES277/SA277S24	SES189	-0.139863	-8.70616	-8.5663
BLOCK27/SES277/SA277S29	SES177	-0.783013	-7.1075	-6.32449
BLOCK27/SES277/SA277S29	SES180	-0.887419	-7.2119	-6.32449
BLOCK27/SES277/SA277S29	SES202	-0.475311	-6.7998	-6.32449
BLOCK27/SES277/SA277S29	SES292	-1.19375	-7.51824	-6.32449
BLOCK27/SES279/SA279S09	SES120	-0.90037	-7.56541	-6.66504
BLOCK27/SES279/SA279S09	SES146	-1.10149	-7.76653	-6.66504
BLOCK27/SES279/SA279S09	SES206	-0.41793	-7.08297	-6.66504
BLOCK27/SES279/SA279S09	SES226	-1.22626	-7.8913	-6.66504
BLOCK27/SES279/SA279S10	SES099	-1.00866	-8.2039	-7.19524
BLOCK27/SES279/SA279S10	SES206	-1.60409	-8.79933	-7.19524
BLOCK27/SES279/SA279S10	SES226	-2.44016	-9.6354	-7.19524
BLOCK27/SES279/SA279S10	SES292	-0.251978	-7.44722	-7.19524
BLOCK27/SES279/SA279S20	SES099	-1.65213	-9.14647	-7.49433
BLOCK27/SES279/SA279S20	SES206	-0.770925	-8.26526	-7.49433
BLOCK27/SES279/SA279S20	SES226	-2.29642	-9.79076	-7.49433
BLOCK27/SES279/SA279S20	SES292	-0.40852	-7.90285	-7.49433
BLOCK27/SES279/SA279S26	SES099	-0.555783	-8.55112	-7.99534
BLOCK27/SES279/SA279S26	SES206	-0.75955	-8.75489	-7.99534
BLOCK27/SES279/SA279S26	SES226	-1.73313	-9.72847	-7.99534
BLOCK27/SES279/SA279S26	SES292	0.188449	-7.80689	-7.99534
BLOCK27/SES279/SA279S28	SES099	-1.05382	-7.51582	-6.462
BLOCK27/SES279/SA279S28	SES120	-0.810847	-7.27285	-6.462
BLOCK27/SES279/SA279S28	SES177	-2.14192	-8.60393	-6.462
BLOCK27/SES279/SA279S28	SES206	-0.822332	-7.28434	-6.462
BLOCK29/SES290/SA290S12	SES162	0.0700002	-5.8978	-5.9678
BLOCK29/SES290/SA290S12	SES177	-0.312915	-6.28072	-5.9678
BLOCK29/SES290/SA290S12	SES180	-0.602174	-6.56998	-5.9678
BLOCK29/SES290/SA290S12	SES292	-0.748955	-6.71676	-5.9678
BLOCK29/SES290/SA290S13	SES007	0.101115	-6.47489	-6.57601
BLOCK29/SES290/SA290S13	SES162	-1.08166	-7.65766	-6.57601
BLOCK29/SES290/SA290S13	SES177	-0.593083	-7.16909	-6.57601
BLOCK29/SES290/SA290S13	SES180	-0.248778	-6.82478	-6.57601
BLOCK29/SES290/SA290S22	SES177	-0.705338	-7.40185	-6.69651
BLOCK29/SES290/SA290S22	SES180	-0.527881	-7.22439	-6.69651
BLOCK29/SES290/SA290S22	SES202	-0.529572	-7.22608	-6.69651
BLOCK29/SES290/SA290S22	SES292	-0.417703	-7.11421	-6.69651
BLOCK29/SES290/SA290S25	SES162	-0.719873	-7.16214	-6.44227
BLOCK29/SES290/SA290S25	SES177	-0.672324	-7.11459	-6.44227
BLOCK29/SES290/SA290S25	SES180	-0.88735	-7.32962	-6.44227
BLOCK29/SES290/SA290S25	SES292	-0.579758	-7.02203	-6.44227
BLOCK29/SES290/SA290S29	SES177	-0.244962	-6.62018	-6.37522
BLOCK29/SES290/SA290S29	SES180	0.25751	-6.11771	-6.37522
BLOCK29/SES290/SA290S29	SES275	-0.483073	-6.85829	-6.37522
BLOCK29/SES290/SA290S29	SES292	-0.316547	-6.69177	-6.37522
BLOCK29/SES291/SA291S11	SES105	-1.53186	-9.48728	-7.95542
BLOCK29/SES291/SA291S11	SES125	-1.00255	-8.95797	-7.95542
BLOCK29/SES291/SA291S11	SES158	-0.483165	-8.43858	-7.95542
BLOCK29/SES291/SA291S11	SES275	-0.902874	-8.85829	-7.95542
BLOCK29/SES291/SA291S12	SES158	0.145661	-6.93724	-7.08291
BLOCK29/SES291/SA291S12	SES226	-1.33769	-8.42059	-7.08291
BLOCK29/SES291/SA291S12	SES270	-0.732213	-7.81512	-7.08291
BLOCK29/SES291/SA291S12	SES275	-2.68436	-9.76726	-7.08291
BLOCK29/SES291/SA291S22	SES082	-0.753247	-8.18601	-7.43276
BLOCK29/SES291/SA291S22	SES158	-0.295985	-7.72875	-7.43276
BLOCK29/SES291/SA291S22	SES259	-0.914218	-8.34698	-7.43276
BLOCK29/SES291/SA291S22	SES275	-1.683	-9.11576	-7.43276
BLOCK29/SES291/SA291S24	SES104	0.198799	-6.80717	-7.00597
BLOCK29/SES291/SA291S24	SES125	-0.496153	-7.50212	-7.00597
BLOCK29/SES291/SA291S24	SES158	-0.228866	-7.23483	-7.00597
BLOCK29/SES291/SA291S24	SES275	-1.59098	-8.59695	-7.00597
BLOCK29/SES291/SA291S27	SES158	0.211575	-6.92184	-7.13341
BLOCK29/SES291/SA291S27	SES172	-2.07252	-9.20593	-7.13341
BLOCK29/SES291/SA291S27	SES275	-1.52782	-8.66123	-7.13341
BLOCK29/SES291/SA291S27	SES292	-0.168554	-7.30197	-7.13341
