BLOCK00/SES002/SA002S12	SES002	0.802952	-49.0008	-49.8038
BLOCK00/SES002/SA002S13	SES002	1.54901	-48.4775	-50.0265
BLOCK00/SES002/SA002S23	SES002	0.818108	-49.1432	-49.9613
BLOCK00/SES002/SA002S26	SES002	1.65761	-48.0767	-49.7343
BLOCK00/SES002/SA002S28	SES002	0.891651	-48.8634	-49.755
BLOCK00/SES007/SA007S14	SES007	1.37056	-47.5585	-48.9291
BLOCK00/SES007/SA007S15	SES007	0.776558	-49.1112	-49.8878
BLOCK00/SES007/SA007S24	SES007	0.92168	-49.0962	-50.0179
BLOCK00/SES007/SA007S27	SES007	0.672615	-49.6501	-50.3227
BLOCK00/SES007/SA007S29	SES007	0.447903	-48.7004	-49.1483
BLOCK00/SES008/SA008S11	SES008	1.11481	-48.9407	-50.0555
BLOCK00/SES008/SA008S12	SES008	0.520885	-49.4056	-49.9265
BLOCK00/SES008/SA008S19	SES008	1.69628	-47.8242	-49.5205
BLOCK00/SES008/SA008S22	SES008	1.24435	-48.9747	-50.219
BLOCK00/SES008/SA008S29	SES008	1.48781	-47.9788	-49.4666
BLOCK01/SES014/SA014S10	SES014	1.98754	-48.261	-50.2485
BLOCK01/SES014/SA014S12	SES014	2.55138	-46.2014	-48.7528
BLOCK01/SES014/SA014S24	SES014	1.18045	-48.1384	-49.3189
BLOCK01/SES014/SA014S26	SES014	2.15566	-45.9385	-48.0942
BLOCK01/SES014/SA014S28	SES014	2.65556	-46.1865	-48.842
BLOCK01/SES016/SA016S12	SES016	1.05093	-50.3193	-51.3702
BLOCK01/SES016/SA016S13	SES016	1.4568	-48.7078	-50.1646
BLOCK01/SES016/SA016S22	SES016	0.76532	-49.6682	-50.4335
BLOCK01/SES016/SA016S25	SES016	1.36166	-47.734	-49.0957
BLOCK01/SES016/SA016S27	SES016	1.7436	-47.1537	-48.8973
BLOCK01/SES019/SA019S13	SES019	2.70668	-49.0839	-51.7906
BLOCK01/SES019/SA019S14	SES019	1.63433	-49.0536	-50.688
BLOCK01/SES019/SA019S22	SES019	2.34779	-48.4273	-50.7751
BLOCK01/SES019/SA019S25	SES019	1.72222	-49.2256	-50.9478
BLOCK01/SES019/SA019S29	SES019	2.7294	-48.9348	-51.6642
BLOCK02/SES029/SA029S11	SES029	1.31487	-48.6602	-49.9751
BLOCK02/SES029/SA029S12	SES029	0.222683	-49.0758	-49.2985
BLOCK02/SES029/SA029S20	SES029	0.682381	-49.6827	-50.3651
BLOCK02/SES029/SA029S25	SES029	0.539986	-48.463	-49.0029
BLOCK02/SES029/SA029S28	SES029	0.363361	-49.6037	-49.9671
BLOCK04/SES042/SA042S12	SES042	1.80065	-47.2832	-49.0838
BLOCK04/SES042/SA042S15	SES042	1.80415	-47.8305	-49.6347
BLOCK04/SES042/SA042S22	SES042	2.86348	-45.8843	-48.7478
BLOCK04/SES042/SA042S25	SES042	1.34752	-48.8721	-50.2196
BLOCK04/SES042/SA042S27	SES042	1.69431	-47.476	-49.1703
BLOCK04/SES048/SA048S11	SES048	1.17331	-48.5316	-49.7049
BLOCK04/SES048/SA048S12	SES048	0.761768	-48.4318	-49.1935
BLOCK04/SES048/SA048S20	SES048	0.971973	-48.2913	-49.2633
BLOCK04/SES048/SA048S23	SES048	1.33019	-48.6374	-49.9676
BLOCK04/SES048/SA048S27	SES048	1.20171	-47.3115	-48.5132
BLOCK06/SES060/SA060S11	SES060	1.38297	-48.2154	-49.5983
BLOCK06/SES060/SA060S12	SES060	-1.16081	-50.8365	-49.6757
BLOCK06/SES060/SA060S22	SES060	0.171642	-50.3601	-50.5317
BLOCK06/SES060/SA060S24	SES060	1.05176	-48.3674	-49.4191
BLOCK06/SES060/SA060S28	SES060	1.29679	-46.2968	-47.5936
BLOCK06/SES062/SA062S10	SES062	0.732803	-48.7458	-49.4786
BLOCK06/SES062/SA062S11	SES062	1.06122	-48.1535	-49.2147
BLOCK06/SES062/SA062S21	SES062	2.01936	-46.0254	-48.0448
BLOCK06/SES062/SA062S26	SES062	0.508488	-47.565	-48.0735
BLOCK06/SES062/SA062S29	SES062	1.49844	-46.727	-48.2254
BLOCK06/SES068/SA068S14	SES068	0.882641	-48.5812	-49.4639
BLOCK06/SES068/SA068S15	SES068	1.50322	-47.2828	-48.786
BLOCK06/SES068/SA068S23	SES068	0.60025	-49.6237	-50.224
BLOCK06/SES068/SA068S27	SES068	1.50321	-47.1973	-48.7005
BLOCK06/SES068/SA068S29	SES068	1.01643	-48.0243	-49.0407
BLOCK08/SES082/SA082S12	SES082	0.655933	-49.716	-50.3719
BLOCK08/SES082/SA082S14	SES082	0.260799	-50.29	-50.5508
BLOCK08/SES082/SA082S21	SES082	0.312382	-49.8227	-50.1351
BLOCK08/SES082/SA082S24	SES082	0.536835	-49.0997	-49.6365
BLOCK08/SES082/SA082S28	SES082	0.639286	-49.5075	-50.1468
BLOCK08/SES083/SA083S14	SES083	-0.30645	-49.6221	-49.3156
BLOCK08/SES083/SA083S15	SES083	0.269733	-48.8653	-49.135
BLOCK08/SES083/SA083S24	SES083	0.235435	-49.3566	-49.592
BLOCK08/SES083/SA083S26	SES083	0.748291	-48.6512	-49.3995
BLOCK08/SES083/SA083S29	SES083	0.0792274	-48.8338	-48.913
BLOCK08/SES085/SA085S10	SES085	0.467934	-48.5977	-49.0656
BLOCK08/SES085/SA085S13	SES085	0.796318	-49.219	-50.0153
BLOCK08/SES085/SA085S22	SES085	-0.964794	-50.3165	-49.3517
BLOCK08/SES085/SA085S26	SES085	-0.254074	-49.0293	-48.7752
BLOCK08/SES085/SA085S28	SES085	0.439404	-49.3885	-49.8279
BLOCK08/SES087/SA087S15	SES087	1.38646	-48.7839	-50.1704
BLOCK08/SES087/SA087S16	SES087	1.60651	-48.8383	-50.4448
BLOCK08/SES087/SA087S24	SES087	1.28803	-48.7329	-50.0209
BLOCK08/SES087/SA087S26	SES087	1.10369	-47.7657	-48.8694
BLOCK08/SES087/SA087S29	SES087	1.39998	-49.2025	-50.6025
BLOCK09/SES099/SA099S15	SES099	1.22804	-49.4939	-50.7219
BLOCK09/SES099/SA099S16	SES099	0.966835	-49.0133	-49.9801
BLOCK09/SES099/SA099S24	SES099	1.32779	-48.879	-50.2068
BLOCK09/SES099/SA099S26	SES099	1.05595	-48.8634	-49.9193
BLOCK09/SES099/SA099S29	SES099	1.04746	-49.4065	-50.454
BLOCK10/SES101/SA101S11	SES101	0.182014	-49.0046	-49.1866
BLOCK10/SES101/SA101S13	SES101	1.56459	-47.243	-48.8076
BLOCK10/SES101/SA101S22	SES101	0.995117	-48.9287	-49.9238
BLOCK10/SES101/SA101S24	SES101	1.26212	-48.4824	-49.7445
BLOCK10/SES101/SA101S28	SES101	0.249489	-49.5911	-49.8406
BLOCK10/SES104/SA104S11	SES104	1.34856	-47.4391	-48.7876
BLOCK10/SES104/SA104S12	SES104	1.38892	-47.6954	-49.0844
BLOCK10/SES104/SA104S21	SES104	1.10686	-48.478	-49.5848
BLOCK10/SES104/SA104S24	SES104	0.693714	-48.7996	-49.4934
BLOCK10/SES104/SA104S28	SES104	1.27938	-48.0208	-49.3001
BLOCK10/SES105/SA105S12	SES105	0.77063	-49.5993	-50.3699
BLOCK10/SES105/SA105S13	SES105	0.75473	-49.8719	-50.6267
BLOCK10/SES105/SA105S22	SES105	0.267933	-50.5408	-50.8087
BLOCK10/SES105/SA105S26	SES105	1.3603	-49.0518	-50.4121
BLOCK10/SES105/SA105S29	SES105	0.595871	-49.5354	-50.1312
BLOCK10/SES106/SA106S09	SES106	1.02694	-49.5304	-50.5573
BLOCK10/SES106/SA106S11	SES106	1.27419	-48.5091	-49.7833
BLOCK10/SES106/SA106S22	SES106	2.33882	-48.286	-50.6248
BLOCK10/SES106/SA106S27	SES106	1.08805	-49.2939	-50.3819
BLOCK10/SES106/SA106S29	SES106	1.1366	-49.0884	-50.225
BLOCK11/SES117/SA117S12	SES117	0.736137	-49.4679	-50.204
BLOCK11/SES117/SA117S13	SES117	-0.0283127	-49.6998	-49.6715
BLOCK11/SES117/SA117S23	SES117	1.89127	-49.874	-51.7653
BLOCK11/SES117/SA117S25	SES117	0.974255	-50.173	-51.1473
BLOCK11/SES117/SA117S28	SES117	1.12223	-50.1591	-51.2813
BLOCK12/SES120/SA120S08	SES120	1.23727	-50.4352	-51.6725
BLOCK12/SES120/SA120S11	SES120	-0.0142822	-51.6793	-51.665
BLOCK12/SES120/SA120S22	SES120	0.0924911	-49.5725	-49.665
BLOCK12/SES120/SA120S24	SES120	0.421017	-49.5162	-49.9373
BLOCK12/SES120/SA120S28	SES120	0.508743	-51.1057	-51.6145
BLOCK12/SES125/SA125S13	SES125	1.95427	-47.568	-49.5223
BLOCK12/SES125/SA125S14	SES125	0.98951	-48.8935	-49.883
BLOCK12/SES125/SA125S25	SES125	1.67728	-48.2449	-49.9222
BLOCK12/SES125/SA125S27	SES125	1.52637	-47.291	-48.8174
BLOCK12/SES125/SA125S29	SES125	1.36672	-48.3398	-49.7065
BLOCK12/SES127/SA127S11	SES127	1.13173	-48.7106	-49.8424
BLOCK12/SES127/SA127S12	SES127	0.0365944	-49.169	-49.2056
BLOCK12/SES127/SA127S23	SES127	0.483429	-49.2545	-49.7379
BLOCK12/SES127/SA127S25	SES127	0.13773	-49.4911	-49.6288
BLOCK12/SES127/SA127S27	SES127	1.27117	-48.0808	-49.352
BLOCK12/SES129/SA129S11	SES129	1.06068	-48.2188	-49.2795
BLOCK12/SES129/SA129S12	SES129	1.27604	-47.6968	-48.9729
BLOCK12/SES129/SA129S22	SES129	1.24564	-48.3356	-49.5812
BLOCK12/SES129/SA129S27	SES129	1.52398	-47.4203	-48.9443
BLOCK12/SES129/SA129S29	SES129	1.42586	-47.554	-48.9798
BLOCK14/SES142/SA142S11	SES142	1.96001	-49.0436	-51.0036
BLOCK14/SES142/SA142S12	SES142	1.2957	-49.5533	-50.849
BLOCK14/SES142/SA142S24	SES142	2.247	-48.5648	-50.8118
BLOCK14/SES142/SA142S27	SES142	2.4146	-48.4446	-50.8593
BLOCK14/SES142/SA142S29	SES142	2.40736	-47.8362	-50.2435
BLOCK14/SES143/SA143S12	SES143	1.10891	-49.6109	-50.7198
BLOCK14/SES143/SA143S13	SES143	0.788258	-49.7249	-50.5132
BLOCK14/SES143/SA143S23	SES143	1.50056	-49.3463	-50.8468
BLOCK14/SES143/SA143S25	SES143	0.798969	-49.6561	-50.4551
BLOCK14/SES143/SA143S28	SES143	1.3064	-48.6913	-49.9977
BLOCK14/SES144/SA144S09	SES144	0.721642	-49.0546	-49.7762
BLOCK14/SES144/SA144S11	SES144	0.767349	-50.0018	-50.7692
BLOCK14/SES144/SA144S21	SES144	0.416618	-49.668	-50.0846
BLOCK14/SES144/SA144S25	SES144	0.51186	-49.8484	-50.3602
BLOCK14/SES144/SA144S29	SES144	0.110294	-49.8604	-49.9706
BLOCK14/SES146/SA146S14	SES146	0.811859	-49.7827	-50.5946
BLOCK14/SES146/SA146S15	SES146	0.529751	-49.7774	-50.3071
BLOCK14/SES146/SA146S24	SES146	0.47892	-49.9772	-50.4561
BLOCK14/SES146/SA146S26	SES146	1.06998	-49.7326	-50.8026
BLOCK14/SES146/SA146S29	SES146	0.439743	-50.6829	-51.1226
BLOCK14/SES147/SA147S11	SES147	1.36091	-49.5815	-50.9424
BLOCK14/SES147/SA147S13	SES147	1.84386	-48.3958	-50.2397
BLOCK14/SES147/SA147S23	SES147	1.10975	-49.6228	-50.7325
BLOCK14/SES147/SA147S26	SES147	0.720165	-49.8487	-50.5689
BLOCK14/SES147/SA147S28	SES147	1.52092	-48.7129	-50.2339
BLOCK14/SES148/SA148S10	SES148	1.04366	-48.6093	-49.653
BLOCK14/SES148/SA148S12	SES148	0.764774	-49.7929	-50.5577
BLOCK14/SES148/SA148S22	SES148	1.00873	-48.1565	-49.1652
BLOCK14/SES148/SA148S26	SES148	0.402519	-49.1114	-49.514
BLOCK14/SES148/SA148S29	SES148	0.551025	-49.5809	-50.1319
BLOCK14/SES149/SA149S13	SES149	0.531162	-49.2556	-49.7868
BLOCK14/SES149/SA149S14	SES149	0.247448	-49.0644	-49.3118
BLOCK14/SES149/SA149S24	SES149	1.13629	-48.7	-49.8363
BLOCK14/SES149/SA149S26	SES149	1.96826	-47.5687	-49.5369
BLOCK14/SES149/SA149S28	SES149	2.49383	-46.7673	-49.2611
BLOCK15/SES158/SA158S13	SES158	1.24114	-49.3701	-50.6113
BLOCK15/SES158/SA158S14	SES158	2.05777	-48.4908	-50.5486
BLOCK15/SES158/SA158S23	SES158	0.985107	-49.0382	-50.0233
BLOCK15/SES158/SA158S26	SES158	1.50248	-48.9257	-50.4282
BLOCK15/SES158/SA158S28	SES158	1.00353	-49.4291	-50.4326
BLOCK16/SES162/SA162S10	SES162	0.475506	-50.3477	-50.8232
BLOCK16/SES162/SA162S11	SES162	1.10996	-49.1483	-50.2582
BLOCK16/SES162/SA162S21	SES162	1.80526	-48.9569	-50.7621
BLOCK16/SES162/SA162S24	SES162	1.03192	-49.6237	-50.6556
BLOCK16/SES162/SA162S27	SES162	1.3391	-49.0017	-50.3408
BLOCK16/SES167/SA167S14	SES167	1.11407	-47.7636	-48.8776
BLOCK16/SES167/SA167S15	SES167	1.45829	-48.6802	-50.1385
BLOCK16/SES167/SA167S21	SES167	1.65571	-47.5572	-49.2129
BLOCK16/SES167/SA167S25	SES167	1.66652	-48.6793	-50.3458
BLOCK16/SES167/SA167S29	SES167	2.14831	-47.1749	-49.3232
BLOCK17/SES172/SA172S12	SES172	1.8012	-48.1694	-49.9706
BLOCK17/SES172/SA172S13	SES172	1.97405	-48.8753	-50.8494
BLOCK17/SES172/SA172S23	SES172	0.899178	-47.8571	-48.7563
BLOCK17/SES172/SA172S27	SES172	0.964409	-49.0658	-50.0302
BLOCK17/SES172/SA172S29	SES172	1.43541	-48.4119	-49.8473
BLOCK17/SES175/SA175S11	SES175	1.39977	-48.3518	-49.7516
BLOCK17/SES175/SA175S13	SES175	1.37746	-48.8472	-50.2247
BLOCK17/SES175/SA175S23	SES175	1.86201	-48.336	-50.1981
BLOCK17/SES175/SA175S25	SES175	1.10455	-50.1848	-51.2894
BLOCK17/SES175/SA175S28	SES175	1.43648	-48.4077	-49.8442
BLOCK17/SES177/SA177S15	SES177	0.149303	-49.5622	-49.7115
BLOCK17/SES177/SA177S17	SES177	0.505405	-49.2631	-49.7685
BLOCK17/SES177/SA177S23	SES177	0.0192261	-50.1363	-50.1555
BLOCK17/SES177/SA177S26	SES177	1.15129	-47.5088	-48.6601
BLOCK17/SES177/SA177S28	SES177	1.069	-48.1826	-49.2516
BLOCK18/SES180/SA180S13	SES180	0.613258	-48.9454	-49.5587
BLOCK18/SES180/SA180S15	SES180	1.19886	-49.0964	-50.2953
BLOCK18/SES180/SA180S24	SES180	0.825966	-47.7942	-48.6201
BLOCK18/SES180/SA180S26	SES180	1.32134	-48.1429	-49.4643
BLOCK18/SES180/SA180S29	SES180	1.11773	-49.1035	-50.2213
BLOCK18/SES183/SA183S13	SES183	0.883583	-50.0506	-50.9342
BLOCK18/SES183/SA183S14	SES183	0.455482	-49.8954	-50.3509
BLOCK18/SES183/SA183S24	SES183	1.415	-49.5908	-51.0058
BLOCK18/SES183/SA183S27	SES183	1.23452	-49.2826	-50.5171
BLOCK18/SES183/SA183S29	SES183	1.08068	-49.0287	-50.1093
BLOCK18/SES187/SA187S13	SES187	1.24107	-49.6672	-50.9082
BLOCK18/SES187/SA187S14	SES187	0.94352	-49.7183	-50.6619
BLOCK18/SES187/SA187S24	SES187	1.41397	-48.7037	-50.1177
BLOCK18/SES187/SA187S27	SES187	1.70012	-48.5453	-50.2454
BLOCK18/SES187/SA187S29	SES187	1.15291	-48.9632	-50.1161
BLOCK18/SES189/SA189S10	SES189	1.60347	-51.0664	-52.6698
BLOCK18/SES189/SA189S13	SES189	2.43924	-50.6789	-53.1182
BLOCK18/SES189/SA189S24	SES189	2.62511	-50.1825	-52.8076
BLOCK18/SES189/SA189S26	SES189	1.51887	-49.9259	-51.4448
BLOCK18/SES189/SA189S29	SES189	2.23037	-49.8839	-52.1142
BLOCK20/SES202/SA202S12	SES202	1.55303	-50.1028	-51.6558
BLOCK20/SES202/SA202S14	SES202	2.83175	-47.7941	-50.6259
BLOCK20/SES202/SA202S24	SES202	1.51103	-49.0628	-50.5738
BLOCK20/SES202/SA202S27	SES202	1.9982	-47.2545	-49.2527
BLOCK20/SES202/SA202S29	SES202	2.4189	-46.9817	-49.4006
BLOCK20/SES206/SA206S15	SES206	-0.155937	-49.445	-49.289
BLOCK20/SES206/SA206S17	SES206	1.5886	-47.3689	-48.9575
BLOCK20/SES206/SA206S24	SES206	1.55769	-47.4568	-49.0145
BLOCK20/SES206/SA206S27	SES206	1.13305	-48.6995	-49.8326
BLOCK20/SES206/SA206S29	SES206	1.16553	-47.5833	-48.7488
BLOCK22/SES226/SA226S12	SES226	0.841541	-49.5371	-50.3786
BLOCK22/SES226/SA226S13	SES226	0.122871	-49.8507	-49.9736
BLOCK22/SES226/SA226S20	SES226	1.07399	-49.2741	-50.3481
BLOCK22/SES226/SA226S23	SES226	1.27106	-48.8389	-50.11
BLOCK22/SES226/SA226S28	SES226	1.4913	-48.3802	-49.8715
BLOCK25/SES259/SA259S13	SES259	2.46678	-47.5519	-50.0186
BLOCK25/SES259/SA259S14	SES259	1.55325	-48.31	-49.8633
BLOCK25/SES259/SA259S22	SES259	1.43988	-48.5486	-49.9885
BLOCK25/SES259/SA259S24	SES259	1.78084	-47.1346	-48.9154
BLOCK25/SES259/SA259S28	SES259	1.26937	-48.1181	-49.3875
BLOCK27/SES270/SA270S14	SES270	1.47696	-49.8927	-51.3696
BLOCK27/SES270/SA270S16	SES270	0.404537	-49.8137	-50.2182
BLOCK27/SES270/SA270S22	SES270	1.79736	-49.0296	-50.827
BLOCK27/SES270/SA270S26	SES270	0.971115	-50.0468	-51.0179
BLOCK27/SES270/SA270S28	SES270	0.762535	-49.293	-50.0555
BLOCK27/SES275/SA275S17	SES275	1.07515	-49.8038	-50.8789
BLOCK27/SES275/SA275S18	SES275	0.568573	-49.2466	-49.8152
BLOCK27/SES275/SA275S24	SES275	0.84243	-50.2006	-51.0431
BLOCK27/SES275/SA275S26	SES275	0.989712	-48.9709	-49.9606
BLOCK27/SES275/SA275S28	SES275	0.415398	-49.3315	-49.7469
BLOCK29/SES292/SA292S10	SES292	0.425426	-49.4864	-49.9118
BLOCK29/SES292/SA292S12	SES292	0.521713	-49.9844	-50.5061
BLOCK29/SES292/SA292S22	SES292	1.10076	-48.6778	-49.7785
BLOCK29/SES292/SA292S24	SES292	0.416924	-49.2682	-49.6852
BLOCK29/SES292/SA292S27	SES292	0.174469	-48.8269	-49.0014
BLOCK00/SES001/SA001S14	SES062	-1.78818	-51.8925	-50.1043
BLOCK00/SES001/SA001S14	SES082	-1.85907	-51.9634	-50.1043
BLOCK00/SES001/SA001S14	SES106	-1.47013	-51.5744	-50.1043
BLOCK00/SES001/SA001S14	SES206	-1.73429	-51.8386	-50.1043
BLOCK00/SES001/SA001S15	SES062	-1.42962	-50.4697	-49.0401
BLOCK00/SES001/SA001S15	SES104	-2.00215	-51.0423	-49.0401
BLOCK00/SES001/SA001S15	SES106	-1.77178	-50.8119	-49.0401
BLOCK00/SES001/SA001S15	SES206	-1.35756	-50.3977	-49.0401
BLOCK00/SES001/SA001S24	SES062	-3.22721	-53.8079	-50.5807
BLOCK00/SES001/SA001S24	SES082	-2.08316	-52.6638	-50.5807
BLOCK00/SES001/SA001S24	SES087	-2.14514	-52.7258	-50.5807
BLOCK00/SES001/SA001S24	SES206	-1.86241	-52.4431	-50.5807
BLOCK00/SES001/SA001S27	SES062	-2.0328	-51.2012	-49.1684
BLOCK00/SES001/SA001S27	SES082	-1.90821	-51.0766	-49.1684
BLOCK00/SES001/SA001S27	SES087	-2.2734	-51.4418	-49.1684
BLOCK00/SES001/SA001S27	SES206	-2.22812	-51.3965	-49.1684
BLOCK00/SES001/SA001S29	SES062	-3.18649	-53.4381	-50.2516
BLOCK00/SES001/SA001S29	SES082	-1.52354	-51.7752	-50.2516
BLOCK00/SES001/SA001S29	SES158	-1.12318	-51.3748	-50.2516
BLOCK00/SES001/SA001S29	SES206	-2.19029	-52.4419	-50.2516
BLOCK00/SES003/SA003S11	SES002	-0.634655	-50.4482	-49.8136
BLOCK00/SES003/SA003S11	SES019	-1.28196	-51.0955	-49.8136
BLOCK00/SES003/SA003S11	SES082	-0.574612	-50.3882	-49.8136
BLOCK00/SES003/SA003S11	SES125	-1.3359	-51.1495	-49.8136
BLOCK00/SES003/SA003S15	SES016	-3.17697	-52.1881	-49.0111
BLOCK00/SES003/SA003S15	SES019	-1.3801	-50.3912	-49.0111
BLOCK00/SES003/SA003S15	SES062	-1.86861	-50.8797	-49.0111
BLOCK00/SES003/SA003S15	SES206	-0.820152	-49.8313	-49.0111
BLOCK00/SES003/SA003S22	SES002	-1.17581	-50.738	-49.5622
BLOCK00/SES003/SA003S22	SES062	-1.86222	-51.4244	-49.5622
BLOCK00/SES003/SA003S22	SES082	-0.998371	-50.5605	-49.5622
BLOCK00/SES003/SA003S22	SES087	-1.17034	-50.7325	-49.5622
BLOCK00/SES003/SA003S25	SES062	-2.6078	-52.2317	-49.6239
BLOCK00/SES003/SA003S25	SES082	-0.597137	-50.221	-49.6239
BLOCK00/SES003/SA003S25	SES087	-1.15041	-50.7743	-49.6239
BLOCK00/SES003/SA003S25	SES206	-1.41099	-51.0349	-49.6239
BLOCK00/SES003/SA003S29	SES002	-1.37188	-51.3958	-50.0239
BLOCK00/SES003/SA003S29	SES062	-2.24808	-52.272	-50.0239
BLOCK00/SES003/SA003S29	SES082	-0.83638	-50.8603	-50.0239
BLOCK00/SES003/SA003S29	SES087	-1.59097	-51.6149	-50.0239
BLOCK00/SES004/SA004S12	SES083	-1.82878	-52.754	-50.9252
BLOCK00/SES004/SA004S12	SES148	-1.95224	-52.8774	-50.9252
BLOCK00/SES004/SA004S12	SES172	-1.5036	-52.4288	-50.9252
BLOCK00/SES004/SA004S12	SES292	-1.79832	-52.7235	-50.9252
BLOCK00/SES004/SA004S17	SES083	-1.48698	-52.3227	-50.8357
BLOCK00/SES004/SA004S17	SES162	-0.827324	-51.6631	-50.8357
BLOCK00/SES004/SA004S17	SES172	-1.69792	-52.5337	-50.8357
BLOCK00/SES004/SA004S17	SES292	-1.50289	-52.3386	-50.8357
BLOCK00/SES004/SA004S24	SES083	-1.47359	-51.804	-50.3304
BLOCK00/SES004/SA004S24	SES148	-1.93525	-52.2657	-50.3304
BLOCK00/SES004/SA004S24	SES172	-0.787369	-51.1178	-50.3304
BLOCK00/SES004/SA004S24	SES292	-1.0541	-51.3845	-50.3304
BLOCK00/SES004/SA004S26	SES083	-1.53158	-51.3803	-49.8487
BLOCK00/SES004/SA004S26	SES127	-1.4326	-51.2813	-49.8487
BLOCK00/SES004/SA004S26	SES148	-2.30584	-52.1545	-49.8487
BLOCK00/SES004/SA004S26	SES292	-1.41301	-51.2617	-49.8487
BLOCK00/SES004/SA004S28	SES083	-1.52962	-50.9268	-49.3972
BLOCK00/SES004/SA004S28	SES127	-1.19966	-50.5968	-49.3972
BLOCK00/SES004/SA004S28	SES187	-1.19672	-50.5939	-49.3972
BLOCK00/SES004/SA004S28	SES292	-2.1696	-51.5668	-49.3972
BLOCK00/SES006/SA006S10	SES014	-2.80174	-54.8221	-52.0203
BLOCK00/SES006/SA006S10	SES158	-0.980656	-53.001	-52.0203
BLOCK00/SES006/SA006S10	SES226	-3.35073	-55.371	-52.0203
BLOCK00/SES006/SA006S10	SES270	-0.515381	-52.5357	-52.0203
BLOCK00/SES006/SA006S11	SES158	-1.24981	-53.1329	-51.883
BLOCK00/SES006/SA006S11	SES226	-2.55586	-54.4389	-51.883
BLOCK00/SES006/SA006S11	SES270	-0.473782	-52.3568	-51.883
BLOCK00/SES006/SA006S11	SES275	-2.58237	-54.4654	-51.883
BLOCK00/SES006/SA006S23	SES062	-2.37968	-53.263	-50.8833
BLOCK00/SES006/SA006S23	SES105	-2.13232	-53.0156	-50.8833
BLOCK00/SES006/SA006S23	SES158	-0.815323	-51.6986	-50.8833
BLOCK00/SES006/SA006S23	SES275	-1.93921	-52.8225	-50.8833
BLOCK00/SES006/SA006S26	SES104	-2.30757	-52.8474	-50.5399
BLOCK00/SES006/SA006S26	SES158	-0.604595	-51.1445	-50.5399
BLOCK00/SES006/SA006S26	SES270	0.0520172	-50.4878	-50.5399
BLOCK00/SES006/SA006S26	SES275	-2.97735	-53.5172	-50.5399
BLOCK00/SES006/SA006S28	SES007	-2.47339	-54.3834	-51.91
BLOCK00/SES006/SA006S28	SES105	-2.59907	-54.5091	-51.91
BLOCK00/SES006/SA006S28	SES158	-1.64338	-53.5534	-51.91
BLOCK00/SES006/SA006S28	SES275	-2.98991	-54.8999	-51.91
BLOCK00/SES009/SA009S12	SES083	-2.11796	-51.5555	-49.4376
BLOCK00/SES009/SA009S12	SES148	-1.33519	-50.7728	-49.4376
BLOCK00/SES009/SA009S12	SES177	-1.55635	-50.9939	-49.4376
BLOCK00/SES009/SA009S12	SES292	-1.05707	-50.4946	-49.4376
BLOCK00/SES009/SA009S15	SES007	-0.0363464	-48.626	-48.5897
BLOCK00/SES009/SA009S15	SES099	-2.80955	-51.3992	-48.5897
BLOCK00/SES009/SA009S15	SES148	-1.44524	-50.0349	-48.5897
BLOCK00/SES009/SA009S15	SES172	-1.47332	-50.063	-48.5897
BLOCK00/SES009/SA009S24	SES146	-0.783566	-49.8851	-49.1016
BLOCK00/SES009/SA009S24	SES148	-1.45235	-50.5539	-49.1016
BLOCK00/SES009/SA009S24	SES177	-0.959633	-50.0612	-49.1016
BLOCK00/SES009/SA009S24	SES292	-0.877785	-49.9793	-49.1016
BLOCK00/SES009/SA009S26	SES083	-1.90807	-51.5037	-49.5957
BLOCK00/SES009/SA009S26	SES101	-1.76146	-51.3571	-49.5957
BLOCK00/SES009/SA009S26	SES120	-0.949352	-50.545	-49.5957
BLOCK00/SES009/SA009S26	SES177	-1.51115	-51.1068	-49.5957
BLOCK00/SES009/SA009S29	SES083	-1.34888	-50.4255	-49.0766
BLOCK00/SES009/SA009S29	SES101	-1.20261	-50.2792	-49.0766
BLOCK00/SES009/SA009S29	SES177	-1.23869	-50.3153	-49.0766
BLOCK00/SES009/SA009S29	SES292	-0.924084	-50.0007	-49.0766
BLOCK01/SES011/SA011S10	SES019	-1.23931	-51.2769	-50.0376
BLOCK01/SES011/SA011S10	SES042	-0.637962	-50.6756	-50.0376
BLOCK01/SES011/SA011S10	SES082	-2.25757	-52.2952	-50.0376
BLOCK01/SES011/SA011S10	SES206	-0.860428	-50.8981	-50.0376
BLOCK01/SES011/SA011S11	SES019	-1.21492	-52.2266	-51.0117
BLOCK01/SES011/SA011S11	SES042	-1.00471	-52.0164	-51.0117
BLOCK01/SES011/SA011S11	SES082	-2.63248	-53.6442	-51.0117
BLOCK01/SES011/SA011S11	SES206	-0.821667	-51.8334	-51.0117
BLOCK01/SES011/SA011S22	SES019	-0.560059	-51.0368	-50.4767
BLOCK01/SES011/SA011S22	SES042	-0.43412	-50.9108	-50.4767
BLOCK01/SES011/SA011S22	SES082	-1.7921	-52.2688	-50.4767
BLOCK01/SES011/SA011S22	SES206	-1.06038	-51.5371	-50.4767
BLOCK01/SES011/SA011S24	SES019	-0.984257	-50.9691	-49.9849
BLOCK01/SES011/SA011S24	SES042	-0.906864	-50.8918	-49.9849
BLOCK01/SES011/SA011S24	SES104	-1.60373	-51.5886	-49.9849
BLOCK01/SES011/SA011S24	SES206	-0.477333	-50.4622	-49.9849
BLOCK01/SES011/SA011S27	SES082	-0.193089	-50.0355	-49.8424
BLOCK01/SES011/SA011S27	SES087	-1.24371	-51.0861	-49.8424
BLOCK01/SES011/SA011S27	SES125	-0.601376	-50.4438	-49.8424
BLOCK01/SES011/SA011S27	SES206	-0.735798	-50.5782	-49.8424
BLOCK01/SES012/SA012S11	SES007	-1.61625	-50.6409	-49.0246
BLOCK01/SES012/SA012S11	SES082	-1.07825	-50.1029	-49.0246
BLOCK01/SES012/SA012S11	SES083	-2.41048	-51.4351	-49.0246
BLOCK01/SES012/SA012S11	SES206	-0.905697	-49.9303	-49.0246
BLOCK01/SES012/SA012S14	SES082	-0.956917	-50.4008	-49.4439
BLOCK01/SES012/SA012S14	SES087	-1.55864	-51.0025	-49.4439
BLOCK01/SES012/SA012S14	SES206	-0.58112	-50.025	-49.4439
BLOCK01/SES012/SA012S14	SES292	-2.33126	-51.7752	-49.4439
BLOCK01/SES012/SA012S24	SES082	-0.243309	-50.6559	-50.4126
BLOCK01/SES012/SA012S24	SES087	-0.890099	-51.3027	-50.4126
BLOCK01/SES012/SA012S24	SES120	-3.97863	-54.3912	-50.4126
BLOCK01/SES012/SA012S24	SES206	-0.38652	-50.7991	-50.4126
BLOCK01/SES012/SA012S26	SES019	-2.00578	-51.3607	-49.3549
BLOCK01/SES012/SA012S26	SES082	-1.4189	-50.7738	-49.3549
BLOCK01/SES012/SA012S26	SES206	-0.511906	-49.8668	-49.3549
BLOCK01/SES012/SA012S26	SES292	-2.40791	-51.7628	-49.3549
BLOCK01/SES012/SA012S29	SES062	-2.14282	-51.2002	-49.0573
BLOCK01/SES012/SA012S29	SES082	-0.768402	-49.8257	-49.0573
BLOCK01/SES012/SA012S29	SES083	-2.73919	-51.7965	-49.0573
BLOCK01/SES012/SA012S29	SES206	-1.18917	-50.2465	-49.0573
BLOCK01/SES013/SA013S16	SES062	-3.47095	-53.2535	-49.7826
BLOCK01/SES013/SA013S16	SES106	-1.37333	-51.1559	-49.7826
BLOCK01/SES013/SA013S16	SES206	-1.60748	-51.3901	-49.7826
BLOCK01/SES013/SA013S16	SES226	-0.670547	-50.4531	-49.7826
BLOCK01/SES013/SA013S17	SES062	-2.92902	-52.0199	-49.0909
BLOCK01/SES013/SA013S17	SES106	-1.93446	-51.0253	-49.0909
BLOCK01/SES013/SA013S17	SES206	-0.769234	-49.8601	-49.0909
BLOCK01/SES013/SA013S17	SES226	-0.204113	-49.295	-49.0909
BLOCK01/SES013/SA013S23	SES104	-2.01814	-51.997	-49.9788
BLOCK01/SES013/SA013S23	SES106	-0.968864	-50.9477	-49.9788
BLOCK01/SES013/SA013S23	SES206	-1.56494	-51.5438	-49.9788
BLOCK01/SES013/SA013S23	SES270	-0.61441	-50.5932	-49.9788
BLOCK01/SES013/SA013S25	SES042	-1.76365	-50.8874	-49.1237
BLOCK01/SES013/SA013S25	SES104	-1.70984	-50.8336	-49.1237
BLOCK01/SES013/SA013S25	SES106	-1.08023	-50.204	-49.1237
BLOCK01/SES013/SA013S25	SES206	-1.54123	-50.665	-49.1237
BLOCK01/SES013/SA013S29	SES062	-3.6265	-52.8993	-49.2728
BLOCK01/SES013/SA013S29	SES104	-2.1372	-51.41	-49.2728
BLOCK01/SES013/SA013S29	SES106	-1.1104	-50.3832	-49.2728
BLOCK01/SES013/SA013S29	SES206	-1.53951	-50.8123	-49.2728
BLOCK02/SES021/SA021S13	SES016	-3.35867	-52.8099	-49.4512
BLOCK02/SES021/SA021S13	SES029	-2.56512	-52.0163	-49.4512
BLOCK02/SES021/SA021S13	SES087	-1.30101	-50.7522	-49.4512
BLOCK02/SES021/SA021S13	SES206	-0.255135	-49.7064	-49.4512
BLOCK02/SES021/SA021S15	SES087	-0.970463	-49.1399	-48.1694
BLOCK02/SES021/SA021S15	SES125	0.0758896	-48.0935	-48.1694
BLOCK02/SES021/SA021S15	SES206	-0.249416	-48.4188	-48.1694
BLOCK02/SES021/SA021S15	SES226	-1.29282	-49.4622	-48.1694
BLOCK02/SES021/SA021S23	SES062	-3.28542	-53.2431	-49.9577
BLOCK02/SES021/SA021S23	SES087	-1.453	-51.4107	-49.9577
BLOCK02/SES021/SA021S23	SES206	-1.26308	-51.2208	-49.9577
BLOCK02/SES021/SA021S23	SES226	-1.28835	-51.2461	-49.9577
BLOCK02/SES021/SA021S27	SES002	-0.899067	-49.9546	-49.0555
BLOCK02/SES021/SA021S27	SES016	-3.91797	-52.9735	-49.0555
BLOCK02/SES021/SA021S27	SES019	-2.00386	-51.0594	-49.0555
BLOCK02/SES021/SA021S27	SES062	-1.76105	-50.8166	-49.0555
BLOCK02/SES021/SA021S29	SES087	-0.991615	-49.7535	-48.7619
BLOCK02/SES021/SA021S29	SES125	-0.380146	-49.1421	-48.7619
BLOCK02/SES021/SA021S29	SES206	-0.111095	-48.873	-48.7619
BLOCK02/SES021/SA021S29	SES226	-1.46618	-50.2281	-48.7619
BLOCK04/SES043/SA043S09	SES083	-1.99735	-52.8355	-50.8382
BLOCK04/SES043/SA043S09	SES101	-2.08329	-52.9215	-50.8382
BLOCK04/SES043/SA043S09	SES144	-0.776436	-51.6146	-50.8382
BLOCK04/SES043/SA043S09	SES172	-2.48425	-53.3224	-50.8382
BLOCK04/SES043/SA043S11	SES083	-0.961143	-50.6404	-49.6792
BLOCK04/SES043/SA043S11	SES101	-1.37554	-51.0548	-49.6792
BLOCK04/SES043/SA043S11	SES144	-0.672035	-50.3513	-49.6792
BLOCK04/SES043/SA043S11	SES172	-1.64727	-51.3265	-49.6792
BLOCK04/SES043/SA043S23	SES083	-0.724609	-50.7518	-50.0272
BLOCK04/SES043/SA043S23	SES144	-0.130165	-50.1573	-50.0272
BLOCK04/SES043/SA043S23	SES177	-1.75319	-51.7803	-50.0272
BLOCK04/SES043/SA043S23	SES275	-0.849243	-50.8764	-50.0272
BLOCK04/SES043/SA043S26	SES083	-0.752926	-50.6957	-49.9428
BLOCK04/SES043/SA043S26	SES101	-1.14415	-51.0869	-49.9428
BLOCK04/SES043/SA043S26	SES144	-0.303474	-50.2462	-49.9428
BLOCK04/SES043/SA043S26	SES177	-1.66791	-51.6107	-49.9428
BLOCK04/SES043/SA043S28	SES016	-1.4002	-50.8272	-49.427
BLOCK04/SES043/SA043S28	SES083	-0.783657	-50.2107	-49.427
BLOCK04/SES043/SA043S28	SES101	-1.08046	-50.5075	-49.427
BLOCK04/SES043/SA043S28	SES144	-0.532444	-49.9595	-49.427
BLOCK04/SES044/SA044S10	SES127	-3.0263	-55.6616	-52.6353
BLOCK04/SES044/SA044S10	SES144	-0.595963	-53.2313	-52.6353
BLOCK04/SES044/SA044S10	SES147	-2.49407	-55.1294	-52.6353
BLOCK04/SES044/SA044S10	SES148	-2.69658	-55.3319	-52.6353
BLOCK04/SES044/SA044S11	SES101	-1.92454	-53.7165	-51.792
BLOCK04/SES044/SA044S11	SES144	-0.143463	-51.9355	-51.792
BLOCK04/SES044/SA044S11	SES147	-1.70344	-53.4954	-51.792
BLOCK04/SES044/SA044S11	SES177	-2.06161	-53.8536	-51.792
BLOCK04/SES044/SA044S24	SES007	-1.88303	-53.1553	-51.2723
BLOCK04/SES044/SA044S24	SES101	-1.47139	-52.7437	-51.2723
BLOCK04/SES044/SA044S24	SES147	-2.20523	-53.4775	-51.2723
BLOCK04/SES044/SA044S24	SES177	-1.81166	-53.0839	-51.2723
BLOCK04/SES044/SA044S26	SES007	-1.65951	-52.1341	-50.4746
BLOCK04/SES044/SA044S26	SES016	-0.751579	-51.2262	-50.4746
BLOCK04/SES044/SA044S26	SES101	-1.44002	-51.9146	-50.4746
BLOCK04/SES044/SA044S26	SES147	-1.19682	-51.6714	-50.4746
BLOCK04/SES044/SA044S29	SES007	-1.44463	-51.3385	-49.8939
BLOCK04/SES044/SA044S29	SES101	-0.832752	-50.7267	-49.8939
BLOCK04/SES044/SA044S29	SES147	-1.22573	-51.1196	-49.8939
BLOCK04/SES044/SA044S29	SES177	-2.06082	-51.9547	-49.8939
BLOCK04/SES046/SA046S13	SES101	-2.82076	-53.8296	-51.0088
BLOCK04/SES046/SA046S13	SES144	-0.912308	-51.9211	-51.0088
BLOCK04/SES046/SA046S13	SES147	-2.12817	-53.137	-51.0088
BLOCK04/SES046/SA046S13	SES177	-1.05556	-52.0644	-51.0088
BLOCK04/SES046/SA046S15	SES048	-2.06763	-51.6497	-49.582
BLOCK04/SES046/SA046S15	SES083	-0.780342	-50.3624	-49.582
BLOCK04/SES046/SA046S15	SES120	-2.50547	-52.0875	-49.582
BLOCK04/SES046/SA046S15	SES148	-1.16277	-50.7448	-49.582
BLOCK04/SES046/SA046S22	SES101	-1.27572	-51.5025	-50.2268
BLOCK04/SES046/SA046S22	SES144	-0.802387	-51.0292	-50.2268
BLOCK04/SES046/SA046S22	SES147	-2.20916	-52.4359	-50.2268
BLOCK04/SES046/SA046S22	SES172	-1.30766	-51.5344	-50.2268
BLOCK04/SES046/SA046S25	SES083	-1.68306	-51.7426	-50.0596
BLOCK04/SES046/SA046S25	SES127	-1.31503	-51.3746	-50.0596
BLOCK04/SES046/SA046S25	SES144	-1.33663	-51.3962	-50.0596
BLOCK04/SES046/SA046S25	SES148	-0.981976	-51.0415	-50.0596
BLOCK04/SES046/SA046S28	SES007	-2.36369	-53.2914	-50.9277
BLOCK04/SES046/SA046S28	SES105	-1.95188	-52.8796	-50.9277
BLOCK04/SES046/SA046S28	SES147	-1.56076	-52.4885	-50.9277
BLOCK04/SES046/SA046S28	SES148	-1.36797	-52.2957	-50.9277
BLOCK04/SES049/SA049S16	SES104	-1.70696	-52.3731	-50.6662
BLOCK04/SES049/SA049S16	SES106	-1.54507	-52.2112	-50.6662
BLOCK04/SES049/SA049S16	SES120	-3.31659	-53.9827	-50.6662
BLOCK04/SES049/SA049S16	SES206	-1.32234	-51.9885	-50.6662
BLOCK04/SES049/SA049S18	SES099	-0.2514	-52.1629	-51.9115
BLOCK04/SES049/SA049S18	SES104	-2.47791	-54.3894	-51.9115
BLOCK04/SES049/SA049S18	SES125	-2.06112	-53.9726	-51.9115
BLOCK04/SES049/SA049S18	SES206	-1.03405	-52.9455	-51.9115
BLOCK04/SES049/SA049S25	SES087	-0.979298	-51.5224	-50.5431
BLOCK04/SES049/SA049S25	SES104	-1.41697	-51.9601	-50.5431
BLOCK04/SES049/SA049S25	SES125	-1.41359	-51.9567	-50.5431
BLOCK04/SES049/SA049S25	SES206	-0.45356	-50.9966	-50.5431
BLOCK04/SES049/SA049S27	SES099	0.21315	-50.2754	-50.4885
BLOCK04/SES049/SA049S27	SES104	-0.745434	-51.234	-50.4885
BLOCK04/SES049/SA049S27	SES125	-1.20947	-51.698	-50.4885
BLOCK04/SES049/SA049S27	SES206	-0.783993	-51.2725	-50.4885
BLOCK04/SES049/SA049S29	SES099	-0.259926	-49.6461	-49.3862
BLOCK04/SES049/SA049S29	SES104	-0.228786	-49.615	-49.3862
BLOCK04/SES049/SA049S29	SES125	-0.662476	-50.0487	-49.3862
BLOCK04/SES049/SA049S29	SES206	-0.218018	-49.6042	-49.3862
BLOCK06/SES063/SA063S09	SES068	-1.76159	-51.6439	-49.8823
BLOCK06/SES063/SA063S09	SES083	-0.696438	-50.5787	-49.8823
BLOCK06/SES063/SA063S09	SES177	-1.17847	-51.0607	-49.8823
BLOCK06/SES063/SA063S09	SES187	-1.69896	-51.5812	-49.8823
BLOCK06/SES063/SA063S10	SES068	-2.06116	-52.5801	-50.5189
BLOCK06/SES063/SA063S10	SES083	-0.678135	-51.197	-50.5189
BLOCK06/SES063/SA063S10	SES172	-0.516151	-51.0351	-50.5189
BLOCK06/SES063/SA063S10	SES187	-1.17273	-51.6916	-50.5189
BLOCK06/SES063/SA063S20	SES068	-2.42483	-52.5729	-50.1481
BLOCK06/SES063/SA063S20	SES083	-0.860603	-51.0087	-50.1481
BLOCK06/SES063/SA063S20	SES172	-1.12744	-51.2756	-50.1481
BLOCK06/SES063/SA063S20	SES187	-0.266068	-50.4142	-50.1481
BLOCK06/SES063/SA063S24	SES029	-2.9072	-52.3925	-49.4853
BLOCK06/SES063/SA063S24	SES083	0.158764	-49.3265	-49.4853
BLOCK06/SES063/SA063S24	SES177	-0.776104	-50.2614	-49.4853
BLOCK06/SES063/SA063S24	SES189	-0.955627	-50.4409	-49.4853
BLOCK06/SES063/SA063S27	SES083	-0.476048	-50.8534	-50.3774
BLOCK06/SES063/SA063S27	SES172	-1.13371	-51.5111	-50.3774
BLOCK06/SES063/SA063S27	SES187	-1.58327	-51.9607	-50.3774
BLOCK06/SES063/SA063S27	SES292	-1.83607	-52.2135	-50.3774
BLOCK06/SES067/SA067S12	SES083	-1.18834	-51.1816	-49.9933
BLOCK06/SES067/SA067S12	SES172	-2.2693	-52.2626	-49.9933
BLOCK06/SES067/SA067S12	SES202	0.167255	-49.826	-49.9933
BLOCK06/SES067/SA067S12	SES292	-1.61769	-51.611	-49.9933
BLOCK06/SES067/SA067S14	SES085	-1.80054	-51.3541	-49.5536
BLOCK06/SES067/SA067S14	SES177	-0.980911	-50.5345	-49.5536
BLOCK06/SES067/SA067S14	SES183	-1.80982	-51.3634	-49.5536
BLOCK06/SES067/SA067S14	SES202	-0.763058	-50.3167	-49.5536
BLOCK06/SES067/SA067S21	SES144	-1.03357	-51.8344	-50.8009
BLOCK06/SES067/SA067S21	SES177	-0.512165	-51.313	-50.8009
BLOCK06/SES067/SA067S21	SES183	-2.77988	-53.5808	-50.8009
BLOCK06/SES067/SA067S21	SES189	0.247387	-50.5535	-50.8009
BLOCK06/SES067/SA067S25	SES085	-0.849457	-50.8614	-50.0119
BLOCK06/SES067/SA067S25	SES177	-0.685307	-50.6972	-50.0119
BLOCK06/SES067/SA067S25	SES183	-1.79987	-51.8118	-50.0119
BLOCK06/SES067/SA067S25	SES202	-0.150658	-50.1626	-50.0119
BLOCK06/SES067/SA067S29	SES085	-1.44472	-51.2564	-49.8117
BLOCK06/SES067/SA067S29	SES177	-1.17312	-50.9848	-49.8117
BLOCK06/SES067/SA067S29	SES183	-1.89816	-51.7099	-49.8117
BLOCK06/SES067/SA067S29	SES202	0.132843	-49.6789	-49.8117
BLOCK06/SES069/SA069S12	SES029	-3.26074	-52.5916	-49.3309
BLOCK06/SES069/SA069S12	SES082	-0.900108	-50.231	-49.3309
BLOCK06/SES069/SA069S12	SES087	-1.73627	-51.0671	-49.3309
BLOCK06/SES069/SA069S12	SES206	-0.946018	-50.2769	-49.3309
BLOCK06/SES069/SA069S13	SES029	-3.03023	-52.6895	-49.6592
BLOCK06/SES069/SA069S13	SES087	-1.82018	-51.4794	-49.6592
BLOCK06/SES069/SA069S13	SES206	-1.59772	-51.257	-49.6592
BLOCK06/SES069/SA069S13	SES226	-1.21076	-50.87	-49.6592
BLOCK06/SES069/SA069S23	SES029	-1.39012	-49.474	-48.0839
BLOCK06/SES069/SA069S23	SES087	-0.590939	-48.6748	-48.0839
BLOCK06/SES069/SA069S23	SES206	-0.568363	-48.6523	-48.0839
BLOCK06/SES069/SA069S23	SES226	-0.0627174	-48.1466	-48.0839
BLOCK06/SES069/SA069S25	SES087	-1.27827	-49.9147	-48.6364
BLOCK06/SES069/SA069S25	SES206	-1.36301	-49.9995	-48.6364
BLOCK06/SES069/SA069S25	SES226	-0.827175	-49.4636	-48.6364
BLOCK06/SES069/SA069S25	SES270	-0.994667	-49.6311	-48.6364
BLOCK06/SES069/SA069S27	SES087	-1.89028	-50.4515	-48.5612
BLOCK06/SES069/SA069S27	SES206	-0.597717	-49.159	-48.5612
BLOCK06/SES069/SA069S27	SES226	-0.566658	-49.1279	-48.5612
BLOCK06/SES069/SA069S27	SES270	-0.890411	-49.4517	-48.5612
BLOCK08/SES081/SA081S11	SES060	-1.66154	-51.5434	-49.8819
BLOCK08/SES081/SA081S11	SES062	-3.07803	-52.9599	-49.8819
BLOCK08/SES081/SA081S11	SES117	-1.7658	-51.6477	-49.8819
BLOCK08/SES081/SA081S11	SES162	-1.73653	-51.6184	-49.8819
BLOCK08/SES081/SA081S13	SES016	-1.28372	-50.5321	-49.2483
BLOCK08/SES081/SA081S13	SES060	-0.6171	-49.8654	-49.2483
BLOCK08/SES081/SA081S13	SES068	-0.535336	-49.7837	-49.2483
BLOCK08/SES081/SA081S13	SES129	-1.42586	-50.6742	-49.2483
BLOCK08/SES081/SA081S24	SES060	-1.1986	-50.873	-49.6744
BLOCK08/SES081/SA081S24	SES068	-1.02512	-50.6995	-49.6744
BLOCK08/SES081/SA081S24	SES117	-1.60362	-51.278	-49.6744
BLOCK08/SES081/SA081S24	SES275	-2.21016	-51.8845	-49.6744
BLOCK08/SES081/SA081S27	SES007	-1.54051	-50.9488	-49.4082
BLOCK08/SES081/SA081S27	SES060	-1.94939	-51.3576	-49.4082
BLOCK08/SES081/SA081S27	SES117	-0.763012	-50.1713	-49.4082
BLOCK08/SES081/SA081S27	SES275	-1.92308	-51.3313	-49.4082
BLOCK08/SES081/SA081S29	SES007	-1.32473	-50.5199	-49.1952
BLOCK08/SES081/SA081S29	SES060	-0.90202	-50.0972	-49.1952
BLOCK08/SES081/SA081S29	SES117	-1.08007	-50.2753	-49.1952
BLOCK08/SES081/SA081S29	SES275	-1.97477	-51.1699	-49.1952
BLOCK08/SES086/SA086S11	SES029	-4.97353	-56.5067	-51.5331
BLOCK08/SES086/SA086S11	SES082	-1.95699	-53.4901	-51.5331
BLOCK08/SES086/SA086S11	SES087	-1.3534	-52.8865	-51.5331
BLOCK08/SES086/SA086S11	SES206	-2.28644	-53.8196	-51.5331
BLOCK08/SES086/SA086S12	SES029	-4.74675	-55.2555	-50.5088
BLOCK08/SES086/SA086S12	SES082	-2.1353	-52.6441	-50.5088
BLOCK08/SES086/SA086S12	SES087	-0.35873	-50.8675	-50.5088
BLOCK08/SES086/SA086S12	SES206	-1.60951	-52.1183	-50.5088
BLOCK08/SES086/SA086S20	SES029	-3.98232	-53.5012	-49.5189
BLOCK08/SES086/SA086S20	SES082	-1.76394	-51.2828	-49.5189
BLOCK08/SES086/SA086S20	SES087	0.0778656	-49.441	-49.5189
BLOCK08/SES086/SA086S20	SES206	-0.253395	-49.7723	-49.5189
BLOCK08/SES086/SA086S24	SES087	-0.276253	-50.7423	-50.466
BLOCK08/SES086/SA086S24	SES104	-1.36658	-51.8326	-50.466
BLOCK08/SES086/SA086S24	SES120	-2.94439	-53.4104	-50.466
BLOCK08/SES086/SA086S24	SES206	-0.217121	-50.6832	-50.466
BLOCK08/SES086/SA086S28	SES029	-3.61753	-53.2832	-49.6657
BLOCK08/SES086/SA086S28	SES082	-1.37491	-51.0406	-49.6657
BLOCK08/SES086/SA086S28	SES087	-0.237694	-49.9034	-49.6657
BLOCK08/SES086/SA086S28	SES206	-0.8433	-50.509	-49.6657
BLOCK08/SES089/SA089S13	SES087	-1.14251	-50.7571	-49.6146
BLOCK08/SES089/SA089S13	SES206	-1.26467	-50.8793	-49.6146
BLOCK08/SES089/SA089S13	SES226	-1.42252	-51.0371	-49.6146
BLOCK08/SES089/SA089S13	SES270	-1.87998	-51.4946	-49.6146
BLOCK08/SES089/SA089S14	SES062	-1.57597	-51.283	-49.7071
BLOCK08/SES089/SA089S14	SES087	-0.368843	-50.0759	-49.7071
BLOCK08/SES089/SA089S14	SES206	-0.824493	-50.5316	-49.7071
BLOCK08/SES089/SA089S14	SES226	-0.91066	-50.6177	-49.7071
BLOCK08/SES089/SA089S23	SES087	-0.725086	-50.7571	-50.0321
BLOCK08/SES089/SA089S23	SES206	-0.728203	-50.7603	-50.0321
BLOCK08/SES089/SA089S23	SES226	-1.22207	-51.2541	-50.0321
BLOCK08/SES089/SA089S23	SES270	-1.86929	-51.9013	-50.0321
BLOCK08/SES089/SA089S25	SES062	-1.83556	-51.1309	-49.2953
BLOCK08/SES089/SA089S25	SES087	-0.23698	-49.5323	-49.2953
BLOCK08/SES089/SA089S25	SES206	-0.931366	-50.2267	-49.2953
BLOCK08/SES089/SA089S25	SES226	-0.657413	-49.9527	-49.2953
BLOCK08/SES089/SA089S28	SES062	-1.29264	-50.901	-49.6084
BLOCK08/SES089/SA089S28	SES087	0.0307541	-49.5776	-49.6084
BLOCK08/SES089/SA089S28	SES206	0.0272827	-49.5811	-49.6084
BLOCK08/SES089/SA089S28	SES226	-0.415588	-50.024	-49.6084
BLOCK09/SES097/SA097S11	SES099	0.0899048	-50.5577	-50.6476
BLOCK09/SES097/SA097S11	SES125	-2.03622	-52.6839	-50.6476
BLOCK09/SES097/SA097S11	SES206	-1.68576	-52.3334	-50.6476
BLOCK09/SES097/SA097S11	SES226	-0.456524	-51.1042	-50.6476
BLOCK09/SES097/SA097S14	SES062	-2.22714	-52.2975	-50.0704
BLOCK09/SES097/SA097S14	SES099	-0.342308	-50.4127	-50.0704
BLOCK09/SES097/SA097S14	SES104	-1.09483	-51.1652	-50.0704
BLOCK09/SES097/SA097S14	SES206	-1.26849	-51.3389	-50.0704
BLOCK09/SES097/SA097S22	SES099	-0.0542717	-50.1817	-50.1275
BLOCK09/SES097/SA097S22	SES206	-1.247	-51.3745	-50.1275
BLOCK09/SES097/SA097S22	SES226	-1.53829	-51.6658	-50.1275
BLOCK09/SES097/SA097S22	SES270	-0.11948	-50.247	-50.1275
BLOCK09/SES097/SA097S26	SES099	-0.313431	-50.0034	-49.6899
BLOCK09/SES097/SA097S26	SES120	-2.99968	-52.6896	-49.6899
BLOCK09/SES097/SA097S26	SES206	-1.65462	-51.3445	-49.6899
BLOCK09/SES097/SA097S26	SES226	-1.96539	-51.6553	-49.6899
BLOCK09/SES097/SA097S28	SES099	-0.363556	-50.5491	-50.1855
BLOCK09/SES097/SA097S28	SES120	-2.51188	-52.6974	-50.1855
BLOCK09/SES097/SA097S28	SES206	-1.72134	-51.9069	-50.1855
BLOCK09/SES097/SA097S28	SES226	-1.95384	-52.1394	-50.1855
BLOCK09/SES098/SA098S11	SES127	-2.25021	-53.7738	-51.5236
BLOCK09/SES098/SA098S11	SES144	-1.48726	-53.0108	-51.5236
BLOCK09/SES098/SA098S11	SES147	-0.20116	-51.7247	-51.5236
BLOCK09/SES098/SA098S11	SES148	-3.0663	-54.5899	-51.5236
BLOCK09/SES098/SA098S12	SES127	-4.22844	-56.874	-52.6455
BLOCK09/SES098/SA098S12	SES144	-1.68682	-54.3323	-52.6455
BLOCK09/SES098/SA098S12	SES147	-1.33702	-53.9825	-52.6455
BLOCK09/SES098/SA098S12	SES189	-0.879169	-53.5247	-52.6455
BLOCK09/SES098/SA098S20	SES127	-3.51645	-55.2822	-51.7658
BLOCK09/SES098/SA098S20	SES147	-0.563789	-52.3296	-51.7658
BLOCK09/SES098/SA098S20	SES148	-3.72421	-55.49	-51.7658
BLOCK09/SES098/SA098S20	SES292	-3.24114	-55.0069	-51.7658
BLOCK09/SES098/SA098S23	SES127	-1.86913	-53.0056	-51.1365
BLOCK09/SES098/SA098S23	SES147	-0.130989	-51.2675	-51.1365
BLOCK09/SES098/SA098S23	SES187	-0.793797	-51.9303	-51.1365
BLOCK09/SES098/SA098S23	SES292	-2.06441	-53.2009	-51.1365
BLOCK09/SES098/SA098S27	SES127	-2.70049	-54.0191	-51.3186
BLOCK09/SES098/SA098S27	SES147	-1.78794	-53.1066	-51.3186
BLOCK09/SES098/SA098S27	SES148	-3.87125	-55.1899	-51.3186
BLOCK09/SES098/SA098S27	SES292	-2.61887	-53.9375	-51.3186
BLOCK10/SES102/SA102S13	SES101	-0.71896	-52.0223	-51.3033
BLOCK10/SES102/SA102S13	SES105	-1.59026	-52.8936	-51.3033
BLOCK10/SES102/SA102S13	SES120	-1.11718	-52.4205	-51.3033
BLOCK10/SES102/SA102S13	SES158	-3.93336	-55.2367	-51.3033
BLOCK10/SES102/SA102S14	SES007	-0.431713	-49.7341	-49.3023
BLOCK10/SES102/SA102S14	SES101	0.0330925	-49.2693	-49.3023
BLOCK10/SES102/SA102S14	SES105	-0.462337	-49.7647	-49.3023
BLOCK10/SES102/SA102S14	SES147	-1.70316	-51.0055	-49.3023
BLOCK10/SES102/SA102S22	SES007	-0.90461	-50.7664	-49.8618
BLOCK10/SES102/SA102S22	SES101	-0.203953	-50.0657	-49.8618
BLOCK10/SES102/SA102S22	SES105	-0.434616	-50.2964	-49.8618
BLOCK10/SES102/SA102S22	SES158	-2.99155	-52.8533	-49.8618
BLOCK10/SES102/SA102S25	SES007	-0.57827	-50.2625	-49.6843
BLOCK10/SES102/SA102S25	SES101	-0.37994	-50.0642	-49.6843
BLOCK10/SES102/SA102S25	SES105	-0.798218	-50.4825	-49.6843
BLOCK10/SES102/SA102S25	SES147	-2.36452	-52.0488	-49.6843
BLOCK10/SES102/SA102S27	SES007	-1.0765	-51.2874	-50.2109
BLOCK10/SES102/SA102S27	SES101	-0.724361	-50.9353	-50.2109
BLOCK10/SES102/SA102S27	SES105	-1.22302	-51.434	-50.2109
BLOCK10/SES102/SA102S27	SES147	-1.84509	-52.056	-50.2109
BLOCK10/SES103/SA103S14	SES105	-2.53225	-53.9866	-51.4543
BLOCK10/SES103/SA103S14	SES106	-1.15504	-52.6094	-51.4543
BLOCK10/SES103/SA103S14	SES120	-3.32683	-54.7812	-51.4543
BLOCK10/SES103/SA103S14	SES206	-1.63958	-53.0939	-51.4543
BLOCK10/SES103/SA103S15	SES099	-0.864624	-52.8326	-51.968
BLOCK10/SES103/SA103S15	SES101	-3.75286	-55.7209	-51.968
BLOCK10/SES103/SA103S15	SES104	-1.68399	-53.652	-51.968
BLOCK10/SES103/SA103S15	SES125	-1.23679	-53.2048	-51.968
BLOCK10/SES103/SA103S24	SES104	-1.58352	-52.2093	-50.6257
BLOCK10/SES103/SA103S24	SES125	-1.54539	-52.1711	-50.6257
BLOCK10/SES103/SA103S24	SES148	-2.58664	-53.2124	-50.6257
BLOCK10/SES103/SA103S24	SES158	-0.441185	-51.0669	-50.6257
BLOCK10/SES103/SA103S26	SES104	-2.0085	-53.4988	-51.4903
BLOCK10/SES103/SA103S26	SES106	-1.58282	-53.0731	-51.4903
BLOCK10/SES103/SA103S26	SES125	-1.58209	-53.0724	-51.4903
BLOCK10/SES103/SA103S26	SES148	-2.98633	-54.4766	-51.4903
BLOCK10/SES103/SA103S28	SES104	-2.02483	-53.7382	-51.7134
BLOCK10/SES103/SA103S28	SES106	-1.71223	-53.4256	-51.7134
BLOCK10/SES103/SA103S28	SES125	-2.28822	-54.0016	-51.7134
BLOCK10/SES103/SA103S28	SES206	-2.73082	-54.4442	-51.7134
BLOCK12/SES121/SA121S12	SES042	-1.98999	-54.149	-52.159
BLOCK12/SES121/SA121S12	SES087	-1.1431	-53.3021	-52.159
BLOCK12/SES121/SA121S12	SES105	-1.15693	-53.3159	-52.159
BLOCK12/SES121/SA121S12	SES206	-0.722778	-52.8818	-52.159
BLOCK12/SES121/SA121S14	SES007	-2.8833	-55.3887	-52.5054
BLOCK12/SES121/SA121S14	SES105	-2.54007	-55.0455	-52.5054
BLOCK12/SES121/SA121S14	SES106	-1.69854	-54.204	-52.5054
BLOCK12/SES121/SA121S14	SES206	-1.8329	-54.3383	-52.5054
BLOCK12/SES121/SA121S23	SES105	-2.71537	-55.3439	-52.6285
BLOCK12/SES121/SA121S23	SES106	-1.71018	-54.3387	-52.6285
BLOCK12/SES121/SA121S23	SES120	-2.94057	-55.5691	-52.6285
BLOCK12/SES121/SA121S23	SES206	-1.63307	-54.2616	-52.6285
BLOCK12/SES121/SA121S25	SES007	-2.69326	-56.097	-53.4037
BLOCK12/SES121/SA121S25	SES105	-2.90636	-56.3101	-53.4037
BLOCK12/SES121/SA121S25	SES106	-1.84885	-55.2526	-53.4037
BLOCK12/SES121/SA121S25	SES206	-2.01223	-55.4159	-53.4037
BLOCK12/SES121/SA121S27	SES087	-0.619419	-52.2758	-51.6564
BLOCK12/SES121/SA121S27	SES105	-3.81395	-55.4703	-51.6564
BLOCK12/SES121/SA121S27	SES120	-2.56789	-54.2242	-51.6564
BLOCK12/SES121/SA121S27	SES206	-1.23856	-52.8949	-51.6564
BLOCK12/SES124/SA124S16	SES042	-0.813713	-51.3373	-50.5236
BLOCK12/SES124/SA124S16	SES082	-1.2386	-51.7622	-50.5236
BLOCK12/SES124/SA124S16	SES183	-3.18489	-53.7084	-50.5236
BLOCK12/SES124/SA124S16	SES206	-1.76753	-52.2911	-50.5236
BLOCK12/SES124/SA124S17	SES105	-2.14987	-53.5141	-51.3642
BLOCK12/SES124/SA124S17	SES149	-2.1838	-53.548	-51.3642
BLOCK12/SES124/SA124S17	SES158	-2.44457	-53.8088	-51.3642
BLOCK12/SES124/SA124S17	SES275	-2.43921	-53.8034	-51.3642
BLOCK12/SES124/SA124S23	SES105	-2.48213	-51.2744	-48.7923
BLOCK12/SES124/SA124S23	SES125	-0.691765	-49.484	-48.7923
BLOCK12/SES124/SA124S23	SES129	-2.92364	-51.7159	-48.7923
BLOCK12/SES124/SA124S23	SES158	-0.658401	-49.4507	-48.7923
BLOCK12/SES124/SA124S26	SES105	-2.99976	-52.761	-49.7612
BLOCK12/SES124/SA124S26	SES125	-1.08983	-50.8511	-49.7612
BLOCK12/SES124/SA124S26	SES129	-3.03164	-52.7929	-49.7612
BLOCK12/SES124/SA124S26	SES158	-0.949009	-50.7102	-49.7612
BLOCK12/SES124/SA124S28	SES104	-0.888222	-50.5834	-49.6952
BLOCK12/SES124/SA124S28	SES106	-0.974014	-50.6692	-49.6952
BLOCK12/SES124/SA124S28	SES125	-1.02679	-50.722	-49.6952
BLOCK12/SES124/SA124S28	SES275	-2.55592	-52.2511	-49.6952
BLOCK12/SES126/SA126S13	SES007	-1.89004	-54.0466	-52.1565
BLOCK12/SES126/SA126S13	SES162	-1.60207	-53.7586	-52.1565
BLOCK12/SES126/SA126S13	SES177	-0.858658	-53.0152	-52.1565
BLOCK12/SES126/SA126S13	SES180	-1.70706	-53.8636	-52.1565
BLOCK12/SES126/SA126S14	SES144	-1.38878	-51.317	-49.9282
BLOCK12/SES126/SA126S14	SES148	-2.34651	-52.2747	-49.9282
BLOCK12/SES126/SA126S14	SES177	-0.183208	-50.1114	-49.9282
BLOCK12/SES126/SA126S14	SES180	-1.36209	-51.2903	-49.9282
BLOCK12/SES126/SA126S20	SES007	-2.13868	-52.7437	-50.605
BLOCK12/SES126/SA126S20	SES162	-2.02137	-52.6264	-50.605
BLOCK12/SES126/SA126S20	SES172	-3.55122	-54.1562	-50.605
BLOCK12/SES126/SA126S20	SES180	-2.72575	-53.3307	-50.605
BLOCK12/SES126/SA126S24	SES120	-1.30785	-51.2194	-49.9115
BLOCK12/SES126/SA126S24	SES162	-1.28334	-51.1949	-49.9115
BLOCK12/SES126/SA126S24	SES177	-0.836864	-50.7484	-49.9115
BLOCK12/SES126/SA126S24	SES180	-0.904564	-50.8161	-49.9115
BLOCK12/SES126/SA126S26	SES120	-0.884098	-52.2875	-51.4034
BLOCK12/SES126/SA126S26	SES177	-0.760868	-52.1642	-51.4034
BLOCK12/SES126/SA126S26	SES180	-1.11849	-52.5219	-51.4034
BLOCK12/SES126/SA126S26	SES202	-2.10684	-53.5102	-51.4034
BLOCK12/SES128/SA128S10	SES087	-2.36819	-52.3069	-49.9387
BLOCK12/SES128/SA128S10	SES206	-1.604	-51.5427	-49.9387
BLOCK12/SES128/SA128S10	SES226	-0.937263	-50.876	-49.9387
BLOCK12/SES128/SA128S10	SES270	-0.930634	-50.8694	-49.9387
BLOCK12/SES128/SA128S12	SES120	-2.48455	-52.8153	-50.3308
BLOCK12/SES128/SA128S12	SES158	-1.5632	-51.894	-50.3308
BLOCK12/SES128/SA128S12	SES206	-0.793861	-51.1247	-50.3308
BLOCK12/SES128/SA128S12	SES226	-0.901756	-51.2325	-50.3308
BLOCK12/SES128/SA128S21	SES106	-2.01468	-52.5553	-50.5406
BLOCK12/SES128/SA128S21	SES120	-2.62229	-53.1629	-50.5406
BLOCK12/SES128/SA128S21	SES206	-1.55423	-52.0949	-50.5406
BLOCK12/SES128/SA128S21	SES226	-1.65803	-52.1987	-50.5406
BLOCK12/SES128/SA128S24	SES087	-1.80356	-52.1935	-50.3899
BLOCK12/SES128/SA128S24	SES120	-1.56064	-51.9505	-50.3899
BLOCK12/SES128/SA128S24	SES206	-1.16091	-51.5508	-50.3899
BLOCK12/SES128/SA128S24	SES226	-1.74675	-52.1367	-50.3899
BLOCK12/SES128/SA128S27	SES099	-0.363178	-49.6738	-49.3106
BLOCK12/SES128/SA128S27	SES120	-1.81127	-51.1219	-49.3106
BLOCK12/SES128/SA128S27	SES206	-0.846645	-50.1573	-49.3106
BLOCK12/SES128/SA128S27	SES226	-1.24296	-50.5536	-49.3106
BLOCK13/SES130/SA130S13	SES143	-1.36203	-52.9248	-51.5628
BLOCK13/SES130/SA130S13	SES144	-0.198471	-51.7613	-51.5628
BLOCK13/SES130/SA130S13	SES146	-0.157787	-51.7206	-51.5628
BLOCK13/SES130/SA130S13	SES275	-2.02482	-53.5876	-51.5628
BLOCK13/SES130/SA130S15	SES143	-1.79001	-52.0814	-50.2914
BLOCK13/SES130/SA130S15	SES144	-0.430576	-50.722	-50.2914
BLOCK13/SES130/SA130S15	SES146	-0.583649	-50.875	-50.2914
BLOCK13/SES130/SA130S15	SES275	-1.44054	-51.7319	-50.2914
BLOCK13/SES130/SA130S23	SES127	-2.44151	-54.0035	-51.562
BLOCK13/SES130/SA130S23	SES144	-1.44345	-53.0055	-51.562
BLOCK13/SES130/SA130S23	SES146	-0.74202	-52.3041	-51.562
BLOCK13/SES130/SA130S23	SES162	-1.03406	-52.5961	-51.562
BLOCK13/SES130/SA130S25	SES127	-1.40282	-51.3389	-49.9361
BLOCK13/SES130/SA130S25	SES144	-0.465843	-50.4019	-49.9361
BLOCK13/SES130/SA130S25	SES146	-0.653282	-50.5893	-49.9361
BLOCK13/SES130/SA130S25	SES275	-0.994812	-50.9309	-49.9361
BLOCK13/SES130/SA130S28	SES127	-1.20412	-51.5612	-50.3571
BLOCK13/SES130/SA130S28	SES144	-0.760498	-51.1176	-50.3571
BLOCK13/SES130/SA130S28	SES146	-0.937157	-51.2942	-50.3571
BLOCK13/SES130/SA130S28	SES275	-0.478706	-50.8358	-50.3571
BLOCK13/SES131/SA131S13	SES002	-1.93312	-54.2728	-52.3397
BLOCK13/SES131/SA131S13	SES007	-3.29574	-55.6354	-52.3397
BLOCK13/SES131/SA131S13	SES099	-1.89387	-54.2336	-52.3397
BLOCK13/SES131/SA131S13	SES105	-2.35998	-54.6997	-52.3397
BLOCK13/SES131/SA131S14	SES104	-1.2745	-52.2384	-50.9639
BLOCK13/SES131/SA131S14	SES106	-0.856411	-51.8203	-50.9639
BLOCK13/SES131/SA131S14	SES125	-1.38791	-52.3518	-50.9639
BLOCK13/SES131/SA131S14	SES148	-2.00022	-52.9641	-50.9639
BLOCK13/SES131/SA131S20	SES104	-2.27901	-54.1886	-51.9095
BLOCK13/SES131/SA131S20	SES106	-1.15925	-53.0688	-51.9095
BLOCK13/SES131/SA131S20	SES125	-1.89175	-53.8013	-51.9095
BLOCK13/SES131/SA131S20	SES148	-2.89288	-54.8024	-51.9095
BLOCK13/SES131/SA131S22	SES099	-1.25756	-52.2134	-50.9558
BLOCK13/SES131/SA131S22	SES104	-1.86179	-52.8176	-50.9558
BLOCK13/SES131/SA131S22	SES125	-1.65728	-52.6131	-50.9558
BLOCK13/SES131/SA131S22	SES206	-2.13509	-53.0909	-50.9558
BLOCK13/SES131/SA131S29	SES087	-1.66499	-53.4444	-51.7794
BLOCK13/SES131/SA131S29	SES104	-2.30478	-54.0841	-51.7794
BLOCK13/SES131/SA131S29	SES125	-2.2082	-53.9876	-51.7794
BLOCK13/SES131/SA131S29	SES206	-2.17527	-53.9546	-51.7794
BLOCK13/SES132/SA132S11	SES083	-1.87326	-51.7043	-49.831
BLOCK13/SES132/SA132S11	SES120	-0.0947456	-49.9257	-49.831
BLOCK13/SES132/SA132S11	SES127	-0.639183	-50.4702	-49.831
BLOCK13/SES132/SA132S11	SES275	-0.906044	-50.737	-49.831
BLOCK13/SES132/SA132S12	SES083	-1.56006	-51.3385	-49.7784
BLOCK13/SES132/SA132S12	SES143	-1.37825	-51.1567	-49.7784
BLOCK13/SES132/SA132S12	SES144	-1.10932	-50.8877	-49.7784
BLOCK13/SES132/SA132S12	SES148	-1.45903	-51.2374	-49.7784
BLOCK13/SES132/SA132S22	SES062	-1.12862	-50.6491	-49.5205
BLOCK13/SES132/SA132S22	SES083	-1.40205	-50.9226	-49.5205
BLOCK13/SES132/SA132S22	SES127	-0.922501	-50.443	-49.5205
BLOCK13/SES132/SA132S22	SES275	-0.523895	-50.0444	-49.5205
BLOCK13/SES132/SA132S24	SES007	-0.707325	-50.2782	-49.5709
BLOCK13/SES132/SA132S24	SES083	-1.93039	-51.5013	-49.5709
BLOCK13/SES132/SA132S24	SES127	-1.40503	-50.9759	-49.5709
BLOCK13/SES132/SA132S24	SES275	-1.05005	-50.6209	-49.5709
BLOCK13/SES132/SA132S27	SES083	-2.0373	-52.3272	-50.2899
BLOCK13/SES132/SA132S27	SES120	-0.290245	-50.5802	-50.2899
BLOCK13/SES132/SA132S27	SES127	-1.65705	-51.947	-50.2899
BLOCK13/SES132/SA132S27	SES275	-1.64707	-51.937	-50.2899
BLOCK14/SES141/SA141S09	SES143	-0.604916	-51.0085	-50.4036
BLOCK14/SES141/SA141S09	SES144	-0.954849	-51.3584	-50.4036
BLOCK14/SES141/SA141S09	SES162	-0.863289	-51.2669	-50.4036
BLOCK14/SES141/SA141S09	SES180	-0.923	-51.3266	-50.4036
BLOCK14/SES141/SA141S15	SES127	-1.23309	-51.1844	-49.9514
BLOCK14/SES141/SA141S15	SES144	-0.969482	-50.9208	-49.9514
BLOCK14/SES141/SA141S15	SES162	-1.22762	-51.179	-49.9514
BLOCK14/SES141/SA141S15	SES180	-0.688656	-50.64	-49.9514
BLOCK14/SES141/SA141S24	SES127	-0.902069	-50.8066	-49.9046
BLOCK14/SES141/SA141S24	SES144	-1.51945	-51.424	-49.9046
BLOCK14/SES141/SA141S24	SES162	-0.744884	-50.6495	-49.9046
BLOCK14/SES141/SA141S24	SES183	-2.1367	-52.0413	-49.9046
BLOCK14/SES141/SA141S26	SES142	-1.21494	-52.0524	-50.8375
BLOCK14/SES141/SA141S26	SES144	-1.70555	-52.5431	-50.8375
BLOCK14/SES141/SA141S26	SES172	-1.1979	-52.0354	-50.8375
BLOCK14/SES141/SA141S26	SES180	-0.93161	-51.7691	-50.8375
BLOCK14/SES141/SA141S29	SES127	-0.505177	-50.307	-49.8018
BLOCK14/SES141/SA141S29	SES142	-0.00865555	-49.8105	-49.8018
BLOCK14/SES141/SA141S29	SES144	-1.21729	-51.0191	-49.8018
BLOCK14/SES141/SA141S29	SES180	-0.30146	-50.1033	-49.8018
BLOCK15/SES157/SA157S08	SES083	-1.93967	-52.6776	-50.7379
BLOCK15/SES157/SA157S08	SES127	-1.90847	-52.6464	-50.7379
BLOCK15/SES157/SA157S08	SES148	-0.999325	-51.7372	-50.7379
BLOCK15/SES157/SA157S08	SES292	-2.0021	-52.74	-50.7379
BLOCK15/SES157/SA157S11	SES083	-1.93838	-52.2501	-50.3117
BLOCK15/SES157/SA157S11	SES127	-2.05054	-52.3622	-50.3117
BLOCK15/SES157/SA157S11	SES148	-0.910213	-51.2219	-50.3117
BLOCK15/SES157/SA157S11	SES292	-2.01797	-52.3297	-50.3117
BLOCK15/SES157/SA157S21	SES127	-1.56376	-51.535	-49.9712
BLOCK15/SES157/SA157S21	SES148	-0.411964	-50.3832	-49.9712
BLOCK15/SES157/SA157S21	SES158	-4.08044	-54.0517	-49.9712
BLOCK15/SES157/SA157S21	SES292	-1.50129	-51.4725	-49.9712
BLOCK15/SES157/SA157S24	SES127	-1.52389	-51.6872	-50.1633
BLOCK15/SES157/SA157S24	SES148	-0.930019	-51.0933	-50.1633
BLOCK15/SES157/SA157S24	SES183	-1.36195	-51.5252	-50.1633
BLOCK15/SES157/SA157S24	SES292	-1.59823	-51.7615	-50.1633
BLOCK15/SES157/SA157S26	SES007	-0.680504	-50.7943	-50.1138
BLOCK15/SES157/SA157S26	SES127	-1.14907	-51.2629	-50.1138
BLOCK15/SES157/SA157S26	SES147	-1.53109	-51.6449	-50.1138
BLOCK15/SES157/SA157S26	SES148	-0.701351	-50.8152	-50.1138
BLOCK16/SES161/SA161S10	SES007	-2.27674	-53.8385	-51.5618
BLOCK16/SES161/SA161S10	SES105	-1.80207	-53.3638	-51.5618
BLOCK16/SES161/SA161S10	SES158	-2.50688	-54.0686	-51.5618
BLOCK16/SES161/SA161S10	SES275	-1.71393	-53.2757	-51.5618
BLOCK16/SES161/SA161S12	SES007	-1.56964	-52.5478	-50.9782
BLOCK16/SES161/SA161S12	SES105	-1.89589	-52.874	-50.9782
BLOCK16/SES161/SA161S12	SES158	-1.54732	-52.5255	-50.9782
BLOCK16/SES161/SA161S12	SES275	-1.52956	-52.5077	-50.9782
BLOCK16/SES161/SA161S20	SES007	-2.06993	-54.4643	-52.3944
BLOCK16/SES161/SA161S20	SES105	-2.41971	-54.8141	-52.3944
BLOCK16/SES161/SA161S20	SES158	-1.95691	-54.3513	-52.3944
BLOCK16/SES161/SA161S20	SES275	-2.14693	-54.5413	-52.3944
BLOCK16/SES161/SA161S23	SES007	-2.30615	-52.8195	-50.5133
BLOCK16/SES161/SA161S23	SES105	-1.51788	-52.0312	-50.5133
BLOCK16/SES161/SA161S23	SES148	-2.22138	-52.7347	-50.5133
BLOCK16/SES161/SA161S23	SES158	-1.4754	-51.9887	-50.5133
BLOCK16/SES161/SA161S28	SES007	-2.71111	-53.6425	-50.9314
BLOCK16/SES161/SA161S28	SES105	-2.60904	-53.5405	-50.9314
BLOCK16/SES161/SA161S28	SES158	-1.15101	-52.0824	-50.9314
BLOCK16/SES161/SA161S28	SES206	-1.39376	-52.3252	-50.9314
BLOCK16/SES164/SA164S11	SES104	-1.22672	-51.0014	-49.7747
BLOCK16/SES164/SA164S11	SES125	-0.806595	-50.5813	-49.7747
BLOCK16/SES164/SA164S11	SES158	-0.343178	-50.1179	-49.7747
BLOCK16/SES164/SA164S11	SES206	-1.86721	-51.6419	-49.7747
BLOCK16/SES164/SA164S13	SES099	-1.70169	-53.1487	-51.447
BLOCK16/SES164/SA164S13	SES104	-2.23482	-53.6818	-51.447
BLOCK16/SES164/SA164S13	SES125	-2.59565	-54.0426	-51.447
BLOCK16/SES164/SA164S13	SES206	-2.17685	-53.6238	-51.447
BLOCK16/SES164/SA164S24	SES002	-0.546722	-50.956	-50.4092
BLOCK16/SES164/SA164S24	SES099	-1.25357	-51.6628	-50.4092
BLOCK16/SES164/SA164S24	SES125	-2.03224	-52.4415	-50.4092
BLOCK16/SES164/SA164S24	SES226	-0.932709	-51.342	-50.4092
BLOCK16/SES164/SA164S27	SES087	-2.71398	-54.1207	-51.4067
BLOCK16/SES164/SA164S27	SES125	-1.78096	-53.1876	-51.4067
BLOCK16/SES164/SA164S27	SES206	-1.67161	-53.0783	-51.4067
BLOCK16/SES164/SA164S27	SES226	-1.3315	-52.7382	-51.4067
BLOCK16/SES164/SA164S29	SES002	-0.356056	-50.9657	-50.6096
BLOCK16/SES164/SA164S29	SES019	-1.65594	-52.2656	-50.6096
BLOCK16/SES164/SA164S29	SES125	-1.48712	-52.0967	-50.6096
BLOCK16/SES164/SA164S29	SES226	-1.47388	-52.0835	-50.6096
BLOCK16/SES169/SA169S13	SES117	-1.1697	-51.5666	-50.3969
BLOCK16/SES169/SA169S13	SES144	-0.997143	-51.394	-50.3969
BLOCK16/SES169/SA169S13	SES146	-1.32416	-51.721	-50.3969
BLOCK16/SES169/SA169S13	SES162	-1.42475	-51.8216	-50.3969
BLOCK16/SES169/SA169S14	SES144	-1.08766	-50.2894	-49.2018
BLOCK16/SES169/SA169S14	SES148	-1.09534	-50.2971	-49.2018
BLOCK16/SES169/SA169S14	SES177	-1.33672	-50.5385	-49.2018
BLOCK16/SES169/SA169S14	SES180	-2.11754	-51.3193	-49.2018
BLOCK16/SES169/SA169S24	SES117	-1.06728	-52.2633	-51.196
BLOCK16/SES169/SA169S24	SES144	-0.970001	-52.166	-51.196
BLOCK16/SES169/SA169S24	SES146	-1.20357	-52.3996	-51.196
BLOCK16/SES169/SA169S24	SES162	-1.11662	-52.3126	-51.196
BLOCK16/SES169/SA169S27	SES127	-1.63739	-51.8772	-50.2398
BLOCK16/SES169/SA169S27	SES129	-1.45042	-51.6903	-50.2398
BLOCK16/SES169/SA169S27	SES144	-1.27496	-51.5148	-50.2398
BLOCK16/SES169/SA169S27	SES146	-0.705921	-50.9458	-50.2398
BLOCK16/SES169/SA169S29	SES144	-0.900978	-50.9004	-49.9994
BLOCK16/SES169/SA169S29	SES162	-1.01086	-51.0103	-49.9994
BLOCK16/SES169/SA169S29	SES177	-1.9604	-51.9598	-49.9994
BLOCK16/SES169/SA169S29	SES180	-1.66313	-51.6625	-49.9994
BLOCK17/SES171/SA171S12	SES083	-1.36717	-52.5465	-51.1793
BLOCK17/SES171/SA171S12	SES148	-1.42693	-52.6062	-51.1793
BLOCK17/SES171/SA171S12	SES172	-1.36776	-52.5471	-51.1793
BLOCK17/SES171/SA171S12	SES292	-2.56364	-53.7429	-51.1793
BLOCK17/SES171/SA171S15	SES148	-1.84772	-53.2427	-51.395
BLOCK17/SES171/SA171S15	SES177	-0.969658	-52.3647	-51.395
BLOCK17/SES171/SA171S15	SES180	-2.65108	-54.0461	-51.395
BLOCK17/SES171/SA171S15	SES292	-3.55301	-54.948	-51.395
BLOCK17/SES171/SA171S22	SES007	-1.59018	-52.0413	-50.4511
BLOCK17/SES171/SA171S22	SES148	-1.24514	-51.6963	-50.4511
BLOCK17/SES171/SA171S22	SES177	-1.08303	-51.5341	-50.4511
BLOCK17/SES171/SA171S22	SES180	-2.29873	-52.7498	-50.4511
BLOCK17/SES171/SA171S25	SES101	-2.81205	-54.1345	-51.3225
BLOCK17/SES171/SA171S25	SES120	-3.19038	-54.5129	-51.3225
BLOCK17/SES171/SA171S25	SES177	-1.2181	-52.5406	-51.3225
BLOCK17/SES171/SA171S25	SES180	-2.59216	-53.9146	-51.3225
BLOCK17/SES171/SA171S27	SES177	-0.736023	-51.7277	-50.9917
BLOCK17/SES171/SA171S27	SES180	-2.09427	-53.0859	-50.9917
BLOCK17/SES171/SA171S27	SES189	-0.682274	-51.674	-50.9917
BLOCK17/SES171/SA171S27	SES292	-2.9318	-53.9235	-50.9917
BLOCK17/SES173/SA173S13	SES162	-2.65037	-54.3442	-51.6938
BLOCK17/SES173/SA173S13	SES177	-2.58115	-54.275	-51.6938
BLOCK17/SES173/SA173S13	SES180	-2.99003	-54.6839	-51.6938
BLOCK17/SES173/SA173S13	SES292	-3.22013	-54.914	-51.6938
BLOCK17/SES173/SA173S14	SES007	-2.95478	-55.3324	-52.3776
BLOCK17/SES173/SA173S14	SES162	-2.22071	-54.5983	-52.3776
BLOCK17/SES173/SA173S14	SES177	-1.48168	-53.8593	-52.3776
BLOCK17/SES173/SA173S14	SES180	-2.7162	-55.0938	-52.3776
BLOCK17/SES173/SA173S24	SES144	-1.65949	-54.213	-52.5535
BLOCK17/SES173/SA173S24	SES162	-2.7208	-55.2743	-52.5535
BLOCK17/SES173/SA173S24	SES177	-1.48316	-54.0367	-52.5535
BLOCK17/SES173/SA173S24	SES180	-2.89506	-55.4486	-52.5535
BLOCK17/SES173/SA173S27	SES162	-2.67498	-54.4763	-51.8013
BLOCK17/SES173/SA173S27	SES177	-1.71034	-53.5116	-51.8013
BLOCK17/SES173/SA173S27	SES180	-2.52987	-54.3312	-51.8013
BLOCK17/SES173/SA173S27	SES292	-3.54404	-55.3453	-51.8013
BLOCK17/SES173/SA173S29	SES162	-2.32969	-53.8892	-51.5595
BLOCK17/SES173/SA173S29	SES175	-1.5405	-53.1	-51.5595
BLOCK17/SES173/SA173S29	SES177	-1.54392	-53.1034	-51.5595
BLOCK17/SES173/SA173S29	SES292	-3.87925	-55.4387	-51.5595
BLOCK18/SES182/SA182S10	SES144	-0.818813	-51.605	-50.7862
BLOCK18/SES182/SA182S10	SES177	-1.55461	-52.3408	-50.7862
BLOCK18/SES182/SA182S10	SES180	-2.38697	-53.1732	-50.7862
BLOCK18/SES182/SA182S10	SES275	-0.830799	-51.617	-50.7862
BLOCK18/SES182/SA182S12	SES144	-0.851025	-51.189	-50.338
BLOCK18/SES182/SA182S12	SES177	-1.0697	-51.4077	-50.338
BLOCK18/SES182/SA182S12	SES180	-1.45266	-51.7906	-50.338
BLOCK18/SES182/SA182S12	SES275	-1.3368	-51.6748	-50.338
BLOCK18/SES182/SA182S21	SES117	-1.28315	-52.2049	-50.9217
BLOCK18/SES182/SA182S21	SES144	-1.49754	-52.4193	-50.9217
BLOCK18/SES182/SA182S21	SES162	-0.777569	-51.6993	-50.9217
BLOCK18/SES182/SA182S21	SES180	-1.56987	-52.4916	-50.9217
BLOCK18/SES182/SA182S23	SES117	-1.10936	-51.8475	-50.7382
BLOCK18/SES182/SA182S23	SES144	-1.65212	-52.3903	-50.7382
BLOCK18/SES182/SA182S23	SES180	-1.38991	-52.1281	-50.7382
BLOCK18/SES182/SA182S23	SES275	-1.15532	-51.8935	-50.7382
BLOCK18/SES182/SA182S25	SES007	-1.09414	-51.6267	-50.5326
BLOCK18/SES182/SA182S25	SES162	-0.713711	-51.2463	-50.5326
BLOCK18/SES182/SA182S25	SES177	-0.783867	-51.3164	-50.5326
BLOCK18/SES182/SA182S25	SES180	-1.47556	-52.0081	-50.5326
BLOCK18/SES184/SA184S12	SES177	-1.24328	-51.8995	-50.6562
BLOCK18/SES184/SA184S12	SES180	-0.904335	-51.5605	-50.6562
BLOCK18/SES184/SA184S12	SES189	-1.77165	-52.4278	-50.6562
BLOCK18/SES184/SA184S12	SES292	-2.10935	-52.7655	-50.6562
BLOCK18/SES184/SA184S13	SES101	-1.5761	-51.9279	-50.3518
BLOCK18/SES184/SA184S13	SES177	-1.1976	-51.5494	-50.3518
BLOCK18/SES184/SA184S13	SES180	-1.05189	-51.4037	-50.3518
BLOCK18/SES184/SA184S13	SES292	-1.54696	-51.8987	-50.3518
BLOCK18/SES184/SA184S22	SES177	-1.13704	-50.8068	-49.6698
BLOCK18/SES184/SA184S22	SES180	-1.12681	-50.7966	-49.6698
BLOCK18/SES184/SA184S22	SES189	-2.36544	-52.0352	-49.6698
BLOCK18/SES184/SA184S22	SES292	-1.42501	-51.0948	-49.6698
BLOCK18/SES184/SA184S25	SES101	-0.875011	-50.2256	-49.3506
BLOCK18/SES184/SA184S25	SES177	-1.40287	-50.7535	-49.3506
BLOCK18/SES184/SA184S25	SES180	-0.697914	-50.0485	-49.3506
BLOCK18/SES184/SA184S25	SES292	-0.826862	-50.1775	-49.3506
BLOCK18/SES184/SA184S27	SES083	-1.38938	-51.3094	-49.9201
BLOCK18/SES184/SA184S27	SES177	-1.14608	-51.0661	-49.9201
BLOCK18/SES184/SA184S27	SES202	-2.49878	-52.4188	-49.9201
BLOCK18/SES184/SA184S27	SES292	-1.39587	-51.3159	-49.9201
BLOCK20/SES204/SA204S12	SES062	-2.14839	-51.8919	-49.7435
BLOCK20/SES204/SA204S12	SES083	-2.69004	-52.4336	-49.7435
BLOCK20/SES204/SA204S12	SES206	-0.81929	-50.5628	-49.7435
BLOCK20/SES204/SA204S12	SES226	-2.01841	-51.762	-49.7435
BLOCK20/SES204/SA204S14	SES068	-2.34263	-51.1676	-48.825
BLOCK20/SES204/SA204S14	SES087	-0.349869	-49.1748	-48.825
BLOCK20/SES204/SA204S14	SES206	-1.05895	-49.8839	-48.825
BLOCK20/SES204/SA204S14	SES226	-1.4761	-50.3011	-48.825
BLOCK20/SES204/SA204S22	SES068	-2.93899	-52.3962	-49.4572
BLOCK20/SES204/SA204S22	SES082	-2.51438	-51.9716	-49.4572
BLOCK20/SES204/SA204S22	SES083	-2.79346	-52.2507	-49.4572
BLOCK20/SES204/SA204S22	SES206	-0.868061	-50.3253	-49.4572
BLOCK20/SES204/SA204S25	SES062	-2.56616	-52.3718	-49.8056
BLOCK20/SES204/SA204S25	SES083	-2.74797	-52.5536	-49.8056
BLOCK20/SES204/SA204S25	SES206	-0.979031	-50.7847	-49.8056
BLOCK20/SES204/SA204S25	SES226	-1.7831	-51.5887	-49.8056
BLOCK20/SES204/SA204S27	SES068	-3.29253	-53.4861	-50.1936
BLOCK20/SES204/SA204S27	SES082	-1.91726	-52.1109	-50.1936
BLOCK20/SES204/SA204S27	SES087	-1.13944	-51.333	-50.1936
BLOCK20/SES204/SA204S27	SES206	-0.816067	-51.0097	-50.1936
BLOCK20/SES207/SA207S10	SES127	-1.3283	-52.4995	-51.1712
BLOCK20/SES207/SA207S10	SES183	-1.43032	-52.6015	-51.1712
BLOCK20/SES207/SA207S10	SES189	-1.2457	-52.4169	-51.1712
BLOCK20/SES207/SA207S10	SES292	-1.81363	-52.9848	-51.1712
BLOCK20/SES207/SA207S11	SES127	-2.05428	-52.1265	-50.0722
BLOCK20/SES207/SA207S11	SES183	-1.89848	-51.9707	-50.0722
BLOCK20/SES207/SA207S11	SES187	-1.31345	-51.3856	-50.0722
BLOCK20/SES207/SA207S11	SES292	-1.75926	-51.8314	-50.0722
BLOCK20/SES207/SA207S25	SES068	-1.74251	-52.1201	-50.3776
BLOCK20/SES207/SA207S25	SES083	-1.66997	-52.0476	-50.3776
BLOCK20/SES207/SA207S25	SES127	-1.31577	-51.6934	-50.3776
BLOCK20/SES207/SA207S25	SES187	-0.579639	-50.9572	-50.3776
BLOCK20/SES207/SA207S27	SES127	-1.29748	-52.4717	-51.1742
BLOCK20/SES207/SA207S27	SES183	-0.817608	-51.9918	-51.1742
BLOCK20/SES207/SA207S27	SES187	-1.17852	-52.3527	-51.1742
BLOCK20/SES207/SA207S27	SES292	-1.78857	-52.9628	-51.1742
BLOCK20/SES207/SA207S29	SES083	-2.07692	-52.098	-50.0211
BLOCK20/SES207/SA207S29	SES085	-1.05723	-51.0783	-50.0211
BLOCK20/SES207/SA207S29	SES172	-1.17395	-51.195	-50.0211
BLOCK20/SES207/SA207S29	SES189	-1.47187	-51.4929	-50.0211
BLOCK22/SES221/SA221S12	SES068	-1.62614	-51.9805	-50.3544
BLOCK22/SES221/SA221S12	SES143	-1.7412	-52.0956	-50.3544
BLOCK22/SES221/SA221S12	SES175	-0.782932	-51.1373	-50.3544
BLOCK22/SES221/SA221S12	SES202	-0.459106	-50.8135	-50.3544
BLOCK22/SES221/SA221S15	SES085	-1.91142	-53.446	-51.5346
BLOCK22/SES221/SA221S15	SES143	-2.57661	-54.1112	-51.5346
BLOCK22/SES221/SA221S15	SES175	-0.678043	-52.2126	-51.5346
BLOCK22/SES221/SA221S15	SES187	-1.27395	-52.8086	-51.5346
BLOCK22/SES221/SA221S23	SES068	-2.09973	-52.7508	-50.651
BLOCK22/SES221/SA221S23	SES143	-2.47351	-53.1246	-50.651
BLOCK22/SES221/SA221S23	SES175	-0.611969	-51.263	-50.651
BLOCK22/SES221/SA221S23	SES189	-0.254658	-50.9057	-50.651
BLOCK22/SES221/SA221S27	SES085	-2.6048	-52.8104	-50.2056
BLOCK22/SES221/SA221S27	SES143	-2.37508	-52.5806	-50.2056
BLOCK22/SES221/SA221S27	SES175	-0.795544	-51.0011	-50.2056
BLOCK22/SES221/SA221S27	SES189	0.622875	-49.5827	-50.2056
BLOCK22/SES221/SA221S29	SES085	-2.33569	-54.1381	-51.8024
BLOCK22/SES221/SA221S29	SES143	-2.64663	-54.449	-51.8024
BLOCK22/SES221/SA221S29	SES175	-0.552635	-52.355	-51.8024
BLOCK22/SES221/SA221S29	SES187	-0.430912	-52.2333	-51.8024
BLOCK22/SES223/SA223S11	SES143	-1.3593	-53.1121	-51.7528
BLOCK22/SES223/SA223S11	SES144	-2.37723	-54.13	-51.7528
BLOCK22/SES223/SA223S11	SES175	-0.295296	-52.0481	-51.7528
BLOCK22/SES223/SA223S11	SES187	-1.01629	-52.7691	-51.7528
BLOCK22/SES223/SA223S13	SES068	-1.79658	-53.7349	-51.9383
BLOCK22/SES223/SA223S13	SES143	-2.07804	-54.0163	-51.9383
BLOCK22/SES223/SA223S13	SES146	-2.75344	-54.6918	-51.9383
BLOCK22/SES223/SA223S13	SES202	-2.18598	-54.1243	-51.9383
BLOCK22/SES223/SA223S22	SES143	-1.43455	-53.0493	-51.6147
BLOCK22/SES223/SA223S22	SES144	-2.11654	-53.7313	-51.6147
BLOCK22/SES223/SA223S22	SES175	-0.931	-52.5457	-51.6147
BLOCK22/SES223/SA223S22	SES187	-0.835907	-52.4506	-51.6147
BLOCK22/SES223/SA223S25	SES068	-1.8164	-52.9645	-51.1481
BLOCK22/SES223/SA223S25	SES143	-1.96787	-53.1159	-51.1481
BLOCK22/SES223/SA223S25	SES175	-0.896664	-52.0447	-51.1481
BLOCK22/SES223/SA223S25	SES187	-0.986671	-52.1347	-51.1481
BLOCK22/SES223/SA223S27	SES143	-1.22768	-52.3148	-51.0871
BLOCK22/SES223/SA223S27	SES146	-1.81174	-52.8988	-51.0871
BLOCK22/SES223/SA223S27	SES187	-1.00811	-52.0952	-51.0871
BLOCK22/SES223/SA223S27	SES292	-1.8764	-52.9635	-51.0871
BLOCK27/SES273/SA273S12	SES099	-0.467403	-48.9075	-48.4401
BLOCK27/SES273/SA273S12	SES104	-0.679634	-49.1197	-48.4401
BLOCK27/SES273/SA273S12	SES125	-1.05323	-49.4933	-48.4401
BLOCK27/SES273/SA273S12	SES206	-0.502464	-48.9425	-48.4401
BLOCK27/SES273/SA273S13	SES099	-0.579601	-49.0985	-48.5189
BLOCK27/SES273/SA273S13	SES104	-0.682446	-49.2014	-48.5189
BLOCK27/SES273/SA273S13	SES206	-0.465939	-48.9848	-48.5189
BLOCK27/SES273/SA273S13	SES292	-2.32973	-50.8486	-48.5189
BLOCK27/SES273/SA273S21	SES099	-0.133541	-48.9738	-48.8403
BLOCK27/SES273/SA273S21	SES148	-2.73774	-51.578	-48.8403
BLOCK27/SES273/SA273S21	SES149	-1.01162	-49.8519	-48.8403
BLOCK27/SES273/SA273S21	SES177	-3.33443	-52.1747	-48.8403
BLOCK27/SES273/SA273S25	SES104	-1.01154	-50.0854	-49.0739
BLOCK27/SES273/SA273S25	SES125	-0.9422	-50.0161	-49.0739
BLOCK27/SES273/SA273S25	SES158	-0.755768	-49.8296	-49.0739
BLOCK27/SES273/SA273S25	SES206	-0.0522919	-49.1262	-49.0739
BLOCK27/SES273/SA273S27	SES099	-0.519966	-49.7612	-49.2412
BLOCK27/SES273/SA273S27	SES104	-0.928112	-50.1693	-49.2412
BLOCK27/SES273/SA273S27	SES149	-0.857391	-50.0986	-49.2412
BLOCK27/SES273/SA273S27	SES275	-1.54917	-50.7904	-49.2412
BLOCK27/SES274/SA274S10	SES105	-1.63999	-51.1523	-49.5123
BLOCK27/SES274/SA274S10	SES125	-1.35974	-50.872	-49.5123
BLOCK27/SES274/SA274S10	SES129	-1.32166	-50.834	-49.5123
BLOCK27/SES274/SA274S10	SES158	-1.56855	-51.0809	-49.5123
BLOCK27/SES274/SA274S11	SES105	-1.94221	-51.3454	-49.4031
BLOCK27/SES274/SA274S11	SES149	-0.901405	-50.3045	-49.4031
BLOCK27/SES274/SA274S11	SES158	-1.21789	-50.621	-49.4031
BLOCK27/SES274/SA274S11	SES275	-1.19425	-50.5974	-49.4031
BLOCK27/SES274/SA274S21	SES105	-1.70608	-51.781	-50.0749
BLOCK27/SES274/SA274S21	SES129	-1.27691	-51.3518	-50.0749
BLOCK27/SES274/SA274S21	SES149	-1.03268	-51.1076	-50.0749
BLOCK27/SES274/SA274S21	SES158	-2.21895	-52.2938	-50.0749
BLOCK27/SES274/SA274S24	SES105	-1.56776	-51.0588	-49.4911
BLOCK27/SES274/SA274S24	SES129	-1.41721	-50.9083	-49.4911
BLOCK27/SES274/SA274S24	SES149	-1.3442	-50.8353	-49.4911
BLOCK27/SES274/SA274S24	SES158	-2.32061	-51.8117	-49.4911
BLOCK27/SES274/SA274S29	SES105	-1.91991	-51.63	-49.7101
BLOCK27/SES274/SA274S29	SES106	-1.76286	-51.4729	-49.7101
BLOCK27/SES274/SA274S29	SES120	-2.02281	-51.7329	-49.7101
BLOCK27/SES274/SA274S29	SES275	-1.30599	-51.0161	-49.7101
BLOCK27/SES276/SA276S16	SES148	-1.56752	-51.7531	-50.1856
BLOCK27/SES276/SA276S16	SES172	-1.56428	-51.7499	-50.1856
BLOCK27/SES276/SA276S16	SES180	-2.24052	-52.4261	-50.1856
BLOCK27/SES276/SA276S16	SES292	-0.772423	-50.958	-50.1856
BLOCK27/SES276/SA276S17	SES101	-1.52871	-51.7003	-50.1716
BLOCK27/SES276/SA276S17	SES177	-1.70955	-51.8812	-50.1716
BLOCK27/SES276/SA276S17	SES180	-1.73901	-51.9106	-50.1716
BLOCK27/SES276/SA276S17	SES292	-1.69559	-51.8672	-50.1716
BLOCK27/SES276/SA276S24	SES101	-0.552177	-49.5224	-48.9703
BLOCK27/SES276/SA276S24	SES177	-1.4787	-50.449	-48.9703
BLOCK27/SES276/SA276S24	SES180	-1.27514	-50.2454	-48.9703
BLOCK27/SES276/SA276S24	SES292	-1.91197	-50.8822	-48.9703
BLOCK27/SES276/SA276S26	SES101	-1.62857	-51.3868	-49.7583
BLOCK27/SES276/SA276S26	SES177	-0.665009	-50.4233	-49.7583
BLOCK27/SES276/SA276S26	SES180	-0.632702	-50.391	-49.7583
BLOCK27/SES276/SA276S26	SES292	-0.937057	-50.6953	-49.7583
BLOCK27/SES276/SA276S28	SES101	-1.48169	-51.2729	-49.7912
BLOCK27/SES276/SA276S28	SES177	-1.30997	-51.1012	-49.7912
BLOCK27/SES276/SA276S28	SES180	-1.21925	-51.0105	-49.7912
BLOCK27/SES276/SA276S28	SES292	-1.42618	-51.2174	-49.7912
BLOCK27/SES277/SA277S12	SES101	-1.16387	-51.8484	-50.6846
BLOCK27/SES277/SA277S12	SES177	-1.72146	-52.406	-50.6846
BLOCK27/SES277/SA277S12	SES180	-2.17885	-52.8634	-50.6846
BLOCK27/SES277/SA277S12	SES292	-2.55135	-53.2359	-50.6846
BLOCK27/SES277/SA277S14	SES177	-1.22793	-52.9043	-51.6763
BLOCK27/SES277/SA277S14	SES180	-1.79825	-53.4746	-51.6763
BLOCK27/SES277/SA277S14	SES189	-0.771095	-52.4474	-51.6763
BLOCK27/SES277/SA277S14	SES292	-3.25372	-54.9301	-51.6763
BLOCK27/SES277/SA277S21	SES177	-0.814178	-50.9111	-50.097
BLOCK27/SES277/SA277S21	SES180	-2.47728	-52.5742	-50.097
BLOCK27/SES277/SA277S21	SES189	-0.826	-50.923	-50.097
BLOCK27/SES277/SA277S21	SES292	-2.90242	-52.9994	-50.097
BLOCK27/SES277/SA277S24	SES144	-1.09922	-52.3753	-51.2761
BLOCK27/SES277/SA277S24	SES177	-1.4077	-52.6838	-51.2761
BLOCK27/SES277/SA277S24	SES180	-2.5178	-53.7939	-51.2761
BLOCK27/SES277/SA277S24	SES189	-0.884766	-52.1609	-51.2761
BLOCK27/SES277/SA277S29	SES177	-0.956802	-50.4418	-49.485
BLOCK27/SES277/SA277S29	SES180	-1.34509	-50.8301	-49.485
BLOCK27/SES277/SA277S29	SES202	-1.71058	-51.1956	-49.485
BLOCK27/SES277/SA277S29	SES292	-2.04145	-51.5265	-49.485
BLOCK27/SES279/SA279S09	SES120	-1.72112	-51.0906	-49.3695
BLOCK27/SES279/SA279S09	SES146	-1.50875	-50.8783	-49.3695
BLOCK27/SES279/SA279S09	SES206	-1.49844	-50.868	-49.3695
BLOCK27/SES279/SA279S09	SES226	-1.81116	-51.1807	-49.3695
BLOCK27/SES279/SA279S10	SES099	-0.46093	-49.8108	-49.3499
BLOCK27/SES279/SA279S10	SES206	-0.946796	-50.2967	-49.3499
BLOCK27/SES279/SA279S10	SES226	-1.5486	-50.8985	-49.3499
BLOCK27/SES279/SA279S10	SES292	-1.19648	-50.5464	-49.3499
BLOCK27/SES279/SA279S20	SES099	-1.37469	-51.0574	-49.6827
BLOCK27/SES279/SA279S20	SES206	-0.634937	-50.3176	-49.6827
BLOCK27/SES279/SA279S20	SES226	-2.08175	-51.7644	-49.6827
BLOCK27/SES279/SA279S20	SES292	-0.981998	-50.6647	-49.6827
BLOCK27/SES279/SA279S26	SES099	-0.711739	-50.1181	-49.4063
BLOCK27/SES279/SA279S26	SES206	-0.252811	-49.6591	-49.4063
BLOCK27/SES279/SA279S26	SES226	-1.75818	-51.1645	-49.4063
BLOCK27/SES279/SA279S26	SES292	-1.37966	-50.786	-49.4063
BLOCK27/SES279/SA279S28	SES099	-0.690216	-49.2462	-48.556
BLOCK27/SES279/SA279S28	SES120	-1.29453	-49.8505	-48.556
BLOCK27/SES279/SA279S28	SES177	-2.39546	-50.9514	-48.556
BLOCK27/SES279/SA279S28	SES206	-0.872711	-49.4287	-48.556
BLOCK29/SES290/SA290S12	SES162	-1.45523	-51.9188	-50.4635
BLOCK29/SES290/SA290S12	SES177	-1.2086	-51.6721	-50.4635
BLOCK29/SES290/SA290S12	SES180	-2.36801	-52.8315	-50.4635
BLOCK29/SES290/SA290S12	SES292	-2.85084	-53.3144	-50.4635
BLOCK29/SES290/SA290S13	SES007	-3.04734	-53.5171	-50.4698
BLOCK29/SES290/SA290S13	SES162	-2.2524	-52.7222	-50.4698
BLOCK29/SES290/SA290S13	SES177	-0.955521	-51.4253	-50.4698
BLOCK29/SES290/SA290S13	SES180	-1.43502	-51.9048	-50.4698
BLOCK29/SES290/SA290S22	SES177	-0.822285	-50.8808	-50.0586
BLOCK29/SES290/SA290S22	SES180	-1.13873	-51.1973	-50.0586
BLOCK29/SES290/SA290S22	SES202	-1.196	-51.2546	-50.0586
BLOCK29/SES290/SA290S22	SES292	-2.46631	-52.5249	-50.0586
BLOCK29/SES290/SA290S25	SES162	-1.2137	-51.1792	-49.9655
BLOCK29/SES290/SA290S25	SES177	-0.722374	-50.6879	-49.9655
BLOCK29/SES290/SA290S25	SES180	-1.22945	-51.195	-49.9655
BLOCK29/SES290/SA290S25	SES292	-1.43174	-51.3973	-49.9655
BLOCK29/SES290/SA290S29	SES177	-0.239277	-50.4322	-50.193
BLOCK29/SES290/SA290S29	SES180	-0.598568	-50.7915	-50.193
BLOCK29/SES290/SA290S29	SES275	-2.08415	-52.2771	-50.193
BLOCK29/SES290/SA290S29	SES292	-1.41171	-51.6047	-50.193
BLOCK29/SES291/SA291S11	SES105	-3.09113	-53.4231	-50.332
BLOCK29/SES291/SA291S11	SES125	-1.29895	-51.631	-50.332
BLOCK29/SES291/SA291S11	SES158	-1.54345	-51.8755	-50.332
BLOCK29/SES291/SA291S11	SES275	-2.87098	-53.203	-50.332
BLOCK29/SES291/SA291S12	SES158	-0.739456	-50.8062	-50.0667
BLOCK29/SES291/SA291S12	SES226	-1.43486	-51.5016	-50.0667
BLOCK29/SES291/SA291S12	SES270	-0.618858	-50.6856	-50.0667
BLOCK29/SES291/SA291S12	SES275	-4.2928	-54.3595	-50.0667
BLOCK29/SES291/SA291S22	SES082	-1.33624	-50.8893	-49.5531
BLOCK29/SES291/SA291S22	SES158	-1.20339	-50.7564	-49.5531
BLOCK29/SES291/SA291S22	SES259	-1.31599	-50.869	-49.5531
BLOCK29/SES291/SA291S22	SES275	-2.6951	-52.2482	-49.5531
BLOCK29/SES291/SA291S24	SES104	-0.474342	-49.3787	-48.9044
BLOCK29/SES291/SA291S24	SES125	-0.352802	-49.2572	-48.9044
BLOCK29/SES291/SA291S24	SES158	-0.504333	-49.4087	-48.9044
BLOCK29/SES291/SA291S24	SES275	-2.85154	-51.7559	-48.9044
BLOCK29/SES291/SA291S27	SES158	-0.342293	-49.8341	-49.4918
BLOCK29/SES291/SA291S27	SES172	-3.79582	-53.2877	-49.4918
BLOCK29/SES291/SA291S27	SES275	-2.86624	-52.3581	-49.4918
BLOCK29/SES291/SA291S27	SES292	-2.38757	-51.8794	-49.4918
